22:39:54.666 [ INFO] MAESTRO.logSystemInfo: ---- System Info ----
22:39:54.666 [ INFO] MAESTRO.logSystemInfo: Maestro Version: 1.39.13
22:39:54.667 [ INFO] MAESTRO.logSystemInfo: CI: Undefined
22:39:54.667 [ INFO] MAESTRO.logSystemInfo: OS Name: Mac OS X
22:39:54.667 [ INFO] MAESTRO.logSystemInfo: OS Version: 26.1
22:39:54.667 [ INFO] MAESTRO.logSystemInfo: Architecture: aarch64
22:39:54.667 [ INFO] MAESTRO.logSystemInfo: Java Version: 21
22:39:54.673 [ INFO] MAESTRO.logSystemInfo: Xcode Version: null
22:39:55.080 [DEBUG] io.micrometer.common.util.internal.logging.InternalLoggerFactory.newDefaultFactory: Using SLF4J as the default logging framework
22:39:55.310 [ INFO] MAESTRO.logSystemInfo: Flutter Version: 3.24.5
22:39:55.950 [ INFO] MAESTRO.logSystemInfo: Flutter Channel: stable
22:39:55.950 [ INFO] MAESTRO.logSystemInfo: ---------------------
22:39:56.214 [ INFO] maestro.orchestra.workspace.WorkspaceExecutionPlanner.plan: Created execution plan: ExecutionPlan(flowsToRun=[/Users/insulate/Desktop/social-world/.maestro/flows/auth/login.yaml, /Users/insulate/Desktop/social-world/.maestro/flows/profile/setup.yaml, /Users/insulate/Desktop/social-world/.maestro/flows/devtools/open_drawer.yaml, /Users/insulate/Desktop/social-world/.maestro/flows/devtools/edit_server_url.yaml], sequence=FlowSequence(flows=[], continueOnFailure=null))
22:39:56.271 [ INFO] maestro.cli.command.TestCommand.runShardSuite: [shard 1] Selected device emulator-5556 using port 7001
22:39:57.668 [ INFO] maestro.Maestro.invoke: Getting device info
22:39:57.810 [ INFO] maestro.Maestro.invoke: Got device info: DeviceInfo(platform=ANDROID, widthPixels=1080, heightPixels=2400, widthGrid=1080, heightGrid=2400)
22:39:57.856 [ INFO] maestro.cli.runner.TestSuiteInteractor.invoke: Define variables RUNNING
22:39:57.858 [ INFO] maestro.cli.runner.TestSuiteInteractor.invoke: Define variables COMPLETED
22:39:57.858 [ INFO] maestro.cli.runner.TestSuiteInteractor.invoke: Apply configuration RUNNING
22:39:57.858 [ INFO] maestro.cli.runner.TestSuiteInteractor.invoke: Apply configuration COMPLETED
22:39:57.858 [ INFO] maestro.cli.runner.TestSuiteInteractor.invoke: Launch app "com.example.mobile" RUNNING
22:39:58.327 [ INFO] maestro.Maestro.launchApp: Launching app com.example.mobile
22:39:58.371 [ INFO] maestro.cli.runner.TestSuiteInteractor.invoke: Launch app "com.example.mobile" COMPLETED
22:39:58.371 [ INFO] maestro.cli.runner.TestSuiteInteractor.invoke: Run includes/login-as-test-user.yaml RUNNING
22:39:58.372 [ INFO] maestro.cli.runner.TestSuiteInteractor.invoke: Apply configuration RUNNING
22:39:58.372 [ INFO] maestro.cli.runner.TestSuiteInteractor.invoke: Apply configuration COMPLETED
22:39:58.372 [ INFO] maestro.cli.runner.TestSuiteInteractor.invoke: Assert that "欢迎使用 Social World" is visible RUNNING
22:40:00.110 [ INFO] maestro.cli.runner.TestSuiteInteractor.invoke: Assert that "欢迎使用 Social World" is visible COMPLETED
22:40:00.110 [ INFO] maestro.cli.runner.TestSuiteInteractor.invoke: Assert that "手机号一键登录" is visible RUNNING
22:40:00.653 [ INFO] maestro.cli.runner.TestSuiteInteractor.invoke: Assert that "手机号一键登录" is visible COMPLETED
22:40:00.654 [ INFO] maestro.cli.runner.TestSuiteInteractor.invoke: Tap on "手机号" RUNNING
22:40:01.272 [ INFO] maestro.Maestro.tap-BUbHBYE: Tapping on element:  UiElement(treeNode=TreeNode(attributes={text=, accessibilityText=, hintText=手机号, ignoreBoundsFiltering=false, resource-id=, clickable=true, bounds=[42,677][1038,809], enabled=true, focused=false, checked=false, scrollable=false, selected=false, class=android.widget.EditText}, children=[], clickable=true, enabled=true, focused=false, checked=false, selected=false), bounds=Bounds(x=42, y=677, width=996, height=132))
22:40:02.342 [ INFO] maestro.Maestro.tap-BUbHBYE: Refreshed element
22:40:02.343 [ INFO] maestro.Maestro.hierarchyBasedTap-hbl3e4M: Tapping at (540, 743) using hierarchy based logic for wait
22:40:02.343 [TRACE] maestro.utils.ScreenshotUtils.takeScreenshot: Taking screenshot to byte array
22:40:02.343 [TRACE] maestro.utils.ScreenshotUtils.takeScreenshot: Taking screenshot to output sink
22:40:03.832 [ INFO] maestro.Maestro.hierarchyBasedTap-hbl3e4M: Something have changed in the UI judging by view hierarchy. Proceed.
22:40:03.833 [ INFO] maestro.cli.runner.TestSuiteInteractor.invoke: Tap on "手机号" COMPLETED
22:40:03.833 [ INFO] maestro.cli.runner.TestSuiteInteractor.invoke: Input text 13800138000 RUNNING
22:40:03.833 [ INFO] maestro.Maestro.inputText: Inputting text: 13800138000
22:40:05.882 [ INFO] maestro.cli.runner.TestSuiteInteractor.invoke: Input text 13800138000 COMPLETED
22:40:05.882 [ INFO] maestro.cli.runner.TestSuiteInteractor.invoke: Tap on "获取验证码" RUNNING
22:40:05.960 [ INFO] maestro.Maestro.tap-BUbHBYE: Tapping on element:  UiElement(treeNode=TreeNode(attributes={text=, accessibilityText=获取验证码, hintText=, ignoreBoundsFiltering=false, resource-id=, clickable=true, bounds=[720,851][1038,998], enabled=true, focused=false, checked=false, scrollable=false, selected=false, class=android.widget.Button}, children=[], clickable=true, enabled=true, focused=false, checked=false, selected=false), bounds=Bounds(x=720, y=851, width=318, height=147))
22:40:07.050 [ INFO] maestro.Maestro.tap-BUbHBYE: Refreshed element
22:40:07.050 [ INFO] maestro.Maestro.hierarchyBasedTap-hbl3e4M: Tapping at (879, 924) using hierarchy based logic for wait
22:40:07.050 [TRACE] maestro.utils.ScreenshotUtils.takeScreenshot: Taking screenshot to byte array
22:40:07.050 [TRACE] maestro.utils.ScreenshotUtils.takeScreenshot: Taking screenshot to output sink
22:40:08.137 [ INFO] maestro.Maestro.hierarchyBasedTap-hbl3e4M: Something have changed in the UI judging by view hierarchy. Proceed.
22:40:08.137 [ INFO] maestro.cli.runner.TestSuiteInteractor.invoke: Tap on "获取验证码" COMPLETED
22:40:08.137 [ INFO] maestro.cli.runner.TestSuiteInteractor.invoke: Tap on "验证码" RUNNING
22:40:08.239 [ INFO] maestro.Maestro.tap-BUbHBYE: Tapping on element:  UiElement(treeNode=TreeNode(attributes={text=, accessibilityText=, hintText=验证码, ignoreBoundsFiltering=false, resource-id=, clickable=true, bounds=[42,861][678,987], enabled=true, focused=false, checked=false, scrollable=false, selected=false, class=android.widget.EditText}, children=[], clickable=true, enabled=true, focused=false, checked=false, selected=false), bounds=Bounds(x=42, y=861, width=636, height=126))
22:40:09.237 [ INFO] maestro.Maestro.tap-BUbHBYE: Refreshed element
22:40:09.237 [ INFO] maestro.Maestro.hierarchyBasedTap-hbl3e4M: Tapping at (360, 924) using hierarchy based logic for wait
22:40:09.237 [TRACE] maestro.utils.ScreenshotUtils.takeScreenshot: Taking screenshot to byte array
22:40:09.237 [TRACE] maestro.utils.ScreenshotUtils.takeScreenshot: Taking screenshot to output sink
22:40:10.212 [ INFO] maestro.Maestro.hierarchyBasedTap-hbl3e4M: Something have changed in the UI judging by view hierarchy. Proceed.
22:40:10.213 [ INFO] maestro.cli.runner.TestSuiteInteractor.invoke: Tap on "验证码" COMPLETED
22:40:10.213 [ INFO] maestro.cli.runner.TestSuiteInteractor.invoke: Input text 123456 RUNNING
22:40:10.213 [ INFO] maestro.Maestro.inputText: Inputting text: 123456
22:40:12.191 [ INFO] maestro.cli.runner.TestSuiteInteractor.invoke: Input text 123456 COMPLETED
22:40:12.191 [ INFO] maestro.cli.runner.TestSuiteInteractor.invoke: Hide Keyboard RUNNING
22:40:12.191 [ INFO] maestro.Maestro.hideKeyboard: Hiding Keyboard
22:40:13.318 [ INFO] maestro.cli.runner.TestSuiteInteractor.invoke: Hide Keyboard COMPLETED
22:40:13.318 [ INFO] maestro.cli.runner.TestSuiteInteractor.invoke: Tap on "登录" RUNNING
22:40:13.384 [ INFO] maestro.Maestro.tap-BUbHBYE: Tapping on element:  UiElement(treeNode=TreeNode(attributes={text=, accessibilityText=登录, hintText=, ignoreBoundsFiltering=false, resource-id=, clickable=true, bounds=[42,1082][1038,1208], enabled=true, focused=false, checked=false, scrollable=false, selected=false, class=android.widget.Button}, children=[], clickable=true, enabled=true, focused=false, checked=false, selected=false), bounds=Bounds(x=42, y=1082, width=996, height=126))
22:40:14.227 [ INFO] maestro.Maestro.tap-BUbHBYE: Refreshed element
22:40:14.227 [ INFO] maestro.Maestro.hierarchyBasedTap-hbl3e4M: Tapping at (540, 1145) using hierarchy based logic for wait
22:40:14.227 [TRACE] maestro.utils.ScreenshotUtils.takeScreenshot: Taking screenshot to byte array
22:40:14.227 [TRACE] maestro.utils.ScreenshotUtils.takeScreenshot: Taking screenshot to output sink
22:40:15.299 [ INFO] maestro.Maestro.hierarchyBasedTap-hbl3e4M: Something have changed in the UI judging by view hierarchy. Proceed.
22:40:15.300 [ INFO] maestro.cli.runner.TestSuiteInteractor.invoke: Tap on "登录" COMPLETED
22:40:15.300 [ INFO] maestro.cli.runner.TestSuiteInteractor.invoke: Run includes/login-as-test-user.yaml COMPLETED
22:40:15.503 [ INFO] maestro.cli.runner.TestSuiteInteractor.invoke: Define variables RUNNING
22:40:15.503 [ INFO] maestro.cli.runner.TestSuiteInteractor.invoke: Define variables COMPLETED
22:40:15.503 [ INFO] maestro.cli.runner.TestSuiteInteractor.invoke: Apply configuration RUNNING
22:40:15.503 [ INFO] maestro.cli.runner.TestSuiteInteractor.invoke: Apply configuration COMPLETED
22:40:15.503 [ INFO] maestro.cli.runner.TestSuiteInteractor.invoke: Launch app "com.example.mobile" RUNNING
22:40:16.251 [ INFO] maestro.Maestro.launchApp: Launching app com.example.mobile
22:40:16.382 [ INFO] maestro.cli.runner.TestSuiteInteractor.invoke: Launch app "com.example.mobile" COMPLETED
22:40:16.382 [ INFO] maestro.cli.runner.TestSuiteInteractor.invoke: Run includes/login-as-test-user.yaml RUNNING
22:40:16.382 [ INFO] maestro.cli.runner.TestSuiteInteractor.invoke: Apply configuration RUNNING
22:40:16.382 [ INFO] maestro.cli.runner.TestSuiteInteractor.invoke: Apply configuration COMPLETED
22:40:16.382 [ INFO] maestro.cli.runner.TestSuiteInteractor.invoke: Assert that "欢迎使用 Social World" is visible RUNNING
22:40:17.708 [ INFO] maestro.cli.runner.TestSuiteInteractor.invoke: Assert that "欢迎使用 Social World" is visible COMPLETED
22:40:17.708 [ INFO] maestro.cli.runner.TestSuiteInteractor.invoke: Assert that "手机号一键登录" is visible RUNNING
22:40:18.710 [ INFO] maestro.cli.runner.TestSuiteInteractor.invoke: Assert that "手机号一键登录" is visible COMPLETED
22:40:18.710 [ INFO] maestro.cli.runner.TestSuiteInteractor.invoke: Tap on "手机号" RUNNING
22:40:18.803 [ INFO] maestro.Maestro.tap-BUbHBYE: Tapping on element:  UiElement(treeNode=TreeNode(attributes={text=, accessibilityText=, hintText=手机号, ignoreBoundsFiltering=false, resource-id=, clickable=true, bounds=[42,677][1038,809], enabled=true, focused=false, checked=false, scrollable=false, selected=false, class=android.widget.EditText}, children=[], clickable=true, enabled=true, focused=false, checked=false, selected=false), bounds=Bounds(x=42, y=677, width=996, height=132))
22:40:19.972 [ INFO] maestro.Maestro.tap-BUbHBYE: Refreshed element
22:40:19.972 [ INFO] maestro.Maestro.hierarchyBasedTap-hbl3e4M: Tapping at (540, 743) using hierarchy based logic for wait
22:40:19.972 [TRACE] maestro.utils.ScreenshotUtils.takeScreenshot: Taking screenshot to byte array
22:40:19.972 [TRACE] maestro.utils.ScreenshotUtils.takeScreenshot: Taking screenshot to output sink
22:40:21.633 [ INFO] maestro.Maestro.hierarchyBasedTap-hbl3e4M: Something have changed in the UI judging by view hierarchy. Proceed.
22:40:21.633 [ INFO] maestro.cli.runner.TestSuiteInteractor.invoke: Tap on "手机号" COMPLETED
22:40:21.633 [ INFO] maestro.cli.runner.TestSuiteInteractor.invoke: Input text 13800138000 RUNNING
22:40:21.633 [ INFO] maestro.Maestro.inputText: Inputting text: 13800138000
22:40:23.699 [ INFO] maestro.cli.runner.TestSuiteInteractor.invoke: Input text 13800138000 COMPLETED
22:40:23.699 [ INFO] maestro.cli.runner.TestSuiteInteractor.invoke: Tap on "获取验证码" RUNNING
22:40:23.773 [ INFO] maestro.Maestro.tap-BUbHBYE: Tapping on element:  UiElement(treeNode=TreeNode(attributes={text=, accessibilityText=获取验证码, hintText=, ignoreBoundsFiltering=false, resource-id=, clickable=true, bounds=[720,851][1038,998], enabled=true, focused=false, checked=false, scrollable=false, selected=false, class=android.widget.Button}, children=[], clickable=true, enabled=true, focused=false, checked=false, selected=false), bounds=Bounds(x=720, y=851, width=318, height=147))
22:40:24.936 [ INFO] maestro.Maestro.tap-BUbHBYE: Refreshed element
22:40:24.936 [ INFO] maestro.Maestro.hierarchyBasedTap-hbl3e4M: Tapping at (879, 924) using hierarchy based logic for wait
22:40:24.936 [TRACE] maestro.utils.ScreenshotUtils.takeScreenshot: Taking screenshot to byte array
22:40:24.936 [TRACE] maestro.utils.ScreenshotUtils.takeScreenshot: Taking screenshot to output sink
22:40:25.864 [ INFO] maestro.Maestro.hierarchyBasedTap-hbl3e4M: Something have changed in the UI judging by view hierarchy. Proceed.
22:40:25.865 [ INFO] maestro.cli.runner.TestSuiteInteractor.invoke: Tap on "获取验证码" COMPLETED
22:40:25.865 [ INFO] maestro.cli.runner.TestSuiteInteractor.invoke: Tap on "验证码" RUNNING
22:40:25.915 [ INFO] maestro.Maestro.tap-BUbHBYE: Tapping on element:  UiElement(treeNode=TreeNode(attributes={text=, accessibilityText=, hintText=验证码, ignoreBoundsFiltering=false, resource-id=, clickable=true, bounds=[42,861][678,987], enabled=true, focused=false, checked=false, scrollable=false, selected=false, class=android.widget.EditText}, children=[], clickable=true, enabled=true, focused=false, checked=false, selected=false), bounds=Bounds(x=42, y=861, width=636, height=126))
22:40:26.999 [ INFO] maestro.Maestro.tap-BUbHBYE: Refreshed element
22:40:26.999 [ INFO] maestro.Maestro.hierarchyBasedTap-hbl3e4M: Tapping at (360, 924) using hierarchy based logic for wait
22:40:26.999 [TRACE] maestro.utils.ScreenshotUtils.takeScreenshot: Taking screenshot to byte array
22:40:26.999 [TRACE] maestro.utils.ScreenshotUtils.takeScreenshot: Taking screenshot to output sink
22:40:28.019 [ INFO] maestro.Maestro.hierarchyBasedTap-hbl3e4M: Something have changed in the UI judging by view hierarchy. Proceed.
22:40:28.019 [ INFO] maestro.cli.runner.TestSuiteInteractor.invoke: Tap on "验证码" COMPLETED
22:40:28.019 [ INFO] maestro.cli.runner.TestSuiteInteractor.invoke: Input text 123456 RUNNING
22:40:28.019 [ INFO] maestro.Maestro.inputText: Inputting text: 123456
22:40:29.832 [ INFO] maestro.cli.runner.TestSuiteInteractor.invoke: Input text 123456 COMPLETED
22:40:29.832 [ INFO] maestro.cli.runner.TestSuiteInteractor.invoke: Hide Keyboard RUNNING
22:40:29.832 [ INFO] maestro.Maestro.hideKeyboard: Hiding Keyboard
22:40:30.855 [ INFO] maestro.cli.runner.TestSuiteInteractor.invoke: Hide Keyboard COMPLETED
22:40:30.855 [ INFO] maestro.cli.runner.TestSuiteInteractor.invoke: Tap on "登录" RUNNING
22:40:30.949 [ INFO] maestro.Maestro.tap-BUbHBYE: Tapping on element:  UiElement(treeNode=TreeNode(attributes={text=, accessibilityText=登录, hintText=, ignoreBoundsFiltering=false, resource-id=, clickable=true, bounds=[42,1082][1038,1208], enabled=true, focused=false, checked=false, scrollable=false, selected=false, class=android.widget.Button}, children=[], clickable=true, enabled=true, focused=false, checked=false, selected=false), bounds=Bounds(x=42, y=1082, width=996, height=126))
22:40:31.995 [ INFO] maestro.Maestro.tap-BUbHBYE: Refreshed element
22:40:31.995 [ INFO] maestro.Maestro.hierarchyBasedTap-hbl3e4M: Tapping at (540, 1145) using hierarchy based logic for wait
22:40:31.995 [TRACE] maestro.utils.ScreenshotUtils.takeScreenshot: Taking screenshot to byte array
22:40:31.995 [TRACE] maestro.utils.ScreenshotUtils.takeScreenshot: Taking screenshot to output sink
22:40:33.035 [ INFO] maestro.Maestro.hierarchyBasedTap-hbl3e4M: Something have changed in the UI judging by view hierarchy. Proceed.
22:40:33.035 [ INFO] maestro.cli.runner.TestSuiteInteractor.invoke: Tap on "登录" COMPLETED
22:40:33.035 [ INFO] maestro.cli.runner.TestSuiteInteractor.invoke: Run includes/login-as-test-user.yaml COMPLETED
22:40:33.035 [ INFO] maestro.cli.runner.TestSuiteInteractor.invoke: Assert that "完善资料" is visible RUNNING
22:40:50.195 [ INFO] maestro.cli.runner.TestSuiteInteractor.invoke: Assert that "完善资料" is visible FAILED
22:40:50.195 [ INFO] maestro.Maestro.takeScreenshot: Taking screenshot
22:40:50.195 [TRACE] maestro.utils.ScreenshotUtils.takeScreenshot: Taking screenshot to output sink
22:40:50.329 [ INFO] maestro.cli.runner.TestSuiteInteractor.invoke: Define variables RUNNING
22:40:50.329 [ INFO] maestro.cli.runner.TestSuiteInteractor.invoke: Define variables COMPLETED
22:40:50.329 [ INFO] maestro.cli.runner.TestSuiteInteractor.invoke: Apply configuration RUNNING
22:40:50.329 [ INFO] maestro.cli.runner.TestSuiteInteractor.invoke: Apply configuration COMPLETED
22:40:50.329 [ INFO] maestro.cli.runner.TestSuiteInteractor.invoke: Launch app "com.example.mobile" RUNNING
22:40:50.720 [ INFO] maestro.Maestro.launchApp: Launching app com.example.mobile
22:40:50.915 [ INFO] maestro.cli.runner.TestSuiteInteractor.invoke: Launch app "com.example.mobile" COMPLETED
22:40:50.915 [ INFO] maestro.cli.runner.TestSuiteInteractor.invoke: Assert that "开发工具" is visible RUNNING
22:40:51.903 [ INFO] maestro.cli.runner.TestSuiteInteractor.invoke: Assert that "开发工具" is visible COMPLETED
22:40:51.903 [ INFO] maestro.cli.runner.TestSuiteInteractor.invoke: Tap on id: dev_tools_toggle_button RUNNING
22:40:52.807 [ INFO] maestro.Maestro.tap-BUbHBYE: Tapping on element:  UiElement(treeNode=TreeNode(attributes={text=, accessibilityText=开发工具, hintText=, ignoreBoundsFiltering=false, resource-id=dev_tools_toggle_button, clickable=true, bounds=[912,1064][1059,1211], enabled=true, focused=false, checked=false, scrollable=false, selected=false, class=android.widget.Button}, children=[], clickable=true, enabled=true, focused=false, checked=false, selected=false), bounds=Bounds(x=912, y=1064, width=147, height=147))
22:40:53.878 [ INFO] maestro.Maestro.tap-BUbHBYE: Refreshed element
22:40:53.879 [ INFO] maestro.Maestro.hierarchyBasedTap-hbl3e4M: Tapping at (985, 1137) using hierarchy based logic for wait
22:40:53.879 [TRACE] maestro.utils.ScreenshotUtils.takeScreenshot: Taking screenshot to byte array
22:40:53.879 [TRACE] maestro.utils.ScreenshotUtils.takeScreenshot: Taking screenshot to output sink
22:40:54.904 [ INFO] maestro.Maestro.hierarchyBasedTap-hbl3e4M: Something have changed in the UI judging by view hierarchy. Proceed.
22:40:54.904 [ INFO] maestro.cli.runner.TestSuiteInteractor.invoke: Tap on id: dev_tools_toggle_button COMPLETED
22:40:54.904 [ INFO] maestro.cli.runner.TestSuiteInteractor.invoke: Assert that "服务器地址" is visible RUNNING
22:40:54.963 [ INFO] maestro.cli.runner.TestSuiteInteractor.invoke: Assert that "服务器地址" is visible COMPLETED
22:40:54.968 [ INFO] maestro.cli.runner.TestSuiteInteractor.invoke: Define variables RUNNING
22:40:54.969 [ INFO] maestro.cli.runner.TestSuiteInteractor.invoke: Define variables COMPLETED
22:40:54.970 [ INFO] maestro.cli.runner.TestSuiteInteractor.invoke: Apply configuration RUNNING
22:40:54.970 [ INFO] maestro.cli.runner.TestSuiteInteractor.invoke: Apply configuration COMPLETED
22:40:54.970 [ INFO] maestro.cli.runner.TestSuiteInteractor.invoke: Launch app "com.example.mobile" RUNNING
22:40:55.307 [ INFO] maestro.Maestro.launchApp: Launching app com.example.mobile
22:40:55.467 [ INFO] maestro.cli.runner.TestSuiteInteractor.invoke: Launch app "com.example.mobile" COMPLETED
22:40:55.467 [ INFO] maestro.cli.runner.TestSuiteInteractor.invoke: Tap on id: dev_tools_toggle_button RUNNING
22:40:56.461 [ INFO] maestro.Maestro.tap-BUbHBYE: Tapping on element:  UiElement(treeNode=TreeNode(attributes={text=, accessibilityText=开发工具, hintText=, ignoreBoundsFiltering=false, resource-id=dev_tools_toggle_button, clickable=true, bounds=[912,1064][1059,1211], enabled=true, focused=false, checked=false, scrollable=false, selected=false, class=android.widget.Button}, children=[], clickable=true, enabled=true, focused=false, checked=false, selected=false), bounds=Bounds(x=912, y=1064, width=147, height=147))
22:40:57.854 [ INFO] maestro.Maestro.tap-BUbHBYE: Refreshed element
22:40:57.854 [ INFO] maestro.Maestro.hierarchyBasedTap-hbl3e4M: Tapping at (985, 1137) using hierarchy based logic for wait
22:40:57.854 [TRACE] maestro.utils.ScreenshotUtils.takeScreenshot: Taking screenshot to byte array
22:40:57.854 [TRACE] maestro.utils.ScreenshotUtils.takeScreenshot: Taking screenshot to output sink
22:40:58.871 [ INFO] maestro.Maestro.hierarchyBasedTap-hbl3e4M: Something have changed in the UI judging by view hierarchy. Proceed.
22:40:58.871 [ INFO] maestro.cli.runner.TestSuiteInteractor.invoke: Tap on id: dev_tools_toggle_button COMPLETED
22:40:58.871 [ INFO] maestro.cli.runner.TestSuiteInteractor.invoke: Assert that "服务器地址" is visible RUNNING
22:40:58.932 [ INFO] maestro.cli.runner.TestSuiteInteractor.invoke: Assert that "服务器地址" is visible COMPLETED
22:40:58.932 [ INFO] maestro.cli.runner.TestSuiteInteractor.invoke: Tap on id: server_base_url_field RUNNING
22:40:58.951 [ INFO] maestro.Maestro.tap-BUbHBYE: Tapping on element:  UiElement(treeNode=TreeNode(attributes={text=, accessibilityText=, hintText=Server Base URL
服务器地址, ignoreBoundsFiltering=false, resource-id=server_base_url_field, clickable=false, bounds=[282,252][1038,806], enabled=true, focused=false, checked=false, scrollable=false, selected=false, class=android.widget.EditText}, children=[TreeNode(attributes={text=http://localhost:3001/api/v1, accessibilityText=, hintText=服务器地址, ignoreBoundsFiltering=false, resource-id=, clickable=true, bounds=[335,396][986,585], enabled=true, focused=false, checked=false, scrollable=false, selected=false, class=android.widget.EditText}, children=[], clickable=true, enabled=true, focused=false, checked=false, selected=false), TreeNode(attributes={text=, accessibilityText=保存配置, hintText=, ignoreBoundsFiltering=false, resource-id=, clickable=true, bounds=[335,627][986,753], enabled=true, focused=false, checked=false, scrollable=false, selected=false, class=android.widget.Button}, children=[], clickable=true, enabled=true, focused=false, checked=false, selected=false)], clickable=false, enabled=true, focused=false, checked=false, selected=false), bounds=Bounds(x=282, y=252, width=756, height=554))
22:41:00.042 [ INFO] maestro.Maestro.tap-BUbHBYE: Refreshed element
22:41:00.042 [ INFO] maestro.Maestro.hierarchyBasedTap-hbl3e4M: Tapping at (660, 529) using hierarchy based logic for wait
22:41:00.042 [TRACE] maestro.utils.ScreenshotUtils.takeScreenshot: Taking screenshot to byte array
22:41:00.042 [TRACE] maestro.utils.ScreenshotUtils.takeScreenshot: Taking screenshot to output sink
22:41:01.751 [ INFO] maestro.Maestro.hierarchyBasedTap-hbl3e4M: Something have changed in the UI judging by view hierarchy. Proceed.
22:41:01.751 [ INFO] maestro.cli.runner.TestSuiteInteractor.invoke: Tap on id: server_base_url_field COMPLETED
22:41:01.751 [ INFO] maestro.cli.runner.TestSuiteInteractor.invoke: Input text http://192.168.1.100:3000/api/v1 RUNNING
22:41:01.751 [ INFO] maestro.Maestro.inputText: Inputting text: http://192.168.1.100:3000/api/v1
22:41:06.654 [ INFO] maestro.cli.runner.TestSuiteInteractor.invoke: Input text http://192.168.1.100:3000/api/v1 COMPLETED
22:41:06.654 [ INFO] maestro.cli.runner.TestSuiteInteractor.invoke: Tap on "保存配置" RUNNING
22:41:06.732 [ INFO] maestro.Maestro.tap-BUbHBYE: Tapping on element:  UiElement(treeNode=TreeNode(attributes={text=, accessibilityText=保存配置, hintText=, ignoreBoundsFiltering=false, resource-id=, clickable=true, bounds=[335,690][986,816], enabled=true, focused=false, checked=false, scrollable=false, selected=false, class=android.widget.Button}, children=[], clickable=true, enabled=true, focused=false, checked=false, selected=false), bounds=Bounds(x=335, y=690, width=651, height=126))
22:41:07.855 [ INFO] maestro.Maestro.tap-BUbHBYE: Refreshed element
22:41:07.856 [ INFO] maestro.Maestro.hierarchyBasedTap-hbl3e4M: Tapping at (660, 753) using hierarchy based logic for wait
22:41:07.856 [TRACE] maestro.utils.ScreenshotUtils.takeScreenshot: Taking screenshot to byte array
22:41:07.856 [TRACE] maestro.utils.ScreenshotUtils.takeScreenshot: Taking screenshot to output sink
22:41:08.943 [ INFO] maestro.Maestro.hierarchyBasedTap-hbl3e4M: Something have changed in the UI judging by view hierarchy. Proceed.
22:41:08.943 [ INFO] maestro.cli.runner.TestSuiteInteractor.invoke: Tap on "保存配置" COMPLETED
22:41:08.943 [ INFO] maestro.cli.runner.TestSuiteInteractor.invoke: Assert that "保存成功，新配置已生效" is visible RUNNING
22:41:09.037 [ INFO] maestro.cli.runner.TestSuiteInteractor.invoke: Assert that "保存成功，新配置已生效" is visible COMPLETED
22:41:09.037 [ INFO] maestro.cli.runner.TestSuiteInteractor.invoke: Tap on id: server_base_url_field RUNNING
22:41:09.116 [ INFO] maestro.Maestro.tap-BUbHBYE: Tapping on element:  UiElement(treeNode=TreeNode(attributes={text=, accessibilityText=, hintText=Server Base URL
服务器地址, ignoreBoundsFiltering=false, resource-id=server_base_url_field, clickable=false, bounds=[282,252][1038,869], enabled=true, focused=false, checked=false, scrollable=false, selected=false, class=android.widget.EditText}, children=[TreeNode(attributes={text=http://192.168.1.100:3000/api/v1, accessibilityText=, hintText=服务器地址, ignoreBoundsFiltering=false, resource-id=, clickable=true, bounds=[335,396][986,648], enabled=true, focused=true, checked=false, scrollable=false, selected=false, class=android.widget.EditText}, children=[], clickable=true, enabled=true, focused=true, checked=false, selected=false), TreeNode(attributes={text=, accessibilityText=保存配置, hintText=, ignoreBoundsFiltering=false, resource-id=, clickable=true, bounds=[335,690][986,816], enabled=true, focused=false, checked=false, scrollable=false, selected=false, class=android.widget.Button}, children=[], clickable=true, enabled=true, focused=false, checked=false, selected=false)], clickable=false, enabled=true, focused=false, checked=false, selected=false), bounds=Bounds(x=282, y=252, width=756, height=617))
22:41:10.247 [ INFO] maestro.Maestro.tap-BUbHBYE: Refreshed element
22:41:10.248 [ INFO] maestro.Maestro.hierarchyBasedTap-hbl3e4M: Tapping at (660, 560) using hierarchy based logic for wait
22:41:10.248 [TRACE] maestro.utils.ScreenshotUtils.takeScreenshot: Taking screenshot to byte array
22:41:10.248 [TRACE] maestro.utils.ScreenshotUtils.takeScreenshot: Taking screenshot to output sink
22:41:11.237 [TRACE] maestro.utils.ScreenshotUtils.takeScreenshot: Taking screenshot to byte array
22:41:11.238 [TRACE] maestro.utils.ScreenshotUtils.takeScreenshot: Taking screenshot to output sink
22:41:11.471 [ INFO] maestro.Maestro.hierarchyBasedTap-hbl3e4M: Screenshots are not different enough (d=0.0)
22:41:11.472 [ INFO] maestro.Maestro.hierarchyBasedTap-hbl3e4M: Nothing changed in the UI.
22:41:11.815 [TRACE] maestro.utils.ScreenshotUtils.takeScreenshot: Taking screenshot to byte array
22:41:11.816 [TRACE] maestro.utils.ScreenshotUtils.takeScreenshot: Taking screenshot to output sink
22:41:12.280 [ INFO] maestro.Maestro.hierarchyBasedTap-hbl3e4M: Something have changed in the UI judging by screenshot (d=0.0075552734). Proceed.
22:41:12.280 [ INFO] maestro.cli.runner.TestSuiteInteractor.invoke: Tap on id: server_base_url_field COMPLETED
22:41:12.280 [ INFO] maestro.cli.runner.TestSuiteInteractor.invoke: Input text http://example.com:8080/api/v2 RUNNING
22:41:12.280 [ INFO] maestro.Maestro.inputText: Inputting text: http://example.com:8080/api/v2
22:41:16.868 [ INFO] maestro.cli.runner.TestSuiteInteractor.invoke: Input text http://example.com:8080/api/v2 COMPLETED
22:41:16.868 [ INFO] maestro.cli.runner.TestSuiteInteractor.invoke: Tap on "保存配置" RUNNING
22:41:16.951 [ INFO] maestro.Maestro.tap-BUbHBYE: Tapping on element:  UiElement(treeNode=TreeNode(attributes={text=, accessibilityText=保存配置, hintText=, ignoreBoundsFiltering=false, resource-id=, clickable=true, bounds=[335,816][986,942], enabled=true, focused=false, checked=false, scrollable=false, selected=false, class=android.widget.Button}, children=[], clickable=true, enabled=true, focused=false, checked=false, selected=false), bounds=Bounds(x=335, y=816, width=651, height=126))
22:41:18.049 [ INFO] maestro.Maestro.tap-BUbHBYE: Refreshed element
22:41:18.050 [ INFO] maestro.Maestro.hierarchyBasedTap-hbl3e4M: Tapping at (660, 879) using hierarchy based logic for wait
22:41:18.050 [TRACE] maestro.utils.ScreenshotUtils.takeScreenshot: Taking screenshot to byte array
22:41:18.050 [TRACE] maestro.utils.ScreenshotUtils.takeScreenshot: Taking screenshot to output sink
22:41:19.224 [ INFO] maestro.Maestro.hierarchyBasedTap-hbl3e4M: Something have changed in the UI judging by view hierarchy. Proceed.
22:41:19.224 [ INFO] maestro.cli.runner.TestSuiteInteractor.invoke: Tap on "保存配置" COMPLETED
22:41:19.224 [ INFO] maestro.cli.runner.TestSuiteInteractor.invoke: Assert that "保存成功，新配置已生效" is visible RUNNING
22:41:19.299 [ INFO] maestro.cli.runner.TestSuiteInteractor.invoke: Assert that "保存成功，新配置已生效" is visible COMPLETED
