17:45:36.239 [ INFO] MAESTRO.logSystemInfo: ---- System Info ----
17:45:36.239 [ INFO] MAESTRO.logSystemInfo: Maestro Version: 1.39.13
17:45:36.240 [ INFO] MAESTRO.logSystemInfo: CI: Undefined
17:45:36.240 [ INFO] MAESTRO.logSystemInfo: OS Name: Mac OS X
17:45:36.240 [ INFO] MAESTRO.logSystemInfo: OS Version: 26.1
17:45:36.240 [ INFO] MAESTRO.logSystemInfo: Architecture: aarch64
17:45:36.240 [ INFO] MAESTRO.logSystemInfo: Java Version: 21
17:45:36.247 [ INFO] MAESTRO.logSystemInfo: Xcode Version: null
17:45:36.306 [DEBUG] io.micrometer.common.util.internal.logging.InternalLoggerFactory.newDefaultFactory: Using SLF4J as the default logging framework
17:45:36.930 [ INFO] MAESTRO.logSystemInfo: Flutter Version: 3.24.5
17:45:37.448 [ INFO] MAESTRO.logSystemInfo: Flutter Channel: stable
17:45:37.448 [ INFO] MAESTRO.logSystemInfo: ---------------------
17:45:37.799 [ INFO] maestro.orchestra.workspace.WorkspaceExecutionPlanner.plan: Created execution plan: ExecutionPlan(flowsToRun=[/Users/insulate/Desktop/social-world/.maestro/flows/auth/login.yaml, /Users/insulate/Desktop/social-world/.maestro/flows/profile/setup.yaml, /Users/insulate/Desktop/social-world/.maestro/flows/devtools/edit_server_url.yaml, /Users/insulate/Desktop/social-world/.maestro/flows/devtools/open_drawer.yaml], sequence=FlowSequence(flows=[], continueOnFailure=null))
17:45:37.887 [ INFO] maestro.cli.command.TestCommand.runShardSuite: [shard 1] Selected device emulator-5556 using port 7001
17:45:39.692 [ INFO] maestro.Maestro.invoke: Getting device info
17:45:39.829 [ INFO] maestro.Maestro.invoke: Got device info: DeviceInfo(platform=ANDROID, widthPixels=1080, heightPixels=2400, widthGrid=1080, heightGrid=2400)
17:45:39.877 [ INFO] maestro.cli.runner.TestSuiteInteractor.invoke: Define variables RUNNING
17:45:39.879 [ INFO] maestro.cli.runner.TestSuiteInteractor.invoke: Define variables COMPLETED
17:45:39.879 [ INFO] maestro.cli.runner.TestSuiteInteractor.invoke: Apply configuration RUNNING
17:45:39.879 [ INFO] maestro.cli.runner.TestSuiteInteractor.invoke: Apply configuration COMPLETED
17:45:39.879 [ INFO] maestro.cli.runner.TestSuiteInteractor.invoke: Launch app "com.example.mobile" RUNNING
17:45:40.253 [ INFO] maestro.Maestro.launchApp: Launching app com.example.mobile
17:45:40.321 [ INFO] maestro.cli.runner.TestSuiteInteractor.invoke: Launch app "com.example.mobile" COMPLETED
17:45:40.321 [ INFO] maestro.cli.runner.TestSuiteInteractor.invoke: Run includes/login-as-test-user.yaml RUNNING
17:45:40.321 [ INFO] maestro.cli.runner.TestSuiteInteractor.invoke: Apply configuration RUNNING
17:45:40.321 [ INFO] maestro.cli.runner.TestSuiteInteractor.invoke: Apply configuration COMPLETED
17:45:40.321 [ INFO] maestro.cli.runner.TestSuiteInteractor.invoke: Assert that "欢迎使用 Social World" is visible RUNNING
17:45:43.113 [ INFO] maestro.cli.runner.TestSuiteInteractor.invoke: Assert that "欢迎使用 Social World" is visible COMPLETED
17:45:43.113 [ INFO] maestro.cli.runner.TestSuiteInteractor.invoke: Assert that "手机号一键登录" is visible RUNNING
17:45:44.022 [ INFO] maestro.cli.runner.TestSuiteInteractor.invoke: Assert that "手机号一键登录" is visible COMPLETED
17:45:44.023 [ INFO] maestro.cli.runner.TestSuiteInteractor.invoke: Tap on "手机号" RUNNING
17:45:44.078 [ INFO] maestro.Maestro.tap-BUbHBYE: Tapping on element:  UiElement(treeNode=TreeNode(attributes={text=, accessibilityText=, hintText=手机号, ignoreBoundsFiltering=false, resource-id=, clickable=true, bounds=[42,677][1038,809], enabled=true, focused=false, checked=false, scrollable=false, selected=false, class=android.widget.EditText}, children=[], clickable=true, enabled=true, focused=false, checked=false, selected=false), bounds=Bounds(x=42, y=677, width=996, height=132))
17:45:45.210 [ INFO] maestro.Maestro.tap-BUbHBYE: Refreshed element
17:45:45.211 [ INFO] maestro.Maestro.hierarchyBasedTap-hbl3e4M: Tapping at (540, 743) using hierarchy based logic for wait
17:45:45.211 [TRACE] maestro.utils.ScreenshotUtils.takeScreenshot: Taking screenshot to byte array
17:45:45.211 [TRACE] maestro.utils.ScreenshotUtils.takeScreenshot: Taking screenshot to output sink
17:45:47.305 [ INFO] maestro.Maestro.hierarchyBasedTap-hbl3e4M: Something have changed in the UI judging by view hierarchy. Proceed.
17:45:47.306 [ INFO] maestro.cli.runner.TestSuiteInteractor.invoke: Tap on "手机号" COMPLETED
17:45:47.306 [ INFO] maestro.cli.runner.TestSuiteInteractor.invoke: Input text 13800138000 RUNNING
17:45:47.306 [ INFO] maestro.Maestro.inputText: Inputting text: 13800138000
17:45:49.453 [ INFO] maestro.cli.runner.TestSuiteInteractor.invoke: Input text 13800138000 COMPLETED
17:45:49.453 [ INFO] maestro.cli.runner.TestSuiteInteractor.invoke: Tap on "获取验证码" RUNNING
17:45:49.555 [ INFO] maestro.Maestro.tap-BUbHBYE: Tapping on element:  UiElement(treeNode=TreeNode(attributes={text=, accessibilityText=获取验证码, hintText=, ignoreBoundsFiltering=false, resource-id=, clickable=true, bounds=[720,851][1038,998], enabled=true, focused=false, checked=false, scrollable=false, selected=false, class=android.widget.Button}, children=[], clickable=true, enabled=true, focused=false, checked=false, selected=false), bounds=Bounds(x=720, y=851, width=318, height=147))
17:45:50.671 [ INFO] maestro.Maestro.tap-BUbHBYE: Refreshed element
17:45:50.671 [ INFO] maestro.Maestro.hierarchyBasedTap-hbl3e4M: Tapping at (879, 924) using hierarchy based logic for wait
17:45:50.671 [TRACE] maestro.utils.ScreenshotUtils.takeScreenshot: Taking screenshot to byte array
17:45:50.671 [TRACE] maestro.utils.ScreenshotUtils.takeScreenshot: Taking screenshot to output sink
17:45:51.702 [ INFO] maestro.Maestro.hierarchyBasedTap-hbl3e4M: Something have changed in the UI judging by view hierarchy. Proceed.
17:45:51.702 [ INFO] maestro.cli.runner.TestSuiteInteractor.invoke: Tap on "获取验证码" COMPLETED
17:45:51.702 [ INFO] maestro.cli.runner.TestSuiteInteractor.invoke: Tap on "验证码" RUNNING
17:45:51.761 [ INFO] maestro.Maestro.tap-BUbHBYE: Tapping on element:  UiElement(treeNode=TreeNode(attributes={text=, accessibilityText=, hintText=验证码, ignoreBoundsFiltering=false, resource-id=, clickable=true, bounds=[42,861][678,987], enabled=true, focused=false, checked=false, scrollable=false, selected=false, class=android.widget.EditText}, children=[], clickable=true, enabled=true, focused=false, checked=false, selected=false), bounds=Bounds(x=42, y=861, width=636, height=126))
17:45:52.784 [ INFO] maestro.Maestro.tap-BUbHBYE: Refreshed element
17:45:52.784 [ INFO] maestro.Maestro.hierarchyBasedTap-hbl3e4M: Tapping at (360, 924) using hierarchy based logic for wait
17:45:52.784 [TRACE] maestro.utils.ScreenshotUtils.takeScreenshot: Taking screenshot to byte array
17:45:52.784 [TRACE] maestro.utils.ScreenshotUtils.takeScreenshot: Taking screenshot to output sink
17:45:53.828 [ INFO] maestro.Maestro.hierarchyBasedTap-hbl3e4M: Something have changed in the UI judging by view hierarchy. Proceed.
17:45:53.828 [ INFO] maestro.cli.runner.TestSuiteInteractor.invoke: Tap on "验证码" COMPLETED
17:45:53.828 [ INFO] maestro.cli.runner.TestSuiteInteractor.invoke: Input text 123456 RUNNING
17:45:53.828 [ INFO] maestro.Maestro.inputText: Inputting text: 123456
17:45:55.687 [ INFO] maestro.cli.runner.TestSuiteInteractor.invoke: Input text 123456 COMPLETED
17:45:55.688 [ INFO] maestro.cli.runner.TestSuiteInteractor.invoke: Hide Keyboard RUNNING
17:45:55.688 [ INFO] maestro.Maestro.hideKeyboard: Hiding Keyboard
17:45:57.881 [ INFO] maestro.cli.runner.TestSuiteInteractor.invoke: Hide Keyboard COMPLETED
17:45:57.881 [ INFO] maestro.cli.runner.TestSuiteInteractor.invoke: Tap on "登录" RUNNING
17:45:57.906 [ INFO] maestro.Maestro.tap-BUbHBYE: Tapping on element:  UiElement(treeNode=TreeNode(attributes={text=, accessibilityText=登录, hintText=, ignoreBoundsFiltering=false, resource-id=, clickable=true, bounds=[42,1082][1038,1208], enabled=true, focused=false, checked=false, scrollable=false, selected=false, class=android.widget.Button}, children=[], clickable=true, enabled=true, focused=false, checked=false, selected=false), bounds=Bounds(x=42, y=1082, width=996, height=126))
17:45:58.872 [ INFO] maestro.Maestro.tap-BUbHBYE: Refreshed element
17:45:58.873 [ INFO] maestro.Maestro.hierarchyBasedTap-hbl3e4M: Tapping at (540, 1145) using hierarchy based logic for wait
17:45:58.873 [TRACE] maestro.utils.ScreenshotUtils.takeScreenshot: Taking screenshot to byte array
17:45:58.873 [TRACE] maestro.utils.ScreenshotUtils.takeScreenshot: Taking screenshot to output sink
17:46:00.656 [ INFO] maestro.Maestro.hierarchyBasedTap-hbl3e4M: Something have changed in the UI judging by view hierarchy. Proceed.
17:46:00.656 [ INFO] maestro.cli.runner.TestSuiteInteractor.invoke: Tap on "登录" COMPLETED
17:46:00.657 [ INFO] maestro.cli.runner.TestSuiteInteractor.invoke: Run includes/login-as-test-user.yaml COMPLETED
17:46:00.968 [ INFO] maestro.cli.runner.TestSuiteInteractor.invoke: Define variables RUNNING
17:46:00.969 [ INFO] maestro.cli.runner.TestSuiteInteractor.invoke: Define variables COMPLETED
17:46:00.969 [ INFO] maestro.cli.runner.TestSuiteInteractor.invoke: Apply configuration RUNNING
17:46:00.969 [ INFO] maestro.cli.runner.TestSuiteInteractor.invoke: Apply configuration COMPLETED
17:46:00.969 [ INFO] maestro.cli.runner.TestSuiteInteractor.invoke: Launch app "com.example.mobile" RUNNING
17:46:01.585 [ INFO] maestro.Maestro.launchApp: Launching app com.example.mobile
17:46:01.733 [ INFO] maestro.cli.runner.TestSuiteInteractor.invoke: Launch app "com.example.mobile" COMPLETED
17:46:01.733 [ INFO] maestro.cli.runner.TestSuiteInteractor.invoke: Assert that "完善资料" is visible RUNNING
17:46:18.838 [ INFO] maestro.cli.runner.TestSuiteInteractor.invoke: Assert that "完善资料" is visible FAILED
17:46:18.839 [ INFO] maestro.Maestro.takeScreenshot: Taking screenshot
17:46:18.839 [TRACE] maestro.utils.ScreenshotUtils.takeScreenshot: Taking screenshot to output sink
17:46:18.945 [ INFO] maestro.cli.runner.TestSuiteInteractor.invoke: Define variables RUNNING
17:46:18.946 [ INFO] maestro.cli.runner.TestSuiteInteractor.invoke: Define variables COMPLETED
17:46:18.946 [ INFO] maestro.cli.runner.TestSuiteInteractor.invoke: Apply configuration RUNNING
17:46:18.946 [ INFO] maestro.cli.runner.TestSuiteInteractor.invoke: Apply configuration COMPLETED
17:46:18.946 [ INFO] maestro.cli.runner.TestSuiteInteractor.invoke: Launch app "com.example.mobile" RUNNING
17:46:19.233 [ INFO] maestro.Maestro.launchApp: Launching app com.example.mobile
17:46:19.432 [ INFO] maestro.cli.runner.TestSuiteInteractor.invoke: Launch app "com.example.mobile" COMPLETED
17:46:19.432 [ INFO] maestro.cli.runner.TestSuiteInteractor.invoke: Tap on id: dev_tools_toggle_button RUNNING
17:46:21.503 [ INFO] maestro.Maestro.tap-BUbHBYE: Tapping on element:  UiElement(treeNode=TreeNode(attributes={text=, accessibilityText=开发工具, hintText=, ignoreBoundsFiltering=false, resource-id=dev_tools_toggle_button, clickable=true, bounds=[912,1064][1059,1211], enabled=true, focused=false, checked=false, scrollable=false, selected=false, class=android.widget.Button}, children=[], clickable=true, enabled=true, focused=false, checked=false, selected=false), bounds=Bounds(x=912, y=1064, width=147, height=147))
17:46:22.615 [ INFO] maestro.Maestro.tap-BUbHBYE: Refreshed element
17:46:22.615 [ INFO] maestro.Maestro.hierarchyBasedTap-hbl3e4M: Tapping at (985, 1137) using hierarchy based logic for wait
17:46:22.615 [TRACE] maestro.utils.ScreenshotUtils.takeScreenshot: Taking screenshot to byte array
17:46:22.615 [TRACE] maestro.utils.ScreenshotUtils.takeScreenshot: Taking screenshot to output sink
17:46:23.613 [ INFO] maestro.Maestro.hierarchyBasedTap-hbl3e4M: Something have changed in the UI judging by view hierarchy. Proceed.
17:46:23.613 [ INFO] maestro.cli.runner.TestSuiteInteractor.invoke: Tap on id: dev_tools_toggle_button COMPLETED
17:46:23.613 [ INFO] maestro.cli.runner.TestSuiteInteractor.invoke: Assert that "服务器地址" is visible RUNNING
17:46:23.672 [ INFO] maestro.cli.runner.TestSuiteInteractor.invoke: Assert that "服务器地址" is visible COMPLETED
17:46:23.672 [ INFO] maestro.cli.runner.TestSuiteInteractor.invoke: Tap on id: server_base_url_field RUNNING
17:46:23.731 [ INFO] maestro.Maestro.tap-BUbHBYE: Tapping on element:  UiElement(treeNode=TreeNode(attributes={text=, accessibilityText=, hintText=Server Base URL
服务器地址, ignoreBoundsFiltering=false, resource-id=server_base_url_field, clickable=false, bounds=[282,252][1038,806], enabled=true, focused=false, checked=false, scrollable=false, selected=false, class=android.widget.EditText}, children=[TreeNode(attributes={text=http://10.0.2.2:3001/api/v1, accessibilityText=, hintText=服务器地址, ignoreBoundsFiltering=false, resource-id=, clickable=true, bounds=[335,396][986,585], enabled=true, focused=false, checked=false, scrollable=false, selected=false, class=android.widget.EditText}, children=[], clickable=true, enabled=true, focused=false, checked=false, selected=false), TreeNode(attributes={text=, accessibilityText=保存配置, hintText=, ignoreBoundsFiltering=false, resource-id=, clickable=true, bounds=[335,627][986,753], enabled=true, focused=false, checked=false, scrollable=false, selected=false, class=android.widget.Button}, children=[], clickable=true, enabled=true, focused=false, checked=false, selected=false)], clickable=false, enabled=true, focused=false, checked=false, selected=false), bounds=Bounds(x=282, y=252, width=756, height=554))
17:46:24.932 [ INFO] maestro.Maestro.tap-BUbHBYE: Refreshed element
17:46:24.932 [ INFO] maestro.Maestro.hierarchyBasedTap-hbl3e4M: Tapping at (660, 529) using hierarchy based logic for wait
17:46:24.932 [TRACE] maestro.utils.ScreenshotUtils.takeScreenshot: Taking screenshot to byte array
17:46:24.932 [TRACE] maestro.utils.ScreenshotUtils.takeScreenshot: Taking screenshot to output sink
17:46:26.944 [ INFO] maestro.Maestro.hierarchyBasedTap-hbl3e4M: Something have changed in the UI judging by view hierarchy. Proceed.
17:46:26.945 [ INFO] maestro.cli.runner.TestSuiteInteractor.invoke: Tap on id: server_base_url_field COMPLETED
17:46:26.945 [ INFO] maestro.cli.runner.TestSuiteInteractor.invoke: Input text http://192.168.1.100:3000/api/v1 RUNNING
17:46:26.945 [ INFO] maestro.Maestro.inputText: Inputting text: http://192.168.1.100:3000/api/v1
17:46:31.718 [ INFO] maestro.cli.runner.TestSuiteInteractor.invoke: Input text http://192.168.1.100:3000/api/v1 COMPLETED
17:46:31.718 [ INFO] maestro.cli.runner.TestSuiteInteractor.invoke: Tap on "保存配置" RUNNING
17:46:31.799 [ INFO] maestro.Maestro.tap-BUbHBYE: Tapping on element:  UiElement(treeNode=TreeNode(attributes={text=, accessibilityText=保存配置, hintText=, ignoreBoundsFiltering=false, resource-id=, clickable=true, bounds=[335,690][986,816], enabled=true, focused=false, checked=false, scrollable=false, selected=false, class=android.widget.Button}, children=[], clickable=true, enabled=true, focused=false, checked=false, selected=false), bounds=Bounds(x=335, y=690, width=651, height=126))
17:46:32.891 [ INFO] maestro.Maestro.tap-BUbHBYE: Refreshed element
17:46:32.891 [ INFO] maestro.Maestro.hierarchyBasedTap-hbl3e4M: Tapping at (660, 753) using hierarchy based logic for wait
17:46:32.891 [TRACE] maestro.utils.ScreenshotUtils.takeScreenshot: Taking screenshot to byte array
17:46:32.891 [TRACE] maestro.utils.ScreenshotUtils.takeScreenshot: Taking screenshot to output sink
17:46:33.912 [ INFO] maestro.Maestro.hierarchyBasedTap-hbl3e4M: Something have changed in the UI judging by view hierarchy. Proceed.
17:46:33.912 [ INFO] maestro.cli.runner.TestSuiteInteractor.invoke: Tap on "保存配置" COMPLETED
17:46:33.912 [ INFO] maestro.cli.runner.TestSuiteInteractor.invoke: Assert that "保存成功，新配置已生效" is visible RUNNING
17:46:33.991 [ INFO] maestro.cli.runner.TestSuiteInteractor.invoke: Assert that "保存成功，新配置已生效" is visible COMPLETED
17:46:33.991 [ INFO] maestro.cli.runner.TestSuiteInteractor.invoke: Tap on id: server_base_url_field RUNNING
17:46:34.092 [ INFO] maestro.Maestro.tap-BUbHBYE: Tapping on element:  UiElement(treeNode=TreeNode(attributes={text=, accessibilityText=, hintText=Server Base URL
服务器地址, ignoreBoundsFiltering=false, resource-id=server_base_url_field, clickable=false, bounds=[282,252][1038,869], enabled=true, focused=false, checked=false, scrollable=false, selected=false, class=android.widget.EditText}, children=[TreeNode(attributes={text=http://192.168.1.100:3000/api/v1, accessibilityText=, hintText=服务器地址, ignoreBoundsFiltering=false, resource-id=, clickable=true, bounds=[335,396][986,648], enabled=true, focused=true, checked=false, scrollable=false, selected=false, class=android.widget.EditText}, children=[], clickable=true, enabled=true, focused=true, checked=false, selected=false), TreeNode(attributes={text=, accessibilityText=保存配置, hintText=, ignoreBoundsFiltering=false, resource-id=, clickable=true, bounds=[335,690][986,816], enabled=true, focused=false, checked=false, scrollable=false, selected=false, class=android.widget.Button}, children=[], clickable=true, enabled=true, focused=false, checked=false, selected=false)], clickable=false, enabled=true, focused=false, checked=false, selected=false), bounds=Bounds(x=282, y=252, width=756, height=617))
17:46:35.192 [ INFO] maestro.Maestro.tap-BUbHBYE: Refreshed element
17:46:35.192 [ INFO] maestro.Maestro.hierarchyBasedTap-hbl3e4M: Tapping at (660, 560) using hierarchy based logic for wait
17:46:35.192 [TRACE] maestro.utils.ScreenshotUtils.takeScreenshot: Taking screenshot to byte array
17:46:35.192 [TRACE] maestro.utils.ScreenshotUtils.takeScreenshot: Taking screenshot to output sink
17:46:36.112 [TRACE] maestro.utils.ScreenshotUtils.takeScreenshot: Taking screenshot to byte array
17:46:36.113 [TRACE] maestro.utils.ScreenshotUtils.takeScreenshot: Taking screenshot to output sink
17:46:36.407 [ INFO] maestro.Maestro.hierarchyBasedTap-hbl3e4M: Screenshots are not different enough (d=0.0)
17:46:36.407 [ INFO] maestro.Maestro.hierarchyBasedTap-hbl3e4M: Nothing changed in the UI.
17:46:36.744 [TRACE] maestro.utils.ScreenshotUtils.takeScreenshot: Taking screenshot to byte array
17:46:36.744 [TRACE] maestro.utils.ScreenshotUtils.takeScreenshot: Taking screenshot to output sink
17:46:37.217 [ INFO] maestro.Maestro.hierarchyBasedTap-hbl3e4M: Something have changed in the UI judging by screenshot (d=0.0071922657). Proceed.
17:46:37.217 [ INFO] maestro.cli.runner.TestSuiteInteractor.invoke: Tap on id: server_base_url_field COMPLETED
17:46:37.217 [ INFO] maestro.cli.runner.TestSuiteInteractor.invoke: Input text http://example.com:8080/api/v2 RUNNING
17:46:37.217 [ INFO] maestro.Maestro.inputText: Inputting text: http://example.com:8080/api/v2
17:46:41.916 [ INFO] maestro.cli.runner.TestSuiteInteractor.invoke: Input text http://example.com:8080/api/v2 COMPLETED
17:46:41.917 [ INFO] maestro.cli.runner.TestSuiteInteractor.invoke: Tap on "保存配置" RUNNING
17:46:42.057 [ INFO] maestro.Maestro.tap-BUbHBYE: Tapping on element:  UiElement(treeNode=TreeNode(attributes={text=, accessibilityText=保存配置, hintText=, ignoreBoundsFiltering=false, resource-id=, clickable=true, bounds=[335,816][986,942], enabled=true, focused=false, checked=false, scrollable=false, selected=false, class=android.widget.Button}, children=[], clickable=true, enabled=true, focused=false, checked=false, selected=false), bounds=Bounds(x=335, y=816, width=651, height=126))
17:46:43.276 [ INFO] maestro.Maestro.tap-BUbHBYE: Refreshed element
17:46:43.276 [ INFO] maestro.Maestro.hierarchyBasedTap-hbl3e4M: Tapping at (660, 879) using hierarchy based logic for wait
17:46:43.276 [TRACE] maestro.utils.ScreenshotUtils.takeScreenshot: Taking screenshot to byte array
17:46:43.276 [TRACE] maestro.utils.ScreenshotUtils.takeScreenshot: Taking screenshot to output sink
17:46:44.361 [ INFO] maestro.Maestro.hierarchyBasedTap-hbl3e4M: Something have changed in the UI judging by view hierarchy. Proceed.
17:46:44.361 [ INFO] maestro.cli.runner.TestSuiteInteractor.invoke: Tap on "保存配置" COMPLETED
17:46:44.361 [ INFO] maestro.cli.runner.TestSuiteInteractor.invoke: Assert that "保存成功，新配置已生效" is visible RUNNING
17:46:44.408 [ INFO] maestro.cli.runner.TestSuiteInteractor.invoke: Assert that "保存成功，新配置已生效" is visible COMPLETED
17:46:44.408 [ INFO] maestro.cli.runner.TestSuiteInteractor.invoke: Tap on id: server_base_url_field RUNNING
17:46:44.485 [ INFO] maestro.Maestro.tap-BUbHBYE: Tapping on element:  UiElement(treeNode=TreeNode(attributes={text=, accessibilityText=, hintText=Server Base URL
服务器地址, ignoreBoundsFiltering=false, resource-id=server_base_url_field, clickable=false, bounds=[282,252][1038,995], enabled=true, focused=false, checked=false, scrollable=false, selected=false, class=android.widget.EditText}, children=[TreeNode(attributes={text=http://192.168.1.100:3000/api/v1http://example.com:8080/api/v2, accessibilityText=, hintText=服务器地址, ignoreBoundsFiltering=false, resource-id=, clickable=true, bounds=[335,396][986,774], enabled=true, focused=true, checked=false, scrollable=false, selected=false, class=android.widget.EditText}, children=[], clickable=true, enabled=true, focused=true, checked=false, selected=false), TreeNode(attributes={text=, accessibilityText=保存配置, hintText=, ignoreBoundsFiltering=false, resource-id=, clickable=true, bounds=[335,816][986,942], enabled=true, focused=false, checked=false, scrollable=false, selected=false, class=android.widget.Button}, children=[], clickable=true, enabled=true, focused=false, checked=false, selected=false)], clickable=false, enabled=true, focused=false, checked=false, selected=false), bounds=Bounds(x=282, y=252, width=756, height=743))
17:46:45.652 [ INFO] maestro.Maestro.tap-BUbHBYE: Refreshed element
17:46:45.652 [ INFO] maestro.Maestro.hierarchyBasedTap-hbl3e4M: Tapping at (660, 623) using hierarchy based logic for wait
17:46:45.652 [TRACE] maestro.utils.ScreenshotUtils.takeScreenshot: Taking screenshot to byte array
17:46:45.652 [TRACE] maestro.utils.ScreenshotUtils.takeScreenshot: Taking screenshot to output sink
17:46:46.656 [TRACE] maestro.utils.ScreenshotUtils.takeScreenshot: Taking screenshot to byte array
17:46:46.656 [TRACE] maestro.utils.ScreenshotUtils.takeScreenshot: Taking screenshot to output sink
17:46:46.871 [ INFO] maestro.Maestro.hierarchyBasedTap-hbl3e4M: Screenshots are not different enough (d=0.0)
17:46:46.871 [ INFO] maestro.Maestro.hierarchyBasedTap-hbl3e4M: Nothing changed in the UI.
17:46:47.224 [TRACE] maestro.utils.ScreenshotUtils.takeScreenshot: Taking screenshot to byte array
17:46:47.224 [TRACE] maestro.utils.ScreenshotUtils.takeScreenshot: Taking screenshot to output sink
17:46:47.485 [ INFO] maestro.Maestro.hierarchyBasedTap-hbl3e4M: Something have changed in the UI judging by screenshot (d=0.0063018943). Proceed.
17:46:47.485 [ INFO] maestro.cli.runner.TestSuiteInteractor.invoke: Tap on id: server_base_url_field COMPLETED
17:46:47.485 [ INFO] maestro.cli.runner.TestSuiteInteractor.invoke: Erase text RUNNING
17:46:47.485 [ INFO] maestro.Maestro.eraseText: Erasing 50 characters
17:46:52.077 [ INFO] maestro.cli.runner.TestSuiteInteractor.invoke: Erase text COMPLETED
17:46:52.077 [ INFO] maestro.cli.runner.TestSuiteInteractor.invoke: Input text http://10.0.2.2:3001/api/v1 RUNNING
17:46:52.077 [ INFO] maestro.Maestro.inputText: Inputting text: http://10.0.2.2:3001/api/v1
17:46:56.321 [ INFO] maestro.cli.runner.TestSuiteInteractor.invoke: Input text http://10.0.2.2:3001/api/v1 COMPLETED
17:46:56.321 [ INFO] maestro.cli.runner.TestSuiteInteractor.invoke: Tap on "保存配置" RUNNING
17:46:56.397 [ INFO] maestro.Maestro.tap-BUbHBYE: Tapping on element:  UiElement(treeNode=TreeNode(attributes={text=, accessibilityText=保存配置, hintText=, ignoreBoundsFiltering=false, resource-id=, clickable=true, bounds=[335,879][986,1005], enabled=true, focused=false, checked=false, scrollable=false, selected=false, class=android.widget.Button}, children=[], clickable=true, enabled=true, focused=false, checked=false, selected=false), bounds=Bounds(x=335, y=879, width=651, height=126))
17:46:57.493 [ INFO] maestro.Maestro.tap-BUbHBYE: Refreshed element
17:46:57.493 [ INFO] maestro.Maestro.hierarchyBasedTap-hbl3e4M: Tapping at (660, 942) using hierarchy based logic for wait
17:46:57.494 [TRACE] maestro.utils.ScreenshotUtils.takeScreenshot: Taking screenshot to byte array
17:46:57.494 [TRACE] maestro.utils.ScreenshotUtils.takeScreenshot: Taking screenshot to output sink
17:46:58.570 [ INFO] maestro.Maestro.hierarchyBasedTap-hbl3e4M: Something have changed in the UI judging by view hierarchy. Proceed.
17:46:58.571 [ INFO] maestro.cli.runner.TestSuiteInteractor.invoke: Tap on "保存配置" COMPLETED
17:46:58.572 [ INFO] maestro.cli.runner.TestSuiteInteractor.invoke: Assert that "保存成功，新配置已生效" is visible RUNNING
17:46:58.666 [ INFO] maestro.cli.runner.TestSuiteInteractor.invoke: Assert that "保存成功，新配置已生效" is visible COMPLETED
17:46:58.680 [ INFO] maestro.cli.runner.TestSuiteInteractor.invoke: Define variables RUNNING
17:46:58.682 [ INFO] maestro.cli.runner.TestSuiteInteractor.invoke: Define variables COMPLETED
17:46:58.682 [ INFO] maestro.cli.runner.TestSuiteInteractor.invoke: Apply configuration RUNNING
17:46:58.682 [ INFO] maestro.cli.runner.TestSuiteInteractor.invoke: Apply configuration COMPLETED
17:46:58.682 [ INFO] maestro.cli.runner.TestSuiteInteractor.invoke: Launch app "com.example.mobile" RUNNING
17:46:59.177 [ INFO] maestro.Maestro.launchApp: Launching app com.example.mobile
17:46:59.404 [ INFO] maestro.cli.runner.TestSuiteInteractor.invoke: Launch app "com.example.mobile" COMPLETED
17:46:59.404 [ INFO] maestro.cli.runner.TestSuiteInteractor.invoke: Assert that "开发工具" is visible RUNNING
17:47:01.418 [ INFO] maestro.cli.runner.TestSuiteInteractor.invoke: Assert that "开发工具" is visible COMPLETED
17:47:01.418 [ INFO] maestro.cli.runner.TestSuiteInteractor.invoke: Tap on id: dev_tools_toggle_button RUNNING
17:47:01.945 [ INFO] maestro.Maestro.tap-BUbHBYE: Tapping on element:  UiElement(treeNode=TreeNode(attributes={text=, accessibilityText=开发工具, hintText=, ignoreBoundsFiltering=false, resource-id=dev_tools_toggle_button, clickable=true, bounds=[912,1064][1059,1211], enabled=true, focused=false, checked=false, scrollable=false, selected=false, class=android.widget.Button}, children=[], clickable=true, enabled=true, focused=false, checked=false, selected=false), bounds=Bounds(x=912, y=1064, width=147, height=147))
17:47:03.025 [ INFO] maestro.Maestro.tap-BUbHBYE: Refreshed element
17:47:03.025 [ INFO] maestro.Maestro.hierarchyBasedTap-hbl3e4M: Tapping at (985, 1137) using hierarchy based logic for wait
17:47:03.025 [TRACE] maestro.utils.ScreenshotUtils.takeScreenshot: Taking screenshot to byte array
17:47:03.025 [TRACE] maestro.utils.ScreenshotUtils.takeScreenshot: Taking screenshot to output sink
17:47:04.072 [ INFO] maestro.Maestro.hierarchyBasedTap-hbl3e4M: Something have changed in the UI judging by view hierarchy. Proceed.
17:47:04.072 [ INFO] maestro.cli.runner.TestSuiteInteractor.invoke: Tap on id: dev_tools_toggle_button COMPLETED
17:47:04.072 [ INFO] maestro.cli.runner.TestSuiteInteractor.invoke: Assert that "服务器地址" is visible RUNNING
17:47:04.132 [ INFO] maestro.cli.runner.TestSuiteInteractor.invoke: Assert that "服务器地址" is visible COMPLETED
