21:55:47.953 [ INFO] MAESTRO.logSystemInfo: ---- System Info ----
21:55:47.954 [ INFO] MAESTRO.logSystemInfo: Maestro Version: 1.39.13
21:55:47.954 [ INFO] MAESTRO.logSystemInfo: CI: Undefined
21:55:47.954 [ INFO] MAESTRO.logSystemInfo: OS Name: Mac OS X
21:55:47.954 [ INFO] MAESTRO.logSystemInfo: OS Version: 26.1
21:55:47.954 [ INFO] MAESTRO.logSystemInfo: Architecture: aarch64
21:55:47.954 [ INFO] MAESTRO.logSystemInfo: Java Version: 21
21:55:47.962 [ INFO] MAESTRO.logSystemInfo: Xcode Version: null
21:55:48.453 [ INFO] MAESTRO.logSystemInfo: Flutter Version: 3.24.5
21:55:48.617 [DEBUG] io.micrometer.common.util.internal.logging.InternalLoggerFactory.newDefaultFactory: Using SLF4J as the default logging framework
21:55:48.734 [ INFO] MAESTRO.logSystemInfo: Flutter Channel: stable
21:55:48.734 [ INFO] MAESTRO.logSystemInfo: ---------------------
21:55:48.989 [ INFO] maestro.orchestra.workspace.WorkspaceExecutionPlanner.plan: Created execution plan: ExecutionPlan(flowsToRun=[/private/var/folders/lt/w3sl6z8j5v50vt2s6knvf5n00000gn/T/dev-issue-64-3744104450/.maestro/flows/auth/login.yaml, /private/var/folders/lt/w3sl6z8j5v50vt2s6knvf5n00000gn/T/dev-issue-64-3744104450/.maestro/flows/profile/setup.yaml, /private/var/folders/lt/w3sl6z8j5v50vt2s6knvf5n00000gn/T/dev-issue-64-3744104450/.maestro/flows/devtools/open_drawer.yaml, /private/var/folders/lt/w3sl6z8j5v50vt2s6knvf5n00000gn/T/dev-issue-64-3744104450/.maestro/flows/devtools/edit_server_url.yaml, /private/var/folders/lt/w3sl6z8j5v50vt2s6knvf5n00000gn/T/dev-issue-64-3744104450/.maestro/flows/devtools/empty_server_url.yaml, /private/var/folders/lt/w3sl6z8j5v50vt2s6knvf5n00000gn/T/dev-issue-64-3744104450/.maestro/flows/devtools/invalid_server_url.yaml, /private/var/folders/lt/w3sl6z8j5v50vt2s6knvf5n00000gn/T/dev-issue-64-3744104450/.maestro/flows/devtools/save_persists_after_reopen.yaml, /private/var/folders/lt/w3sl6z8j5v50vt2s6knvf5n00000gn/T/dev-issue-64-3744104450/.maestro/flows/matching/swipe_recommendations.yaml, /private/var/folders/lt/w3sl6z8j5v50vt2s6knvf5n00000gn/T/dev-issue-64-3744104450/.maestro/flows/matching/view_match_list.yaml, /private/var/folders/lt/w3sl6z8j5v50vt2s6knvf5n00000gn/T/dev-issue-64-3744104450/.maestro/flows/im/view_conversation_list.yaml, /private/var/folders/lt/w3sl6z8j5v50vt2s6knvf5n00000gn/T/dev-issue-64-3744104450/.maestro/flows/im/enter_chat.yaml], sequence=FlowSequence(flows=[], continueOnFailure=null))
21:55:49.075 [ INFO] maestro.cli.command.TestCommand.runShardSuite: [shard 1] Selected device emulator-5554 using port 7001
21:55:51.745 [ INFO] maestro.Maestro.invoke: Getting device info
21:55:51.887 [ INFO] maestro.Maestro.invoke: Got device info: DeviceInfo(platform=ANDROID, widthPixels=1080, heightPixels=2400, widthGrid=1080, heightGrid=2400)
21:55:51.938 [ INFO] maestro.cli.runner.TestSuiteInteractor.invoke: Define variables RUNNING
21:55:51.939 [ INFO] maestro.cli.runner.TestSuiteInteractor.invoke: Define variables COMPLETED
21:55:51.939 [ INFO] maestro.cli.runner.TestSuiteInteractor.invoke: Apply configuration RUNNING
21:55:51.939 [ INFO] maestro.cli.runner.TestSuiteInteractor.invoke: Apply configuration COMPLETED
21:55:51.939 [ INFO] maestro.cli.runner.TestSuiteInteractor.invoke: Launch app "com.example.mobile" with clear state RUNNING
21:55:51.940 [ INFO] maestro.Maestro.clearAppState: Clearing app state com.example.mobile
21:55:52.485 [ INFO] maestro.Maestro.launchApp: Launching app com.example.mobile
21:55:52.577 [ INFO] maestro.cli.runner.TestSuiteInteractor.invoke: Launch app "com.example.mobile" with clear state COMPLETED
21:55:52.577 [ INFO] maestro.cli.runner.TestSuiteInteractor.invoke: Run includes/login-as-test-user.yaml RUNNING
21:55:52.577 [ INFO] maestro.cli.runner.TestSuiteInteractor.invoke: Apply configuration RUNNING
21:55:52.577 [ INFO] maestro.cli.runner.TestSuiteInteractor.invoke: Apply configuration COMPLETED
21:55:52.577 [ INFO] maestro.cli.runner.TestSuiteInteractor.invoke: Assert that "欢迎使用 Social World" is visible RUNNING
21:55:55.616 [ INFO] maestro.cli.runner.TestSuiteInteractor.invoke: Assert that "欢迎使用 Social World" is visible COMPLETED
21:55:55.616 [ INFO] maestro.cli.runner.TestSuiteInteractor.invoke: Assert that "手机号一键登录" is visible RUNNING
21:55:55.669 [ INFO] maestro.cli.runner.TestSuiteInteractor.invoke: Assert that "手机号一键登录" is visible COMPLETED
21:55:55.669 [ INFO] maestro.cli.runner.TestSuiteInteractor.invoke: Tap on "手机号" RUNNING
21:55:55.717 [ INFO] maestro.Maestro.tap-BUbHBYE: Tapping on element:  UiElement(treeNode=TreeNode(attributes={text=, accessibilityText=, hintText=手机号, ignoreBoundsFiltering=false, resource-id=, clickable=true, bounds=[42,677][1038,809], enabled=true, focused=false, checked=false, scrollable=false, selected=false, class=android.widget.EditText}, children=[], clickable=true, enabled=true, focused=false, checked=false, selected=false), bounds=Bounds(x=42, y=677, width=996, height=132))
21:55:56.829 [ INFO] maestro.Maestro.tap-BUbHBYE: Refreshed element
21:55:56.831 [ INFO] maestro.Maestro.hierarchyBasedTap-hbl3e4M: Tapping at (540, 743) using hierarchy based logic for wait
21:55:56.831 [TRACE] maestro.utils.ScreenshotUtils.takeScreenshot: Taking screenshot to byte array
21:55:56.831 [TRACE] maestro.utils.ScreenshotUtils.takeScreenshot: Taking screenshot to output sink
21:55:59.242 [ INFO] maestro.Maestro.hierarchyBasedTap-hbl3e4M: Something have changed in the UI judging by view hierarchy. Proceed.
21:55:59.242 [ INFO] maestro.cli.runner.TestSuiteInteractor.invoke: Tap on "手机号" COMPLETED
21:55:59.242 [ INFO] maestro.cli.runner.TestSuiteInteractor.invoke: Input text 13800138000 RUNNING
21:55:59.243 [ INFO] maestro.Maestro.inputText: Inputting text: 13800138000
21:56:01.101 [ INFO] maestro.cli.runner.TestSuiteInteractor.invoke: Input text 13800138000 COMPLETED
21:56:01.101 [ INFO] maestro.cli.runner.TestSuiteInteractor.invoke: Tap on "获取验证码" RUNNING
21:56:01.175 [ INFO] maestro.Maestro.tap-BUbHBYE: Tapping on element:  UiElement(treeNode=TreeNode(attributes={text=, accessibilityText=获取验证码, hintText=, ignoreBoundsFiltering=false, resource-id=, clickable=true, bounds=[720,851][1038,998], enabled=true, focused=false, checked=false, scrollable=false, selected=false, class=android.widget.Button}, children=[], clickable=true, enabled=true, focused=false, checked=false, selected=false), bounds=Bounds(x=720, y=851, width=318, height=147))
21:56:02.306 [ INFO] maestro.Maestro.tap-BUbHBYE: Refreshed element
21:56:02.306 [ INFO] maestro.Maestro.hierarchyBasedTap-hbl3e4M: Tapping at (879, 924) using hierarchy based logic for wait
21:56:02.306 [TRACE] maestro.utils.ScreenshotUtils.takeScreenshot: Taking screenshot to byte array
21:56:02.306 [TRACE] maestro.utils.ScreenshotUtils.takeScreenshot: Taking screenshot to output sink
21:56:03.379 [ INFO] maestro.Maestro.hierarchyBasedTap-hbl3e4M: Something have changed in the UI judging by view hierarchy. Proceed.
21:56:03.379 [ INFO] maestro.cli.runner.TestSuiteInteractor.invoke: Tap on "获取验证码" COMPLETED
21:56:03.379 [ INFO] maestro.cli.runner.TestSuiteInteractor.invoke: Tap on "验证码" RUNNING
21:56:03.515 [ INFO] maestro.Maestro.tap-BUbHBYE: Tapping on element:  UiElement(treeNode=TreeNode(attributes={text=, accessibilityText=, hintText=验证码, ignoreBoundsFiltering=false, resource-id=, clickable=true, bounds=[42,861][678,987], enabled=true, focused=false, checked=false, scrollable=false, selected=false, class=android.widget.EditText}, children=[], clickable=true, enabled=true, focused=false, checked=false, selected=false), bounds=Bounds(x=42, y=861, width=636, height=126))
21:56:04.527 [ INFO] maestro.Maestro.tap-BUbHBYE: Refreshed element
21:56:04.528 [ INFO] maestro.Maestro.hierarchyBasedTap-hbl3e4M: Tapping at (360, 924) using hierarchy based logic for wait
21:56:04.528 [TRACE] maestro.utils.ScreenshotUtils.takeScreenshot: Taking screenshot to byte array
21:56:04.528 [TRACE] maestro.utils.ScreenshotUtils.takeScreenshot: Taking screenshot to output sink
21:56:06.489 [ INFO] maestro.Maestro.hierarchyBasedTap-hbl3e4M: Something have changed in the UI judging by view hierarchy. Proceed.
21:56:06.490 [ INFO] maestro.cli.runner.TestSuiteInteractor.invoke: Tap on "验证码" COMPLETED
21:56:06.490 [ INFO] maestro.cli.runner.TestSuiteInteractor.invoke: Input text 123456 RUNNING
21:56:06.490 [ INFO] maestro.Maestro.inputText: Inputting text: 123456
21:56:07.722 [ INFO] maestro.cli.runner.TestSuiteInteractor.invoke: Input text 123456 COMPLETED
21:56:07.722 [ INFO] maestro.cli.runner.TestSuiteInteractor.invoke: Hide Keyboard RUNNING
21:56:07.722 [ INFO] maestro.Maestro.hideKeyboard: Hiding Keyboard
21:56:09.263 [ INFO] maestro.cli.runner.TestSuiteInteractor.invoke: Hide Keyboard COMPLETED
21:56:09.263 [ INFO] maestro.cli.runner.TestSuiteInteractor.invoke: Tap on "登录" RUNNING
21:56:09.276 [ INFO] maestro.Maestro.tap-BUbHBYE: Tapping on element:  UiElement(treeNode=TreeNode(attributes={text=, accessibilityText=登录, hintText=, ignoreBoundsFiltering=false, resource-id=, clickable=true, bounds=[42,1082][1038,1208], enabled=true, focused=false, checked=false, scrollable=false, selected=false, class=android.widget.Button}, children=[], clickable=true, enabled=true, focused=false, checked=false, selected=false), bounds=Bounds(x=42, y=1082, width=996, height=126))
21:56:10.454 [ INFO] maestro.Maestro.tap-BUbHBYE: Refreshed element
21:56:10.455 [ INFO] maestro.Maestro.hierarchyBasedTap-hbl3e4M: Tapping at (540, 1145) using hierarchy based logic for wait
21:56:10.455 [TRACE] maestro.utils.ScreenshotUtils.takeScreenshot: Taking screenshot to byte array
21:56:10.455 [TRACE] maestro.utils.ScreenshotUtils.takeScreenshot: Taking screenshot to output sink
21:56:12.244 [ INFO] maestro.Maestro.hierarchyBasedTap-hbl3e4M: Something have changed in the UI judging by view hierarchy. Proceed.
21:56:12.244 [ INFO] maestro.cli.runner.TestSuiteInteractor.invoke: Tap on "登录" COMPLETED
21:56:12.244 [ INFO] maestro.cli.runner.TestSuiteInteractor.invoke: Run includes/login-as-test-user.yaml COMPLETED
21:56:12.244 [ INFO] maestro.cli.runner.TestSuiteInteractor.invoke: Assert that "手机号一键登录" is not visible RUNNING
21:56:12.795 [ INFO] maestro.cli.runner.TestSuiteInteractor.invoke: Assert that "手机号一键登录" is not visible COMPLETED
21:56:12.795 [ INFO] maestro.cli.runner.TestSuiteInteractor.invoke: Assert that (Optional) "完善资料" is visible RUNNING
21:56:12.851 [ INFO] maestro.cli.runner.TestSuiteInteractor.invoke: Assert that (Optional) "完善资料" is visible COMPLETED
21:56:12.851 [ INFO] maestro.cli.runner.TestSuiteInteractor.invoke: Assert that (Optional) id: tab_home is visible RUNNING
21:56:29.418 [ INFO] maestro.cli.runner.TestSuiteInteractor.invoke: Assert that (Optional) id: tab_home is visible WARNED
21:56:29.655 [ INFO] maestro.cli.runner.TestSuiteInteractor.invoke: Define variables RUNNING
21:56:29.656 [ INFO] maestro.cli.runner.TestSuiteInteractor.invoke: Define variables COMPLETED
21:56:29.656 [ INFO] maestro.cli.runner.TestSuiteInteractor.invoke: Apply configuration RUNNING
21:56:29.656 [ INFO] maestro.cli.runner.TestSuiteInteractor.invoke: Apply configuration COMPLETED
21:56:29.656 [ INFO] maestro.cli.runner.TestSuiteInteractor.invoke: Launch app "com.example.mobile" with clear state RUNNING
21:56:29.656 [ INFO] maestro.Maestro.clearAppState: Clearing app state com.example.mobile
21:56:30.303 [ INFO] maestro.Maestro.launchApp: Launching app com.example.mobile
21:56:30.374 [ INFO] maestro.cli.runner.TestSuiteInteractor.invoke: Launch app "com.example.mobile" with clear state COMPLETED
21:56:30.374 [ INFO] maestro.cli.runner.TestSuiteInteractor.invoke: Run includes/login-as-test-user.yaml RUNNING
21:56:30.375 [ INFO] maestro.cli.runner.TestSuiteInteractor.invoke: Apply configuration RUNNING
21:56:30.375 [ INFO] maestro.cli.runner.TestSuiteInteractor.invoke: Apply configuration COMPLETED
21:56:30.375 [ INFO] maestro.cli.runner.TestSuiteInteractor.invoke: Assert that "欢迎使用 Social World" is visible RUNNING
21:56:33.824 [ INFO] maestro.cli.runner.TestSuiteInteractor.invoke: Assert that "欢迎使用 Social World" is visible COMPLETED
21:56:33.824 [ INFO] maestro.cli.runner.TestSuiteInteractor.invoke: Assert that "手机号一键登录" is visible RUNNING
21:56:33.890 [ INFO] maestro.cli.runner.TestSuiteInteractor.invoke: Assert that "手机号一键登录" is visible COMPLETED
21:56:33.890 [ INFO] maestro.cli.runner.TestSuiteInteractor.invoke: Tap on "手机号" RUNNING
21:56:33.909 [ INFO] maestro.Maestro.tap-BUbHBYE: Tapping on element:  UiElement(treeNode=TreeNode(attributes={text=, accessibilityText=, hintText=手机号, ignoreBoundsFiltering=false, resource-id=, clickable=true, bounds=[42,677][1038,809], enabled=true, focused=false, checked=false, scrollable=false, selected=false, class=android.widget.EditText}, children=[], clickable=true, enabled=true, focused=false, checked=false, selected=false), bounds=Bounds(x=42, y=677, width=996, height=132))
21:56:35.021 [ INFO] maestro.Maestro.tap-BUbHBYE: Refreshed element
21:56:35.021 [ INFO] maestro.Maestro.hierarchyBasedTap-hbl3e4M: Tapping at (540, 743) using hierarchy based logic for wait
21:56:35.021 [TRACE] maestro.utils.ScreenshotUtils.takeScreenshot: Taking screenshot to byte array
21:56:35.021 [TRACE] maestro.utils.ScreenshotUtils.takeScreenshot: Taking screenshot to output sink
21:56:36.805 [ INFO] maestro.Maestro.hierarchyBasedTap-hbl3e4M: Something have changed in the UI judging by view hierarchy. Proceed.
21:56:36.806 [ INFO] maestro.cli.runner.TestSuiteInteractor.invoke: Tap on "手机号" COMPLETED
21:56:36.806 [ INFO] maestro.cli.runner.TestSuiteInteractor.invoke: Input text 13800138000 RUNNING
21:56:36.806 [ INFO] maestro.Maestro.inputText: Inputting text: 13800138000
21:56:42.132 [ INFO] maestro.cli.runner.TestSuiteInteractor.invoke: Input text 13800138000 COMPLETED
21:56:42.133 [ INFO] maestro.cli.runner.TestSuiteInteractor.invoke: Tap on "获取验证码" RUNNING
21:56:42.182 [ INFO] maestro.Maestro.tap-BUbHBYE: Tapping on element:  UiElement(treeNode=TreeNode(attributes={text=, accessibilityText=获取验证码, hintText=, ignoreBoundsFiltering=false, resource-id=, clickable=true, bounds=[720,851][1038,998], enabled=true, focused=false, checked=false, scrollable=false, selected=false, class=android.widget.Button}, children=[], clickable=true, enabled=true, focused=false, checked=false, selected=false), bounds=Bounds(x=720, y=851, width=318, height=147))
21:56:43.243 [ INFO] maestro.Maestro.tap-BUbHBYE: Refreshed element
21:56:43.243 [ INFO] maestro.Maestro.hierarchyBasedTap-hbl3e4M: Tapping at (879, 924) using hierarchy based logic for wait
21:56:43.243 [TRACE] maestro.utils.ScreenshotUtils.takeScreenshot: Taking screenshot to byte array
21:56:43.243 [TRACE] maestro.utils.ScreenshotUtils.takeScreenshot: Taking screenshot to output sink
21:56:44.304 [ INFO] maestro.Maestro.hierarchyBasedTap-hbl3e4M: Something have changed in the UI judging by view hierarchy. Proceed.
21:56:44.304 [ INFO] maestro.cli.runner.TestSuiteInteractor.invoke: Tap on "获取验证码" COMPLETED
21:56:44.304 [ INFO] maestro.cli.runner.TestSuiteInteractor.invoke: Tap on "验证码" RUNNING
21:56:44.321 [ INFO] maestro.Maestro.tap-BUbHBYE: Tapping on element:  UiElement(treeNode=TreeNode(attributes={text=, accessibilityText=, hintText=验证码, ignoreBoundsFiltering=false, resource-id=, clickable=true, bounds=[42,861][678,987], enabled=true, focused=false, checked=false, scrollable=false, selected=false, class=android.widget.EditText}, children=[], clickable=true, enabled=true, focused=false, checked=false, selected=false), bounds=Bounds(x=42, y=861, width=636, height=126))
21:56:46.118 [ INFO] maestro.Maestro.hierarchyBasedTap-hbl3e4M: Tapping at (360, 924) using hierarchy based logic for wait
21:56:46.118 [TRACE] maestro.utils.ScreenshotUtils.takeScreenshot: Taking screenshot to byte array
21:56:46.118 [TRACE] maestro.utils.ScreenshotUtils.takeScreenshot: Taking screenshot to output sink
21:56:47.064 [TRACE] maestro.utils.ScreenshotUtils.takeScreenshot: Taking screenshot to byte array
21:56:47.064 [TRACE] maestro.utils.ScreenshotUtils.takeScreenshot: Taking screenshot to output sink
21:56:47.946 [ INFO] maestro.Maestro.hierarchyBasedTap-hbl3e4M: Screenshots are not different enough (d=0.0)
21:56:47.946 [ INFO] maestro.Maestro.hierarchyBasedTap-hbl3e4M: Nothing changed in the UI.
21:56:48.135 [TRACE] maestro.utils.ScreenshotUtils.takeScreenshot: Taking screenshot to byte array
21:56:48.135 [TRACE] maestro.utils.ScreenshotUtils.takeScreenshot: Taking screenshot to output sink
21:56:48.783 [ INFO] maestro.Maestro.hierarchyBasedTap-hbl3e4M: Screenshots are not different enough (d=0.0)
21:56:48.784 [ INFO] maestro.Maestro.hierarchyBasedTap-hbl3e4M: Nothing changed in the UI.
21:56:48.784 [ INFO] maestro.cli.runner.TestSuiteInteractor.invoke: Tap on "验证码" COMPLETED
21:56:48.784 [ INFO] maestro.cli.runner.TestSuiteInteractor.invoke: Input text 123456 RUNNING
21:56:48.784 [ INFO] maestro.Maestro.inputText: Inputting text: 123456
21:56:49.510 [ INFO] maestro.cli.runner.TestSuiteInteractor.invoke: Input text 123456 COMPLETED
21:56:49.510 [ INFO] maestro.cli.runner.TestSuiteInteractor.invoke: Hide Keyboard RUNNING
21:56:49.510 [ INFO] maestro.Maestro.hideKeyboard: Hiding Keyboard
21:56:49.879 [ INFO] maestro.cli.runner.TestSuiteInteractor.invoke: Hide Keyboard COMPLETED
21:56:49.879 [ INFO] maestro.cli.runner.TestSuiteInteractor.invoke: Tap on "登录" RUNNING
21:57:06.944 [ INFO] maestro.cli.runner.TestSuiteInteractor.invoke: Tap on "登录" FAILED
21:57:06.945 [ INFO] maestro.Maestro.takeScreenshot: Taking screenshot
21:57:06.945 [TRACE] maestro.utils.ScreenshotUtils.takeScreenshot: Taking screenshot to output sink
21:57:07.434 [ INFO] maestro.cli.runner.TestSuiteInteractor.invoke: Run includes/login-as-test-user.yaml FAILED
21:57:07.471 [ INFO] maestro.cli.runner.TestSuiteInteractor.invoke: Define variables RUNNING
21:57:07.471 [ INFO] maestro.cli.runner.TestSuiteInteractor.invoke: Define variables COMPLETED
21:57:07.471 [ INFO] maestro.cli.runner.TestSuiteInteractor.invoke: Apply configuration RUNNING
21:57:07.471 [ INFO] maestro.cli.runner.TestSuiteInteractor.invoke: Apply configuration COMPLETED
21:57:07.471 [ INFO] maestro.cli.runner.TestSuiteInteractor.invoke: Launch app "com.example.mobile" with clear state RUNNING
21:57:07.471 [ INFO] maestro.Maestro.clearAppState: Clearing app state com.example.mobile
21:57:08.098 [ INFO] maestro.Maestro.launchApp: Launching app com.example.mobile
21:57:08.152 [ INFO] maestro.cli.runner.TestSuiteInteractor.invoke: Launch app "com.example.mobile" with clear state COMPLETED
21:57:08.152 [ INFO] maestro.cli.runner.TestSuiteInteractor.invoke: Assert that "开发工具" is visible RUNNING
21:57:11.425 [ INFO] maestro.cli.runner.TestSuiteInteractor.invoke: Assert that "开发工具" is visible COMPLETED
21:57:11.426 [ INFO] maestro.cli.runner.TestSuiteInteractor.invoke: Tap on id: dev_tools_toggle_button RUNNING
21:57:11.491 [ INFO] maestro.Maestro.tap-BUbHBYE: Tapping on element:  UiElement(treeNode=TreeNode(attributes={text=, accessibilityText=开发工具, hintText=, ignoreBoundsFiltering=false, resource-id=dev_tools_toggle_button, clickable=true, bounds=[912,1095][1059,1242], enabled=true, focused=false, checked=false, scrollable=false, selected=false, class=android.widget.Button}, children=[], clickable=true, enabled=true, focused=false, checked=false, selected=false), bounds=Bounds(x=912, y=1095, width=147, height=147))
21:57:12.566 [ INFO] maestro.Maestro.tap-BUbHBYE: Refreshed element
21:57:12.567 [ INFO] maestro.Maestro.hierarchyBasedTap-hbl3e4M: Tapping at (985, 1168) using hierarchy based logic for wait
21:57:12.567 [TRACE] maestro.utils.ScreenshotUtils.takeScreenshot: Taking screenshot to byte array
21:57:12.567 [TRACE] maestro.utils.ScreenshotUtils.takeScreenshot: Taking screenshot to output sink
21:57:13.062 [TRACE] maestro.utils.ScreenshotUtils.takeScreenshot: Taking screenshot to byte array
21:57:13.062 [TRACE] maestro.utils.ScreenshotUtils.takeScreenshot: Taking screenshot to output sink
21:57:13.333 [ INFO] maestro.Maestro.hierarchyBasedTap-hbl3e4M: Screenshots are not different enough (d=0.0)
21:57:13.333 [ INFO] maestro.Maestro.hierarchyBasedTap-hbl3e4M: Nothing changed in the UI.
21:57:14.249 [ INFO] maestro.Maestro.hierarchyBasedTap-hbl3e4M: Something have changed in the UI judging by view hierarchy. Proceed.
21:57:14.249 [ INFO] maestro.cli.runner.TestSuiteInteractor.invoke: Tap on id: dev_tools_toggle_button COMPLETED
21:57:14.249 [ INFO] maestro.cli.runner.TestSuiteInteractor.invoke: Assert that "服务器地址" is visible RUNNING
21:57:14.263 [ INFO] maestro.cli.runner.TestSuiteInteractor.invoke: Assert that "服务器地址" is visible COMPLETED
21:57:14.270 [ INFO] maestro.cli.runner.TestSuiteInteractor.invoke: Define variables RUNNING
21:57:14.272 [ INFO] maestro.cli.runner.TestSuiteInteractor.invoke: Define variables COMPLETED
21:57:14.272 [ INFO] maestro.cli.runner.TestSuiteInteractor.invoke: Apply configuration RUNNING
21:57:14.272 [ INFO] maestro.cli.runner.TestSuiteInteractor.invoke: Apply configuration COMPLETED
21:57:14.273 [ INFO] maestro.cli.runner.TestSuiteInteractor.invoke: Launch app "com.example.mobile" with clear state RUNNING
21:57:14.274 [ INFO] maestro.Maestro.clearAppState: Clearing app state com.example.mobile
21:57:15.806 [ INFO] maestro.Maestro.launchApp: Launching app com.example.mobile
21:57:15.876 [ INFO] maestro.cli.runner.TestSuiteInteractor.invoke: Launch app "com.example.mobile" with clear state COMPLETED
21:57:15.876 [ INFO] maestro.cli.runner.TestSuiteInteractor.invoke: Tap on id: dev_tools_toggle_button RUNNING
21:57:18.977 [ INFO] maestro.Maestro.tap-BUbHBYE: Tapping on element:  UiElement(treeNode=TreeNode(attributes={text=, accessibilityText=开发工具, hintText=, ignoreBoundsFiltering=false, resource-id=dev_tools_toggle_button, clickable=true, bounds=[912,1095][1059,1242], enabled=true, focused=false, checked=false, scrollable=false, selected=false, class=android.widget.Button}, children=[], clickable=true, enabled=true, focused=false, checked=false, selected=false), bounds=Bounds(x=912, y=1095, width=147, height=147))
21:57:20.028 [ INFO] maestro.Maestro.tap-BUbHBYE: Refreshed element
21:57:20.028 [ INFO] maestro.Maestro.hierarchyBasedTap-hbl3e4M: Tapping at (985, 1168) using hierarchy based logic for wait
21:57:20.028 [TRACE] maestro.utils.ScreenshotUtils.takeScreenshot: Taking screenshot to byte array
21:57:20.028 [TRACE] maestro.utils.ScreenshotUtils.takeScreenshot: Taking screenshot to output sink
21:57:20.942 [ INFO] maestro.Maestro.hierarchyBasedTap-hbl3e4M: Something have changed in the UI judging by view hierarchy. Proceed.
21:57:20.942 [ INFO] maestro.cli.runner.TestSuiteInteractor.invoke: Tap on id: dev_tools_toggle_button COMPLETED
21:57:20.942 [ INFO] maestro.cli.runner.TestSuiteInteractor.invoke: Assert that "服务器地址" is visible RUNNING
21:57:20.996 [ INFO] maestro.cli.runner.TestSuiteInteractor.invoke: Assert that "服务器地址" is visible COMPLETED
21:57:20.997 [ INFO] maestro.cli.runner.TestSuiteInteractor.invoke: Tap on id: server_base_url_field RUNNING
21:57:21.014 [ INFO] maestro.Maestro.tap-BUbHBYE: Tapping on element:  UiElement(treeNode=TreeNode(attributes={text=, accessibilityText=, hintText=Server Base URL
服务器地址, ignoreBoundsFiltering=false, resource-id=server_base_url_field, clickable=false, bounds=[282,252][1038,806], enabled=true, focused=false, checked=false, scrollable=false, selected=false, class=android.widget.EditText}, children=[TreeNode(attributes={text=http://10.0.2.2:3001/api/v1, accessibilityText=, hintText=服务器地址, ignoreBoundsFiltering=false, resource-id=, clickable=true, bounds=[335,396][986,585], enabled=true, focused=false, checked=false, scrollable=false, selected=false, class=android.widget.EditText}, children=[], clickable=true, enabled=true, focused=false, checked=false, selected=false), TreeNode(attributes={text=, accessibilityText=保存配置, hintText=, ignoreBoundsFiltering=false, resource-id=, clickable=true, bounds=[335,627][986,753], enabled=true, focused=false, checked=false, scrollable=false, selected=false, class=android.widget.Button}, children=[], clickable=true, enabled=true, focused=false, checked=false, selected=false)], clickable=false, enabled=true, focused=false, checked=false, selected=false), bounds=Bounds(x=282, y=252, width=756, height=554))
21:57:22.040 [ INFO] maestro.Maestro.tap-BUbHBYE: Refreshed element
21:57:22.040 [ INFO] maestro.Maestro.hierarchyBasedTap-hbl3e4M: Tapping at (660, 529) using hierarchy based logic for wait
21:57:22.040 [TRACE] maestro.utils.ScreenshotUtils.takeScreenshot: Taking screenshot to byte array
21:57:22.040 [TRACE] maestro.utils.ScreenshotUtils.takeScreenshot: Taking screenshot to output sink
21:57:22.335 [TRACE] maestro.utils.ScreenshotUtils.takeScreenshot: Taking screenshot to byte array
21:57:22.335 [TRACE] maestro.utils.ScreenshotUtils.takeScreenshot: Taking screenshot to output sink
21:57:22.593 [ INFO] maestro.Maestro.hierarchyBasedTap-hbl3e4M: Screenshots are not different enough (d=0.0)
21:57:22.593 [ INFO] maestro.Maestro.hierarchyBasedTap-hbl3e4M: Nothing changed in the UI.
21:57:24.403 [ INFO] maestro.Maestro.hierarchyBasedTap-hbl3e4M: Something have changed in the UI judging by view hierarchy. Proceed.
21:57:24.403 [ INFO] maestro.cli.runner.TestSuiteInteractor.invoke: Tap on id: server_base_url_field COMPLETED
21:57:24.403 [ INFO] maestro.cli.runner.TestSuiteInteractor.invoke: Input text http://192.168.1.100:3000/api/v1 RUNNING
21:57:24.403 [ INFO] maestro.Maestro.inputText: Inputting text: http://192.168.1.100:3000/api/v1
21:57:30.027 [ INFO] maestro.cli.runner.TestSuiteInteractor.invoke: Input text http://192.168.1.100:3000/api/v1 COMPLETED
21:57:30.027 [ INFO] maestro.cli.runner.TestSuiteInteractor.invoke: Tap on "保存配置" RUNNING
21:57:30.159 [ INFO] maestro.Maestro.tap-BUbHBYE: Tapping on element:  UiElement(treeNode=TreeNode(attributes={text=, accessibilityText=保存配置, hintText=, ignoreBoundsFiltering=false, resource-id=, clickable=true, bounds=[335,690][986,816], enabled=true, focused=false, checked=false, scrollable=false, selected=false, class=android.widget.Button}, children=[], clickable=true, enabled=true, focused=false, checked=false, selected=false), bounds=Bounds(x=335, y=690, width=651, height=126))
21:57:31.239 [ INFO] maestro.Maestro.tap-BUbHBYE: Refreshed element
21:57:31.239 [ INFO] maestro.Maestro.hierarchyBasedTap-hbl3e4M: Tapping at (660, 753) using hierarchy based logic for wait
21:57:31.239 [TRACE] maestro.utils.ScreenshotUtils.takeScreenshot: Taking screenshot to byte array
21:57:31.240 [TRACE] maestro.utils.ScreenshotUtils.takeScreenshot: Taking screenshot to output sink
21:57:32.522 [ INFO] maestro.Maestro.hierarchyBasedTap-hbl3e4M: Something have changed in the UI judging by view hierarchy. Proceed.
21:57:32.523 [ INFO] maestro.cli.runner.TestSuiteInteractor.invoke: Tap on "保存配置" COMPLETED
21:57:32.523 [ INFO] maestro.cli.runner.TestSuiteInteractor.invoke: Assert that "保存成功，新配置已生效" is visible RUNNING
21:57:32.593 [ INFO] maestro.cli.runner.TestSuiteInteractor.invoke: Assert that "保存成功，新配置已生效" is visible COMPLETED
21:57:32.593 [ INFO] maestro.cli.runner.TestSuiteInteractor.invoke: Tap on id: server_base_url_field RUNNING
21:57:32.660 [ INFO] maestro.Maestro.tap-BUbHBYE: Tapping on element:  UiElement(treeNode=TreeNode(attributes={text=, accessibilityText=, hintText=Server Base URL
服务器地址, ignoreBoundsFiltering=false, resource-id=server_base_url_field, clickable=false, bounds=[282,252][1038,869], enabled=true, focused=false, checked=false, scrollable=false, selected=false, class=android.widget.EditText}, children=[TreeNode(attributes={text=http://192.168.1.100:3000/api/v1, accessibilityText=, hintText=服务器地址, ignoreBoundsFiltering=false, resource-id=, clickable=true, bounds=[335,396][986,648], enabled=true, focused=true, checked=false, scrollable=false, selected=false, class=android.widget.EditText}, children=[], clickable=true, enabled=true, focused=true, checked=false, selected=false), TreeNode(attributes={text=, accessibilityText=保存配置, hintText=, ignoreBoundsFiltering=false, resource-id=, clickable=true, bounds=[335,690][986,816], enabled=true, focused=false, checked=false, scrollable=false, selected=false, class=android.widget.Button}, children=[], clickable=true, enabled=true, focused=false, checked=false, selected=false)], clickable=false, enabled=true, focused=false, checked=false, selected=false), bounds=Bounds(x=282, y=252, width=756, height=617))
21:57:34.192 [ INFO] maestro.Maestro.tap-BUbHBYE: Refreshed element
21:57:34.192 [ INFO] maestro.Maestro.hierarchyBasedTap-hbl3e4M: Tapping at (660, 560) using hierarchy based logic for wait
21:57:34.192 [TRACE] maestro.utils.ScreenshotUtils.takeScreenshot: Taking screenshot to byte array
21:57:34.192 [TRACE] maestro.utils.ScreenshotUtils.takeScreenshot: Taking screenshot to output sink
21:57:35.022 [TRACE] maestro.utils.ScreenshotUtils.takeScreenshot: Taking screenshot to byte array
21:57:35.023 [TRACE] maestro.utils.ScreenshotUtils.takeScreenshot: Taking screenshot to output sink
21:57:35.234 [ INFO] maestro.Maestro.hierarchyBasedTap-hbl3e4M: Screenshots are not different enough (d=0.0)
21:57:35.234 [ INFO] maestro.Maestro.hierarchyBasedTap-hbl3e4M: Nothing changed in the UI.
21:57:35.503 [TRACE] maestro.utils.ScreenshotUtils.takeScreenshot: Taking screenshot to byte array
21:57:35.503 [TRACE] maestro.utils.ScreenshotUtils.takeScreenshot: Taking screenshot to output sink
21:57:36.239 [ INFO] maestro.Maestro.hierarchyBasedTap-hbl3e4M: Something have changed in the UI judging by screenshot (d=0.0075552734). Proceed.
21:57:36.239 [ INFO] maestro.cli.runner.TestSuiteInteractor.invoke: Tap on id: server_base_url_field COMPLETED
21:57:36.239 [ INFO] maestro.cli.runner.TestSuiteInteractor.invoke: Input text http://example.com:8080/api/v2 RUNNING
21:57:36.239 [ INFO] maestro.Maestro.inputText: Inputting text: http://example.com:8080/api/v2
21:57:41.384 [ INFO] maestro.cli.runner.TestSuiteInteractor.invoke: Input text http://example.com:8080/api/v2 COMPLETED
21:57:41.385 [ INFO] maestro.cli.runner.TestSuiteInteractor.invoke: Tap on "保存配置" RUNNING
21:57:58.471 [ INFO] maestro.cli.runner.TestSuiteInteractor.invoke: Tap on "保存配置" FAILED
21:57:58.472 [ INFO] maestro.Maestro.takeScreenshot: Taking screenshot
21:57:58.472 [TRACE] maestro.utils.ScreenshotUtils.takeScreenshot: Taking screenshot to output sink
21:57:58.931 [ INFO] maestro.cli.runner.TestSuiteInteractor.invoke: Define variables RUNNING
21:57:58.931 [ INFO] maestro.cli.runner.TestSuiteInteractor.invoke: Define variables COMPLETED
21:57:58.931 [ INFO] maestro.cli.runner.TestSuiteInteractor.invoke: Apply configuration RUNNING
21:57:58.931 [ INFO] maestro.cli.runner.TestSuiteInteractor.invoke: Apply configuration COMPLETED
21:57:58.931 [ INFO] maestro.cli.runner.TestSuiteInteractor.invoke: Launch app "com.example.mobile" with clear state RUNNING
21:57:58.931 [ INFO] maestro.Maestro.clearAppState: Clearing app state com.example.mobile
21:57:58.962 [ INFO] maestro.Maestro.launchApp: Launching app com.example.mobile
21:57:58.979 [ INFO] maestro.cli.runner.TestSuiteInteractor.invoke: Launch app "com.example.mobile" with clear state FAILED
21:57:58.979 [ INFO] maestro.Maestro.takeScreenshot: Taking screenshot
21:57:58.979 [TRACE] maestro.utils.ScreenshotUtils.takeScreenshot: Taking screenshot to output sink
21:57:59.447 [ INFO] maestro.cli.runner.TestSuiteInteractor.invoke: Define variables RUNNING
21:57:59.448 [ INFO] maestro.cli.runner.TestSuiteInteractor.invoke: Define variables COMPLETED
21:57:59.448 [ INFO] maestro.cli.runner.TestSuiteInteractor.invoke: Apply configuration RUNNING
21:57:59.448 [ INFO] maestro.cli.runner.TestSuiteInteractor.invoke: Apply configuration COMPLETED
21:57:59.448 [ INFO] maestro.cli.runner.TestSuiteInteractor.invoke: Launch app "com.example.mobile" with clear state RUNNING
21:57:59.448 [ INFO] maestro.Maestro.clearAppState: Clearing app state com.example.mobile
21:57:59.475 [ INFO] maestro.Maestro.launchApp: Launching app com.example.mobile
21:57:59.490 [ INFO] maestro.cli.runner.TestSuiteInteractor.invoke: Launch app "com.example.mobile" with clear state FAILED
21:57:59.490 [ INFO] maestro.Maestro.takeScreenshot: Taking screenshot
21:57:59.490 [TRACE] maestro.utils.ScreenshotUtils.takeScreenshot: Taking screenshot to output sink
21:57:59.981 [ INFO] maestro.cli.runner.TestSuiteInteractor.invoke: Define variables RUNNING
21:57:59.981 [ INFO] maestro.cli.runner.TestSuiteInteractor.invoke: Define variables COMPLETED
21:57:59.981 [ INFO] maestro.cli.runner.TestSuiteInteractor.invoke: Apply configuration RUNNING
21:57:59.981 [ INFO] maestro.cli.runner.TestSuiteInteractor.invoke: Apply configuration COMPLETED
21:57:59.981 [ INFO] maestro.cli.runner.TestSuiteInteractor.invoke: Launch app "com.example.mobile" with clear state RUNNING
21:57:59.981 [ INFO] maestro.Maestro.clearAppState: Clearing app state com.example.mobile
21:58:00.014 [ INFO] maestro.Maestro.launchApp: Launching app com.example.mobile
21:58:00.035 [ INFO] maestro.cli.runner.TestSuiteInteractor.invoke: Launch app "com.example.mobile" with clear state FAILED
21:58:00.035 [ INFO] maestro.Maestro.takeScreenshot: Taking screenshot
21:58:00.035 [TRACE] maestro.utils.ScreenshotUtils.takeScreenshot: Taking screenshot to output sink
21:58:00.552 [ INFO] maestro.cli.runner.TestSuiteInteractor.invoke: Define variables RUNNING
21:58:00.553 [ INFO] maestro.cli.runner.TestSuiteInteractor.invoke: Define variables COMPLETED
21:58:00.553 [ INFO] maestro.cli.runner.TestSuiteInteractor.invoke: Apply configuration RUNNING
21:58:00.553 [ INFO] maestro.cli.runner.TestSuiteInteractor.invoke: Apply configuration COMPLETED
21:58:00.553 [ INFO] maestro.cli.runner.TestSuiteInteractor.invoke: Launch app "com.example.mobile" with clear state RUNNING
21:58:00.553 [ INFO] maestro.Maestro.clearAppState: Clearing app state com.example.mobile
21:58:00.587 [ INFO] maestro.Maestro.launchApp: Launching app com.example.mobile
21:58:00.608 [ INFO] maestro.cli.runner.TestSuiteInteractor.invoke: Launch app "com.example.mobile" with clear state FAILED
21:58:00.608 [ INFO] maestro.Maestro.takeScreenshot: Taking screenshot
21:58:00.608 [TRACE] maestro.utils.ScreenshotUtils.takeScreenshot: Taking screenshot to output sink
21:58:01.061 [ INFO] maestro.cli.runner.TestSuiteInteractor.invoke: Define variables RUNNING
21:58:01.062 [ INFO] maestro.cli.runner.TestSuiteInteractor.invoke: Define variables COMPLETED
21:58:01.062 [ INFO] maestro.cli.runner.TestSuiteInteractor.invoke: Apply configuration RUNNING
21:58:01.062 [ INFO] maestro.cli.runner.TestSuiteInteractor.invoke: Apply configuration COMPLETED
21:58:01.062 [ INFO] maestro.cli.runner.TestSuiteInteractor.invoke: Launch app "com.example.mobile" with clear state RUNNING
21:58:01.062 [ INFO] maestro.Maestro.clearAppState: Clearing app state com.example.mobile
21:58:01.089 [ INFO] maestro.Maestro.launchApp: Launching app com.example.mobile
21:58:01.107 [ INFO] maestro.cli.runner.TestSuiteInteractor.invoke: Launch app "com.example.mobile" with clear state FAILED
21:58:01.107 [ INFO] maestro.Maestro.takeScreenshot: Taking screenshot
21:58:01.107 [TRACE] maestro.utils.ScreenshotUtils.takeScreenshot: Taking screenshot to output sink
21:58:01.625 [ INFO] maestro.cli.runner.TestSuiteInteractor.invoke: Define variables RUNNING
21:58:01.626 [ INFO] maestro.cli.runner.TestSuiteInteractor.invoke: Define variables COMPLETED
21:58:01.626 [ INFO] maestro.cli.runner.TestSuiteInteractor.invoke: Apply configuration RUNNING
21:58:01.626 [ INFO] maestro.cli.runner.TestSuiteInteractor.invoke: Apply configuration COMPLETED
21:58:01.626 [ INFO] maestro.cli.runner.TestSuiteInteractor.invoke: Launch app "com.example.mobile" with clear state RUNNING
21:58:01.626 [ INFO] maestro.Maestro.clearAppState: Clearing app state com.example.mobile
21:58:01.653 [ INFO] maestro.Maestro.launchApp: Launching app com.example.mobile
21:58:01.671 [ INFO] maestro.cli.runner.TestSuiteInteractor.invoke: Launch app "com.example.mobile" with clear state FAILED
21:58:01.671 [ INFO] maestro.Maestro.takeScreenshot: Taking screenshot
21:58:01.671 [TRACE] maestro.utils.ScreenshotUtils.takeScreenshot: Taking screenshot to output sink
21:58:02.120 [ INFO] maestro.cli.runner.TestSuiteInteractor.invoke: Define variables RUNNING
21:58:02.121 [ INFO] maestro.cli.runner.TestSuiteInteractor.invoke: Define variables COMPLETED
21:58:02.121 [ INFO] maestro.cli.runner.TestSuiteInteractor.invoke: Apply configuration RUNNING
21:58:02.121 [ INFO] maestro.cli.runner.TestSuiteInteractor.invoke: Apply configuration COMPLETED
21:58:02.121 [ INFO] maestro.cli.runner.TestSuiteInteractor.invoke: Launch app "com.example.mobile" with clear state RUNNING
21:58:02.121 [ INFO] maestro.Maestro.clearAppState: Clearing app state com.example.mobile
21:58:02.147 [ INFO] maestro.Maestro.launchApp: Launching app com.example.mobile
21:58:02.164 [ INFO] maestro.cli.runner.TestSuiteInteractor.invoke: Launch app "com.example.mobile" with clear state FAILED
21:58:02.164 [ INFO] maestro.Maestro.takeScreenshot: Taking screenshot
21:58:02.165 [TRACE] maestro.utils.ScreenshotUtils.takeScreenshot: Taking screenshot to output sink
