15:45:03.924 [ INFO] MAESTRO.logSystemInfo: ---- System Info ----
15:45:03.925 [ INFO] MAESTRO.logSystemInfo: Maestro Version: 1.39.13
15:45:03.925 [ INFO] MAESTRO.logSystemInfo: CI: Undefined
15:45:03.925 [ INFO] MAESTRO.logSystemInfo: OS Name: Mac OS X
15:45:03.925 [ INFO] MAESTRO.logSystemInfo: OS Version: 26.1
15:45:03.925 [ INFO] MAESTRO.logSystemInfo: Architecture: aarch64
15:45:03.925 [ INFO] MAESTRO.logSystemInfo: Java Version: 21
15:45:03.935 [ INFO] MAESTRO.logSystemInfo: Xcode Version: null
15:45:03.974 [DEBUG] io.micrometer.common.util.internal.logging.InternalLoggerFactory.newDefaultFactory: Using SLF4J as the default logging framework
15:45:04.602 [ INFO] MAESTRO.logSystemInfo: Flutter Version: 3.24.5
15:45:05.233 [ INFO] MAESTRO.logSystemInfo: Flutter Channel: stable
15:45:05.233 [ INFO] MAESTRO.logSystemInfo: ---------------------
15:45:05.523 [ INFO] maestro.orchestra.workspace.WorkspaceExecutionPlanner.plan: Created execution plan: ExecutionPlan(flowsToRun=[/private/var/folders/lt/w3sl6z8j5v50vt2s6knvf5n00000gn/T/rework-pr-55-1836773211/.maestro/flows/matching/swipe_recommendations.yaml, /private/var/folders/lt/w3sl6z8j5v50vt2s6knvf5n00000gn/T/rework-pr-55-1836773211/.maestro/flows/matching/view_match_list.yaml, /private/var/folders/lt/w3sl6z8j5v50vt2s6knvf5n00000gn/T/rework-pr-55-1836773211/.maestro/flows/auth/login.yaml, /private/var/folders/lt/w3sl6z8j5v50vt2s6knvf5n00000gn/T/rework-pr-55-1836773211/.maestro/flows/profile/setup.yaml, /private/var/folders/lt/w3sl6z8j5v50vt2s6knvf5n00000gn/T/rework-pr-55-1836773211/.maestro/flows/devtools/open_drawer.yaml, /private/var/folders/lt/w3sl6z8j5v50vt2s6knvf5n00000gn/T/rework-pr-55-1836773211/.maestro/flows/devtools/edit_server_url.yaml], sequence=FlowSequence(flows=[], continueOnFailure=null))
15:45:05.637 [ INFO] maestro.cli.command.TestCommand.runShardSuite: [shard 1] Selected device emulator-5556 using port 7001
15:45:08.342 [ INFO] maestro.Maestro.invoke: Getting device info
15:45:08.485 [ INFO] maestro.Maestro.invoke: Got device info: DeviceInfo(platform=ANDROID, widthPixels=1080, heightPixels=2400, widthGrid=1080, heightGrid=2400)
15:45:08.534 [ INFO] maestro.cli.runner.TestSuiteInteractor.invoke: Define variables RUNNING
15:45:08.537 [ INFO] maestro.cli.runner.TestSuiteInteractor.invoke: Define variables COMPLETED
15:45:08.537 [ INFO] maestro.cli.runner.TestSuiteInteractor.invoke: Apply configuration RUNNING
15:45:08.537 [ INFO] maestro.cli.runner.TestSuiteInteractor.invoke: Apply configuration COMPLETED
15:45:08.537 [ INFO] maestro.cli.runner.TestSuiteInteractor.invoke: Launch app "com.example.mobile" with clear state RUNNING
15:45:08.537 [ INFO] maestro.Maestro.clearAppState: Clearing app state com.example.mobile
15:45:08.913 [ INFO] maestro.Maestro.launchApp: Launching app com.example.mobile
15:45:08.962 [ INFO] maestro.cli.runner.TestSuiteInteractor.invoke: Launch app "com.example.mobile" with clear state COMPLETED
15:45:08.962 [ INFO] maestro.cli.runner.TestSuiteInteractor.invoke: Run includes/login-as-test-user.yaml RUNNING
15:45:08.963 [ INFO] maestro.cli.runner.TestSuiteInteractor.invoke: Apply configuration RUNNING
15:45:08.963 [ INFO] maestro.cli.runner.TestSuiteInteractor.invoke: Apply configuration COMPLETED
15:45:08.963 [ INFO] maestro.cli.runner.TestSuiteInteractor.invoke: Assert that "欢迎使用 Social World" is visible RUNNING
15:45:11.373 [ INFO] maestro.cli.runner.TestSuiteInteractor.invoke: Assert that "欢迎使用 Social World" is visible COMPLETED
15:45:11.373 [ INFO] maestro.cli.runner.TestSuiteInteractor.invoke: Assert that "手机号一键登录" is visible RUNNING
15:45:11.425 [ INFO] maestro.cli.runner.TestSuiteInteractor.invoke: Assert that "手机号一键登录" is visible COMPLETED
15:45:11.425 [ INFO] maestro.cli.runner.TestSuiteInteractor.invoke: Tap on "手机号" RUNNING
15:45:11.479 [ INFO] maestro.Maestro.tap-BUbHBYE: Tapping on element:  UiElement(treeNode=TreeNode(attributes={text=, accessibilityText=, hintText=手机号, ignoreBoundsFiltering=false, resource-id=, clickable=true, bounds=[42,677][1038,809], enabled=true, focused=false, checked=false, scrollable=false, selected=false, class=android.widget.EditText}, children=[], clickable=true, enabled=true, focused=false, checked=false, selected=false), bounds=Bounds(x=42, y=677, width=996, height=132))
15:45:12.550 [ INFO] maestro.Maestro.tap-BUbHBYE: Refreshed element
15:45:12.551 [ INFO] maestro.Maestro.hierarchyBasedTap-hbl3e4M: Tapping at (540, 743) using hierarchy based logic for wait
15:45:12.551 [TRACE] maestro.utils.ScreenshotUtils.takeScreenshot: Taking screenshot to byte array
15:45:12.551 [TRACE] maestro.utils.ScreenshotUtils.takeScreenshot: Taking screenshot to output sink
15:45:14.106 [ INFO] maestro.Maestro.hierarchyBasedTap-hbl3e4M: Something have changed in the UI judging by view hierarchy. Proceed.
15:45:14.106 [ INFO] maestro.cli.runner.TestSuiteInteractor.invoke: Tap on "手机号" COMPLETED
15:45:14.106 [ INFO] maestro.cli.runner.TestSuiteInteractor.invoke: Input text 13800138000 RUNNING
15:45:14.106 [ INFO] maestro.Maestro.inputText: Inputting text: 13800138000
15:45:16.201 [ INFO] maestro.cli.runner.TestSuiteInteractor.invoke: Input text 13800138000 COMPLETED
15:45:16.201 [ INFO] maestro.cli.runner.TestSuiteInteractor.invoke: Tap on "获取验证码" RUNNING
15:45:16.274 [ INFO] maestro.Maestro.tap-BUbHBYE: Tapping on element:  UiElement(treeNode=TreeNode(attributes={text=, accessibilityText=获取验证码, hintText=, ignoreBoundsFiltering=false, resource-id=, clickable=true, bounds=[720,851][1038,998], enabled=true, focused=false, checked=false, scrollable=false, selected=false, class=android.widget.Button}, children=[], clickable=true, enabled=true, focused=false, checked=false, selected=false), bounds=Bounds(x=720, y=851, width=318, height=147))
15:45:17.325 [ INFO] maestro.Maestro.tap-BUbHBYE: Refreshed element
15:45:17.325 [ INFO] maestro.Maestro.hierarchyBasedTap-hbl3e4M: Tapping at (879, 924) using hierarchy based logic for wait
15:45:17.325 [TRACE] maestro.utils.ScreenshotUtils.takeScreenshot: Taking screenshot to byte array
15:45:17.325 [TRACE] maestro.utils.ScreenshotUtils.takeScreenshot: Taking screenshot to output sink
15:45:18.371 [ INFO] maestro.Maestro.hierarchyBasedTap-hbl3e4M: Something have changed in the UI judging by view hierarchy. Proceed.
15:45:18.371 [ INFO] maestro.cli.runner.TestSuiteInteractor.invoke: Tap on "获取验证码" COMPLETED
15:45:18.371 [ INFO] maestro.cli.runner.TestSuiteInteractor.invoke: Tap on "验证码" RUNNING
15:45:18.405 [ INFO] maestro.Maestro.tap-BUbHBYE: Tapping on element:  UiElement(treeNode=TreeNode(attributes={text=, accessibilityText=, hintText=验证码, ignoreBoundsFiltering=false, resource-id=, clickable=true, bounds=[42,861][678,987], enabled=true, focused=false, checked=false, scrollable=false, selected=false, class=android.widget.EditText}, children=[], clickable=true, enabled=true, focused=false, checked=false, selected=false), bounds=Bounds(x=42, y=861, width=636, height=126))
15:45:19.446 [ INFO] maestro.Maestro.tap-BUbHBYE: Refreshed element
15:45:19.446 [ INFO] maestro.Maestro.hierarchyBasedTap-hbl3e4M: Tapping at (360, 924) using hierarchy based logic for wait
15:45:19.446 [TRACE] maestro.utils.ScreenshotUtils.takeScreenshot: Taking screenshot to byte array
15:45:19.446 [TRACE] maestro.utils.ScreenshotUtils.takeScreenshot: Taking screenshot to output sink
15:45:20.352 [ INFO] maestro.Maestro.hierarchyBasedTap-hbl3e4M: Something have changed in the UI judging by view hierarchy. Proceed.
15:45:20.352 [ INFO] maestro.cli.runner.TestSuiteInteractor.invoke: Tap on "验证码" COMPLETED
15:45:20.352 [ INFO] maestro.cli.runner.TestSuiteInteractor.invoke: Input text 123456 RUNNING
15:45:20.353 [ INFO] maestro.Maestro.inputText: Inputting text: 123456
15:45:22.329 [ INFO] maestro.cli.runner.TestSuiteInteractor.invoke: Input text 123456 COMPLETED
15:45:22.330 [ INFO] maestro.cli.runner.TestSuiteInteractor.invoke: Hide Keyboard RUNNING
15:45:22.330 [ INFO] maestro.Maestro.hideKeyboard: Hiding Keyboard
15:45:23.648 [ INFO] maestro.cli.runner.TestSuiteInteractor.invoke: Hide Keyboard COMPLETED
15:45:23.648 [ INFO] maestro.cli.runner.TestSuiteInteractor.invoke: Tap on "登录" RUNNING
15:45:23.703 [ INFO] maestro.Maestro.tap-BUbHBYE: Tapping on element:  UiElement(treeNode=TreeNode(attributes={text=, accessibilityText=登录, hintText=, ignoreBoundsFiltering=false, resource-id=, clickable=true, bounds=[42,1082][1038,1208], enabled=true, focused=false, checked=false, scrollable=false, selected=false, class=android.widget.Button}, children=[], clickable=true, enabled=true, focused=false, checked=false, selected=false), bounds=Bounds(x=42, y=1082, width=996, height=126))
15:45:25.438 [ INFO] maestro.Maestro.tap-BUbHBYE: Refreshed element
15:45:25.439 [ INFO] maestro.Maestro.hierarchyBasedTap-hbl3e4M: Tapping at (540, 1145) using hierarchy based logic for wait
15:45:25.439 [TRACE] maestro.utils.ScreenshotUtils.takeScreenshot: Taking screenshot to byte array
15:45:25.439 [TRACE] maestro.utils.ScreenshotUtils.takeScreenshot: Taking screenshot to output sink
15:45:26.577 [ INFO] maestro.Maestro.hierarchyBasedTap-hbl3e4M: Something have changed in the UI judging by view hierarchy. Proceed.
15:45:26.577 [ INFO] maestro.cli.runner.TestSuiteInteractor.invoke: Tap on "登录" COMPLETED
15:45:26.577 [ INFO] maestro.cli.runner.TestSuiteInteractor.invoke: Run includes/login-as-test-user.yaml COMPLETED
15:45:26.577 [ INFO] maestro.cli.runner.TestSuiteInteractor.invoke: Assert that id: mode_tab_nearby is visible RUNNING
15:45:43.721 [ INFO] maestro.cli.runner.TestSuiteInteractor.invoke: Assert that id: mode_tab_nearby is visible FAILED
15:45:43.722 [ INFO] maestro.Maestro.takeScreenshot: Taking screenshot
15:45:43.722 [TRACE] maestro.utils.ScreenshotUtils.takeScreenshot: Taking screenshot to output sink
15:45:44.046 [ INFO] maestro.cli.runner.TestSuiteInteractor.invoke: Define variables RUNNING
15:45:44.047 [ INFO] maestro.cli.runner.TestSuiteInteractor.invoke: Define variables COMPLETED
15:45:44.047 [ INFO] maestro.cli.runner.TestSuiteInteractor.invoke: Apply configuration RUNNING
15:45:44.047 [ INFO] maestro.cli.runner.TestSuiteInteractor.invoke: Apply configuration COMPLETED
15:45:44.047 [ INFO] maestro.cli.runner.TestSuiteInteractor.invoke: Launch app "com.example.mobile" with clear state RUNNING
15:45:44.047 [ INFO] maestro.Maestro.clearAppState: Clearing app state com.example.mobile
15:45:44.870 [ INFO] maestro.Maestro.launchApp: Launching app com.example.mobile
15:45:44.935 [ INFO] maestro.cli.runner.TestSuiteInteractor.invoke: Launch app "com.example.mobile" with clear state COMPLETED
15:45:44.936 [ INFO] maestro.cli.runner.TestSuiteInteractor.invoke: Run includes/login-as-test-user.yaml RUNNING
15:45:44.936 [ INFO] maestro.cli.runner.TestSuiteInteractor.invoke: Apply configuration RUNNING
15:45:44.936 [ INFO] maestro.cli.runner.TestSuiteInteractor.invoke: Apply configuration COMPLETED
15:45:44.936 [ INFO] maestro.cli.runner.TestSuiteInteractor.invoke: Assert that "欢迎使用 Social World" is visible RUNNING
15:45:46.557 [ INFO] maestro.cli.runner.TestSuiteInteractor.invoke: Assert that "欢迎使用 Social World" is visible COMPLETED
15:45:46.557 [ INFO] maestro.cli.runner.TestSuiteInteractor.invoke: Assert that "手机号一键登录" is visible RUNNING
15:45:47.121 [ INFO] maestro.cli.runner.TestSuiteInteractor.invoke: Assert that "手机号一键登录" is visible COMPLETED
15:45:47.121 [ INFO] maestro.cli.runner.TestSuiteInteractor.invoke: Tap on "手机号" RUNNING
15:45:47.183 [ INFO] maestro.Maestro.tap-BUbHBYE: Tapping on element:  UiElement(treeNode=TreeNode(attributes={text=, accessibilityText=, hintText=手机号, ignoreBoundsFiltering=false, resource-id=, clickable=true, bounds=[42,677][1038,809], enabled=true, focused=false, checked=false, scrollable=false, selected=false, class=android.widget.EditText}, children=[], clickable=true, enabled=true, focused=false, checked=false, selected=false), bounds=Bounds(x=42, y=677, width=996, height=132))
15:45:48.261 [ INFO] maestro.Maestro.tap-BUbHBYE: Refreshed element
15:45:48.261 [ INFO] maestro.Maestro.hierarchyBasedTap-hbl3e4M: Tapping at (540, 743) using hierarchy based logic for wait
15:45:48.261 [TRACE] maestro.utils.ScreenshotUtils.takeScreenshot: Taking screenshot to byte array
15:45:48.261 [TRACE] maestro.utils.ScreenshotUtils.takeScreenshot: Taking screenshot to output sink
15:45:49.981 [ INFO] maestro.Maestro.hierarchyBasedTap-hbl3e4M: Something have changed in the UI judging by view hierarchy. Proceed.
15:45:49.982 [ INFO] maestro.cli.runner.TestSuiteInteractor.invoke: Tap on "手机号" COMPLETED
15:45:49.982 [ INFO] maestro.cli.runner.TestSuiteInteractor.invoke: Input text 13800138000 RUNNING
15:45:49.982 [ INFO] maestro.Maestro.inputText: Inputting text: 13800138000
15:45:52.091 [ INFO] maestro.cli.runner.TestSuiteInteractor.invoke: Input text 13800138000 COMPLETED
15:45:52.091 [ INFO] maestro.cli.runner.TestSuiteInteractor.invoke: Tap on "获取验证码" RUNNING
15:45:52.242 [ INFO] maestro.Maestro.tap-BUbHBYE: Tapping on element:  UiElement(treeNode=TreeNode(attributes={text=, accessibilityText=获取验证码, hintText=, ignoreBoundsFiltering=false, resource-id=, clickable=true, bounds=[720,851][1038,998], enabled=true, focused=false, checked=false, scrollable=false, selected=false, class=android.widget.Button}, children=[], clickable=true, enabled=true, focused=false, checked=false, selected=false), bounds=Bounds(x=720, y=851, width=318, height=147))
15:45:53.403 [ INFO] maestro.Maestro.tap-BUbHBYE: Refreshed element
15:45:53.403 [ INFO] maestro.Maestro.hierarchyBasedTap-hbl3e4M: Tapping at (879, 924) using hierarchy based logic for wait
15:45:53.403 [TRACE] maestro.utils.ScreenshotUtils.takeScreenshot: Taking screenshot to byte array
15:45:53.403 [TRACE] maestro.utils.ScreenshotUtils.takeScreenshot: Taking screenshot to output sink
15:45:54.385 [ INFO] maestro.Maestro.hierarchyBasedTap-hbl3e4M: Something have changed in the UI judging by view hierarchy. Proceed.
15:45:54.385 [ INFO] maestro.cli.runner.TestSuiteInteractor.invoke: Tap on "获取验证码" COMPLETED
15:45:54.385 [ INFO] maestro.cli.runner.TestSuiteInteractor.invoke: Tap on "验证码" RUNNING
15:45:54.454 [ INFO] maestro.Maestro.tap-BUbHBYE: Tapping on element:  UiElement(treeNode=TreeNode(attributes={text=, accessibilityText=, hintText=验证码, ignoreBoundsFiltering=false, resource-id=, clickable=true, bounds=[42,861][678,987], enabled=true, focused=false, checked=false, scrollable=false, selected=false, class=android.widget.EditText}, children=[], clickable=true, enabled=true, focused=false, checked=false, selected=false), bounds=Bounds(x=42, y=861, width=636, height=126))
15:45:55.514 [ INFO] maestro.Maestro.tap-BUbHBYE: Refreshed element
15:45:55.514 [ INFO] maestro.Maestro.hierarchyBasedTap-hbl3e4M: Tapping at (360, 924) using hierarchy based logic for wait
15:45:55.514 [TRACE] maestro.utils.ScreenshotUtils.takeScreenshot: Taking screenshot to byte array
15:45:55.514 [TRACE] maestro.utils.ScreenshotUtils.takeScreenshot: Taking screenshot to output sink
15:45:56.437 [ INFO] maestro.Maestro.hierarchyBasedTap-hbl3e4M: Something have changed in the UI judging by view hierarchy. Proceed.
15:45:56.437 [ INFO] maestro.cli.runner.TestSuiteInteractor.invoke: Tap on "验证码" COMPLETED
15:45:56.437 [ INFO] maestro.cli.runner.TestSuiteInteractor.invoke: Input text 123456 RUNNING
15:45:56.438 [ INFO] maestro.Maestro.inputText: Inputting text: 123456
15:45:58.329 [ INFO] maestro.cli.runner.TestSuiteInteractor.invoke: Input text 123456 COMPLETED
15:45:58.329 [ INFO] maestro.cli.runner.TestSuiteInteractor.invoke: Hide Keyboard RUNNING
15:45:58.329 [ INFO] maestro.Maestro.hideKeyboard: Hiding Keyboard
15:45:59.306 [ INFO] maestro.cli.runner.TestSuiteInteractor.invoke: Hide Keyboard COMPLETED
15:45:59.306 [ INFO] maestro.cli.runner.TestSuiteInteractor.invoke: Tap on "登录" RUNNING
15:45:59.363 [ INFO] maestro.Maestro.tap-BUbHBYE: Tapping on element:  UiElement(treeNode=TreeNode(attributes={text=, accessibilityText=登录, hintText=, ignoreBoundsFiltering=false, resource-id=, clickable=true, bounds=[42,1082][1038,1208], enabled=true, focused=false, checked=false, scrollable=false, selected=false, class=android.widget.Button}, children=[], clickable=true, enabled=true, focused=false, checked=false, selected=false), bounds=Bounds(x=42, y=1082, width=996, height=126))
15:46:00.482 [ INFO] maestro.Maestro.tap-BUbHBYE: Refreshed element
15:46:00.482 [ INFO] maestro.Maestro.hierarchyBasedTap-hbl3e4M: Tapping at (540, 1145) using hierarchy based logic for wait
15:46:00.482 [TRACE] maestro.utils.ScreenshotUtils.takeScreenshot: Taking screenshot to byte array
15:46:00.482 [TRACE] maestro.utils.ScreenshotUtils.takeScreenshot: Taking screenshot to output sink
15:46:01.554 [ INFO] maestro.Maestro.hierarchyBasedTap-hbl3e4M: Something have changed in the UI judging by view hierarchy. Proceed.
15:46:01.554 [ INFO] maestro.cli.runner.TestSuiteInteractor.invoke: Tap on "登录" COMPLETED
15:46:01.554 [ INFO] maestro.cli.runner.TestSuiteInteractor.invoke: Run includes/login-as-test-user.yaml COMPLETED
15:46:01.554 [ INFO] maestro.cli.runner.TestSuiteInteractor.invoke: Tap on id: tab_messages RUNNING
15:46:18.688 [ INFO] maestro.cli.runner.TestSuiteInteractor.invoke: Tap on id: tab_messages FAILED
15:46:18.689 [ INFO] maestro.Maestro.takeScreenshot: Taking screenshot
15:46:18.689 [TRACE] maestro.utils.ScreenshotUtils.takeScreenshot: Taking screenshot to output sink
15:46:18.807 [ INFO] maestro.cli.runner.TestSuiteInteractor.invoke: Define variables RUNNING
15:46:18.808 [ INFO] maestro.cli.runner.TestSuiteInteractor.invoke: Define variables COMPLETED
15:46:18.808 [ INFO] maestro.cli.runner.TestSuiteInteractor.invoke: Apply configuration RUNNING
15:46:18.808 [ INFO] maestro.cli.runner.TestSuiteInteractor.invoke: Apply configuration COMPLETED
15:46:18.808 [ INFO] maestro.cli.runner.TestSuiteInteractor.invoke: Launch app "com.example.mobile" with clear state RUNNING
15:46:18.808 [ INFO] maestro.Maestro.clearAppState: Clearing app state com.example.mobile
15:46:19.442 [ INFO] maestro.Maestro.launchApp: Launching app com.example.mobile
15:46:19.482 [ INFO] maestro.cli.runner.TestSuiteInteractor.invoke: Launch app "com.example.mobile" with clear state COMPLETED
15:46:19.482 [ INFO] maestro.cli.runner.TestSuiteInteractor.invoke: Run includes/login-as-test-user.yaml RUNNING
15:46:19.482 [ INFO] maestro.cli.runner.TestSuiteInteractor.invoke: Apply configuration RUNNING
15:46:19.482 [ INFO] maestro.cli.runner.TestSuiteInteractor.invoke: Apply configuration COMPLETED
15:46:19.482 [ INFO] maestro.cli.runner.TestSuiteInteractor.invoke: Assert that "欢迎使用 Social World" is visible RUNNING
15:46:20.797 [ INFO] maestro.cli.runner.TestSuiteInteractor.invoke: Assert that "欢迎使用 Social World" is visible COMPLETED
15:46:20.797 [ INFO] maestro.cli.runner.TestSuiteInteractor.invoke: Assert that "手机号一键登录" is visible RUNNING
15:46:21.716 [ INFO] maestro.cli.runner.TestSuiteInteractor.invoke: Assert that "手机号一键登录" is visible COMPLETED
15:46:21.717 [ INFO] maestro.cli.runner.TestSuiteInteractor.invoke: Tap on "手机号" RUNNING
15:46:21.876 [ INFO] maestro.Maestro.tap-BUbHBYE: Tapping on element:  UiElement(treeNode=TreeNode(attributes={text=, accessibilityText=, hintText=手机号, ignoreBoundsFiltering=false, resource-id=, clickable=true, bounds=[42,677][1038,809], enabled=true, focused=false, checked=false, scrollable=false, selected=false, class=android.widget.EditText}, children=[], clickable=true, enabled=true, focused=false, checked=false, selected=false), bounds=Bounds(x=42, y=677, width=996, height=132))
15:46:23.018 [ INFO] maestro.Maestro.tap-BUbHBYE: Refreshed element
15:46:23.018 [ INFO] maestro.Maestro.hierarchyBasedTap-hbl3e4M: Tapping at (540, 743) using hierarchy based logic for wait
15:46:23.018 [TRACE] maestro.utils.ScreenshotUtils.takeScreenshot: Taking screenshot to byte array
15:46:23.018 [TRACE] maestro.utils.ScreenshotUtils.takeScreenshot: Taking screenshot to output sink
15:46:24.450 [ INFO] maestro.Maestro.hierarchyBasedTap-hbl3e4M: Something have changed in the UI judging by view hierarchy. Proceed.
15:46:24.450 [ INFO] maestro.cli.runner.TestSuiteInteractor.invoke: Tap on "手机号" COMPLETED
15:46:24.450 [ INFO] maestro.cli.runner.TestSuiteInteractor.invoke: Input text 13800138000 RUNNING
15:46:24.450 [ INFO] maestro.Maestro.inputText: Inputting text: 13800138000
15:46:26.486 [ INFO] maestro.cli.runner.TestSuiteInteractor.invoke: Input text 13800138000 COMPLETED
15:46:26.486 [ INFO] maestro.cli.runner.TestSuiteInteractor.invoke: Tap on "获取验证码" RUNNING
15:46:26.509 [ INFO] maestro.Maestro.tap-BUbHBYE: Tapping on element:  UiElement(treeNode=TreeNode(attributes={text=, accessibilityText=获取验证码, hintText=, ignoreBoundsFiltering=false, resource-id=, clickable=true, bounds=[720,851][1038,998], enabled=true, focused=false, checked=false, scrollable=false, selected=false, class=android.widget.Button}, children=[], clickable=true, enabled=true, focused=false, checked=false, selected=false), bounds=Bounds(x=720, y=851, width=318, height=147))
15:46:27.590 [ INFO] maestro.Maestro.tap-BUbHBYE: Refreshed element
15:46:27.591 [ INFO] maestro.Maestro.hierarchyBasedTap-hbl3e4M: Tapping at (879, 924) using hierarchy based logic for wait
15:46:27.591 [TRACE] maestro.utils.ScreenshotUtils.takeScreenshot: Taking screenshot to byte array
15:46:27.591 [TRACE] maestro.utils.ScreenshotUtils.takeScreenshot: Taking screenshot to output sink
15:46:28.582 [ INFO] maestro.Maestro.hierarchyBasedTap-hbl3e4M: Something have changed in the UI judging by view hierarchy. Proceed.
15:46:28.582 [ INFO] maestro.cli.runner.TestSuiteInteractor.invoke: Tap on "获取验证码" COMPLETED
15:46:28.582 [ INFO] maestro.cli.runner.TestSuiteInteractor.invoke: Tap on "验证码" RUNNING
15:46:28.646 [ INFO] maestro.Maestro.tap-BUbHBYE: Tapping on element:  UiElement(treeNode=TreeNode(attributes={text=, accessibilityText=, hintText=验证码, ignoreBoundsFiltering=false, resource-id=, clickable=true, bounds=[42,861][678,987], enabled=true, focused=false, checked=false, scrollable=false, selected=false, class=android.widget.EditText}, children=[], clickable=true, enabled=true, focused=false, checked=false, selected=false), bounds=Bounds(x=42, y=861, width=636, height=126))
15:46:29.684 [ INFO] maestro.Maestro.tap-BUbHBYE: Refreshed element
15:46:29.684 [ INFO] maestro.Maestro.hierarchyBasedTap-hbl3e4M: Tapping at (360, 924) using hierarchy based logic for wait
15:46:29.684 [TRACE] maestro.utils.ScreenshotUtils.takeScreenshot: Taking screenshot to byte array
15:46:29.684 [TRACE] maestro.utils.ScreenshotUtils.takeScreenshot: Taking screenshot to output sink
15:46:30.614 [ INFO] maestro.Maestro.hierarchyBasedTap-hbl3e4M: Something have changed in the UI judging by view hierarchy. Proceed.
15:46:30.614 [ INFO] maestro.cli.runner.TestSuiteInteractor.invoke: Tap on "验证码" COMPLETED
15:46:30.614 [ INFO] maestro.cli.runner.TestSuiteInteractor.invoke: Input text 123456 RUNNING
15:46:30.614 [ INFO] maestro.Maestro.inputText: Inputting text: 123456
15:46:32.507 [ INFO] maestro.cli.runner.TestSuiteInteractor.invoke: Input text 123456 COMPLETED
15:46:32.507 [ INFO] maestro.cli.runner.TestSuiteInteractor.invoke: Hide Keyboard RUNNING
15:46:32.507 [ INFO] maestro.Maestro.hideKeyboard: Hiding Keyboard
15:46:33.578 [ INFO] maestro.cli.runner.TestSuiteInteractor.invoke: Hide Keyboard COMPLETED
15:46:33.578 [ INFO] maestro.cli.runner.TestSuiteInteractor.invoke: Tap on "登录" RUNNING
15:46:33.633 [ INFO] maestro.Maestro.tap-BUbHBYE: Tapping on element:  UiElement(treeNode=TreeNode(attributes={text=, accessibilityText=登录, hintText=, ignoreBoundsFiltering=false, resource-id=, clickable=true, bounds=[42,1082][1038,1208], enabled=true, focused=false, checked=false, scrollable=false, selected=false, class=android.widget.Button}, children=[], clickable=true, enabled=true, focused=false, checked=false, selected=false), bounds=Bounds(x=42, y=1082, width=996, height=126))
15:46:34.694 [ INFO] maestro.Maestro.tap-BUbHBYE: Refreshed element
15:46:34.694 [ INFO] maestro.Maestro.hierarchyBasedTap-hbl3e4M: Tapping at (540, 1145) using hierarchy based logic for wait
15:46:34.694 [TRACE] maestro.utils.ScreenshotUtils.takeScreenshot: Taking screenshot to byte array
15:46:34.694 [TRACE] maestro.utils.ScreenshotUtils.takeScreenshot: Taking screenshot to output sink
15:46:35.767 [ INFO] maestro.Maestro.hierarchyBasedTap-hbl3e4M: Something have changed in the UI judging by view hierarchy. Proceed.
15:46:35.767 [ INFO] maestro.cli.runner.TestSuiteInteractor.invoke: Tap on "登录" COMPLETED
15:46:35.767 [ INFO] maestro.cli.runner.TestSuiteInteractor.invoke: Run includes/login-as-test-user.yaml COMPLETED
15:46:35.776 [ INFO] maestro.cli.runner.TestSuiteInteractor.invoke: Define variables RUNNING
15:46:35.777 [ INFO] maestro.cli.runner.TestSuiteInteractor.invoke: Define variables COMPLETED
15:46:35.777 [ INFO] maestro.cli.runner.TestSuiteInteractor.invoke: Apply configuration RUNNING
15:46:35.777 [ INFO] maestro.cli.runner.TestSuiteInteractor.invoke: Apply configuration COMPLETED
15:46:35.777 [ INFO] maestro.cli.runner.TestSuiteInteractor.invoke: Launch app "com.example.mobile" with clear state RUNNING
15:46:35.777 [ INFO] maestro.Maestro.clearAppState: Clearing app state com.example.mobile
15:46:36.686 [ INFO] maestro.Maestro.launchApp: Launching app com.example.mobile
15:46:36.875 [ INFO] maestro.cli.runner.TestSuiteInteractor.invoke: Launch app "com.example.mobile" with clear state COMPLETED
15:46:36.876 [ INFO] maestro.cli.runner.TestSuiteInteractor.invoke: Assert that "完善资料" is visible RUNNING
15:46:54.030 [ INFO] maestro.cli.runner.TestSuiteInteractor.invoke: Assert that "完善资料" is visible FAILED
15:46:54.031 [ INFO] maestro.Maestro.takeScreenshot: Taking screenshot
15:46:54.031 [TRACE] maestro.utils.ScreenshotUtils.takeScreenshot: Taking screenshot to output sink
15:46:54.123 [ INFO] maestro.cli.runner.TestSuiteInteractor.invoke: Define variables RUNNING
15:46:54.123 [ INFO] maestro.cli.runner.TestSuiteInteractor.invoke: Define variables COMPLETED
15:46:54.123 [ INFO] maestro.cli.runner.TestSuiteInteractor.invoke: Apply configuration RUNNING
15:46:54.123 [ INFO] maestro.cli.runner.TestSuiteInteractor.invoke: Apply configuration COMPLETED
15:46:54.123 [ INFO] maestro.cli.runner.TestSuiteInteractor.invoke: Launch app "com.example.mobile" with clear state RUNNING
15:46:54.123 [ INFO] maestro.Maestro.clearAppState: Clearing app state com.example.mobile
15:46:54.778 [ INFO] maestro.Maestro.launchApp: Launching app com.example.mobile
15:46:54.845 [ INFO] maestro.cli.runner.TestSuiteInteractor.invoke: Launch app "com.example.mobile" with clear state COMPLETED
15:46:54.845 [ INFO] maestro.cli.runner.TestSuiteInteractor.invoke: Assert that "开发工具" is visible RUNNING
15:46:56.448 [ INFO] maestro.cli.runner.TestSuiteInteractor.invoke: Assert that "开发工具" is visible COMPLETED
15:46:56.449 [ INFO] maestro.cli.runner.TestSuiteInteractor.invoke: Tap on id: dev_tools_toggle_button RUNNING
15:46:57.478 [ INFO] maestro.Maestro.tap-BUbHBYE: Tapping on element:  UiElement(treeNode=TreeNode(attributes={text=, accessibilityText=开发工具, hintText=, ignoreBoundsFiltering=false, resource-id=dev_tools_toggle_button, clickable=true, bounds=[912,1064][1059,1211], enabled=true, focused=false, checked=false, scrollable=false, selected=false, class=android.widget.Button}, children=[], clickable=true, enabled=true, focused=false, checked=false, selected=false), bounds=Bounds(x=912, y=1064, width=147, height=147))
15:46:58.550 [ INFO] maestro.Maestro.tap-BUbHBYE: Refreshed element
15:46:58.550 [ INFO] maestro.Maestro.hierarchyBasedTap-hbl3e4M: Tapping at (985, 1137) using hierarchy based logic for wait
15:46:58.550 [TRACE] maestro.utils.ScreenshotUtils.takeScreenshot: Taking screenshot to byte array
15:46:58.550 [TRACE] maestro.utils.ScreenshotUtils.takeScreenshot: Taking screenshot to output sink
15:46:59.528 [ INFO] maestro.Maestro.hierarchyBasedTap-hbl3e4M: Something have changed in the UI judging by view hierarchy. Proceed.
15:46:59.528 [ INFO] maestro.cli.runner.TestSuiteInteractor.invoke: Tap on id: dev_tools_toggle_button COMPLETED
15:46:59.528 [ INFO] maestro.cli.runner.TestSuiteInteractor.invoke: Assert that "服务器地址" is visible RUNNING
15:46:59.541 [ INFO] maestro.cli.runner.TestSuiteInteractor.invoke: Assert that "服务器地址" is visible COMPLETED
15:46:59.545 [ INFO] maestro.cli.runner.TestSuiteInteractor.invoke: Define variables RUNNING
15:46:59.546 [ INFO] maestro.cli.runner.TestSuiteInteractor.invoke: Define variables COMPLETED
15:46:59.546 [ INFO] maestro.cli.runner.TestSuiteInteractor.invoke: Apply configuration RUNNING
15:46:59.546 [ INFO] maestro.cli.runner.TestSuiteInteractor.invoke: Apply configuration COMPLETED
15:46:59.546 [ INFO] maestro.cli.runner.TestSuiteInteractor.invoke: Launch app "com.example.mobile" with clear state RUNNING
15:46:59.546 [ INFO] maestro.Maestro.clearAppState: Clearing app state com.example.mobile
15:47:00.171 [ INFO] maestro.Maestro.launchApp: Launching app com.example.mobile
15:47:00.210 [ INFO] maestro.cli.runner.TestSuiteInteractor.invoke: Launch app "com.example.mobile" with clear state COMPLETED
15:47:00.210 [ INFO] maestro.cli.runner.TestSuiteInteractor.invoke: Tap on id: dev_tools_toggle_button RUNNING
15:47:01.575 [ INFO] maestro.Maestro.tap-BUbHBYE: Tapping on element:  UiElement(treeNode=TreeNode(attributes={text=, accessibilityText=开发工具, hintText=, ignoreBoundsFiltering=false, resource-id=dev_tools_toggle_button, clickable=true, bounds=[912,1064][1059,1211], enabled=true, focused=false, checked=false, scrollable=false, selected=false, class=android.widget.Button}, children=[], clickable=true, enabled=true, focused=false, checked=false, selected=false), bounds=Bounds(x=912, y=1064, width=147, height=147))
15:47:03.037 [ INFO] maestro.Maestro.tap-BUbHBYE: Refreshed element
15:47:03.038 [ INFO] maestro.Maestro.hierarchyBasedTap-hbl3e4M: Tapping at (985, 1137) using hierarchy based logic for wait
15:47:03.038 [TRACE] maestro.utils.ScreenshotUtils.takeScreenshot: Taking screenshot to byte array
15:47:03.038 [TRACE] maestro.utils.ScreenshotUtils.takeScreenshot: Taking screenshot to output sink
15:47:04.336 [ INFO] maestro.Maestro.hierarchyBasedTap-hbl3e4M: Something have changed in the UI judging by view hierarchy. Proceed.
15:47:04.336 [ INFO] maestro.cli.runner.TestSuiteInteractor.invoke: Tap on id: dev_tools_toggle_button COMPLETED
15:47:04.336 [ INFO] maestro.cli.runner.TestSuiteInteractor.invoke: Assert that "服务器地址" is visible RUNNING
15:47:04.355 [ INFO] maestro.cli.runner.TestSuiteInteractor.invoke: Assert that "服务器地址" is visible COMPLETED
15:47:04.355 [ INFO] maestro.cli.runner.TestSuiteInteractor.invoke: Tap on id: server_base_url_field RUNNING
15:47:04.459 [ INFO] maestro.Maestro.tap-BUbHBYE: Tapping on element:  UiElement(treeNode=TreeNode(attributes={text=, accessibilityText=, hintText=Server Base URL
服务器地址, ignoreBoundsFiltering=false, resource-id=server_base_url_field, clickable=false, bounds=[282,252][1038,806], enabled=true, focused=false, checked=false, scrollable=false, selected=false, class=android.widget.EditText}, children=[TreeNode(attributes={text=http://10.0.2.2:3001/api/v1, accessibilityText=, hintText=服务器地址, ignoreBoundsFiltering=false, resource-id=, clickable=true, bounds=[335,396][986,585], enabled=true, focused=false, checked=false, scrollable=false, selected=false, class=android.widget.EditText}, children=[], clickable=true, enabled=true, focused=false, checked=false, selected=false), TreeNode(attributes={text=, accessibilityText=保存配置, hintText=, ignoreBoundsFiltering=false, resource-id=, clickable=true, bounds=[335,627][986,753], enabled=true, focused=false, checked=false, scrollable=false, selected=false, class=android.widget.Button}, children=[], clickable=true, enabled=true, focused=false, checked=false, selected=false)], clickable=false, enabled=true, focused=false, checked=false, selected=false), bounds=Bounds(x=282, y=252, width=756, height=554))
15:47:05.595 [ INFO] maestro.Maestro.tap-BUbHBYE: Refreshed element
15:47:05.595 [ INFO] maestro.Maestro.hierarchyBasedTap-hbl3e4M: Tapping at (660, 529) using hierarchy based logic for wait
15:47:05.595 [TRACE] maestro.utils.ScreenshotUtils.takeScreenshot: Taking screenshot to byte array
15:47:05.595 [TRACE] maestro.utils.ScreenshotUtils.takeScreenshot: Taking screenshot to output sink
15:47:07.135 [ INFO] maestro.Maestro.hierarchyBasedTap-hbl3e4M: Something have changed in the UI judging by view hierarchy. Proceed.
15:47:07.135 [ INFO] maestro.cli.runner.TestSuiteInteractor.invoke: Tap on id: server_base_url_field COMPLETED
15:47:07.135 [ INFO] maestro.cli.runner.TestSuiteInteractor.invoke: Input text http://192.168.1.100:3000/api/v1 RUNNING
15:47:07.135 [ INFO] maestro.Maestro.inputText: Inputting text: http://192.168.1.100:3000/api/v1
15:47:12.907 [ INFO] maestro.cli.runner.TestSuiteInteractor.invoke: Input text http://192.168.1.100:3000/api/v1 COMPLETED
15:47:12.907 [ INFO] maestro.cli.runner.TestSuiteInteractor.invoke: Tap on "保存配置" RUNNING
15:47:12.989 [ INFO] maestro.Maestro.tap-BUbHBYE: Tapping on element:  UiElement(treeNode=TreeNode(attributes={text=, accessibilityText=保存配置, hintText=, ignoreBoundsFiltering=false, resource-id=, clickable=true, bounds=[335,690][986,816], enabled=true, focused=false, checked=false, scrollable=false, selected=false, class=android.widget.Button}, children=[], clickable=true, enabled=true, focused=false, checked=false, selected=false), bounds=Bounds(x=335, y=690, width=651, height=126))
15:47:14.095 [ INFO] maestro.Maestro.tap-BUbHBYE: Refreshed element
15:47:14.095 [ INFO] maestro.Maestro.hierarchyBasedTap-hbl3e4M: Tapping at (660, 753) using hierarchy based logic for wait
15:47:14.095 [TRACE] maestro.utils.ScreenshotUtils.takeScreenshot: Taking screenshot to byte array
15:47:14.095 [TRACE] maestro.utils.ScreenshotUtils.takeScreenshot: Taking screenshot to output sink
15:47:15.225 [ INFO] maestro.Maestro.hierarchyBasedTap-hbl3e4M: Something have changed in the UI judging by view hierarchy. Proceed.
15:47:15.225 [ INFO] maestro.cli.runner.TestSuiteInteractor.invoke: Tap on "保存配置" COMPLETED
15:47:15.225 [ INFO] maestro.cli.runner.TestSuiteInteractor.invoke: Assert that "保存成功，新配置已生效" is visible RUNNING
15:47:15.375 [ INFO] maestro.cli.runner.TestSuiteInteractor.invoke: Assert that "保存成功，新配置已生效" is visible COMPLETED
15:47:15.375 [ INFO] maestro.cli.runner.TestSuiteInteractor.invoke: Tap on id: server_base_url_field RUNNING
15:47:15.491 [ INFO] maestro.Maestro.tap-BUbHBYE: Tapping on element:  UiElement(treeNode=TreeNode(attributes={text=, accessibilityText=, hintText=Server Base URL
服务器地址, ignoreBoundsFiltering=false, resource-id=server_base_url_field, clickable=false, bounds=[282,252][1038,869], enabled=true, focused=false, checked=false, scrollable=false, selected=false, class=android.widget.EditText}, children=[TreeNode(attributes={text=http://192.168.1.100:3000/api/v1, accessibilityText=, hintText=服务器地址, ignoreBoundsFiltering=false, resource-id=, clickable=true, bounds=[335,396][986,648], enabled=true, focused=true, checked=false, scrollable=false, selected=false, class=android.widget.EditText}, children=[], clickable=true, enabled=true, focused=true, checked=false, selected=false), TreeNode(attributes={text=, accessibilityText=保存配置, hintText=, ignoreBoundsFiltering=false, resource-id=, clickable=true, bounds=[335,690][986,816], enabled=true, focused=false, checked=false, scrollable=false, selected=false, class=android.widget.Button}, children=[], clickable=true, enabled=true, focused=false, checked=false, selected=false)], clickable=false, enabled=true, focused=false, checked=false, selected=false), bounds=Bounds(x=282, y=252, width=756, height=617))
15:47:16.584 [ INFO] maestro.Maestro.tap-BUbHBYE: Refreshed element
15:47:16.584 [ INFO] maestro.Maestro.hierarchyBasedTap-hbl3e4M: Tapping at (660, 560) using hierarchy based logic for wait
15:47:16.584 [TRACE] maestro.utils.ScreenshotUtils.takeScreenshot: Taking screenshot to byte array
15:47:16.584 [TRACE] maestro.utils.ScreenshotUtils.takeScreenshot: Taking screenshot to output sink
15:47:17.542 [TRACE] maestro.utils.ScreenshotUtils.takeScreenshot: Taking screenshot to byte array
15:47:17.542 [TRACE] maestro.utils.ScreenshotUtils.takeScreenshot: Taking screenshot to output sink
15:47:17.824 [ INFO] maestro.Maestro.hierarchyBasedTap-hbl3e4M: Screenshots are not different enough (d=0.0)
15:47:17.825 [ INFO] maestro.Maestro.hierarchyBasedTap-hbl3e4M: Nothing changed in the UI.
15:47:18.210 [TRACE] maestro.utils.ScreenshotUtils.takeScreenshot: Taking screenshot to byte array
15:47:18.210 [TRACE] maestro.utils.ScreenshotUtils.takeScreenshot: Taking screenshot to output sink
15:47:18.681 [ INFO] maestro.Maestro.hierarchyBasedTap-hbl3e4M: Something have changed in the UI judging by screenshot (d=0.0075552734). Proceed.
15:47:18.681 [ INFO] maestro.cli.runner.TestSuiteInteractor.invoke: Tap on id: server_base_url_field COMPLETED
15:47:18.681 [ INFO] maestro.cli.runner.TestSuiteInteractor.invoke: Input text http://example.com:8080/api/v2 RUNNING
15:47:18.681 [ INFO] maestro.Maestro.inputText: Inputting text: http://example.com:8080/api/v2
15:47:23.256 [ INFO] maestro.cli.runner.TestSuiteInteractor.invoke: Input text http://example.com:8080/api/v2 COMPLETED
15:47:23.257 [ INFO] maestro.cli.runner.TestSuiteInteractor.invoke: Tap on "保存配置" RUNNING
15:47:23.329 [ INFO] maestro.Maestro.tap-BUbHBYE: Tapping on element:  UiElement(treeNode=TreeNode(attributes={text=, accessibilityText=保存配置, hintText=, ignoreBoundsFiltering=false, resource-id=, clickable=true, bounds=[335,816][986,942], enabled=true, focused=false, checked=false, scrollable=false, selected=false, class=android.widget.Button}, children=[], clickable=true, enabled=true, focused=false, checked=false, selected=false), bounds=Bounds(x=335, y=816, width=651, height=126))
15:47:24.436 [ INFO] maestro.Maestro.tap-BUbHBYE: Refreshed element
15:47:24.436 [ INFO] maestro.Maestro.hierarchyBasedTap-hbl3e4M: Tapping at (660, 879) using hierarchy based logic for wait
15:47:24.436 [TRACE] maestro.utils.ScreenshotUtils.takeScreenshot: Taking screenshot to byte array
15:47:24.437 [TRACE] maestro.utils.ScreenshotUtils.takeScreenshot: Taking screenshot to output sink
15:47:25.529 [ INFO] maestro.Maestro.hierarchyBasedTap-hbl3e4M: Something have changed in the UI judging by view hierarchy. Proceed.
15:47:25.529 [ INFO] maestro.cli.runner.TestSuiteInteractor.invoke: Tap on "保存配置" COMPLETED
15:47:25.529 [ INFO] maestro.cli.runner.TestSuiteInteractor.invoke: Assert that "保存成功，新配置已生效" is visible RUNNING
15:47:25.607 [ INFO] maestro.cli.runner.TestSuiteInteractor.invoke: Assert that "保存成功，新配置已生效" is visible COMPLETED
15:47:25.607 [ INFO] maestro.cli.runner.TestSuiteInteractor.invoke: Tap on id: server_base_url_field RUNNING
15:47:26.120 [ INFO] maestro.Maestro.tap-BUbHBYE: Tapping on element:  UiElement(treeNode=TreeNode(attributes={text=, accessibilityText=, hintText=Server Base URL
服务器地址, ignoreBoundsFiltering=false, resource-id=server_base_url_field, clickable=false, bounds=[282,252][1038,995], enabled=true, focused=false, checked=false, scrollable=false, selected=false, class=android.widget.EditText}, children=[TreeNode(attributes={text=http://192.168.1.100:3000/api/v1http://example.com:8080/api/v2, accessibilityText=, hintText=服务器地址, ignoreBoundsFiltering=false, resource-id=, clickable=true, bounds=[335,396][986,774], enabled=true, focused=true, checked=false, scrollable=false, selected=false, class=android.widget.EditText}, children=[], clickable=true, enabled=true, focused=true, checked=false, selected=false), TreeNode(attributes={text=, accessibilityText=保存配置, hintText=, ignoreBoundsFiltering=false, resource-id=, clickable=true, bounds=[335,816][986,942], enabled=true, focused=false, checked=false, scrollable=false, selected=false, class=android.widget.Button}, children=[], clickable=true, enabled=true, focused=false, checked=false, selected=false)], clickable=false, enabled=true, focused=false, checked=false, selected=false), bounds=Bounds(x=282, y=252, width=756, height=743))
15:47:27.207 [ INFO] maestro.Maestro.tap-BUbHBYE: Refreshed element
15:47:27.207 [ INFO] maestro.Maestro.hierarchyBasedTap-hbl3e4M: Tapping at (660, 623) using hierarchy based logic for wait
15:47:27.207 [TRACE] maestro.utils.ScreenshotUtils.takeScreenshot: Taking screenshot to byte array
15:47:27.207 [TRACE] maestro.utils.ScreenshotUtils.takeScreenshot: Taking screenshot to output sink
15:47:28.138 [TRACE] maestro.utils.ScreenshotUtils.takeScreenshot: Taking screenshot to byte array
15:47:28.138 [TRACE] maestro.utils.ScreenshotUtils.takeScreenshot: Taking screenshot to output sink
15:47:28.313 [ INFO] maestro.Maestro.hierarchyBasedTap-hbl3e4M: Screenshots are not different enough (d=0.0)
15:47:28.313 [ INFO] maestro.Maestro.hierarchyBasedTap-hbl3e4M: Nothing changed in the UI.
15:47:28.638 [TRACE] maestro.utils.ScreenshotUtils.takeScreenshot: Taking screenshot to byte array
15:47:28.638 [TRACE] maestro.utils.ScreenshotUtils.takeScreenshot: Taking screenshot to output sink
15:47:28.879 [ INFO] maestro.Maestro.hierarchyBasedTap-hbl3e4M: Something have changed in the UI judging by screenshot (d=0.006703028). Proceed.
15:47:28.879 [ INFO] maestro.cli.runner.TestSuiteInteractor.invoke: Tap on id: server_base_url_field COMPLETED
15:47:28.879 [ INFO] maestro.cli.runner.TestSuiteInteractor.invoke: Erase text RUNNING
15:47:28.879 [ INFO] maestro.Maestro.eraseText: Erasing 50 characters
15:47:33.400 [ INFO] maestro.cli.runner.TestSuiteInteractor.invoke: Erase text COMPLETED
15:47:33.400 [ INFO] maestro.cli.runner.TestSuiteInteractor.invoke: Input text http://10.0.2.2:3001/api/v1 RUNNING
15:47:33.400 [ INFO] maestro.Maestro.inputText: Inputting text: http://10.0.2.2:3001/api/v1
15:47:37.735 [ INFO] maestro.cli.runner.TestSuiteInteractor.invoke: Input text http://10.0.2.2:3001/api/v1 COMPLETED
15:47:37.735 [ INFO] maestro.cli.runner.TestSuiteInteractor.invoke: Tap on "保存配置" RUNNING
15:47:37.820 [ INFO] maestro.Maestro.tap-BUbHBYE: Tapping on element:  UiElement(treeNode=TreeNode(attributes={text=, accessibilityText=保存配置, hintText=, ignoreBoundsFiltering=false, resource-id=, clickable=true, bounds=[335,879][986,1005], enabled=true, focused=false, checked=false, scrollable=false, selected=false, class=android.widget.Button}, children=[], clickable=true, enabled=true, focused=false, checked=false, selected=false), bounds=Bounds(x=335, y=879, width=651, height=126))
15:47:38.935 [ INFO] maestro.Maestro.tap-BUbHBYE: Refreshed element
15:47:38.935 [ INFO] maestro.Maestro.hierarchyBasedTap-hbl3e4M: Tapping at (660, 942) using hierarchy based logic for wait
15:47:38.935 [TRACE] maestro.utils.ScreenshotUtils.takeScreenshot: Taking screenshot to byte array
15:47:38.935 [TRACE] maestro.utils.ScreenshotUtils.takeScreenshot: Taking screenshot to output sink
15:47:39.963 [ INFO] maestro.Maestro.hierarchyBasedTap-hbl3e4M: Something have changed in the UI judging by view hierarchy. Proceed.
15:47:39.963 [ INFO] maestro.cli.runner.TestSuiteInteractor.invoke: Tap on "保存配置" COMPLETED
15:47:39.963 [ INFO] maestro.cli.runner.TestSuiteInteractor.invoke: Assert that "保存成功，新配置已生效" is visible RUNNING
15:47:40.036 [ INFO] maestro.cli.runner.TestSuiteInteractor.invoke: Assert that "保存成功，新配置已生效" is visible COMPLETED
