[2026-04-25 06:33:43] Issue #19: 启动 UI 设计
项目路径: ../../new-world-monorepo
日志文件: /Users/insulate/Desktop/new-world/new-world-ops/logs/new-world-monorepo/design-issue-19-20260425-063343.log
【任务上下文】
- Issue 编号: #19
- 项目路径: /var/folders/lt/w3sl6z8j5v50vt2s6knvf5n00000gn/T/design-issue-19-283
0107099
- 项目地图: ../../new-world-monorepo/AGENTS.md
- 关联 PRD: ../../new-world-monorepo/prd/PRD-004-ui-component-library-redesign.m
d,../../new-world-monorepo/prd/TEMPLATE.md,../../new-world-monorepo/prd/PRD-003-
leaderboard-system.md
- 设计资产: 未找到
- 文档目录: ../../new-world-monorepo/docs

Issue #19: [FEAT] UI容器组件重做：UIPanel/UIDialog/UIToast/UIAlert

**你的任务类型：设计任务（UI Designer Agent）**
目标：根据需求产出完整的设计资产（设计规范、线框图/原型等），不编写业务逻辑代码
。

请为该需求产出完整的设计资产。

开始前，先阅读项目导航文档（AGENTS.md / README.md），通过文档地图发现：
1. 项目的设计规范路径
2. 设计系统组件库位置
3. 设计资产应该保存到哪个目录（通常是 designs/issue-19/）
4. 项目期望的设计资产类型（线框图、原型、设计规范文档等）

设计完成后，你必须按顺序执行：
1. git add -A
2. git commit -m "design: add assets for issue #19" — 不允许使用 `--no-verify` 
跳过 hook
3. git push origin design/issue-19
4. gh pr create --title "design: add assets for issue #19" --body "由 ui-designe
r agent 自动生成。\n\n- 相关 Issue: #19\n- 设计资产目录: designs/issue-19/"
5. 如果 git commit 遇到 hook 失败，必须修复后重新 commit
6. 任务结束前确认 git status 是 clean 的
TurnBegin(
    user_input='【任务上下文】\n- Issue 编号: #19\n- 项目路径: /var/folders/lt/w
3sl6z8j5v50vt2s6knvf5n00000gn/T/design-issue-19-2830107099\n- 项目地图: ../../ne
w-world-monorepo/AGENTS.md\n- 关联 PRD: ../../new-world-monorepo/prd/PRD-004-ui-
component-library-redesign.md,../../new-world-monorepo/prd/TEMPLATE.md,../../new
-world-monorepo/prd/PRD-003-leaderboard-system.md\n- 设计资产: 未找到\n- 文档目
录: ../../new-world-monorepo/docs\n\nIssue #19: [FEAT] UI容器组件重做：UIPanel/U
IDialog/UIToast/UIAlert\n\n**你的任务类型：设计任务（UI Designer Agent）**\n目标
：根据需求产出完整的设计资产（设计规范、线框图/原型等），不编写业务逻辑代码。\n\
n请为该需求产出完整的设计资产。\n\n开始前，先阅读项目导航文档（AGENTS.md / READM
E.md），通过文档地图发现：\n1. 项目的设计规范路径\n2. 设计系统组件库位置\n3. 设
计资产应该保存到哪个目录（通常是 designs/issue-19/）\n4. 项目期望的设计资产类型
（线框图、原型、设计规范文档等）\n\n设计完成后，你必须按顺序执行：\n1. git add -
A\n2. git commit -m "design: add assets for issue #19" — 不允许使用 `--no-verify
` 跳过 hook\n3. git push origin design/issue-19\n4. gh pr create --title "design
: add assets for issue #19" --body "由 ui-designer agent 自动生成。\\n\\n- 相关 
Issue: #19\\n- 设计资产目录: designs/issue-19/"\n5. 如果 git commit 遇到 hook 失
败，必须修复后重新 commit\n6. 任务结束前确认 git status 是 clean 的'
)
StepBegin(n=1)

🛑 任务已停止

⏹️ 任务已手动停止
