[2026-04-09 22:34:31] PR #2（已合并）Doc Gardener 启动
Base: dev/2.1.0
Head: feat/unified-event-bus
日志: logs/doc-gardener-pr-2-20260409-223431.log

⏳ 正在执行回顾性文档检查...
Usage: kimi [OPTIONS] COMMAND [ARGS]...
Try 'kimi -h' for help.
╭─ Error ──────────────────────────────────────────────────────────────────────╮
│ Invalid value for '--agent-file': File                                       │
│ '../new-world/new-world-api/.kimi/agents/pr-doc-gardener.yaml' does not      │
│ exist.                                                                       │
╰──────────────────────────────────────────────────────────────────────────────╯

=== Agent 输出 ===
Usage: kimi [OPTIONS] COMMAND [ARGS]...
Try 'kimi -h' for help.
╭─ Error ──────────────────────────────────────────────────────────────────────╮
│ Invalid value for '--agent-file': File                                       │
│ '../new-world/new-world-api/.kimi/agents/pr-doc-gardener.yaml' does not      │
│ exist.                                                                       │
╰──────────────────────────────────────────────────────────────────────────────╯

❌ 执行失败: exit status 2
