[2026-04-08 16:31:13] PR #2 Review 启动
分支: feat/unified-event-bus
项目路径: ../new-world/new-world-api
日志文件: logs/review-pr-2-20260408-163113.log
╭──────────────────────────────────────────────────────────────────────────────╮
│                                                                              │
│   ▐█▛█▛█▌  Welcome to Kimi Code CLI!                                         │
│   ▐█████▌  Send /help for help information.                                  │
│                                                                              │
│  Directory: ~/Desktop/new-world/new-world/new-world-api                      │
│  Session: 61bbb5e5-c5fe-491b-9658-08b6f1215410                               │
│  Model: kimi-for-coding (powered by kimi-k2.5)                               │
│                                                                              │
│  Tip: Spot a bug or have feedback? Type /feedback right in this session — e  │
│  very report makes Kimi better.                                              │
│                                                                              │
╰──────────────────────────────────────────────────────────────────────────────╯

=== Agent 输出 ===
╭──────────────────────────────────────────────────────────────────────────────╮
│                                                                              │
│   ▐█▛█▛█▌  Welcome to Kimi Code CLI!                                         │
│   ▐█████▌  Send /help for help information.                                  │
│                                                                              │
│  Directory: ~/Desktop/new-world/new-world/new-world-api                      │
│  Session: 61bbb5e5-c5fe-491b-9658-08b6f1215410                               │
│  Model: kimi-for-coding (powered by kimi-k2.5)                               │
│                                                                              │
│  Tip: Spot a bug or have feedback? Type /feedback right in this session — e  │
│  very report makes Kimi better.                                              │
│                                                                              │
╰──────────────────────────────────────────────────────────────────────────────╯

❌ Review 失败: exit status 1
