[2026-04-26 14:01:26] PR #35 Review 启动
分支: feat/issue-5
项目路径: ../../new-world-monorepo
日志文件: /Users/insulate/Desktop/new-world/new-world-ops/logs/new-world-monorepo/review-pr-35-20260426-140126.log
【任务上下文】
- Issue 编号: #64
- PR 编号: #35
- 项目路径: /var/folders/lt/w3sl6z8j5v50vt2s6knvf5n00000gn/T/review-pr-35-419385
6071
- 项目地图: ../../new-world-monorepo/AGENTS.md
- 关联 PRD: ../../new-world-monorepo/prd/PRD-004-ui-component-library-redesign.m
d,../../new-world-monorepo/prd/TEMPLATE.md,../../new-world-monorepo/prd/PRD-003-
leaderboard-system.md
- 设计资产: 未找到
- 文档目录: ../../new-world-monorepo/docs

【辅助审查文件】
以下文件已在工作目录中生成，请在审查时按需读取（若文件不存在或为空则跳过）：
- 文档覆盖信息: /var/folders/lt/w3sl6z8j5v50vt2s6knvf5n00000gn/T/review-pr-35-41
93856071/.doc-coverage.txt
- 设计资产列表: /var/folders/lt/w3sl6z8j5v50vt2s6knvf5n00000gn/T/review-pr-35-41
93856071/.design-assets.txt
- Figma 链接: /var/folders/lt/w3sl6z8j5v50vt2s6knvf5n00000gn/T/review-pr-35-4193
856071/.figma-links.txt

**你的任务类型：代码审查任务（Code Review Agent）**
目标：对 PR 进行全面代码审查，产出审查报告。

Review PR #35, branch: feat/issue-5. After completing the review, you MUST write
the full markdown report to logs/review-report-35.md
TurnBegin(
    user_input='【任务上下文】\n- Issue 编号: #64\n- PR 编号: #35\n- 项目路径: /
var/folders/lt/w3sl6z8j5v50vt2s6knvf5n00000gn/T/review-pr-35-4193856071\n- 项目
地图: ../../new-world-monorepo/AGENTS.md\n- 关联 PRD: ../../new-world-monorepo/p
rd/PRD-004-ui-component-library-redesign.md,../../new-world-monorepo/prd/TEMPLAT
E.md,../../new-world-monorepo/prd/PRD-003-leaderboard-system.md\n- 设计资产: 未
找到\n- 文档目录: ../../new-world-monorepo/docs\n\n【辅助审查文件】\n以下文件已
在工作目录中生成，请在审查时按需读取（若文件不存在或为空则跳过）：\n- 文档覆盖信
息: /var/folders/lt/w3sl6z8j5v50vt2s6knvf5n00000gn/T/review-pr-35-4193856071/.do
c-coverage.txt\n- 设计资产列表: /var/folders/lt/w3sl6z8j5v50vt2s6knvf5n00000gn/T
/review-pr-35-4193856071/.design-assets.txt\n- Figma 链接: /var/folders/lt/w3sl6
z8j5v50vt2s6knvf5n00000gn/T/review-pr-35-4193856071/.figma-links.txt\n\n**你的任
务类型：代码审查任务（Code Review Agent）**\n目标：对 PR 进行全面代码审查，产出
审查报告。\n\nReview PR #35, branch: feat/issue-5. After completing the review, 
you MUST write the full markdown report to logs/review-report-35.md'
)
StepBegin(n=1)
StepInterrupted()
Error code: 400 - {'error': {'message': 'Invalid request: tokenization failed', 
'type': 'invalid_request_error'}}

To resume this session: kimi -r d750c9e3-3bbe-4c1d-94fd-e6f0571d7b69

✅ Review 完成
