[2026-04-26 14:01:29] PR #30 Review 启动
分支: design/issue-19
项目路径: ../../new-world-monorepo
日志文件: /Users/insulate/Desktop/new-world/new-world-ops/logs/new-world-monorepo/review-pr-30-20260426-140129.log
【任务上下文】
- PR 编号: #30
- 项目路径: /var/folders/lt/w3sl6z8j5v50vt2s6knvf5n00000gn/T/review-pr-30-121833
3634
- 项目地图: ../../new-world-monorepo/AGENTS.md
- 关联 PRD: ../../new-world-monorepo/prd/PRD-004-ui-component-library-redesign.m
d,../../new-world-monorepo/prd/TEMPLATE.md,../../new-world-monorepo/prd/PRD-003-
leaderboard-system.md
- 文档目录: ../../new-world-monorepo/docs

【辅助审查文件】
以下文件已在工作目录中生成，请在审查时按需读取（若文件不存在或为空则跳过）：
- 文档覆盖信息: /var/folders/lt/w3sl6z8j5v50vt2s6knvf5n00000gn/T/review-pr-30-12
18333634/.doc-coverage.txt
- 设计资产列表: /var/folders/lt/w3sl6z8j5v50vt2s6knvf5n00000gn/T/review-pr-30-12
18333634/.design-assets.txt
- Figma 链接: /var/folders/lt/w3sl6z8j5v50vt2s6knvf5n00000gn/T/review-pr-30-1218
333634/.figma-links.txt

**你的任务类型：代码审查任务（Code Review Agent）**
目标：对 PR 进行全面代码审查，产出审查报告。

Review PR #30, branch: design/issue-19. After completing the review, you MUST wr
ite the full markdown report to logs/review-report-30.md
TurnBegin(
    user_input='【任务上下文】\n- PR 编号: #30\n- 项目路径: /var/folders/lt/w3sl
6z8j5v50vt2s6knvf5n00000gn/T/review-pr-30-1218333634\n- 项目地图: ../../new-worl
d-monorepo/AGENTS.md\n- 关联 PRD: ../../new-world-monorepo/prd/PRD-004-ui-compon
ent-library-redesign.md,../../new-world-monorepo/prd/TEMPLATE.md,../../new-world
-monorepo/prd/PRD-003-leaderboard-system.md\n- 文档目录: ../../new-world-monorep
o/docs\n\n【辅助审查文件】\n以下文件已在工作目录中生成，请在审查时按需读取（若文
件不存在或为空则跳过）：\n- 文档覆盖信息: /var/folders/lt/w3sl6z8j5v50vt2s6knvf5
n00000gn/T/review-pr-30-1218333634/.doc-coverage.txt\n- 设计资产列表: /var/folde
rs/lt/w3sl6z8j5v50vt2s6knvf5n00000gn/T/review-pr-30-1218333634/.design-assets.tx
t\n- Figma 链接: /var/folders/lt/w3sl6z8j5v50vt2s6knvf5n00000gn/T/review-pr-30-1
218333634/.figma-links.txt\n\n**你的任务类型：代码审查任务（Code Review Agent）*
*\n目标：对 PR 进行全面代码审查，产出审查报告。\n\nReview PR #30, branch: design
/issue-19. After completing the review, you MUST write the full markdown report 
to logs/review-report-30.md'
)
StepBegin(n=1)
StepInterrupted()
Error code: 400 - {'error': {'message': 'Invalid request: tokenization failed', 
'type': 'invalid_request_error'}}

To resume this session: kimi -r 2550c240-5778-4d1d-b8f5-34a7fd3b5570

✅ Review 完成
