[2026-04-26 14:01:49] PR #30 Rework 启动
分支: design/issue-19
【任务上下文】
- PR 编号: #30
- 项目路径: /var/folders/lt/w3sl6z8j5v50vt2s6knvf5n00000gn/T/rework-pr-30-184117
1331
- 项目地图: ../../new-world-monorepo/AGENTS.md
- 关联 PRD: ../../new-world-monorepo/prd/PRD-004-ui-component-library-redesign.m
d,../../new-world-monorepo/prd/TEMPLATE.md,../../new-world-monorepo/prd/PRD-003-
leaderboard-system.md
- 文档目录: ../../new-world-monorepo/docs

Issue #30: design: add assets for issue #19

**你的任务类型：返工修复任务（Rework Agent）**
目标：根据审查报告修复 PR 中的代码问题，修复后重新提交。

这是 PR #30 的返工任务。
分支: design/issue-19

请严格按照以下步骤执行修复：
1. 先执行：git checkout design/issue-19
2. 根据审查报告中的问题进行代码修改
3. 修改完成后按项目技术栈运行自测（不要只跑 go test）：
   - 若修改了前端代码（apps/phaser3/ 或对应前端目录）：
     cd 对应前端目录 && pnpm install（如 node_modules 缺失）
     cd 对应前端目录 && npm run lint
     cd 对应前端目录 && npm run test
     cd 对应前端目录 && npm run build
   - 若修改了 Node/NestJS 后端代码：
     cd apps/api && npm test
     cd apps/api && npm run build
   - 通用检查：
     make check-docs（文档检查）
4. 提交并推送：git add -A && git commit -m "fix: 修复 PR #30 review 问题" && git
push origin design/issue-19
   注意：如果 git commit 触发 pre-commit hook 失败，必须阅读错误输出并修复后重新
commit。

审查报告：
TurnBegin(
    user_input='【任务上下文】\n- PR 编号: #30\n- 项目路径: /var/folders/lt/w3sl
6z8j5v50vt2s6knvf5n00000gn/T/rework-pr-30-1841171331\n- 项目地图: ../../new-worl
d-monorepo/AGENTS.md\n- 关联 PRD: ../../new-world-monorepo/prd/PRD-004-ui-compon
ent-library-redesign.md,../../new-world-monorepo/prd/TEMPLATE.md,../../new-world
-monorepo/prd/PRD-003-leaderboard-system.md\n- 文档目录: ../../new-world-monorep
o/docs\n\nIssue #30: design: add assets for issue #19\n\n**你的任务类型：返工修
复任务（Rework Agent）**\n目标：根据审查报告修复 PR 中的代码问题，修复后重新提交
。\n\n这是 PR #30 的返工任务。\n分支: design/issue-19\n\n请严格按照以下步骤执行
修复：\n1. 先执行：git checkout design/issue-19\n2. 根据审查报告中的问题进行代码
修改\n3. 修改完成后按项目技术栈运行自测（不要只跑 go test）：\n   - 若修改了前端
代码（apps/phaser3/ 或对应前端目录）：\n     cd 对应前端目录 && pnpm install（如
node_modules 缺失）\n     cd 对应前端目录 && npm run lint\n     cd 对应前端目录 
&& npm run test\n     cd 对应前端目录 && npm run build\n   - 若修改了 Node/NestJ
S 后端代码：\n     cd apps/api && npm test\n     cd apps/api && npm run build\n 
 - 通用检查：\n     make check-docs（文档检查）\n4. 提交并推送：git add -A && gi
t commit -m "fix: 修复 PR #30 review 问题" && git push origin design/issue-19\n 
 注意：如果 git commit 触发 pre-commit hook 失败，必须阅读错误输出并修复后重新 c
ommit。\n\n审查报告：'
)
StepBegin(n=1)
StepInterrupted()
Error code: 400 - {'error': {'message': 'Invalid request: tokenization failed', 
'type': 'invalid_request_error'}}

To resume this session: kimi -r 431b4ca0-7309-41b0-acd7-9ad4eb994d11

✅ 任务完成
