21:56:49.013 [ INFO] MAESTRO.logSystemInfo: ---- System Info ----
21:56:49.014 [ INFO] MAESTRO.logSystemInfo: Maestro Version: 1.39.13
21:56:49.014 [ INFO] MAESTRO.logSystemInfo: CI: Undefined
21:56:49.014 [ INFO] MAESTRO.logSystemInfo: OS Name: Mac OS X
21:56:49.014 [ INFO] MAESTRO.logSystemInfo: OS Version: 26.1
21:56:49.014 [ INFO] MAESTRO.logSystemInfo: Architecture: aarch64
21:56:49.014 [ INFO] MAESTRO.logSystemInfo: Java Version: 21
21:56:49.020 [ INFO] MAESTRO.logSystemInfo: Xcode Version: null
21:56:49.175 [DEBUG] io.micrometer.common.util.internal.logging.InternalLoggerFactory.newDefaultFactory: Using SLF4J as the default logging framework
21:56:49.738 [ INFO] MAESTRO.logSystemInfo: Flutter Version: 3.24.5
21:56:50.429 [ INFO] MAESTRO.logSystemInfo: Flutter Channel: stable
21:56:50.430 [ INFO] MAESTRO.logSystemInfo: ---------------------
21:56:50.714 [ INFO] maestro.cli.command.TestCommand.runShardSuite: [shard 1] Selected device emulator-5554 using port 7001
21:56:50.844 [ INFO] maestro.Maestro.invoke: Getting device info
21:56:50.956 [ INFO] maestro.Maestro.invoke: Got device info: DeviceInfo(platform=ANDROID, widthPixels=1080, heightPixels=2400, widthGrid=1080, heightGrid=2400)
21:56:51.007 [ INFO] maestro.cli.runner.MaestroCommandRunner.invoke: Define variables RUNNING
21:56:51.009 [ INFO] maestro.cli.runner.MaestroCommandRunner.invoke: Define variables metadata CommandMetadata(numberOfRuns=null, evaluatedCommand=MaestroCommand(defineVariablesCommand=DefineVariablesCommand(env={MAESTRO_FILENAME=login}, label=null, optional=false)), logMessages=[], insight=Insight(message=, level=NONE))
21:56:51.011 [ INFO] maestro.cli.runner.MaestroCommandRunner.invoke: Define variables COMPLETED
21:56:51.011 [ INFO] maestro.cli.runner.MaestroCommandRunner.invoke: Apply configuration RUNNING
21:56:51.011 [ INFO] maestro.cli.runner.MaestroCommandRunner.invoke: Apply configuration metadata CommandMetadata(numberOfRuns=null, evaluatedCommand=MaestroCommand(applyConfigurationCommand=ApplyConfigurationCommand(config=MaestroConfig(appId=com.example.mobile, name=null, tags=[], ext={}, onFlowStart=null, onFlowComplete=null), label=null, optional=false)), logMessages=[], insight=Insight(message=, level=NONE))
21:56:51.011 [ INFO] maestro.cli.runner.MaestroCommandRunner.invoke: Apply configuration COMPLETED
21:56:51.011 [ INFO] maestro.cli.runner.MaestroCommandRunner.invoke: Launch app "com.example.mobile" with clear state RUNNING
21:56:51.011 [ INFO] maestro.cli.runner.MaestroCommandRunner.invoke: Launch app "com.example.mobile" with clear state metadata CommandMetadata(numberOfRuns=null, evaluatedCommand=MaestroCommand(launchAppCommand=LaunchAppCommand(appId=com.example.mobile, clearState=true, clearKeychain=null, stopApp=null, permissions=null, launchArguments=null, label=null, optional=false)), logMessages=[], insight=Insight(message=, level=NONE))
21:56:51.011 [ INFO] maestro.Maestro.clearAppState: Clearing app state com.example.mobile
21:56:51.869 [ INFO] maestro.Maestro.launchApp: Launching app com.example.mobile
21:56:56.899 [ INFO] maestro.Maestro.takeScreenshot: Taking screenshot
21:56:56.900 [TRACE] maestro.utils.ScreenshotUtils.takeScreenshot: Taking screenshot to output sink
21:56:58.339 [ INFO] maestro.cli.runner.MaestroCommandRunner.invoke: Launch app "com.example.mobile" with clear state FAILED
