15:15:08.018 [ INFO] MAESTRO.logSystemInfo: ---- System Info ----
15:15:08.019 [ INFO] MAESTRO.logSystemInfo: Maestro Version: 1.39.13
15:15:08.020 [ INFO] MAESTRO.logSystemInfo: CI: Undefined
15:15:08.020 [ INFO] MAESTRO.logSystemInfo: OS Name: Mac OS X
15:15:08.020 [ INFO] MAESTRO.logSystemInfo: OS Version: 26.1
15:15:08.020 [ INFO] MAESTRO.logSystemInfo: Architecture: aarch64
15:15:08.020 [ INFO] MAESTRO.logSystemInfo: Java Version: 21
15:15:08.037 [ INFO] MAESTRO.logSystemInfo: Xcode Version: null
15:15:08.748 [ INFO] MAESTRO.logSystemInfo: Flutter Version: 3.24.5
15:15:09.431 [ INFO] MAESTRO.logSystemInfo: Flutter Channel: stable
15:15:09.431 [ INFO] MAESTRO.logSystemInfo: ---------------------
15:15:09.798 [ INFO] maestro.cli.command.TestCommand.runShardSuite: [shard 1] Selected device emulator-5554 using port 7001
15:15:21.493 [ INFO] maestro.Maestro.invoke: Getting device info
15:15:21.713 [ INFO] maestro.Maestro.invoke: Got device info: DeviceInfo(platform=ANDROID, widthPixels=1080, heightPixels=2400, widthGrid=1080, heightGrid=2400)
15:15:21.787 [ INFO] maestro.cli.runner.MaestroCommandRunner.invoke: Define variables RUNNING
15:15:21.788 [ INFO] maestro.cli.runner.MaestroCommandRunner.invoke: Define variables metadata CommandMetadata(numberOfRuns=null, evaluatedCommand=MaestroCommand(defineVariablesCommand=DefineVariablesCommand(env={MAESTRO_FILENAME=login}, label=null, optional=false)), logMessages=[], insight=Insight(message=, level=NONE))
15:15:21.789 [ INFO] maestro.cli.runner.MaestroCommandRunner.invoke: Define variables COMPLETED
15:15:21.790 [ INFO] maestro.cli.runner.MaestroCommandRunner.invoke: Apply configuration RUNNING
15:15:21.790 [ INFO] maestro.cli.runner.MaestroCommandRunner.invoke: Apply configuration metadata CommandMetadata(numberOfRuns=null, evaluatedCommand=MaestroCommand(applyConfigurationCommand=ApplyConfigurationCommand(config=MaestroConfig(appId=com.example.mobile, name=null, tags=[], ext={}, onFlowStart=null, onFlowComplete=null), label=null, optional=false)), logMessages=[], insight=Insight(message=, level=NONE))
15:15:21.790 [ INFO] maestro.cli.runner.MaestroCommandRunner.invoke: Apply configuration COMPLETED
15:15:21.790 [ INFO] maestro.cli.runner.MaestroCommandRunner.invoke: Launch app "com.example.mobile" with clear state RUNNING
15:15:21.790 [ INFO] maestro.cli.runner.MaestroCommandRunner.invoke: Launch app "com.example.mobile" with clear state metadata CommandMetadata(numberOfRuns=null, evaluatedCommand=MaestroCommand(launchAppCommand=LaunchAppCommand(appId=com.example.mobile, clearState=true, clearKeychain=null, stopApp=null, permissions=null, launchArguments=null, label=null, optional=false)), logMessages=[], insight=Insight(message=, level=NONE))
15:15:21.790 [ INFO] maestro.Maestro.clearAppState: Clearing app state com.example.mobile
15:15:24.107 [ INFO] maestro.Maestro.launchApp: Launching app com.example.mobile
15:15:24.568 [ INFO] maestro.cli.runner.MaestroCommandRunner.invoke: Launch app "com.example.mobile" with clear state COMPLETED
15:15:24.569 [ INFO] maestro.cli.runner.MaestroCommandRunner.invoke: Run includes/login-as-test-user.yaml RUNNING
15:15:24.570 [ INFO] maestro.cli.runner.MaestroCommandRunner.invoke: Run includes/login-as-test-user.yaml metadata CommandMetadata(numberOfRuns=null, evaluatedCommand=MaestroCommand(runFlowCommand=RunFlowCommand(commands=[MaestroCommand(applyConfigurationCommand=ApplyConfigurationCommand(config=MaestroConfig(appId=com.example.mobile, name=null, tags=[], ext={}, onFlowStart=null, onFlowComplete=null), label=null, optional=false)), MaestroCommand(assertConditionCommand=AssertConditionCommand(condition=Condition(platform=null, visible=ElementSelector(textRegex=欢迎使用 Social World, idRegex=null, size=null, below=null, above=null, leftOf=null, rightOf=null, containsChild=null, containsDescendants=null, traits=null, index=null, enabled=null, optional=false, selected=null, checked=null, focused=null, childOf=null), notVisible=null, scriptCondition=null, label=null), timeout=30000, label=null, optional=false)), MaestroCommand(assertConditionCommand=AssertConditionCommand(condition=Condition(platform=null, visible=ElementSelector(textRegex=手机号一键登录, idRegex=null, size=null, below=null, above=null, leftOf=null, rightOf=null, containsChild=null, containsDescendants=null, traits=null, index=null, enabled=null, optional=false, selected=null, checked=null, focused=null, childOf=null), notVisible=null, scriptCondition=null, label=null), timeout=null, label=null, optional=false)), MaestroCommand(tapOnElementCommand=TapOnElementCommand(selector=ElementSelector(textRegex=手机号, idRegex=null, size=null, below=null, above=null, leftOf=null, rightOf=null, containsChild=null, containsDescendants=null, traits=null, index=null, enabled=null, optional=false, selected=null, checked=null, focused=null, childOf=null), retryIfNoChange=true, waitUntilVisible=false, longPress=false, repeat=null, waitToSettleTimeoutMs=null, label=null, optional=false)), MaestroCommand(inputTextCommand=InputTextCommand(text=13800138000, label=null, optional=false)), MaestroCommand(tapOnElementCommand=TapOnElementCommand(selector=ElementSelector(textRegex=获取验证码, idRegex=null, size=null, below=null, above=null, leftOf=null, rightOf=null, containsChild=null, containsDescendants=null, traits=null, index=null, enabled=null, optional=false, selected=null, checked=null, focused=null, childOf=null), retryIfNoChange=true, waitUntilVisible=false, longPress=false, repeat=null, waitToSettleTimeoutMs=null, label=null, optional=false)), MaestroCommand(tapOnElementCommand=TapOnElementCommand(selector=ElementSelector(textRegex=验证码, idRegex=null, size=null, below=null, above=null, leftOf=null, rightOf=null, containsChild=null, containsDescendants=null, traits=null, index=null, enabled=null, optional=false, selected=null, checked=null, focused=null, childOf=null), retryIfNoChange=true, waitUntilVisible=false, longPress=false, repeat=null, waitToSettleTimeoutMs=null, label=null, optional=false)), MaestroCommand(inputTextCommand=InputTextCommand(text=123456, label=null, optional=false)), MaestroCommand(hideKeyboardCommand=HideKeyboardCommand()), MaestroCommand(tapOnElementCommand=TapOnElementCommand(selector=ElementSelector(textRegex=登录, idRegex=null, size=null, below=null, above=null, leftOf=null, rightOf=null, containsChild=null, containsDescendants=null, traits=null, index=null, enabled=null, optional=false, selected=null, checked=null, focused=null, childOf=null), retryIfNoChange=true, waitUntilVisible=false, longPress=false, repeat=null, waitToSettleTimeoutMs=null, label=null, optional=false))], condition=null, sourceDescription=includes/login-as-test-user.yaml, config=MaestroConfig(appId=com.example.mobile, name=null, tags=[], ext={}, onFlowStart=null, onFlowComplete=null), label=null, optional=false)), logMessages=[], insight=Insight(message=, level=NONE))
15:15:24.571 [ INFO] maestro.cli.runner.MaestroCommandRunner.invoke: Apply configuration RUNNING
15:15:24.571 [ INFO] maestro.cli.runner.MaestroCommandRunner.invoke: Apply configuration metadata CommandMetadata(numberOfRuns=null, evaluatedCommand=MaestroCommand(applyConfigurationCommand=ApplyConfigurationCommand(config=MaestroConfig(appId=com.example.mobile, name=null, tags=[], ext={}, onFlowStart=null, onFlowComplete=null), label=null, optional=false)), logMessages=[], insight=Insight(message=, level=NONE))
15:15:24.571 [ INFO] maestro.cli.runner.MaestroCommandRunner.invoke: Apply configuration COMPLETED
15:15:24.571 [ INFO] maestro.cli.runner.MaestroCommandRunner.invoke: Assert that "欢迎使用 Social World" is visible RUNNING
15:15:24.572 [ INFO] maestro.cli.runner.MaestroCommandRunner.invoke: Assert that "欢迎使用 Social World" is visible metadata CommandMetadata(numberOfRuns=null, evaluatedCommand=MaestroCommand(assertConditionCommand=AssertConditionCommand(condition=Condition(platform=null, visible=ElementSelector(textRegex=欢迎使用 Social World, idRegex=null, size=null, below=null, above=null, leftOf=null, rightOf=null, containsChild=null, containsDescendants=null, traits=null, index=null, enabled=null, optional=false, selected=null, checked=null, focused=null, childOf=null), notVisible=null, scriptCondition=null, label=null), timeout=30000, label=null, optional=false)), logMessages=[], insight=Insight(message=, level=NONE))
15:15:41.753 [ INFO] maestro.cli.runner.MaestroCommandRunner.invoke: Assert that "欢迎使用 Social World" is visible COMPLETED
15:15:41.760 [ INFO] maestro.cli.runner.MaestroCommandRunner.invoke: Assert that "手机号一键登录" is visible RUNNING
15:15:41.763 [ INFO] maestro.cli.runner.MaestroCommandRunner.invoke: Assert that "手机号一键登录" is visible metadata CommandMetadata(numberOfRuns=null, evaluatedCommand=MaestroCommand(assertConditionCommand=AssertConditionCommand(condition=Condition(platform=null, visible=ElementSelector(textRegex=手机号一键登录, idRegex=null, size=null, below=null, above=null, leftOf=null, rightOf=null, containsChild=null, containsDescendants=null, traits=null, index=null, enabled=null, optional=false, selected=null, checked=null, focused=null, childOf=null), notVisible=null, scriptCondition=null, label=null), timeout=null, label=null, optional=false)), logMessages=[], insight=Insight(message=, level=NONE))
15:15:42.000 [ INFO] maestro.cli.runner.MaestroCommandRunner.invoke: Assert that "手机号一键登录" is visible COMPLETED
15:15:42.001 [ INFO] maestro.cli.runner.MaestroCommandRunner.invoke: Tap on "手机号" RUNNING
15:15:42.002 [ INFO] maestro.cli.runner.MaestroCommandRunner.invoke: Tap on "手机号" metadata CommandMetadata(numberOfRuns=null, evaluatedCommand=MaestroCommand(tapOnElementCommand=TapOnElementCommand(selector=ElementSelector(textRegex=手机号, idRegex=null, size=null, below=null, above=null, leftOf=null, rightOf=null, containsChild=null, containsDescendants=null, traits=null, index=null, enabled=null, optional=false, selected=null, checked=null, focused=null, childOf=null), retryIfNoChange=true, waitUntilVisible=false, longPress=false, repeat=null, waitToSettleTimeoutMs=null, label=null, optional=false)), logMessages=[], insight=Insight(message=, level=NONE))
15:15:42.256 [ INFO] maestro.Maestro.tap-BUbHBYE: Tapping on element:  UiElement(treeNode=TreeNode(attributes={text=, accessibilityText=, hintText=手机号, ignoreBoundsFiltering=false, resource-id=, clickable=true, bounds=[42,677][1038,809], enabled=true, focused=false, checked=false, scrollable=false, selected=false, class=android.widget.EditText}, children=[], clickable=true, enabled=true, focused=false, checked=false, selected=false), bounds=Bounds(x=42, y=677, width=996, height=132))
15:15:43.404 [ INFO] maestro.Maestro.tap-BUbHBYE: Refreshed element
15:15:43.406 [ INFO] maestro.Maestro.hierarchyBasedTap-hbl3e4M: Tapping at (540, 743) using hierarchy based logic for wait
15:15:43.407 [TRACE] maestro.utils.ScreenshotUtils.takeScreenshot: Taking screenshot to byte array
15:15:43.407 [TRACE] maestro.utils.ScreenshotUtils.takeScreenshot: Taking screenshot to output sink
15:15:46.598 [ INFO] maestro.Maestro.hierarchyBasedTap-hbl3e4M: Something have changed in the UI judging by view hierarchy. Proceed.
15:15:46.598 [ INFO] maestro.cli.runner.MaestroCommandRunner.invoke: Tap on "手机号" COMPLETED
15:15:46.598 [ INFO] maestro.cli.runner.MaestroCommandRunner.invoke: Input text 13800138000 RUNNING
15:15:46.599 [ INFO] maestro.cli.runner.MaestroCommandRunner.invoke: Input text 13800138000 metadata CommandMetadata(numberOfRuns=null, evaluatedCommand=MaestroCommand(inputTextCommand=InputTextCommand(text=13800138000, label=null, optional=false)), logMessages=[], insight=Insight(message=, level=NONE))
15:15:46.599 [ INFO] maestro.Maestro.inputText: Inputting text: 13800138000
15:15:48.697 [ INFO] maestro.cli.runner.MaestroCommandRunner.invoke: Input text 13800138000 COMPLETED
15:15:48.698 [ INFO] maestro.cli.runner.MaestroCommandRunner.invoke: Tap on "获取验证码" RUNNING
15:15:48.699 [ INFO] maestro.cli.runner.MaestroCommandRunner.invoke: Tap on "获取验证码" metadata CommandMetadata(numberOfRuns=null, evaluatedCommand=MaestroCommand(tapOnElementCommand=TapOnElementCommand(selector=ElementSelector(textRegex=获取验证码, idRegex=null, size=null, below=null, above=null, leftOf=null, rightOf=null, containsChild=null, containsDescendants=null, traits=null, index=null, enabled=null, optional=false, selected=null, checked=null, focused=null, childOf=null), retryIfNoChange=true, waitUntilVisible=false, longPress=false, repeat=null, waitToSettleTimeoutMs=null, label=null, optional=false)), logMessages=[], insight=Insight(message=, level=NONE))
15:15:48.776 [ INFO] maestro.Maestro.tap-BUbHBYE: Tapping on element:  UiElement(treeNode=TreeNode(attributes={text=, accessibilityText=获取验证码, hintText=, ignoreBoundsFiltering=false, resource-id=, clickable=true, bounds=[720,851][1038,998], enabled=true, focused=false, checked=false, scrollable=false, selected=false, class=android.widget.Button}, children=[], clickable=true, enabled=true, focused=false, checked=false, selected=false), bounds=Bounds(x=720, y=851, width=318, height=147))
15:15:49.904 [ INFO] maestro.Maestro.tap-BUbHBYE: Refreshed element
15:15:49.905 [ INFO] maestro.Maestro.hierarchyBasedTap-hbl3e4M: Tapping at (879, 924) using hierarchy based logic for wait
15:15:49.905 [TRACE] maestro.utils.ScreenshotUtils.takeScreenshot: Taking screenshot to byte array
15:15:49.905 [TRACE] maestro.utils.ScreenshotUtils.takeScreenshot: Taking screenshot to output sink
15:15:51.117 [ INFO] maestro.Maestro.hierarchyBasedTap-hbl3e4M: Something have changed in the UI judging by view hierarchy. Proceed.
15:15:51.117 [ INFO] maestro.cli.runner.MaestroCommandRunner.invoke: Tap on "获取验证码" COMPLETED
15:15:51.117 [ INFO] maestro.cli.runner.MaestroCommandRunner.invoke: Tap on "验证码" RUNNING
15:15:51.117 [ INFO] maestro.cli.runner.MaestroCommandRunner.invoke: Tap on "验证码" metadata CommandMetadata(numberOfRuns=null, evaluatedCommand=MaestroCommand(tapOnElementCommand=TapOnElementCommand(selector=ElementSelector(textRegex=验证码, idRegex=null, size=null, below=null, above=null, leftOf=null, rightOf=null, containsChild=null, containsDescendants=null, traits=null, index=null, enabled=null, optional=false, selected=null, checked=null, focused=null, childOf=null), retryIfNoChange=true, waitUntilVisible=false, longPress=false, repeat=null, waitToSettleTimeoutMs=null, label=null, optional=false)), logMessages=[], insight=Insight(message=, level=NONE))
15:15:51.137 [ INFO] maestro.Maestro.tap-BUbHBYE: Tapping on element:  UiElement(treeNode=TreeNode(attributes={text=, accessibilityText=, hintText=验证码, ignoreBoundsFiltering=false, resource-id=, clickable=true, bounds=[42,861][678,987], enabled=true, focused=false, checked=false, scrollable=false, selected=false, class=android.widget.EditText}, children=[], clickable=true, enabled=true, focused=false, checked=false, selected=false), bounds=Bounds(x=42, y=861, width=636, height=126))
15:15:52.244 [ INFO] maestro.Maestro.tap-BUbHBYE: Refreshed element
15:15:52.245 [ INFO] maestro.Maestro.hierarchyBasedTap-hbl3e4M: Tapping at (360, 924) using hierarchy based logic for wait
15:15:52.245 [TRACE] maestro.utils.ScreenshotUtils.takeScreenshot: Taking screenshot to byte array
15:15:52.245 [TRACE] maestro.utils.ScreenshotUtils.takeScreenshot: Taking screenshot to output sink
15:15:54.283 [ INFO] maestro.Maestro.hierarchyBasedTap-hbl3e4M: Something have changed in the UI judging by view hierarchy. Proceed.
15:15:54.284 [ INFO] maestro.cli.runner.MaestroCommandRunner.invoke: Tap on "验证码" COMPLETED
15:15:54.284 [ INFO] maestro.cli.runner.MaestroCommandRunner.invoke: Input text 123456 RUNNING
15:15:54.284 [ INFO] maestro.cli.runner.MaestroCommandRunner.invoke: Input text 123456 metadata CommandMetadata(numberOfRuns=null, evaluatedCommand=MaestroCommand(inputTextCommand=InputTextCommand(text=123456, label=null, optional=false)), logMessages=[], insight=Insight(message=, level=NONE))
15:15:54.284 [ INFO] maestro.Maestro.inputText: Inputting text: 123456
15:15:55.422 [ INFO] maestro.cli.runner.MaestroCommandRunner.invoke: Input text 123456 COMPLETED
15:15:55.423 [ INFO] maestro.cli.runner.MaestroCommandRunner.invoke: Hide Keyboard RUNNING
15:15:55.423 [ INFO] maestro.cli.runner.MaestroCommandRunner.invoke: Hide Keyboard metadata CommandMetadata(numberOfRuns=null, evaluatedCommand=MaestroCommand(hideKeyboardCommand=HideKeyboardCommand()), logMessages=[], insight=Insight(message=, level=NONE))
15:15:55.424 [ INFO] maestro.Maestro.hideKeyboard: Hiding Keyboard
15:15:56.376 [ INFO] maestro.cli.runner.MaestroCommandRunner.invoke: Hide Keyboard COMPLETED
15:15:56.376 [ INFO] maestro.cli.runner.MaestroCommandRunner.invoke: Tap on "登录" RUNNING
15:15:56.377 [ INFO] maestro.cli.runner.MaestroCommandRunner.invoke: Tap on "登录" metadata CommandMetadata(numberOfRuns=null, evaluatedCommand=MaestroCommand(tapOnElementCommand=TapOnElementCommand(selector=ElementSelector(textRegex=登录, idRegex=null, size=null, below=null, above=null, leftOf=null, rightOf=null, containsChild=null, containsDescendants=null, traits=null, index=null, enabled=null, optional=false, selected=null, checked=null, focused=null, childOf=null), retryIfNoChange=true, waitUntilVisible=false, longPress=false, repeat=null, waitToSettleTimeoutMs=null, label=null, optional=false)), logMessages=[], insight=Insight(message=, level=NONE))
15:15:56.939 [ INFO] maestro.Maestro.tap-BUbHBYE: Tapping on element:  UiElement(treeNode=TreeNode(attributes={text=, accessibilityText=登录, hintText=, ignoreBoundsFiltering=false, resource-id=, clickable=true, bounds=[42,1082][1038,1208], enabled=true, focused=false, checked=false, scrollable=false, selected=false, class=android.widget.Button}, children=[], clickable=true, enabled=true, focused=false, checked=false, selected=false), bounds=Bounds(x=42, y=1082, width=996, height=126))
15:16:06.244 [ INFO] maestro.Maestro.tap-BUbHBYE: Refreshed element
15:16:06.246 [ INFO] maestro.Maestro.hierarchyBasedTap-hbl3e4M: Tapping at (540, 1145) using hierarchy based logic for wait
15:16:06.246 [TRACE] maestro.utils.ScreenshotUtils.takeScreenshot: Taking screenshot to byte array
15:16:06.246 [TRACE] maestro.utils.ScreenshotUtils.takeScreenshot: Taking screenshot to output sink
15:16:08.127 [ INFO] maestro.Maestro.hierarchyBasedTap-hbl3e4M: Something have changed in the UI judging by view hierarchy. Proceed.
15:16:08.127 [ INFO] maestro.cli.runner.MaestroCommandRunner.invoke: Tap on "登录" COMPLETED
15:16:08.128 [ INFO] maestro.cli.runner.MaestroCommandRunner.invoke: Run includes/login-as-test-user.yaml COMPLETED
15:16:08.128 [ INFO] maestro.cli.runner.MaestroCommandRunner.invoke: Assert that "手机号一键登录" is not visible RUNNING
15:16:08.129 [ INFO] maestro.cli.runner.MaestroCommandRunner.invoke: Assert that "手机号一键登录" is not visible metadata CommandMetadata(numberOfRuns=null, evaluatedCommand=MaestroCommand(assertConditionCommand=AssertConditionCommand(condition=Condition(platform=null, visible=null, notVisible=ElementSelector(textRegex=手机号一键登录, idRegex=null, size=null, below=null, above=null, leftOf=null, rightOf=null, containsChild=null, containsDescendants=null, traits=null, index=null, enabled=null, optional=false, selected=null, checked=null, focused=null, childOf=null), scriptCondition=null, label=null), timeout=null, label=null, optional=false)), logMessages=[], insight=Insight(message=, level=NONE))
15:16:25.249 [ INFO] maestro.Maestro.takeScreenshot: Taking screenshot
15:16:25.249 [TRACE] maestro.utils.ScreenshotUtils.takeScreenshot: Taking screenshot to output sink
15:16:25.468 [ INFO] maestro.cli.runner.MaestroCommandRunner.invoke: Assert that "手机号一键登录" is not visible FAILED
15:16:25.733 [ERROR] maestro.cli.session.MaestroSessionManager.newSession$lambda$0: Failed to record heartbeat
java.lang.InterruptedException: sleep interrupted
	at java.base/java.lang.Thread.sleep0(Native Method)
	at java.base/java.lang.Thread.sleep(Thread.java:509)
	at maestro.cli.session.MaestroSessionManager.newSession$lambda$0(MaestroSessionManager.kt:75)
	at java.base/java.util.concurrent.Executors$RunnableAdapter.call(Executors.java:572)
	at java.base/java.util.concurrent.FutureTask.runAndReset(FutureTask.java:358)
	at java.base/java.util.concurrent.ScheduledThreadPoolExecutor$ScheduledFutureTask.run(ScheduledThreadPoolExecutor.java:305)
	at java.base/java.util.concurrent.ThreadPoolExecutor.runWorker(ThreadPoolExecutor.java:1144)
	at java.base/java.util.concurrent.ThreadPoolExecutor$Worker.run(ThreadPoolExecutor.java:642)
	at java.base/java.lang.Thread.run(Thread.java:1583)
