09:42:57.780 [ INFO] MAESTRO.logSystemInfo: ---- System Info ----
09:42:57.781 [ INFO] MAESTRO.logSystemInfo: Maestro Version: 1.39.13
09:42:57.781 [ INFO] MAESTRO.logSystemInfo: CI: Undefined
09:42:57.781 [ INFO] MAESTRO.logSystemInfo: OS Name: Mac OS X
09:42:57.781 [ INFO] MAESTRO.logSystemInfo: OS Version: 26.1
09:42:57.781 [ INFO] MAESTRO.logSystemInfo: Architecture: aarch64
09:42:57.782 [ INFO] MAESTRO.logSystemInfo: Java Version: 21
09:42:57.792 [ INFO] MAESTRO.logSystemInfo: Xcode Version: null
09:42:57.902 [DEBUG] io.micrometer.common.util.internal.logging.InternalLoggerFactory.newDefaultFactory: Using SLF4J as the default logging framework
09:42:58.199 [ INFO] MAESTRO.logSystemInfo: Flutter Version: 3.24.5
09:42:58.567 [ INFO] MAESTRO.logSystemInfo: Flutter Channel: stable
09:42:58.567 [ INFO] MAESTRO.logSystemInfo: ---------------------
09:42:58.858 [ INFO] maestro.orchestra.workspace.WorkspaceExecutionPlanner.plan: Created execution plan: ExecutionPlan(flowsToRun=[/Users/insulate/Desktop/social-world/.maestro/flows/auth/login.yaml, /Users/insulate/Desktop/social-world/.maestro/flows/profile/setup.yaml, /Users/insulate/Desktop/social-world/.maestro/flows/devtools/open_drawer.yaml, /Users/insulate/Desktop/social-world/.maestro/flows/devtools/edit_server_url.yaml], sequence=FlowSequence(flows=[], continueOnFailure=null))
09:42:58.923 [ INFO] maestro.cli.command.TestCommand.runShardSuite: [shard 1] Selected device emulator-5556 using port 7001
09:43:00.687 [ INFO] maestro.Maestro.invoke: Getting device info
09:43:00.874 [ INFO] maestro.Maestro.invoke: Got device info: DeviceInfo(platform=ANDROID, widthPixels=1080, heightPixels=2400, widthGrid=1080, heightGrid=2400)
09:43:00.926 [ INFO] maestro.cli.runner.TestSuiteInteractor.invoke: Define variables RUNNING
09:43:00.929 [ INFO] maestro.cli.runner.TestSuiteInteractor.invoke: Define variables COMPLETED
09:43:00.929 [ INFO] maestro.cli.runner.TestSuiteInteractor.invoke: Apply configuration RUNNING
09:43:00.929 [ INFO] maestro.cli.runner.TestSuiteInteractor.invoke: Apply configuration COMPLETED
09:43:00.929 [ INFO] maestro.cli.runner.TestSuiteInteractor.invoke: Launch app "com.example.mobile" RUNNING
09:43:01.330 [ INFO] maestro.Maestro.launchApp: Launching app com.example.mobile
09:43:01.406 [ INFO] maestro.cli.runner.TestSuiteInteractor.invoke: Launch app "com.example.mobile" COMPLETED
09:43:01.406 [ INFO] maestro.cli.runner.TestSuiteInteractor.invoke: Run includes/login-as-test-user.yaml RUNNING
09:43:01.407 [ INFO] maestro.cli.runner.TestSuiteInteractor.invoke: Apply configuration RUNNING
09:43:01.407 [ INFO] maestro.cli.runner.TestSuiteInteractor.invoke: Apply configuration COMPLETED
09:43:01.407 [ INFO] maestro.cli.runner.TestSuiteInteractor.invoke: Assert that "欢迎使用 Social World" is visible RUNNING
09:43:03.497 [ INFO] maestro.cli.runner.TestSuiteInteractor.invoke: Assert that "欢迎使用 Social World" is visible COMPLETED
09:43:03.498 [ INFO] maestro.cli.runner.TestSuiteInteractor.invoke: Assert that "手机号一键登录" is visible RUNNING
09:43:03.944 [ INFO] maestro.cli.runner.TestSuiteInteractor.invoke: Assert that "手机号一键登录" is visible COMPLETED
09:43:03.944 [ INFO] maestro.cli.runner.TestSuiteInteractor.invoke: Tap on "手机号" RUNNING
09:43:04.000 [ INFO] maestro.Maestro.tap-BUbHBYE: Tapping on element:  UiElement(treeNode=TreeNode(attributes={text=, accessibilityText=, hintText=手机号, ignoreBoundsFiltering=false, resource-id=, clickable=true, bounds=[42,677][1038,809], enabled=true, focused=false, checked=false, scrollable=false, selected=false, class=android.widget.EditText}, children=[], clickable=true, enabled=true, focused=false, checked=false, selected=false), bounds=Bounds(x=42, y=677, width=996, height=132))
09:43:05.072 [ INFO] maestro.Maestro.tap-BUbHBYE: Refreshed element
09:43:05.073 [ INFO] maestro.Maestro.hierarchyBasedTap-hbl3e4M: Tapping at (540, 743) using hierarchy based logic for wait
09:43:05.073 [TRACE] maestro.utils.ScreenshotUtils.takeScreenshot: Taking screenshot to byte array
09:43:05.073 [TRACE] maestro.utils.ScreenshotUtils.takeScreenshot: Taking screenshot to output sink
09:43:06.821 [ INFO] maestro.Maestro.hierarchyBasedTap-hbl3e4M: Something have changed in the UI judging by view hierarchy. Proceed.
09:43:06.821 [ INFO] maestro.cli.runner.TestSuiteInteractor.invoke: Tap on "手机号" COMPLETED
09:43:06.821 [ INFO] maestro.cli.runner.TestSuiteInteractor.invoke: Input text 13800138000 RUNNING
09:43:06.822 [ INFO] maestro.Maestro.inputText: Inputting text: 13800138000
09:43:08.841 [ INFO] maestro.cli.runner.TestSuiteInteractor.invoke: Input text 13800138000 COMPLETED
09:43:08.841 [ INFO] maestro.cli.runner.TestSuiteInteractor.invoke: Tap on "获取验证码" RUNNING
09:43:08.897 [ INFO] maestro.Maestro.tap-BUbHBYE: Tapping on element:  UiElement(treeNode=TreeNode(attributes={text=, accessibilityText=获取验证码, hintText=, ignoreBoundsFiltering=false, resource-id=, clickable=true, bounds=[720,851][1038,998], enabled=true, focused=false, checked=false, scrollable=false, selected=false, class=android.widget.Button}, children=[], clickable=true, enabled=true, focused=false, checked=false, selected=false), bounds=Bounds(x=720, y=851, width=318, height=147))
09:43:10.082 [ INFO] maestro.Maestro.tap-BUbHBYE: Refreshed element
09:43:10.082 [ INFO] maestro.Maestro.hierarchyBasedTap-hbl3e4M: Tapping at (879, 924) using hierarchy based logic for wait
09:43:10.082 [TRACE] maestro.utils.ScreenshotUtils.takeScreenshot: Taking screenshot to byte array
09:43:10.082 [TRACE] maestro.utils.ScreenshotUtils.takeScreenshot: Taking screenshot to output sink
09:43:11.145 [ INFO] maestro.Maestro.hierarchyBasedTap-hbl3e4M: Something have changed in the UI judging by view hierarchy. Proceed.
09:43:11.146 [ INFO] maestro.cli.runner.TestSuiteInteractor.invoke: Tap on "获取验证码" COMPLETED
09:43:11.146 [ INFO] maestro.cli.runner.TestSuiteInteractor.invoke: Tap on "验证码" RUNNING
09:43:11.196 [ INFO] maestro.Maestro.tap-BUbHBYE: Tapping on element:  UiElement(treeNode=TreeNode(attributes={text=, accessibilityText=, hintText=验证码, ignoreBoundsFiltering=false, resource-id=, clickable=true, bounds=[42,861][678,987], enabled=true, focused=false, checked=false, scrollable=false, selected=false, class=android.widget.EditText}, children=[], clickable=true, enabled=true, focused=false, checked=false, selected=false), bounds=Bounds(x=42, y=861, width=636, height=126))
09:43:12.236 [ INFO] maestro.Maestro.tap-BUbHBYE: Refreshed element
09:43:12.237 [ INFO] maestro.Maestro.hierarchyBasedTap-hbl3e4M: Tapping at (360, 924) using hierarchy based logic for wait
09:43:12.237 [TRACE] maestro.utils.ScreenshotUtils.takeScreenshot: Taking screenshot to byte array
09:43:12.237 [TRACE] maestro.utils.ScreenshotUtils.takeScreenshot: Taking screenshot to output sink
09:43:13.268 [ INFO] maestro.Maestro.hierarchyBasedTap-hbl3e4M: Something have changed in the UI judging by view hierarchy. Proceed.
09:43:13.269 [ INFO] maestro.cli.runner.TestSuiteInteractor.invoke: Tap on "验证码" COMPLETED
09:43:13.269 [ INFO] maestro.cli.runner.TestSuiteInteractor.invoke: Input text 123456 RUNNING
09:43:13.269 [ INFO] maestro.Maestro.inputText: Inputting text: 123456
09:43:15.007 [ INFO] maestro.cli.runner.TestSuiteInteractor.invoke: Input text 123456 COMPLETED
09:43:15.007 [ INFO] maestro.cli.runner.TestSuiteInteractor.invoke: Hide Keyboard RUNNING
09:43:15.007 [ INFO] maestro.Maestro.hideKeyboard: Hiding Keyboard
09:43:15.990 [ INFO] maestro.cli.runner.TestSuiteInteractor.invoke: Hide Keyboard COMPLETED
09:43:15.991 [ INFO] maestro.cli.runner.TestSuiteInteractor.invoke: Tap on "登录" RUNNING
09:43:16.088 [ INFO] maestro.Maestro.tap-BUbHBYE: Tapping on element:  UiElement(treeNode=TreeNode(attributes={text=, accessibilityText=登录, hintText=, ignoreBoundsFiltering=false, resource-id=, clickable=true, bounds=[42,1082][1038,1208], enabled=true, focused=false, checked=false, scrollable=false, selected=false, class=android.widget.Button}, children=[], clickable=true, enabled=true, focused=false, checked=false, selected=false), bounds=Bounds(x=42, y=1082, width=996, height=126))
09:43:17.246 [ INFO] maestro.Maestro.tap-BUbHBYE: Refreshed element
09:43:17.247 [ INFO] maestro.Maestro.hierarchyBasedTap-hbl3e4M: Tapping at (540, 1145) using hierarchy based logic for wait
09:43:17.247 [TRACE] maestro.utils.ScreenshotUtils.takeScreenshot: Taking screenshot to byte array
09:43:17.247 [TRACE] maestro.utils.ScreenshotUtils.takeScreenshot: Taking screenshot to output sink
09:43:18.226 [ INFO] maestro.Maestro.hierarchyBasedTap-hbl3e4M: Something have changed in the UI judging by view hierarchy. Proceed.
09:43:18.226 [ INFO] maestro.cli.runner.TestSuiteInteractor.invoke: Tap on "登录" COMPLETED
09:43:18.226 [ INFO] maestro.cli.runner.TestSuiteInteractor.invoke: Run includes/login-as-test-user.yaml COMPLETED
09:43:18.412 [ INFO] maestro.cli.runner.TestSuiteInteractor.invoke: Define variables RUNNING
09:43:18.413 [ INFO] maestro.cli.runner.TestSuiteInteractor.invoke: Define variables COMPLETED
09:43:18.413 [ INFO] maestro.cli.runner.TestSuiteInteractor.invoke: Apply configuration RUNNING
09:43:18.413 [ INFO] maestro.cli.runner.TestSuiteInteractor.invoke: Apply configuration COMPLETED
09:43:18.413 [ INFO] maestro.cli.runner.TestSuiteInteractor.invoke: Launch app "com.example.mobile" RUNNING
09:43:18.983 [ INFO] maestro.Maestro.launchApp: Launching app com.example.mobile
09:43:19.118 [ INFO] maestro.cli.runner.TestSuiteInteractor.invoke: Launch app "com.example.mobile" COMPLETED
09:43:19.119 [ INFO] maestro.cli.runner.TestSuiteInteractor.invoke: Assert that "完善资料" is visible RUNNING
09:43:36.250 [ INFO] maestro.cli.runner.TestSuiteInteractor.invoke: Assert that "完善资料" is visible FAILED
09:43:36.251 [ INFO] maestro.Maestro.takeScreenshot: Taking screenshot
09:43:36.251 [TRACE] maestro.utils.ScreenshotUtils.takeScreenshot: Taking screenshot to output sink
09:43:36.347 [ INFO] maestro.cli.runner.TestSuiteInteractor.invoke: Define variables RUNNING
09:43:36.348 [ INFO] maestro.cli.runner.TestSuiteInteractor.invoke: Define variables COMPLETED
09:43:36.348 [ INFO] maestro.cli.runner.TestSuiteInteractor.invoke: Apply configuration RUNNING
09:43:36.348 [ INFO] maestro.cli.runner.TestSuiteInteractor.invoke: Apply configuration COMPLETED
09:43:36.348 [ INFO] maestro.cli.runner.TestSuiteInteractor.invoke: Launch app "com.example.mobile" RUNNING
09:43:36.648 [ INFO] maestro.Maestro.launchApp: Launching app com.example.mobile
09:43:36.862 [ INFO] maestro.cli.runner.TestSuiteInteractor.invoke: Launch app "com.example.mobile" COMPLETED
09:43:36.862 [ INFO] maestro.cli.runner.TestSuiteInteractor.invoke: Assert that "开发工具" is visible RUNNING
09:43:38.308 [ INFO] maestro.cli.runner.TestSuiteInteractor.invoke: Assert that "开发工具" is visible COMPLETED
09:43:38.308 [ INFO] maestro.cli.runner.TestSuiteInteractor.invoke: Tap on id: dev_tools_toggle_button RUNNING
09:43:38.837 [ INFO] maestro.Maestro.tap-BUbHBYE: Tapping on element:  UiElement(treeNode=TreeNode(attributes={text=, accessibilityText=开发工具, hintText=, ignoreBoundsFiltering=false, resource-id=dev_tools_toggle_button, clickable=true, bounds=[912,1064][1059,1211], enabled=true, focused=false, checked=false, scrollable=false, selected=false, class=android.widget.Button}, children=[], clickable=true, enabled=true, focused=false, checked=false, selected=false), bounds=Bounds(x=912, y=1064, width=147, height=147))
09:43:40.220 [ INFO] maestro.Maestro.tap-BUbHBYE: Refreshed element
09:43:40.220 [ INFO] maestro.Maestro.hierarchyBasedTap-hbl3e4M: Tapping at (985, 1137) using hierarchy based logic for wait
09:43:40.220 [TRACE] maestro.utils.ScreenshotUtils.takeScreenshot: Taking screenshot to byte array
09:43:40.220 [TRACE] maestro.utils.ScreenshotUtils.takeScreenshot: Taking screenshot to output sink
09:43:41.265 [ INFO] maestro.Maestro.hierarchyBasedTap-hbl3e4M: Something have changed in the UI judging by view hierarchy. Proceed.
09:43:41.265 [ INFO] maestro.cli.runner.TestSuiteInteractor.invoke: Tap on id: dev_tools_toggle_button COMPLETED
09:43:41.265 [ INFO] maestro.cli.runner.TestSuiteInteractor.invoke: Assert that "服务器地址" is visible RUNNING
09:43:41.322 [ INFO] maestro.cli.runner.TestSuiteInteractor.invoke: Assert that "服务器地址" is visible COMPLETED
09:43:41.327 [ INFO] maestro.cli.runner.TestSuiteInteractor.invoke: Define variables RUNNING
09:43:41.327 [ INFO] maestro.cli.runner.TestSuiteInteractor.invoke: Define variables COMPLETED
09:43:41.328 [ INFO] maestro.cli.runner.TestSuiteInteractor.invoke: Apply configuration RUNNING
09:43:41.328 [ INFO] maestro.cli.runner.TestSuiteInteractor.invoke: Apply configuration COMPLETED
09:43:41.328 [ INFO] maestro.cli.runner.TestSuiteInteractor.invoke: Launch app "com.example.mobile" RUNNING
09:43:41.627 [ INFO] maestro.Maestro.launchApp: Launching app com.example.mobile
09:43:41.826 [ INFO] maestro.cli.runner.TestSuiteInteractor.invoke: Launch app "com.example.mobile" COMPLETED
09:43:41.826 [ INFO] maestro.cli.runner.TestSuiteInteractor.invoke: Tap on id: dev_tools_toggle_button RUNNING
09:43:43.551 [ INFO] maestro.Maestro.tap-BUbHBYE: Tapping on element:  UiElement(treeNode=TreeNode(attributes={text=, accessibilityText=开发工具, hintText=, ignoreBoundsFiltering=false, resource-id=dev_tools_toggle_button, clickable=true, bounds=[912,1064][1059,1211], enabled=true, focused=false, checked=false, scrollable=false, selected=false, class=android.widget.Button}, children=[], clickable=true, enabled=true, focused=false, checked=false, selected=false), bounds=Bounds(x=912, y=1064, width=147, height=147))
09:43:44.667 [ INFO] maestro.Maestro.tap-BUbHBYE: Refreshed element
09:43:44.667 [ INFO] maestro.Maestro.hierarchyBasedTap-hbl3e4M: Tapping at (985, 1137) using hierarchy based logic for wait
09:43:44.667 [TRACE] maestro.utils.ScreenshotUtils.takeScreenshot: Taking screenshot to byte array
09:43:44.667 [TRACE] maestro.utils.ScreenshotUtils.takeScreenshot: Taking screenshot to output sink
09:43:45.711 [ INFO] maestro.Maestro.hierarchyBasedTap-hbl3e4M: Something have changed in the UI judging by view hierarchy. Proceed.
09:43:45.711 [ INFO] maestro.cli.runner.TestSuiteInteractor.invoke: Tap on id: dev_tools_toggle_button COMPLETED
09:43:45.711 [ INFO] maestro.cli.runner.TestSuiteInteractor.invoke: Assert that "服务器地址" is visible RUNNING
09:43:45.777 [ INFO] maestro.cli.runner.TestSuiteInteractor.invoke: Assert that "服务器地址" is visible COMPLETED
09:43:45.777 [ INFO] maestro.cli.runner.TestSuiteInteractor.invoke: Tap on id: server_base_url_field RUNNING
09:43:45.837 [ INFO] maestro.Maestro.tap-BUbHBYE: Tapping on element:  UiElement(treeNode=TreeNode(attributes={text=, accessibilityText=, hintText=Server Base URL
服务器地址, ignoreBoundsFiltering=false, resource-id=server_base_url_field, clickable=false, bounds=[282,252][1038,806], enabled=true, focused=false, checked=false, scrollable=false, selected=false, class=android.widget.EditText}, children=[TreeNode(attributes={text=http://10.0.2.2:3001/api/v1, accessibilityText=, hintText=服务器地址, ignoreBoundsFiltering=false, resource-id=, clickable=true, bounds=[335,396][986,585], enabled=true, focused=false, checked=false, scrollable=false, selected=false, class=android.widget.EditText}, children=[], clickable=true, enabled=true, focused=false, checked=false, selected=false), TreeNode(attributes={text=, accessibilityText=保存配置, hintText=, ignoreBoundsFiltering=false, resource-id=, clickable=true, bounds=[335,627][986,753], enabled=true, focused=false, checked=false, scrollable=false, selected=false, class=android.widget.Button}, children=[], clickable=true, enabled=true, focused=false, checked=false, selected=false)], clickable=false, enabled=true, focused=false, checked=false, selected=false), bounds=Bounds(x=282, y=252, width=756, height=554))
09:43:46.914 [ INFO] maestro.Maestro.tap-BUbHBYE: Refreshed element
09:43:46.914 [ INFO] maestro.Maestro.hierarchyBasedTap-hbl3e4M: Tapping at (660, 529) using hierarchy based logic for wait
09:43:46.914 [TRACE] maestro.utils.ScreenshotUtils.takeScreenshot: Taking screenshot to byte array
09:43:46.914 [TRACE] maestro.utils.ScreenshotUtils.takeScreenshot: Taking screenshot to output sink
09:43:48.701 [ INFO] maestro.Maestro.hierarchyBasedTap-hbl3e4M: Something have changed in the UI judging by view hierarchy. Proceed.
09:43:48.701 [ INFO] maestro.cli.runner.TestSuiteInteractor.invoke: Tap on id: server_base_url_field COMPLETED
09:43:48.702 [ INFO] maestro.cli.runner.TestSuiteInteractor.invoke: Input text http://192.168.1.100:3000/api/v1 RUNNING
09:43:48.702 [ INFO] maestro.Maestro.inputText: Inputting text: http://192.168.1.100:3000/api/v1
09:43:53.497 [ INFO] maestro.cli.runner.TestSuiteInteractor.invoke: Input text http://192.168.1.100:3000/api/v1 COMPLETED
09:43:53.497 [ INFO] maestro.cli.runner.TestSuiteInteractor.invoke: Tap on "保存配置" RUNNING
09:43:53.592 [ INFO] maestro.Maestro.tap-BUbHBYE: Tapping on element:  UiElement(treeNode=TreeNode(attributes={text=, accessibilityText=保存配置, hintText=, ignoreBoundsFiltering=false, resource-id=, clickable=true, bounds=[335,690][986,816], enabled=true, focused=false, checked=false, scrollable=false, selected=false, class=android.widget.Button}, children=[], clickable=true, enabled=true, focused=false, checked=false, selected=false), bounds=Bounds(x=335, y=690, width=651, height=126))
09:43:54.815 [ INFO] maestro.Maestro.tap-BUbHBYE: Refreshed element
09:43:54.815 [ INFO] maestro.Maestro.hierarchyBasedTap-hbl3e4M: Tapping at (660, 753) using hierarchy based logic for wait
09:43:54.820 [TRACE] maestro.utils.ScreenshotUtils.takeScreenshot: Taking screenshot to byte array
09:43:54.820 [TRACE] maestro.utils.ScreenshotUtils.takeScreenshot: Taking screenshot to output sink
09:43:56.001 [ INFO] maestro.Maestro.hierarchyBasedTap-hbl3e4M: Something have changed in the UI judging by view hierarchy. Proceed.
09:43:56.002 [ INFO] maestro.cli.runner.TestSuiteInteractor.invoke: Tap on "保存配置" COMPLETED
09:43:56.002 [ INFO] maestro.cli.runner.TestSuiteInteractor.invoke: Assert that "保存成功，新配置已生效" is visible RUNNING
09:43:56.085 [ INFO] maestro.cli.runner.TestSuiteInteractor.invoke: Assert that "保存成功，新配置已生效" is visible COMPLETED
09:43:56.085 [ INFO] maestro.cli.runner.TestSuiteInteractor.invoke: Tap on id: server_base_url_field RUNNING
09:43:56.162 [ INFO] maestro.Maestro.tap-BUbHBYE: Tapping on element:  UiElement(treeNode=TreeNode(attributes={text=, accessibilityText=, hintText=Server Base URL
服务器地址, ignoreBoundsFiltering=false, resource-id=server_base_url_field, clickable=false, bounds=[282,252][1038,869], enabled=true, focused=false, checked=false, scrollable=false, selected=false, class=android.widget.EditText}, children=[TreeNode(attributes={text=http://192.168.1.100:3000/api/v1, accessibilityText=, hintText=服务器地址, ignoreBoundsFiltering=false, resource-id=, clickable=true, bounds=[335,396][986,648], enabled=true, focused=true, checked=false, scrollable=false, selected=false, class=android.widget.EditText}, children=[], clickable=true, enabled=true, focused=true, checked=false, selected=false), TreeNode(attributes={text=, accessibilityText=保存配置, hintText=, ignoreBoundsFiltering=false, resource-id=, clickable=true, bounds=[335,690][986,816], enabled=true, focused=false, checked=false, scrollable=false, selected=false, class=android.widget.Button}, children=[], clickable=true, enabled=true, focused=false, checked=false, selected=false)], clickable=false, enabled=true, focused=false, checked=false, selected=false), bounds=Bounds(x=282, y=252, width=756, height=617))
09:43:57.389 [ INFO] maestro.Maestro.tap-BUbHBYE: Refreshed element
09:43:57.389 [ INFO] maestro.Maestro.hierarchyBasedTap-hbl3e4M: Tapping at (660, 560) using hierarchy based logic for wait
09:43:57.389 [TRACE] maestro.utils.ScreenshotUtils.takeScreenshot: Taking screenshot to byte array
09:43:57.389 [TRACE] maestro.utils.ScreenshotUtils.takeScreenshot: Taking screenshot to output sink
09:43:58.320 [TRACE] maestro.utils.ScreenshotUtils.takeScreenshot: Taking screenshot to byte array
09:43:58.320 [TRACE] maestro.utils.ScreenshotUtils.takeScreenshot: Taking screenshot to output sink
09:43:58.920 [ INFO] maestro.Maestro.hierarchyBasedTap-hbl3e4M: Something have changed in the UI judging by screenshot (d=0.0075552734). Proceed.
09:43:58.921 [ INFO] maestro.cli.runner.TestSuiteInteractor.invoke: Tap on id: server_base_url_field COMPLETED
09:43:58.921 [ INFO] maestro.cli.runner.TestSuiteInteractor.invoke: Input text http://example.com:8080/api/v2 RUNNING
09:43:58.921 [ INFO] maestro.Maestro.inputText: Inputting text: http://example.com:8080/api/v2
09:44:04.224 [ INFO] maestro.cli.runner.TestSuiteInteractor.invoke: Input text http://example.com:8080/api/v2 COMPLETED
09:44:04.225 [ INFO] maestro.cli.runner.TestSuiteInteractor.invoke: Tap on "保存配置" RUNNING
09:44:04.302 [ INFO] maestro.Maestro.tap-BUbHBYE: Tapping on element:  UiElement(treeNode=TreeNode(attributes={text=, accessibilityText=保存配置, hintText=, ignoreBoundsFiltering=false, resource-id=, clickable=true, bounds=[335,816][986,942], enabled=true, focused=false, checked=false, scrollable=false, selected=false, class=android.widget.Button}, children=[], clickable=true, enabled=true, focused=false, checked=false, selected=false), bounds=Bounds(x=335, y=816, width=651, height=126))
09:44:05.446 [ INFO] maestro.Maestro.tap-BUbHBYE: Refreshed element
09:44:05.446 [ INFO] maestro.Maestro.hierarchyBasedTap-hbl3e4M: Tapping at (660, 879) using hierarchy based logic for wait
09:44:05.446 [TRACE] maestro.utils.ScreenshotUtils.takeScreenshot: Taking screenshot to byte array
09:44:05.446 [TRACE] maestro.utils.ScreenshotUtils.takeScreenshot: Taking screenshot to output sink
09:44:06.459 [ INFO] maestro.Maestro.hierarchyBasedTap-hbl3e4M: Something have changed in the UI judging by view hierarchy. Proceed.
09:44:06.459 [ INFO] maestro.cli.runner.TestSuiteInteractor.invoke: Tap on "保存配置" COMPLETED
09:44:06.459 [ INFO] maestro.cli.runner.TestSuiteInteractor.invoke: Assert that "保存成功，新配置已生效" is visible RUNNING
09:44:06.499 [ INFO] maestro.cli.runner.TestSuiteInteractor.invoke: Assert that "保存成功，新配置已生效" is visible COMPLETED
09:44:06.499 [ INFO] maestro.cli.runner.TestSuiteInteractor.invoke: Tap on id: server_base_url_field RUNNING
09:44:06.553 [ INFO] maestro.Maestro.tap-BUbHBYE: Tapping on element:  UiElement(treeNode=TreeNode(attributes={text=, accessibilityText=, hintText=Server Base URL
服务器地址, ignoreBoundsFiltering=false, resource-id=server_base_url_field, clickable=false, bounds=[282,252][1038,995], enabled=true, focused=false, checked=false, scrollable=false, selected=false, class=android.widget.EditText}, children=[TreeNode(attributes={text=http://192.168.1.100:3000/api/v1http://example.com:8080/api/v2, accessibilityText=, hintText=服务器地址, ignoreBoundsFiltering=false, resource-id=, clickable=true, bounds=[335,396][986,774], enabled=true, focused=true, checked=false, scrollable=false, selected=false, class=android.widget.EditText}, children=[], clickable=true, enabled=true, focused=true, checked=false, selected=false), TreeNode(attributes={text=, accessibilityText=保存配置, hintText=, ignoreBoundsFiltering=false, resource-id=, clickable=true, bounds=[335,816][986,942], enabled=true, focused=false, checked=false, scrollable=false, selected=false, class=android.widget.Button}, children=[], clickable=true, enabled=true, focused=false, checked=false, selected=false)], clickable=false, enabled=true, focused=false, checked=false, selected=false), bounds=Bounds(x=282, y=252, width=756, height=743))
09:44:07.649 [ INFO] maestro.Maestro.tap-BUbHBYE: Refreshed element
09:44:07.649 [ INFO] maestro.Maestro.hierarchyBasedTap-hbl3e4M: Tapping at (660, 623) using hierarchy based logic for wait
09:44:07.649 [TRACE] maestro.utils.ScreenshotUtils.takeScreenshot: Taking screenshot to byte array
09:44:07.649 [TRACE] maestro.utils.ScreenshotUtils.takeScreenshot: Taking screenshot to output sink
09:44:08.572 [TRACE] maestro.utils.ScreenshotUtils.takeScreenshot: Taking screenshot to byte array
09:44:08.572 [TRACE] maestro.utils.ScreenshotUtils.takeScreenshot: Taking screenshot to output sink
09:44:08.815 [ INFO] maestro.Maestro.hierarchyBasedTap-hbl3e4M: Screenshots are not different enough (d=0.0)
09:44:08.815 [ INFO] maestro.Maestro.hierarchyBasedTap-hbl3e4M: Nothing changed in the UI.
09:44:09.151 [TRACE] maestro.utils.ScreenshotUtils.takeScreenshot: Taking screenshot to byte array
09:44:09.151 [TRACE] maestro.utils.ScreenshotUtils.takeScreenshot: Taking screenshot to output sink
09:44:09.444 [ INFO] maestro.Maestro.hierarchyBasedTap-hbl3e4M: Something have changed in the UI judging by screenshot (d=0.006703028). Proceed.
09:44:09.444 [ INFO] maestro.cli.runner.TestSuiteInteractor.invoke: Tap on id: server_base_url_field COMPLETED
09:44:09.444 [ INFO] maestro.cli.runner.TestSuiteInteractor.invoke: Erase text RUNNING
09:44:09.444 [ INFO] maestro.Maestro.eraseText: Erasing 50 characters
09:44:14.957 [ INFO] maestro.cli.runner.TestSuiteInteractor.invoke: Erase text COMPLETED
09:44:14.958 [ INFO] maestro.cli.runner.TestSuiteInteractor.invoke: Input text http://10.0.2.2:3001/api/v1 RUNNING
09:44:14.958 [ INFO] maestro.Maestro.inputText: Inputting text: http://10.0.2.2:3001/api/v1
09:44:19.261 [ INFO] maestro.cli.runner.TestSuiteInteractor.invoke: Input text http://10.0.2.2:3001/api/v1 COMPLETED
09:44:19.261 [ INFO] maestro.cli.runner.TestSuiteInteractor.invoke: Tap on "保存配置" RUNNING
09:44:19.424 [ INFO] maestro.Maestro.tap-BUbHBYE: Tapping on element:  UiElement(treeNode=TreeNode(attributes={text=, accessibilityText=保存配置, hintText=, ignoreBoundsFiltering=false, resource-id=, clickable=true, bounds=[335,879][986,1005], enabled=true, focused=false, checked=false, scrollable=false, selected=false, class=android.widget.Button}, children=[], clickable=true, enabled=true, focused=false, checked=false, selected=false), bounds=Bounds(x=335, y=879, width=651, height=126))
09:44:20.828 [ INFO] maestro.Maestro.tap-BUbHBYE: Refreshed element
09:44:20.828 [ INFO] maestro.Maestro.hierarchyBasedTap-hbl3e4M: Tapping at (660, 942) using hierarchy based logic for wait
09:44:20.828 [TRACE] maestro.utils.ScreenshotUtils.takeScreenshot: Taking screenshot to byte array
09:44:20.828 [TRACE] maestro.utils.ScreenshotUtils.takeScreenshot: Taking screenshot to output sink
09:44:21.820 [ INFO] maestro.Maestro.hierarchyBasedTap-hbl3e4M: Something have changed in the UI judging by view hierarchy. Proceed.
09:44:21.820 [ INFO] maestro.cli.runner.TestSuiteInteractor.invoke: Tap on "保存配置" COMPLETED
09:44:21.820 [ INFO] maestro.cli.runner.TestSuiteInteractor.invoke: Assert that "保存成功，新配置已生效" is visible RUNNING
09:44:21.908 [ INFO] maestro.cli.runner.TestSuiteInteractor.invoke: Assert that "保存成功，新配置已生效" is visible COMPLETED
