22:53:01.060 [ INFO] MAESTRO.logSystemInfo: ---- System Info ----
22:53:01.061 [ INFO] MAESTRO.logSystemInfo: Maestro Version: 1.39.13
22:53:01.062 [ INFO] MAESTRO.logSystemInfo: CI: Undefined
22:53:01.062 [ INFO] MAESTRO.logSystemInfo: OS Name: Mac OS X
22:53:01.062 [ INFO] MAESTRO.logSystemInfo: OS Version: 26.1
22:53:01.062 [ INFO] MAESTRO.logSystemInfo: Architecture: aarch64
22:53:01.062 [ INFO] MAESTRO.logSystemInfo: Java Version: 21
22:53:01.071 [ INFO] MAESTRO.logSystemInfo: Xcode Version: null
22:53:01.710 [ INFO] MAESTRO.logSystemInfo: Flutter Version: 3.24.5
22:53:02.331 [ INFO] MAESTRO.logSystemInfo: Flutter Channel: stable
22:53:02.332 [ INFO] MAESTRO.logSystemInfo: ---------------------
22:53:02.596 [ INFO] maestro.orchestra.workspace.WorkspaceExecutionPlanner.plan: Created execution plan: ExecutionPlan(flowsToRun=[/Users/insulate/Desktop/social-world/.maestro/flows/auth/login.yaml, /Users/insulate/Desktop/social-world/.maestro/flows/profile/setup.yaml, /Users/insulate/Desktop/social-world/.maestro/flows/devtools/open_drawer.yaml, /Users/insulate/Desktop/social-world/.maestro/flows/devtools/edit_server_url.yaml], sequence=FlowSequence(flows=[], continueOnFailure=null))
22:53:02.652 [ INFO] maestro.cli.command.TestCommand.runShardSuite: [shard 1] Selected device emulator-5556 using port 7001
22:53:04.015 [ INFO] maestro.Maestro.invoke: Getting device info
22:53:04.157 [ INFO] maestro.Maestro.invoke: Got device info: DeviceInfo(platform=ANDROID, widthPixels=1080, heightPixels=2400, widthGrid=1080, heightGrid=2400)
22:53:04.213 [ INFO] maestro.cli.runner.TestSuiteInteractor.invoke: Define variables RUNNING
22:53:04.216 [ INFO] maestro.cli.runner.TestSuiteInteractor.invoke: Define variables COMPLETED
22:53:04.216 [ INFO] maestro.cli.runner.TestSuiteInteractor.invoke: Apply configuration RUNNING
22:53:04.216 [ INFO] maestro.cli.runner.TestSuiteInteractor.invoke: Apply configuration COMPLETED
22:53:04.216 [ INFO] maestro.cli.runner.TestSuiteInteractor.invoke: Launch app "com.example.mobile" RUNNING
22:53:04.685 [ INFO] maestro.Maestro.launchApp: Launching app com.example.mobile
22:53:04.744 [ INFO] maestro.cli.runner.TestSuiteInteractor.invoke: Launch app "com.example.mobile" COMPLETED
22:53:04.745 [ INFO] maestro.cli.runner.TestSuiteInteractor.invoke: Run includes/login-as-test-user.yaml RUNNING
22:53:04.745 [ INFO] maestro.cli.runner.TestSuiteInteractor.invoke: Apply configuration RUNNING
22:53:04.745 [ INFO] maestro.cli.runner.TestSuiteInteractor.invoke: Apply configuration COMPLETED
22:53:04.745 [ INFO] maestro.cli.runner.TestSuiteInteractor.invoke: Assert that "欢迎使用 Social World" is visible RUNNING
22:53:06.501 [ INFO] maestro.cli.runner.TestSuiteInteractor.invoke: Assert that "欢迎使用 Social World" is visible COMPLETED
22:53:06.501 [ INFO] maestro.cli.runner.TestSuiteInteractor.invoke: Assert that "手机号一键登录" is visible RUNNING
22:53:07.010 [ INFO] maestro.cli.runner.TestSuiteInteractor.invoke: Assert that "手机号一键登录" is visible COMPLETED
22:53:07.010 [ INFO] maestro.cli.runner.TestSuiteInteractor.invoke: Tap on "手机号" RUNNING
22:53:07.062 [ INFO] maestro.Maestro.tap-BUbHBYE: Tapping on element:  UiElement(treeNode=TreeNode(attributes={text=, accessibilityText=, hintText=手机号, ignoreBoundsFiltering=false, resource-id=, clickable=true, bounds=[42,677][1038,809], enabled=true, focused=false, checked=false, scrollable=false, selected=false, class=android.widget.EditText}, children=[], clickable=true, enabled=true, focused=false, checked=false, selected=false), bounds=Bounds(x=42, y=677, width=996, height=132))
22:53:08.104 [ INFO] maestro.Maestro.tap-BUbHBYE: Refreshed element
22:53:08.106 [ INFO] maestro.Maestro.hierarchyBasedTap-hbl3e4M: Tapping at (540, 743) using hierarchy based logic for wait
22:53:08.106 [TRACE] maestro.utils.ScreenshotUtils.takeScreenshot: Taking screenshot to byte array
22:53:08.106 [TRACE] maestro.utils.ScreenshotUtils.takeScreenshot: Taking screenshot to output sink
22:53:09.594 [ INFO] maestro.Maestro.hierarchyBasedTap-hbl3e4M: Something have changed in the UI judging by view hierarchy. Proceed.
22:53:09.594 [ INFO] maestro.cli.runner.TestSuiteInteractor.invoke: Tap on "手机号" COMPLETED
22:53:09.594 [ INFO] maestro.cli.runner.TestSuiteInteractor.invoke: Input text 13800138000 RUNNING
22:53:09.594 [ INFO] maestro.Maestro.inputText: Inputting text: 13800138000
22:53:11.516 [ INFO] maestro.cli.runner.TestSuiteInteractor.invoke: Input text 13800138000 COMPLETED
22:53:11.516 [ INFO] maestro.cli.runner.TestSuiteInteractor.invoke: Tap on "获取验证码" RUNNING
22:53:11.592 [ INFO] maestro.Maestro.tap-BUbHBYE: Tapping on element:  UiElement(treeNode=TreeNode(attributes={text=, accessibilityText=获取验证码, hintText=, ignoreBoundsFiltering=false, resource-id=, clickable=true, bounds=[720,851][1038,998], enabled=true, focused=false, checked=false, scrollable=false, selected=false, class=android.widget.Button}, children=[], clickable=true, enabled=true, focused=false, checked=false, selected=false), bounds=Bounds(x=720, y=851, width=318, height=147))
22:53:12.705 [ INFO] maestro.Maestro.tap-BUbHBYE: Refreshed element
22:53:12.705 [ INFO] maestro.Maestro.hierarchyBasedTap-hbl3e4M: Tapping at (879, 924) using hierarchy based logic for wait
22:53:12.705 [TRACE] maestro.utils.ScreenshotUtils.takeScreenshot: Taking screenshot to byte array
22:53:12.705 [TRACE] maestro.utils.ScreenshotUtils.takeScreenshot: Taking screenshot to output sink
22:53:13.722 [ INFO] maestro.Maestro.hierarchyBasedTap-hbl3e4M: Something have changed in the UI judging by view hierarchy. Proceed.
22:53:13.722 [ INFO] maestro.cli.runner.TestSuiteInteractor.invoke: Tap on "获取验证码" COMPLETED
22:53:13.722 [ INFO] maestro.cli.runner.TestSuiteInteractor.invoke: Tap on "验证码" RUNNING
22:53:13.793 [ INFO] maestro.Maestro.tap-BUbHBYE: Tapping on element:  UiElement(treeNode=TreeNode(attributes={text=, accessibilityText=, hintText=验证码, ignoreBoundsFiltering=false, resource-id=, clickable=true, bounds=[42,861][678,987], enabled=true, focused=false, checked=false, scrollable=false, selected=false, class=android.widget.EditText}, children=[], clickable=true, enabled=true, focused=false, checked=false, selected=false), bounds=Bounds(x=42, y=861, width=636, height=126))
22:53:14.789 [ INFO] maestro.Maestro.tap-BUbHBYE: Refreshed element
22:53:14.789 [ INFO] maestro.Maestro.hierarchyBasedTap-hbl3e4M: Tapping at (360, 924) using hierarchy based logic for wait
22:53:14.789 [TRACE] maestro.utils.ScreenshotUtils.takeScreenshot: Taking screenshot to byte array
22:53:14.789 [TRACE] maestro.utils.ScreenshotUtils.takeScreenshot: Taking screenshot to output sink
22:53:15.793 [ INFO] maestro.Maestro.hierarchyBasedTap-hbl3e4M: Something have changed in the UI judging by view hierarchy. Proceed.
22:53:15.793 [ INFO] maestro.cli.runner.TestSuiteInteractor.invoke: Tap on "验证码" COMPLETED
22:53:15.793 [ INFO] maestro.cli.runner.TestSuiteInteractor.invoke: Input text 123456 RUNNING
22:53:15.793 [ INFO] maestro.Maestro.inputText: Inputting text: 123456
22:53:17.602 [ INFO] maestro.cli.runner.TestSuiteInteractor.invoke: Input text 123456 COMPLETED
22:53:17.602 [ INFO] maestro.cli.runner.TestSuiteInteractor.invoke: Hide Keyboard RUNNING
22:53:17.602 [ INFO] maestro.Maestro.hideKeyboard: Hiding Keyboard
22:53:18.640 [ INFO] maestro.cli.runner.TestSuiteInteractor.invoke: Hide Keyboard COMPLETED
22:53:18.641 [ INFO] maestro.cli.runner.TestSuiteInteractor.invoke: Tap on "登录" RUNNING
22:53:18.688 [ INFO] maestro.Maestro.tap-BUbHBYE: Tapping on element:  UiElement(treeNode=TreeNode(attributes={text=, accessibilityText=登录, hintText=, ignoreBoundsFiltering=false, resource-id=, clickable=true, bounds=[42,1082][1038,1208], enabled=true, focused=false, checked=false, scrollable=false, selected=false, class=android.widget.Button}, children=[], clickable=true, enabled=true, focused=false, checked=false, selected=false), bounds=Bounds(x=42, y=1082, width=996, height=126))
22:53:19.804 [ INFO] maestro.Maestro.tap-BUbHBYE: Refreshed element
22:53:19.804 [ INFO] maestro.Maestro.hierarchyBasedTap-hbl3e4M: Tapping at (540, 1145) using hierarchy based logic for wait
22:53:19.804 [TRACE] maestro.utils.ScreenshotUtils.takeScreenshot: Taking screenshot to byte array
22:53:19.804 [TRACE] maestro.utils.ScreenshotUtils.takeScreenshot: Taking screenshot to output sink
22:53:20.900 [ INFO] maestro.Maestro.hierarchyBasedTap-hbl3e4M: Something have changed in the UI judging by view hierarchy. Proceed.
22:53:20.900 [ INFO] maestro.cli.runner.TestSuiteInteractor.invoke: Tap on "登录" COMPLETED
22:53:20.900 [ INFO] maestro.cli.runner.TestSuiteInteractor.invoke: Run includes/login-as-test-user.yaml COMPLETED
22:53:21.114 [ INFO] maestro.cli.runner.TestSuiteInteractor.invoke: Define variables RUNNING
22:53:21.115 [ INFO] maestro.cli.runner.TestSuiteInteractor.invoke: Define variables COMPLETED
22:53:21.115 [ INFO] maestro.cli.runner.TestSuiteInteractor.invoke: Apply configuration RUNNING
22:53:21.115 [ INFO] maestro.cli.runner.TestSuiteInteractor.invoke: Apply configuration COMPLETED
22:53:21.115 [ INFO] maestro.cli.runner.TestSuiteInteractor.invoke: Launch app "com.example.mobile" RUNNING
22:53:21.682 [ INFO] maestro.Maestro.launchApp: Launching app com.example.mobile
22:53:21.825 [ INFO] maestro.cli.runner.TestSuiteInteractor.invoke: Launch app "com.example.mobile" COMPLETED
22:53:21.825 [ INFO] maestro.cli.runner.TestSuiteInteractor.invoke: Run includes/login-as-test-user.yaml RUNNING
22:53:21.825 [ INFO] maestro.cli.runner.TestSuiteInteractor.invoke: Apply configuration RUNNING
22:53:21.825 [ INFO] maestro.cli.runner.TestSuiteInteractor.invoke: Apply configuration COMPLETED
22:53:21.825 [ INFO] maestro.cli.runner.TestSuiteInteractor.invoke: Assert that "欢迎使用 Social World" is visible RUNNING
22:53:23.463 [ INFO] maestro.cli.runner.TestSuiteInteractor.invoke: Assert that "欢迎使用 Social World" is visible COMPLETED
22:53:23.464 [ INFO] maestro.cli.runner.TestSuiteInteractor.invoke: Assert that "手机号一键登录" is visible RUNNING
22:53:23.932 [ INFO] maestro.cli.runner.TestSuiteInteractor.invoke: Assert that "手机号一键登录" is visible COMPLETED
22:53:23.932 [ INFO] maestro.cli.runner.TestSuiteInteractor.invoke: Tap on "手机号" RUNNING
22:53:23.983 [ INFO] maestro.Maestro.tap-BUbHBYE: Tapping on element:  UiElement(treeNode=TreeNode(attributes={text=, accessibilityText=, hintText=手机号, ignoreBoundsFiltering=false, resource-id=, clickable=true, bounds=[42,677][1038,809], enabled=true, focused=false, checked=false, scrollable=false, selected=false, class=android.widget.EditText}, children=[], clickable=true, enabled=true, focused=false, checked=false, selected=false), bounds=Bounds(x=42, y=677, width=996, height=132))
22:53:25.062 [ INFO] maestro.Maestro.tap-BUbHBYE: Refreshed element
22:53:25.063 [ INFO] maestro.Maestro.hierarchyBasedTap-hbl3e4M: Tapping at (540, 743) using hierarchy based logic for wait
22:53:25.063 [TRACE] maestro.utils.ScreenshotUtils.takeScreenshot: Taking screenshot to byte array
22:53:25.063 [TRACE] maestro.utils.ScreenshotUtils.takeScreenshot: Taking screenshot to output sink
22:53:26.729 [ INFO] maestro.Maestro.hierarchyBasedTap-hbl3e4M: Something have changed in the UI judging by view hierarchy. Proceed.
22:53:26.729 [ INFO] maestro.cli.runner.TestSuiteInteractor.invoke: Tap on "手机号" COMPLETED
22:53:26.729 [ INFO] maestro.cli.runner.TestSuiteInteractor.invoke: Input text 13800138000 RUNNING
22:53:26.729 [ INFO] maestro.Maestro.inputText: Inputting text: 13800138000
22:53:28.674 [ INFO] maestro.cli.runner.TestSuiteInteractor.invoke: Input text 13800138000 COMPLETED
22:53:28.674 [ INFO] maestro.cli.runner.TestSuiteInteractor.invoke: Tap on "获取验证码" RUNNING
22:53:28.748 [ INFO] maestro.Maestro.tap-BUbHBYE: Tapping on element:  UiElement(treeNode=TreeNode(attributes={text=, accessibilityText=获取验证码, hintText=, ignoreBoundsFiltering=false, resource-id=, clickable=true, bounds=[720,851][1038,998], enabled=true, focused=false, checked=false, scrollable=false, selected=false, class=android.widget.Button}, children=[], clickable=true, enabled=true, focused=false, checked=false, selected=false), bounds=Bounds(x=720, y=851, width=318, height=147))
22:53:29.897 [ INFO] maestro.Maestro.tap-BUbHBYE: Refreshed element
22:53:29.897 [ INFO] maestro.Maestro.hierarchyBasedTap-hbl3e4M: Tapping at (879, 924) using hierarchy based logic for wait
22:53:29.897 [TRACE] maestro.utils.ScreenshotUtils.takeScreenshot: Taking screenshot to byte array
22:53:29.897 [TRACE] maestro.utils.ScreenshotUtils.takeScreenshot: Taking screenshot to output sink
22:53:30.924 [ INFO] maestro.Maestro.hierarchyBasedTap-hbl3e4M: Something have changed in the UI judging by view hierarchy. Proceed.
22:53:30.925 [ INFO] maestro.cli.runner.TestSuiteInteractor.invoke: Tap on "获取验证码" COMPLETED
22:53:30.925 [ INFO] maestro.cli.runner.TestSuiteInteractor.invoke: Tap on "验证码" RUNNING
22:53:30.993 [ INFO] maestro.Maestro.tap-BUbHBYE: Tapping on element:  UiElement(treeNode=TreeNode(attributes={text=, accessibilityText=, hintText=验证码, ignoreBoundsFiltering=false, resource-id=, clickable=true, bounds=[42,861][678,987], enabled=true, focused=false, checked=false, scrollable=false, selected=false, class=android.widget.EditText}, children=[], clickable=true, enabled=true, focused=false, checked=false, selected=false), bounds=Bounds(x=42, y=861, width=636, height=126))
22:53:32.020 [ INFO] maestro.Maestro.tap-BUbHBYE: Refreshed element
22:53:32.021 [ INFO] maestro.Maestro.hierarchyBasedTap-hbl3e4M: Tapping at (360, 924) using hierarchy based logic for wait
22:53:32.021 [TRACE] maestro.utils.ScreenshotUtils.takeScreenshot: Taking screenshot to byte array
22:53:32.021 [TRACE] maestro.utils.ScreenshotUtils.takeScreenshot: Taking screenshot to output sink
22:53:32.961 [ INFO] maestro.Maestro.hierarchyBasedTap-hbl3e4M: Something have changed in the UI judging by view hierarchy. Proceed.
22:53:32.961 [ INFO] maestro.cli.runner.TestSuiteInteractor.invoke: Tap on "验证码" COMPLETED
22:53:32.961 [ INFO] maestro.cli.runner.TestSuiteInteractor.invoke: Input text 123456 RUNNING
22:53:32.961 [ INFO] maestro.Maestro.inputText: Inputting text: 123456
22:53:34.874 [ INFO] maestro.cli.runner.TestSuiteInteractor.invoke: Input text 123456 COMPLETED
22:53:34.874 [ INFO] maestro.cli.runner.TestSuiteInteractor.invoke: Hide Keyboard RUNNING
22:53:34.874 [ INFO] maestro.Maestro.hideKeyboard: Hiding Keyboard
22:53:35.892 [ INFO] maestro.cli.runner.TestSuiteInteractor.invoke: Hide Keyboard COMPLETED
22:53:35.892 [ INFO] maestro.cli.runner.TestSuiteInteractor.invoke: Tap on "登录" RUNNING
22:53:35.953 [ INFO] maestro.Maestro.tap-BUbHBYE: Tapping on element:  UiElement(treeNode=TreeNode(attributes={text=, accessibilityText=登录, hintText=, ignoreBoundsFiltering=false, resource-id=, clickable=true, bounds=[42,1082][1038,1208], enabled=true, focused=false, checked=false, scrollable=false, selected=false, class=android.widget.Button}, children=[], clickable=true, enabled=true, focused=false, checked=false, selected=false), bounds=Bounds(x=42, y=1082, width=996, height=126))
22:53:36.934 [ INFO] maestro.Maestro.tap-BUbHBYE: Refreshed element
22:53:36.934 [ INFO] maestro.Maestro.hierarchyBasedTap-hbl3e4M: Tapping at (540, 1145) using hierarchy based logic for wait
22:53:36.935 [TRACE] maestro.utils.ScreenshotUtils.takeScreenshot: Taking screenshot to byte array
22:53:36.936 [TRACE] maestro.utils.ScreenshotUtils.takeScreenshot: Taking screenshot to output sink
22:53:37.989 [ INFO] maestro.Maestro.hierarchyBasedTap-hbl3e4M: Something have changed in the UI judging by view hierarchy. Proceed.
22:53:37.989 [ INFO] maestro.cli.runner.TestSuiteInteractor.invoke: Tap on "登录" COMPLETED
22:53:37.989 [ INFO] maestro.cli.runner.TestSuiteInteractor.invoke: Run includes/login-as-test-user.yaml COMPLETED
22:53:37.989 [ INFO] maestro.cli.runner.TestSuiteInteractor.invoke: Assert that "完善资料" is visible RUNNING
22:53:55.185 [ INFO] maestro.cli.runner.TestSuiteInteractor.invoke: Assert that "完善资料" is visible FAILED
22:53:55.186 [ INFO] maestro.Maestro.takeScreenshot: Taking screenshot
22:53:55.186 [TRACE] maestro.utils.ScreenshotUtils.takeScreenshot: Taking screenshot to output sink
22:53:55.295 [ INFO] maestro.cli.runner.TestSuiteInteractor.invoke: Define variables RUNNING
22:53:55.296 [ INFO] maestro.cli.runner.TestSuiteInteractor.invoke: Define variables COMPLETED
22:53:55.296 [ INFO] maestro.cli.runner.TestSuiteInteractor.invoke: Apply configuration RUNNING
22:53:55.296 [ INFO] maestro.cli.runner.TestSuiteInteractor.invoke: Apply configuration COMPLETED
22:53:55.296 [ INFO] maestro.cli.runner.TestSuiteInteractor.invoke: Launch app "com.example.mobile" RUNNING
22:53:55.610 [ INFO] maestro.Maestro.launchApp: Launching app com.example.mobile
22:53:55.722 [ INFO] maestro.cli.runner.TestSuiteInteractor.invoke: Launch app "com.example.mobile" COMPLETED
22:53:55.722 [ INFO] maestro.cli.runner.TestSuiteInteractor.invoke: Assert that "开发工具" is visible RUNNING
22:53:57.149 [ INFO] maestro.cli.runner.TestSuiteInteractor.invoke: Assert that "开发工具" is visible COMPLETED
22:53:57.149 [ INFO] maestro.cli.runner.TestSuiteInteractor.invoke: Tap on id: dev_tools_toggle_button RUNNING
22:53:57.708 [ INFO] maestro.Maestro.tap-BUbHBYE: Tapping on element:  UiElement(treeNode=TreeNode(attributes={text=, accessibilityText=开发工具, hintText=, ignoreBoundsFiltering=false, resource-id=dev_tools_toggle_button, clickable=true, bounds=[912,1064][1059,1211], enabled=true, focused=false, checked=false, scrollable=false, selected=false, class=android.widget.Button}, children=[], clickable=true, enabled=true, focused=false, checked=false, selected=false), bounds=Bounds(x=912, y=1064, width=147, height=147))
22:53:58.781 [ INFO] maestro.Maestro.tap-BUbHBYE: Refreshed element
22:53:58.781 [ INFO] maestro.Maestro.hierarchyBasedTap-hbl3e4M: Tapping at (985, 1137) using hierarchy based logic for wait
22:53:58.781 [TRACE] maestro.utils.ScreenshotUtils.takeScreenshot: Taking screenshot to byte array
22:53:58.781 [TRACE] maestro.utils.ScreenshotUtils.takeScreenshot: Taking screenshot to output sink
22:53:59.768 [ INFO] maestro.Maestro.hierarchyBasedTap-hbl3e4M: Something have changed in the UI judging by view hierarchy. Proceed.
22:53:59.768 [ INFO] maestro.cli.runner.TestSuiteInteractor.invoke: Tap on id: dev_tools_toggle_button COMPLETED
22:53:59.768 [ INFO] maestro.cli.runner.TestSuiteInteractor.invoke: Assert that "服务器地址" is visible RUNNING
22:53:59.828 [ INFO] maestro.cli.runner.TestSuiteInteractor.invoke: Assert that "服务器地址" is visible COMPLETED
22:53:59.833 [ INFO] maestro.cli.runner.TestSuiteInteractor.invoke: Define variables RUNNING
22:53:59.833 [ INFO] maestro.cli.runner.TestSuiteInteractor.invoke: Define variables COMPLETED
22:53:59.833 [ INFO] maestro.cli.runner.TestSuiteInteractor.invoke: Apply configuration RUNNING
22:53:59.833 [ INFO] maestro.cli.runner.TestSuiteInteractor.invoke: Apply configuration COMPLETED
22:53:59.833 [ INFO] maestro.cli.runner.TestSuiteInteractor.invoke: Launch app "com.example.mobile" RUNNING
22:54:00.170 [ INFO] maestro.Maestro.launchApp: Launching app com.example.mobile
22:54:00.281 [ INFO] maestro.cli.runner.TestSuiteInteractor.invoke: Launch app "com.example.mobile" COMPLETED
22:54:00.281 [ INFO] maestro.cli.runner.TestSuiteInteractor.invoke: Tap on id: dev_tools_toggle_button RUNNING
22:54:01.257 [ INFO] maestro.Maestro.tap-BUbHBYE: Tapping on element:  UiElement(treeNode=TreeNode(attributes={text=, accessibilityText=开发工具, hintText=, ignoreBoundsFiltering=false, resource-id=dev_tools_toggle_button, clickable=true, bounds=[912,1064][1059,1211], enabled=true, focused=false, checked=false, scrollable=false, selected=false, class=android.widget.Button}, children=[], clickable=true, enabled=true, focused=false, checked=false, selected=false), bounds=Bounds(x=912, y=1064, width=147, height=147))
22:54:02.700 [ INFO] maestro.Maestro.tap-BUbHBYE: Refreshed element
22:54:02.700 [ INFO] maestro.Maestro.hierarchyBasedTap-hbl3e4M: Tapping at (985, 1137) using hierarchy based logic for wait
22:54:02.700 [TRACE] maestro.utils.ScreenshotUtils.takeScreenshot: Taking screenshot to byte array
22:54:02.700 [TRACE] maestro.utils.ScreenshotUtils.takeScreenshot: Taking screenshot to output sink
22:54:03.743 [ INFO] maestro.Maestro.hierarchyBasedTap-hbl3e4M: Something have changed in the UI judging by view hierarchy. Proceed.
22:54:03.743 [ INFO] maestro.cli.runner.TestSuiteInteractor.invoke: Tap on id: dev_tools_toggle_button COMPLETED
22:54:03.743 [ INFO] maestro.cli.runner.TestSuiteInteractor.invoke: Assert that "服务器地址" is visible RUNNING
22:54:03.800 [ INFO] maestro.cli.runner.TestSuiteInteractor.invoke: Assert that "服务器地址" is visible COMPLETED
22:54:03.800 [ INFO] maestro.cli.runner.TestSuiteInteractor.invoke: Tap on id: server_base_url_field RUNNING
22:54:03.856 [ INFO] maestro.Maestro.tap-BUbHBYE: Tapping on element:  UiElement(treeNode=TreeNode(attributes={text=, accessibilityText=, hintText=Server Base URL
服务器地址, ignoreBoundsFiltering=false, resource-id=server_base_url_field, clickable=false, bounds=[282,252][1038,806], enabled=true, focused=false, checked=false, scrollable=false, selected=false, class=android.widget.EditText}, children=[TreeNode(attributes={text=http://localhost:3001/api/v1, accessibilityText=, hintText=服务器地址, ignoreBoundsFiltering=false, resource-id=, clickable=true, bounds=[335,396][986,585], enabled=true, focused=false, checked=false, scrollable=false, selected=false, class=android.widget.EditText}, children=[], clickable=true, enabled=true, focused=false, checked=false, selected=false), TreeNode(attributes={text=, accessibilityText=保存配置, hintText=, ignoreBoundsFiltering=false, resource-id=, clickable=true, bounds=[335,627][986,753], enabled=true, focused=false, checked=false, scrollable=false, selected=false, class=android.widget.Button}, children=[], clickable=true, enabled=true, focused=false, checked=false, selected=false)], clickable=false, enabled=true, focused=false, checked=false, selected=false), bounds=Bounds(x=282, y=252, width=756, height=554))
22:54:04.933 [ INFO] maestro.Maestro.tap-BUbHBYE: Refreshed element
22:54:04.933 [ INFO] maestro.Maestro.hierarchyBasedTap-hbl3e4M: Tapping at (660, 529) using hierarchy based logic for wait
22:54:04.933 [TRACE] maestro.utils.ScreenshotUtils.takeScreenshot: Taking screenshot to byte array
22:54:04.934 [TRACE] maestro.utils.ScreenshotUtils.takeScreenshot: Taking screenshot to output sink
22:54:06.348 [ INFO] maestro.Maestro.hierarchyBasedTap-hbl3e4M: Something have changed in the UI judging by view hierarchy. Proceed.
22:54:06.348 [ INFO] maestro.cli.runner.TestSuiteInteractor.invoke: Tap on id: server_base_url_field COMPLETED
22:54:06.348 [ INFO] maestro.cli.runner.TestSuiteInteractor.invoke: Input text http://192.168.1.100:3000/api/v1 RUNNING
22:54:06.348 [ INFO] maestro.Maestro.inputText: Inputting text: http://192.168.1.100:3000/api/v1
22:54:11.090 [ INFO] maestro.cli.runner.TestSuiteInteractor.invoke: Input text http://192.168.1.100:3000/api/v1 COMPLETED
22:54:11.090 [ INFO] maestro.cli.runner.TestSuiteInteractor.invoke: Tap on "保存配置" RUNNING
22:54:11.165 [ INFO] maestro.Maestro.tap-BUbHBYE: Tapping on element:  UiElement(treeNode=TreeNode(attributes={text=, accessibilityText=保存配置, hintText=, ignoreBoundsFiltering=false, resource-id=, clickable=true, bounds=[335,690][986,816], enabled=true, focused=false, checked=false, scrollable=false, selected=false, class=android.widget.Button}, children=[], clickable=true, enabled=true, focused=false, checked=false, selected=false), bounds=Bounds(x=335, y=690, width=651, height=126))
22:54:13.007 [ INFO] maestro.Maestro.tap-BUbHBYE: Refreshed element
22:54:13.007 [ INFO] maestro.Maestro.hierarchyBasedTap-hbl3e4M: Tapping at (660, 753) using hierarchy based logic for wait
22:54:13.007 [TRACE] maestro.utils.ScreenshotUtils.takeScreenshot: Taking screenshot to byte array
22:54:13.007 [TRACE] maestro.utils.ScreenshotUtils.takeScreenshot: Taking screenshot to output sink
22:54:14.140 [ INFO] maestro.Maestro.hierarchyBasedTap-hbl3e4M: Something have changed in the UI judging by view hierarchy. Proceed.
22:54:14.140 [ INFO] maestro.cli.runner.TestSuiteInteractor.invoke: Tap on "保存配置" COMPLETED
22:54:14.140 [ INFO] maestro.cli.runner.TestSuiteInteractor.invoke: Assert that "保存成功，新配置已生效" is visible RUNNING
22:54:14.213 [ INFO] maestro.cli.runner.TestSuiteInteractor.invoke: Assert that "保存成功，新配置已生效" is visible COMPLETED
22:54:14.213 [ INFO] maestro.cli.runner.TestSuiteInteractor.invoke: Tap on id: server_base_url_field RUNNING
22:54:14.288 [ INFO] maestro.Maestro.tap-BUbHBYE: Tapping on element:  UiElement(treeNode=TreeNode(attributes={text=, accessibilityText=, hintText=Server Base URL
服务器地址, ignoreBoundsFiltering=false, resource-id=server_base_url_field, clickable=false, bounds=[282,252][1038,869], enabled=true, focused=false, checked=false, scrollable=false, selected=false, class=android.widget.EditText}, children=[TreeNode(attributes={text=http://192.168.1.100:3000/api/v1, accessibilityText=, hintText=服务器地址, ignoreBoundsFiltering=false, resource-id=, clickable=true, bounds=[335,396][986,648], enabled=true, focused=true, checked=false, scrollable=false, selected=false, class=android.widget.EditText}, children=[], clickable=true, enabled=true, focused=true, checked=false, selected=false), TreeNode(attributes={text=, accessibilityText=保存配置, hintText=, ignoreBoundsFiltering=false, resource-id=, clickable=true, bounds=[335,690][986,816], enabled=true, focused=false, checked=false, scrollable=false, selected=false, class=android.widget.Button}, children=[], clickable=true, enabled=true, focused=false, checked=false, selected=false)], clickable=false, enabled=true, focused=false, checked=false, selected=false), bounds=Bounds(x=282, y=252, width=756, height=617))
22:54:15.378 [ INFO] maestro.Maestro.tap-BUbHBYE: Refreshed element
22:54:15.378 [ INFO] maestro.Maestro.hierarchyBasedTap-hbl3e4M: Tapping at (660, 560) using hierarchy based logic for wait
22:54:15.378 [TRACE] maestro.utils.ScreenshotUtils.takeScreenshot: Taking screenshot to byte array
22:54:15.378 [TRACE] maestro.utils.ScreenshotUtils.takeScreenshot: Taking screenshot to output sink
22:54:16.288 [TRACE] maestro.utils.ScreenshotUtils.takeScreenshot: Taking screenshot to byte array
22:54:16.288 [TRACE] maestro.utils.ScreenshotUtils.takeScreenshot: Taking screenshot to output sink
22:54:16.522 [ INFO] maestro.Maestro.hierarchyBasedTap-hbl3e4M: Screenshots are not different enough (d=0.0)
22:54:16.522 [ INFO] maestro.Maestro.hierarchyBasedTap-hbl3e4M: Nothing changed in the UI.
22:54:16.845 [TRACE] maestro.utils.ScreenshotUtils.takeScreenshot: Taking screenshot to byte array
22:54:16.846 [TRACE] maestro.utils.ScreenshotUtils.takeScreenshot: Taking screenshot to output sink
22:54:17.313 [ INFO] maestro.Maestro.hierarchyBasedTap-hbl3e4M: Something have changed in the UI judging by screenshot (d=0.0075552734). Proceed.
22:54:17.313 [ INFO] maestro.cli.runner.TestSuiteInteractor.invoke: Tap on id: server_base_url_field COMPLETED
22:54:17.313 [ INFO] maestro.cli.runner.TestSuiteInteractor.invoke: Input text http://example.com:8080/api/v2 RUNNING
22:54:17.313 [ INFO] maestro.Maestro.inputText: Inputting text: http://example.com:8080/api/v2
22:54:21.770 [ INFO] maestro.cli.runner.TestSuiteInteractor.invoke: Input text http://example.com:8080/api/v2 COMPLETED
22:54:21.770 [ INFO] maestro.cli.runner.TestSuiteInteractor.invoke: Tap on "保存配置" RUNNING
22:54:21.843 [ INFO] maestro.Maestro.tap-BUbHBYE: Tapping on element:  UiElement(treeNode=TreeNode(attributes={text=, accessibilityText=保存配置, hintText=, ignoreBoundsFiltering=false, resource-id=, clickable=true, bounds=[335,816][986,942], enabled=true, focused=false, checked=false, scrollable=false, selected=false, class=android.widget.Button}, children=[], clickable=true, enabled=true, focused=false, checked=false, selected=false), bounds=Bounds(x=335, y=816, width=651, height=126))
22:54:22.941 [ INFO] maestro.Maestro.tap-BUbHBYE: Refreshed element
22:54:22.941 [ INFO] maestro.Maestro.hierarchyBasedTap-hbl3e4M: Tapping at (660, 879) using hierarchy based logic for wait
22:54:22.941 [TRACE] maestro.utils.ScreenshotUtils.takeScreenshot: Taking screenshot to byte array
22:54:22.941 [TRACE] maestro.utils.ScreenshotUtils.takeScreenshot: Taking screenshot to output sink
22:54:23.922 [ INFO] maestro.Maestro.hierarchyBasedTap-hbl3e4M: Something have changed in the UI judging by view hierarchy. Proceed.
22:54:23.922 [ INFO] maestro.cli.runner.TestSuiteInteractor.invoke: Tap on "保存配置" COMPLETED
22:54:23.922 [ INFO] maestro.cli.runner.TestSuiteInteractor.invoke: Assert that "保存成功，新配置已生效" is visible RUNNING
22:54:23.997 [ INFO] maestro.cli.runner.TestSuiteInteractor.invoke: Assert that "保存成功，新配置已生效" is visible COMPLETED
