21:56:21.963 [ INFO] MAESTRO.logSystemInfo: ---- System Info ----
21:56:21.964 [ INFO] MAESTRO.logSystemInfo: Maestro Version: 1.39.13
21:56:21.964 [ INFO] MAESTRO.logSystemInfo: CI: Undefined
21:56:21.964 [ INFO] MAESTRO.logSystemInfo: OS Name: Mac OS X
21:56:21.964 [ INFO] MAESTRO.logSystemInfo: OS Version: 26.1
21:56:21.964 [ INFO] MAESTRO.logSystemInfo: Architecture: aarch64
21:56:21.964 [ INFO] MAESTRO.logSystemInfo: Java Version: 21
21:56:21.972 [ INFO] MAESTRO.logSystemInfo: Xcode Version: null
21:56:21.983 [DEBUG] io.micrometer.common.util.internal.logging.InternalLoggerFactory.newDefaultFactory: Using SLF4J as the default logging framework
21:56:22.686 [ INFO] MAESTRO.logSystemInfo: Flutter Version: 3.24.5
21:56:23.330 [ INFO] MAESTRO.logSystemInfo: Flutter Channel: stable
21:56:23.330 [ INFO] MAESTRO.logSystemInfo: ---------------------
21:56:23.762 [ INFO] maestro.cli.command.TestCommand.runShardSuite: [shard 1] Selected device emulator-5554 using port 7001
21:56:23.891 [ INFO] maestro.Maestro.invoke: Getting device info
21:56:24.369 [ INFO] maestro.Maestro.invoke: Got device info: DeviceInfo(platform=ANDROID, widthPixels=1080, heightPixels=2400, widthGrid=1080, heightGrid=2400)
21:56:24.543 [ INFO] maestro.cli.runner.MaestroCommandRunner.invoke: Define variables RUNNING
21:56:24.546 [ INFO] maestro.cli.runner.MaestroCommandRunner.invoke: Define variables metadata CommandMetadata(numberOfRuns=null, evaluatedCommand=MaestroCommand(defineVariablesCommand=DefineVariablesCommand(env={MAESTRO_FILENAME=login}, label=null, optional=false)), logMessages=[], insight=Insight(message=, level=NONE))
21:56:24.548 [ INFO] maestro.cli.runner.MaestroCommandRunner.invoke: Define variables COMPLETED
21:56:24.548 [ INFO] maestro.cli.runner.MaestroCommandRunner.invoke: Apply configuration RUNNING
21:56:24.548 [ INFO] maestro.cli.runner.MaestroCommandRunner.invoke: Apply configuration metadata CommandMetadata(numberOfRuns=null, evaluatedCommand=MaestroCommand(applyConfigurationCommand=ApplyConfigurationCommand(config=MaestroConfig(appId=com.example.mobile, name=null, tags=[], ext={}, onFlowStart=null, onFlowComplete=null), label=null, optional=false)), logMessages=[], insight=Insight(message=, level=NONE))
21:56:24.549 [ INFO] maestro.cli.runner.MaestroCommandRunner.invoke: Apply configuration COMPLETED
21:56:24.549 [ INFO] maestro.cli.runner.MaestroCommandRunner.invoke: Launch app "com.example.mobile" with clear state RUNNING
21:56:24.549 [ INFO] maestro.cli.runner.MaestroCommandRunner.invoke: Launch app "com.example.mobile" with clear state metadata CommandMetadata(numberOfRuns=null, evaluatedCommand=MaestroCommand(launchAppCommand=LaunchAppCommand(appId=com.example.mobile, clearState=true, clearKeychain=null, stopApp=null, permissions=null, launchArguments=null, label=null, optional=false)), logMessages=[], insight=Insight(message=, level=NONE))
21:56:24.549 [ INFO] maestro.Maestro.clearAppState: Clearing app state com.example.mobile
21:56:28.211 [ INFO] maestro.Maestro.launchApp: Launching app com.example.mobile
21:56:33.281 [ INFO] maestro.Maestro.takeScreenshot: Taking screenshot
21:56:33.281 [TRACE] maestro.utils.ScreenshotUtils.takeScreenshot: Taking screenshot to output sink
21:56:33.935 [ INFO] maestro.cli.runner.MaestroCommandRunner.invoke: Launch app "com.example.mobile" with clear state FAILED
21:56:34.171 [ERROR] maestro.cli.session.MaestroSessionManager.newSession$lambda$0: Failed to record heartbeat
java.lang.InterruptedException: sleep interrupted
	at java.base/java.lang.Thread.sleep0(Native Method)
	at java.base/java.lang.Thread.sleep(Thread.java:509)
	at maestro.cli.session.MaestroSessionManager.newSession$lambda$0(MaestroSessionManager.kt:75)
	at java.base/java.util.concurrent.Executors$RunnableAdapter.call(Executors.java:572)
	at java.base/java.util.concurrent.FutureTask.runAndReset(FutureTask.java:358)
	at java.base/java.util.concurrent.ScheduledThreadPoolExecutor$ScheduledFutureTask.run(ScheduledThreadPoolExecutor.java:305)
	at java.base/java.util.concurrent.ThreadPoolExecutor.runWorker(ThreadPoolExecutor.java:1144)
	at java.base/java.util.concurrent.ThreadPoolExecutor$Worker.run(ThreadPoolExecutor.java:642)
	at java.base/java.lang.Thread.run(Thread.java:1583)
