16:19:44.567 [ INFO] MAESTRO.logSystemInfo: ---- System Info ----
16:19:44.568 [ INFO] MAESTRO.logSystemInfo: Maestro Version: 1.39.13
16:19:44.568 [ INFO] MAESTRO.logSystemInfo: CI: Undefined
16:19:44.568 [ INFO] MAESTRO.logSystemInfo: OS Name: Mac OS X
16:19:44.568 [ INFO] MAESTRO.logSystemInfo: OS Version: 26.1
16:19:44.568 [ INFO] MAESTRO.logSystemInfo: Architecture: aarch64
16:19:44.569 [ INFO] MAESTRO.logSystemInfo: Java Version: 21
16:19:44.580 [ INFO] MAESTRO.logSystemInfo: Xcode Version: null
16:19:44.946 [DEBUG] io.micrometer.common.util.internal.logging.InternalLoggerFactory.newDefaultFactory: Using SLF4J as the default logging framework
16:19:45.526 [ INFO] MAESTRO.logSystemInfo: Flutter Version: 3.24.5
16:19:46.244 [ INFO] MAESTRO.logSystemInfo: Flutter Channel: stable
16:19:46.244 [ INFO] MAESTRO.logSystemInfo: ---------------------
16:19:46.556 [ INFO] maestro.orchestra.workspace.WorkspaceExecutionPlanner.plan: Created execution plan: ExecutionPlan(flowsToRun=[/Users/insulate/Desktop/social-world/.maestro/flows/auth/login.yaml, /Users/insulate/Desktop/social-world/.maestro/flows/profile/setup.yaml, /Users/insulate/Desktop/social-world/.maestro/flows/devtools/open_drawer.yaml, /Users/insulate/Desktop/social-world/.maestro/flows/devtools/edit_server_url.yaml], sequence=FlowSequence(flows=[], continueOnFailure=null))
16:19:46.684 [ INFO] maestro.cli.command.TestCommand.runShardSuite: [shard 1] Selected device emulator-5554 using port 7001
16:19:49.305 [ INFO] maestro.Maestro.invoke: Getting device info
16:19:49.454 [ INFO] maestro.Maestro.invoke: Got device info: DeviceInfo(platform=ANDROID, widthPixels=1080, heightPixels=2400, widthGrid=1080, heightGrid=2400)
16:19:49.517 [ INFO] maestro.cli.runner.TestSuiteInteractor.invoke: Define variables RUNNING
16:19:49.520 [ INFO] maestro.cli.runner.TestSuiteInteractor.invoke: Define variables COMPLETED
16:19:49.520 [ INFO] maestro.cli.runner.TestSuiteInteractor.invoke: Apply configuration RUNNING
16:19:49.520 [ INFO] maestro.cli.runner.TestSuiteInteractor.invoke: Apply configuration COMPLETED
16:19:49.520 [ INFO] maestro.cli.runner.TestSuiteInteractor.invoke: Launch app "com.example.mobile" RUNNING
16:19:50.329 [ INFO] maestro.Maestro.launchApp: Launching app com.example.mobile
16:19:50.472 [ INFO] maestro.cli.runner.TestSuiteInteractor.invoke: Launch app "com.example.mobile" COMPLETED
16:19:50.472 [ INFO] maestro.cli.runner.TestSuiteInteractor.invoke: Run includes/login-as-test-user.yaml RUNNING
16:19:50.473 [ INFO] maestro.cli.runner.TestSuiteInteractor.invoke: Apply configuration RUNNING
16:19:50.473 [ INFO] maestro.cli.runner.TestSuiteInteractor.invoke: Apply configuration COMPLETED
16:19:50.473 [ INFO] maestro.cli.runner.TestSuiteInteractor.invoke: Assert that "欢迎使用 Social World" is visible RUNNING
16:20:07.496 [ INFO] maestro.cli.runner.TestSuiteInteractor.invoke: Assert that "欢迎使用 Social World" is visible FAILED
16:20:07.498 [ INFO] maestro.Maestro.takeScreenshot: Taking screenshot
16:20:07.499 [TRACE] maestro.utils.ScreenshotUtils.takeScreenshot: Taking screenshot to output sink
16:20:07.622 [ INFO] maestro.cli.runner.TestSuiteInteractor.invoke: Run includes/login-as-test-user.yaml FAILED
16:20:07.900 [ INFO] maestro.cli.runner.TestSuiteInteractor.invoke: Define variables RUNNING
16:20:07.901 [ INFO] maestro.cli.runner.TestSuiteInteractor.invoke: Define variables COMPLETED
16:20:07.901 [ INFO] maestro.cli.runner.TestSuiteInteractor.invoke: Apply configuration RUNNING
16:20:07.901 [ INFO] maestro.cli.runner.TestSuiteInteractor.invoke: Apply configuration COMPLETED
16:20:07.901 [ INFO] maestro.cli.runner.TestSuiteInteractor.invoke: Launch app "com.example.mobile" RUNNING
16:20:08.501 [ INFO] maestro.Maestro.launchApp: Launching app com.example.mobile
16:20:08.858 [ INFO] maestro.cli.runner.TestSuiteInteractor.invoke: Launch app "com.example.mobile" COMPLETED
16:20:08.858 [ INFO] maestro.cli.runner.TestSuiteInteractor.invoke: Run includes/login-as-test-user.yaml RUNNING
16:20:08.858 [ INFO] maestro.cli.runner.TestSuiteInteractor.invoke: Apply configuration RUNNING
16:20:08.858 [ INFO] maestro.cli.runner.TestSuiteInteractor.invoke: Apply configuration COMPLETED
16:20:08.859 [ INFO] maestro.cli.runner.TestSuiteInteractor.invoke: Assert that "欢迎使用 Social World" is visible RUNNING
16:20:25.880 [ INFO] maestro.cli.runner.TestSuiteInteractor.invoke: Assert that "欢迎使用 Social World" is visible FAILED
16:20:25.881 [ INFO] maestro.Maestro.takeScreenshot: Taking screenshot
16:20:25.881 [TRACE] maestro.utils.ScreenshotUtils.takeScreenshot: Taking screenshot to output sink
16:20:26.004 [ INFO] maestro.cli.runner.TestSuiteInteractor.invoke: Run includes/login-as-test-user.yaml FAILED
16:20:26.013 [ INFO] maestro.cli.runner.TestSuiteInteractor.invoke: Define variables RUNNING
16:20:26.014 [ INFO] maestro.cli.runner.TestSuiteInteractor.invoke: Define variables COMPLETED
16:20:26.014 [ INFO] maestro.cli.runner.TestSuiteInteractor.invoke: Apply configuration RUNNING
16:20:26.014 [ INFO] maestro.cli.runner.TestSuiteInteractor.invoke: Apply configuration COMPLETED
16:20:26.014 [ INFO] maestro.cli.runner.TestSuiteInteractor.invoke: Launch app "com.example.mobile" RUNNING
16:20:26.370 [ INFO] maestro.Maestro.launchApp: Launching app com.example.mobile
16:20:26.923 [ INFO] maestro.cli.runner.TestSuiteInteractor.invoke: Launch app "com.example.mobile" COMPLETED
16:20:26.923 [ INFO] maestro.cli.runner.TestSuiteInteractor.invoke: Assert that "开发工具" is visible RUNNING
16:20:43.975 [ INFO] maestro.cli.runner.TestSuiteInteractor.invoke: Assert that "开发工具" is visible FAILED
16:20:43.976 [ INFO] maestro.Maestro.takeScreenshot: Taking screenshot
16:20:43.976 [TRACE] maestro.utils.ScreenshotUtils.takeScreenshot: Taking screenshot to output sink
16:20:44.132 [ INFO] maestro.cli.runner.TestSuiteInteractor.invoke: Define variables RUNNING
16:20:44.133 [ INFO] maestro.cli.runner.TestSuiteInteractor.invoke: Define variables COMPLETED
16:20:44.133 [ INFO] maestro.cli.runner.TestSuiteInteractor.invoke: Apply configuration RUNNING
16:20:44.133 [ INFO] maestro.cli.runner.TestSuiteInteractor.invoke: Apply configuration COMPLETED
16:20:44.133 [ INFO] maestro.cli.runner.TestSuiteInteractor.invoke: Launch app "com.example.mobile" RUNNING
16:20:44.835 [ INFO] maestro.Maestro.launchApp: Launching app com.example.mobile
16:20:45.149 [ INFO] maestro.cli.runner.TestSuiteInteractor.invoke: Launch app "com.example.mobile" COMPLETED
16:20:45.149 [ INFO] maestro.cli.runner.TestSuiteInteractor.invoke: Tap on id: dev_tools_toggle_button RUNNING
16:21:02.206 [ INFO] maestro.cli.runner.TestSuiteInteractor.invoke: Tap on id: dev_tools_toggle_button FAILED
16:21:02.207 [ INFO] maestro.Maestro.takeScreenshot: Taking screenshot
16:21:02.207 [TRACE] maestro.utils.ScreenshotUtils.takeScreenshot: Taking screenshot to output sink
16:21:02.387 [ERROR] maestro.cli.session.MaestroSessionManager.newSession$lambda$0: Failed to record heartbeat
java.lang.InterruptedException: sleep interrupted
	at java.base/java.lang.Thread.sleep0(Native Method)
	at java.base/java.lang.Thread.sleep(Thread.java:509)
	at maestro.cli.session.MaestroSessionManager.newSession$lambda$0(MaestroSessionManager.kt:75)
	at java.base/java.util.concurrent.Executors$RunnableAdapter.call(Executors.java:572)
	at java.base/java.util.concurrent.FutureTask.runAndReset(FutureTask.java:358)
	at java.base/java.util.concurrent.ScheduledThreadPoolExecutor$ScheduledFutureTask.run(ScheduledThreadPoolExecutor.java:305)
	at java.base/java.util.concurrent.ThreadPoolExecutor.runWorker(ThreadPoolExecutor.java:1144)
	at java.base/java.util.concurrent.ThreadPoolExecutor$Worker.run(ThreadPoolExecutor.java:642)
	at java.base/java.lang.Thread.run(Thread.java:1583)
