21:59:51.081 [ INFO] MAESTRO.logSystemInfo: ---- System Info ----
21:59:51.082 [ INFO] MAESTRO.logSystemInfo: Maestro Version: 1.39.13
21:59:51.082 [ INFO] MAESTRO.logSystemInfo: CI: Undefined
21:59:51.082 [ INFO] MAESTRO.logSystemInfo: OS Name: Mac OS X
21:59:51.082 [ INFO] MAESTRO.logSystemInfo: OS Version: 26.1
21:59:51.082 [ INFO] MAESTRO.logSystemInfo: Architecture: aarch64
21:59:51.082 [ INFO] MAESTRO.logSystemInfo: Java Version: 21
21:59:51.089 [ INFO] MAESTRO.logSystemInfo: Xcode Version: null
21:59:51.801 [ INFO] MAESTRO.logSystemInfo: Flutter Version: 3.24.5
21:59:52.436 [ INFO] MAESTRO.logSystemInfo: Flutter Channel: stable
21:59:52.436 [ INFO] MAESTRO.logSystemInfo: ---------------------
21:59:52.724 [ INFO] maestro.cli.command.TestCommand.runShardSuite: [shard 1] Selected device emulator-5554 using port 7001
21:59:55.258 [ INFO] maestro.Maestro.invoke: Getting device info
21:59:55.413 [ INFO] maestro.Maestro.invoke: Got device info: DeviceInfo(platform=ANDROID, widthPixels=1080, heightPixels=2400, widthGrid=1080, heightGrid=2400)
21:59:55.477 [ INFO] maestro.cli.runner.MaestroCommandRunner.invoke: Define variables RUNNING
21:59:55.478 [ INFO] maestro.cli.runner.MaestroCommandRunner.invoke: Define variables metadata CommandMetadata(numberOfRuns=null, evaluatedCommand=MaestroCommand(defineVariablesCommand=DefineVariablesCommand(env={MAESTRO_FILENAME=login}, label=null, optional=false)), logMessages=[], insight=Insight(message=, level=NONE))
21:59:55.479 [ INFO] maestro.cli.runner.MaestroCommandRunner.invoke: Define variables COMPLETED
21:59:55.479 [ INFO] maestro.cli.runner.MaestroCommandRunner.invoke: Apply configuration RUNNING
21:59:55.479 [ INFO] maestro.cli.runner.MaestroCommandRunner.invoke: Apply configuration metadata CommandMetadata(numberOfRuns=null, evaluatedCommand=MaestroCommand(applyConfigurationCommand=ApplyConfigurationCommand(config=MaestroConfig(appId=com.example.mobile, name=null, tags=[], ext={}, onFlowStart=null, onFlowComplete=null), label=null, optional=false)), logMessages=[], insight=Insight(message=, level=NONE))
21:59:55.480 [ INFO] maestro.cli.runner.MaestroCommandRunner.invoke: Apply configuration COMPLETED
21:59:55.480 [ INFO] maestro.cli.runner.MaestroCommandRunner.invoke: Launch app "com.example.mobile" with clear state RUNNING
21:59:55.480 [ INFO] maestro.cli.runner.MaestroCommandRunner.invoke: Launch app "com.example.mobile" with clear state metadata CommandMetadata(numberOfRuns=null, evaluatedCommand=MaestroCommand(launchAppCommand=LaunchAppCommand(appId=com.example.mobile, clearState=true, clearKeychain=null, stopApp=null, permissions=null, launchArguments=null, label=null, optional=false)), logMessages=[], insight=Insight(message=, level=NONE))
21:59:55.480 [ INFO] maestro.Maestro.clearAppState: Clearing app state com.example.mobile
21:59:56.109 [ INFO] maestro.Maestro.launchApp: Launching app com.example.mobile
21:59:56.223 [ INFO] maestro.cli.runner.MaestroCommandRunner.invoke: Launch app "com.example.mobile" with clear state COMPLETED
21:59:56.223 [ INFO] maestro.cli.runner.MaestroCommandRunner.invoke: Run includes/login-as-test-user.yaml RUNNING
21:59:56.223 [ INFO] maestro.cli.runner.MaestroCommandRunner.invoke: Run includes/login-as-test-user.yaml metadata CommandMetadata(numberOfRuns=null, evaluatedCommand=MaestroCommand(runFlowCommand=RunFlowCommand(commands=[MaestroCommand(applyConfigurationCommand=ApplyConfigurationCommand(config=MaestroConfig(appId=com.example.mobile, name=null, tags=[], ext={}, onFlowStart=null, onFlowComplete=null), label=null, optional=false)), MaestroCommand(assertConditionCommand=AssertConditionCommand(condition=Condition(platform=null, visible=ElementSelector(textRegex=欢迎使用 Social World, idRegex=null, size=null, below=null, above=null, leftOf=null, rightOf=null, containsChild=null, containsDescendants=null, traits=null, index=null, enabled=null, optional=false, selected=null, checked=null, focused=null, childOf=null), notVisible=null, scriptCondition=null, label=null), timeout=30000, label=null, optional=false)), MaestroCommand(assertConditionCommand=AssertConditionCommand(condition=Condition(platform=null, visible=ElementSelector(textRegex=手机号一键登录, idRegex=null, size=null, below=null, above=null, leftOf=null, rightOf=null, containsChild=null, containsDescendants=null, traits=null, index=null, enabled=null, optional=false, selected=null, checked=null, focused=null, childOf=null), notVisible=null, scriptCondition=null, label=null), timeout=null, label=null, optional=false)), MaestroCommand(tapOnElementCommand=TapOnElementCommand(selector=ElementSelector(textRegex=手机号, idRegex=null, size=null, below=null, above=null, leftOf=null, rightOf=null, containsChild=null, containsDescendants=null, traits=null, index=null, enabled=null, optional=false, selected=null, checked=null, focused=null, childOf=null), retryIfNoChange=true, waitUntilVisible=false, longPress=false, repeat=null, waitToSettleTimeoutMs=null, label=null, optional=false)), MaestroCommand(inputTextCommand=InputTextCommand(text=13800138000, label=null, optional=false)), MaestroCommand(tapOnElementCommand=TapOnElementCommand(selector=ElementSelector(textRegex=获取验证码, idRegex=null, size=null, below=null, above=null, leftOf=null, rightOf=null, containsChild=null, containsDescendants=null, traits=null, index=null, enabled=null, optional=false, selected=null, checked=null, focused=null, childOf=null), retryIfNoChange=true, waitUntilVisible=false, longPress=false, repeat=null, waitToSettleTimeoutMs=null, label=null, optional=false)), MaestroCommand(tapOnElementCommand=TapOnElementCommand(selector=ElementSelector(textRegex=验证码, idRegex=null, size=null, below=null, above=null, leftOf=null, rightOf=null, containsChild=null, containsDescendants=null, traits=null, index=null, enabled=null, optional=false, selected=null, checked=null, focused=null, childOf=null), retryIfNoChange=true, waitUntilVisible=false, longPress=false, repeat=null, waitToSettleTimeoutMs=null, label=null, optional=false)), MaestroCommand(inputTextCommand=InputTextCommand(text=123456, label=null, optional=false)), MaestroCommand(hideKeyboardCommand=HideKeyboardCommand()), MaestroCommand(tapOnElementCommand=TapOnElementCommand(selector=ElementSelector(textRegex=登录, idRegex=null, size=null, below=null, above=null, leftOf=null, rightOf=null, containsChild=null, containsDescendants=null, traits=null, index=null, enabled=null, optional=false, selected=null, checked=null, focused=null, childOf=null), retryIfNoChange=true, waitUntilVisible=false, longPress=false, repeat=null, waitToSettleTimeoutMs=null, label=null, optional=false))], condition=null, sourceDescription=includes/login-as-test-user.yaml, config=MaestroConfig(appId=com.example.mobile, name=null, tags=[], ext={}, onFlowStart=null, onFlowComplete=null), label=null, optional=false)), logMessages=[], insight=Insight(message=, level=NONE))
21:59:56.224 [ INFO] maestro.cli.runner.MaestroCommandRunner.invoke: Apply configuration RUNNING
21:59:56.224 [ INFO] maestro.cli.runner.MaestroCommandRunner.invoke: Apply configuration metadata CommandMetadata(numberOfRuns=null, evaluatedCommand=MaestroCommand(applyConfigurationCommand=ApplyConfigurationCommand(config=MaestroConfig(appId=com.example.mobile, name=null, tags=[], ext={}, onFlowStart=null, onFlowComplete=null), label=null, optional=false)), logMessages=[], insight=Insight(message=, level=NONE))
21:59:56.224 [ INFO] maestro.cli.runner.MaestroCommandRunner.invoke: Apply configuration COMPLETED
21:59:56.224 [ INFO] maestro.cli.runner.MaestroCommandRunner.invoke: Assert that "欢迎使用 Social World" is visible RUNNING
21:59:56.224 [ INFO] maestro.cli.runner.MaestroCommandRunner.invoke: Assert that "欢迎使用 Social World" is visible metadata CommandMetadata(numberOfRuns=null, evaluatedCommand=MaestroCommand(assertConditionCommand=AssertConditionCommand(condition=Condition(platform=null, visible=ElementSelector(textRegex=欢迎使用 Social World, idRegex=null, size=null, below=null, above=null, leftOf=null, rightOf=null, containsChild=null, containsDescendants=null, traits=null, index=null, enabled=null, optional=false, selected=null, checked=null, focused=null, childOf=null), notVisible=null, scriptCondition=null, label=null), timeout=30000, label=null, optional=false)), logMessages=[], insight=Insight(message=, level=NONE))
22:00:00.250 [ INFO] maestro.cli.runner.MaestroCommandRunner.invoke: Assert that "欢迎使用 Social World" is visible COMPLETED
22:00:00.250 [ INFO] maestro.cli.runner.MaestroCommandRunner.invoke: Assert that "手机号一键登录" is visible RUNNING
22:00:00.251 [ INFO] maestro.cli.runner.MaestroCommandRunner.invoke: Assert that "手机号一键登录" is visible metadata CommandMetadata(numberOfRuns=null, evaluatedCommand=MaestroCommand(assertConditionCommand=AssertConditionCommand(condition=Condition(platform=null, visible=ElementSelector(textRegex=手机号一键登录, idRegex=null, size=null, below=null, above=null, leftOf=null, rightOf=null, containsChild=null, containsDescendants=null, traits=null, index=null, enabled=null, optional=false, selected=null, checked=null, focused=null, childOf=null), notVisible=null, scriptCondition=null, label=null), timeout=null, label=null, optional=false)), logMessages=[], insight=Insight(message=, level=NONE))
22:00:00.264 [ INFO] maestro.cli.runner.MaestroCommandRunner.invoke: Assert that "手机号一键登录" is visible COMPLETED
22:00:00.265 [ INFO] maestro.cli.runner.MaestroCommandRunner.invoke: Tap on "手机号" RUNNING
22:00:00.265 [ INFO] maestro.cli.runner.MaestroCommandRunner.invoke: Tap on "手机号" metadata CommandMetadata(numberOfRuns=null, evaluatedCommand=MaestroCommand(tapOnElementCommand=TapOnElementCommand(selector=ElementSelector(textRegex=手机号, idRegex=null, size=null, below=null, above=null, leftOf=null, rightOf=null, containsChild=null, containsDescendants=null, traits=null, index=null, enabled=null, optional=false, selected=null, checked=null, focused=null, childOf=null), retryIfNoChange=true, waitUntilVisible=false, longPress=false, repeat=null, waitToSettleTimeoutMs=null, label=null, optional=false)), logMessages=[], insight=Insight(message=, level=NONE))
22:00:00.323 [ INFO] maestro.Maestro.tap-BUbHBYE: Tapping on element:  UiElement(treeNode=TreeNode(attributes={text=, accessibilityText=, hintText=手机号, ignoreBoundsFiltering=false, resource-id=, clickable=true, bounds=[42,677][1038,809], enabled=true, focused=false, checked=false, scrollable=false, selected=false, class=android.widget.EditText}, children=[], clickable=true, enabled=true, focused=false, checked=false, selected=false), bounds=Bounds(x=42, y=677, width=996, height=132))
22:00:01.354 [ INFO] maestro.Maestro.tap-BUbHBYE: Refreshed element
22:00:01.356 [ INFO] maestro.Maestro.hierarchyBasedTap-hbl3e4M: Tapping at (540, 743) using hierarchy based logic for wait
22:00:01.356 [TRACE] maestro.utils.ScreenshotUtils.takeScreenshot: Taking screenshot to byte array
22:00:01.356 [TRACE] maestro.utils.ScreenshotUtils.takeScreenshot: Taking screenshot to output sink
22:00:03.373 [ INFO] maestro.Maestro.hierarchyBasedTap-hbl3e4M: Something have changed in the UI judging by view hierarchy. Proceed.
22:00:03.374 [ INFO] maestro.cli.runner.MaestroCommandRunner.invoke: Tap on "手机号" COMPLETED
22:00:03.374 [ INFO] maestro.cli.runner.MaestroCommandRunner.invoke: Input text 13800138000 RUNNING
22:00:03.374 [ INFO] maestro.cli.runner.MaestroCommandRunner.invoke: Input text 13800138000 metadata CommandMetadata(numberOfRuns=null, evaluatedCommand=MaestroCommand(inputTextCommand=InputTextCommand(text=13800138000, label=null, optional=false)), logMessages=[], insight=Insight(message=, level=NONE))
22:00:03.374 [ INFO] maestro.Maestro.inputText: Inputting text: 13800138000
22:00:05.299 [ INFO] maestro.cli.runner.MaestroCommandRunner.invoke: Input text 13800138000 COMPLETED
22:00:05.299 [ INFO] maestro.cli.runner.MaestroCommandRunner.invoke: Tap on "获取验证码" RUNNING
22:00:05.299 [ INFO] maestro.cli.runner.MaestroCommandRunner.invoke: Tap on "获取验证码" metadata CommandMetadata(numberOfRuns=null, evaluatedCommand=MaestroCommand(tapOnElementCommand=TapOnElementCommand(selector=ElementSelector(textRegex=获取验证码, idRegex=null, size=null, below=null, above=null, leftOf=null, rightOf=null, containsChild=null, containsDescendants=null, traits=null, index=null, enabled=null, optional=false, selected=null, checked=null, focused=null, childOf=null), retryIfNoChange=true, waitUntilVisible=false, longPress=false, repeat=null, waitToSettleTimeoutMs=null, label=null, optional=false)), logMessages=[], insight=Insight(message=, level=NONE))
22:00:05.370 [ INFO] maestro.Maestro.tap-BUbHBYE: Tapping on element:  UiElement(treeNode=TreeNode(attributes={text=, accessibilityText=获取验证码, hintText=, ignoreBoundsFiltering=false, resource-id=, clickable=true, bounds=[720,851][1038,998], enabled=true, focused=false, checked=false, scrollable=false, selected=false, class=android.widget.Button}, children=[], clickable=true, enabled=true, focused=false, checked=false, selected=false), bounds=Bounds(x=720, y=851, width=318, height=147))
22:00:06.434 [ INFO] maestro.Maestro.tap-BUbHBYE: Refreshed element
22:00:06.435 [ INFO] maestro.Maestro.hierarchyBasedTap-hbl3e4M: Tapping at (879, 924) using hierarchy based logic for wait
22:00:06.435 [TRACE] maestro.utils.ScreenshotUtils.takeScreenshot: Taking screenshot to byte array
22:00:06.435 [TRACE] maestro.utils.ScreenshotUtils.takeScreenshot: Taking screenshot to output sink
22:00:07.440 [ INFO] maestro.Maestro.hierarchyBasedTap-hbl3e4M: Something have changed in the UI judging by view hierarchy. Proceed.
22:00:07.440 [ INFO] maestro.cli.runner.MaestroCommandRunner.invoke: Tap on "获取验证码" COMPLETED
22:00:07.440 [ INFO] maestro.cli.runner.MaestroCommandRunner.invoke: Tap on "验证码" RUNNING
22:00:07.440 [ INFO] maestro.cli.runner.MaestroCommandRunner.invoke: Tap on "验证码" metadata CommandMetadata(numberOfRuns=null, evaluatedCommand=MaestroCommand(tapOnElementCommand=TapOnElementCommand(selector=ElementSelector(textRegex=验证码, idRegex=null, size=null, below=null, above=null, leftOf=null, rightOf=null, containsChild=null, containsDescendants=null, traits=null, index=null, enabled=null, optional=false, selected=null, checked=null, focused=null, childOf=null), retryIfNoChange=true, waitUntilVisible=false, longPress=false, repeat=null, waitToSettleTimeoutMs=null, label=null, optional=false)), logMessages=[], insight=Insight(message=, level=NONE))
22:00:07.521 [ INFO] maestro.Maestro.tap-BUbHBYE: Tapping on element:  UiElement(treeNode=TreeNode(attributes={text=, accessibilityText=, hintText=验证码, ignoreBoundsFiltering=false, resource-id=, clickable=true, bounds=[42,861][678,987], enabled=true, focused=false, checked=false, scrollable=false, selected=false, class=android.widget.EditText}, children=[], clickable=true, enabled=true, focused=false, checked=false, selected=false), bounds=Bounds(x=42, y=861, width=636, height=126))
22:00:08.551 [ INFO] maestro.Maestro.tap-BUbHBYE: Refreshed element
22:00:08.552 [ INFO] maestro.Maestro.hierarchyBasedTap-hbl3e4M: Tapping at (360, 924) using hierarchy based logic for wait
22:00:08.552 [TRACE] maestro.utils.ScreenshotUtils.takeScreenshot: Taking screenshot to byte array
22:00:08.552 [TRACE] maestro.utils.ScreenshotUtils.takeScreenshot: Taking screenshot to output sink
22:00:10.599 [ INFO] maestro.Maestro.hierarchyBasedTap-hbl3e4M: Something have changed in the UI judging by view hierarchy. Proceed.
22:00:10.600 [ INFO] maestro.cli.runner.MaestroCommandRunner.invoke: Tap on "验证码" COMPLETED
22:00:10.600 [ INFO] maestro.cli.runner.MaestroCommandRunner.invoke: Input text 123456 RUNNING
22:00:10.600 [ INFO] maestro.cli.runner.MaestroCommandRunner.invoke: Input text 123456 metadata CommandMetadata(numberOfRuns=null, evaluatedCommand=MaestroCommand(inputTextCommand=InputTextCommand(text=123456, label=null, optional=false)), logMessages=[], insight=Insight(message=, level=NONE))
22:00:10.600 [ INFO] maestro.Maestro.inputText: Inputting text: 123456
22:00:12.465 [ INFO] maestro.cli.runner.MaestroCommandRunner.invoke: Input text 123456 COMPLETED
22:00:12.465 [ INFO] maestro.cli.runner.MaestroCommandRunner.invoke: Hide Keyboard RUNNING
22:00:12.465 [ INFO] maestro.cli.runner.MaestroCommandRunner.invoke: Hide Keyboard metadata CommandMetadata(numberOfRuns=null, evaluatedCommand=MaestroCommand(hideKeyboardCommand=HideKeyboardCommand()), logMessages=[], insight=Insight(message=, level=NONE))
22:00:12.466 [ INFO] maestro.Maestro.hideKeyboard: Hiding Keyboard
22:00:14.526 [ INFO] maestro.cli.runner.MaestroCommandRunner.invoke: Hide Keyboard COMPLETED
22:00:14.527 [ INFO] maestro.cli.runner.MaestroCommandRunner.invoke: Tap on "登录" RUNNING
22:00:14.527 [ INFO] maestro.cli.runner.MaestroCommandRunner.invoke: Tap on "登录" metadata CommandMetadata(numberOfRuns=null, evaluatedCommand=MaestroCommand(tapOnElementCommand=TapOnElementCommand(selector=ElementSelector(textRegex=登录, idRegex=null, size=null, below=null, above=null, leftOf=null, rightOf=null, containsChild=null, containsDescendants=null, traits=null, index=null, enabled=null, optional=false, selected=null, checked=null, focused=null, childOf=null), retryIfNoChange=true, waitUntilVisible=false, longPress=false, repeat=null, waitToSettleTimeoutMs=null, label=null, optional=false)), logMessages=[], insight=Insight(message=, level=NONE))
22:00:14.590 [ INFO] maestro.Maestro.tap-BUbHBYE: Tapping on element:  UiElement(treeNode=TreeNode(attributes={text=, accessibilityText=登录, hintText=, ignoreBoundsFiltering=false, resource-id=, clickable=true, bounds=[42,1082][1038,1208], enabled=true, focused=false, checked=false, scrollable=false, selected=false, class=android.widget.Button}, children=[], clickable=true, enabled=true, focused=false, checked=false, selected=false), bounds=Bounds(x=42, y=1082, width=996, height=126))
22:00:15.949 [ INFO] maestro.Maestro.tap-BUbHBYE: Refreshed element
22:00:15.950 [ INFO] maestro.Maestro.hierarchyBasedTap-hbl3e4M: Tapping at (540, 1145) using hierarchy based logic for wait
22:00:15.950 [TRACE] maestro.utils.ScreenshotUtils.takeScreenshot: Taking screenshot to byte array
22:00:15.950 [TRACE] maestro.utils.ScreenshotUtils.takeScreenshot: Taking screenshot to output sink
22:00:17.453 [ INFO] maestro.Maestro.hierarchyBasedTap-hbl3e4M: Something have changed in the UI judging by view hierarchy. Proceed.
22:00:17.453 [ INFO] maestro.cli.runner.MaestroCommandRunner.invoke: Tap on "登录" COMPLETED
22:00:17.453 [ INFO] maestro.cli.runner.MaestroCommandRunner.invoke: Run includes/login-as-test-user.yaml COMPLETED
22:00:17.453 [ INFO] maestro.cli.runner.MaestroCommandRunner.invoke: Assert that "手机号一键登录" is not visible RUNNING
22:00:17.454 [ INFO] maestro.cli.runner.MaestroCommandRunner.invoke: Assert that "手机号一键登录" is not visible metadata CommandMetadata(numberOfRuns=null, evaluatedCommand=MaestroCommand(assertConditionCommand=AssertConditionCommand(condition=Condition(platform=null, visible=null, notVisible=ElementSelector(textRegex=手机号一键登录, idRegex=null, size=null, below=null, above=null, leftOf=null, rightOf=null, containsChild=null, containsDescendants=null, traits=null, index=null, enabled=null, optional=false, selected=null, checked=null, focused=null, childOf=null), scriptCondition=null, label=null), timeout=null, label=null, optional=false)), logMessages=[], insight=Insight(message=, level=NONE))
22:00:17.967 [ INFO] maestro.cli.runner.MaestroCommandRunner.invoke: Assert that "手机号一键登录" is not visible COMPLETED
22:00:17.967 [ INFO] maestro.cli.runner.MaestroCommandRunner.invoke: Assert that (Optional) "完善资料" is visible RUNNING
22:00:17.968 [ INFO] maestro.cli.runner.MaestroCommandRunner.invoke: Assert that (Optional) "完善资料" is visible metadata CommandMetadata(numberOfRuns=null, evaluatedCommand=MaestroCommand(assertConditionCommand=AssertConditionCommand(condition=Condition(platform=null, visible=ElementSelector(textRegex=完善资料, idRegex=null, size=null, below=null, above=null, leftOf=null, rightOf=null, containsChild=null, containsDescendants=null, traits=null, index=null, enabled=null, optional=true, selected=null, checked=null, focused=null, childOf=null), notVisible=null, scriptCondition=null, label=null), timeout=null, label=null, optional=true)), logMessages=[], insight=Insight(message=, level=NONE))
22:00:17.979 [ INFO] maestro.cli.runner.MaestroCommandRunner.invoke: Assert that (Optional) "完善资料" is visible COMPLETED
22:00:17.980 [ INFO] maestro.cli.runner.MaestroCommandRunner.invoke: Assert that (Optional) id: tab_home is visible RUNNING
22:00:17.980 [ INFO] maestro.cli.runner.MaestroCommandRunner.invoke: Assert that (Optional) id: tab_home is visible metadata CommandMetadata(numberOfRuns=null, evaluatedCommand=MaestroCommand(assertConditionCommand=AssertConditionCommand(condition=Condition(platform=null, visible=ElementSelector(textRegex=null, idRegex=tab_home, size=null, below=null, above=null, leftOf=null, rightOf=null, containsChild=null, containsDescendants=null, traits=null, index=null, enabled=null, optional=true, selected=null, checked=null, focused=null, childOf=null), notVisible=null, scriptCondition=null, label=null), timeout=null, label=null, optional=true)), logMessages=[], insight=Insight(message=, level=NONE))
22:00:34.519 [ INFO] maestro.cli.runner.MaestroCommandRunner.invoke: Assert that (Optional) id: tab_home is visible metadata CommandMetadata(numberOfRuns=null, evaluatedCommand=MaestroCommand(assertConditionCommand=AssertConditionCommand(condition=Condition(platform=null, visible=ElementSelector(textRegex=null, idRegex=tab_home, size=null, below=null, above=null, leftOf=null, rightOf=null, containsChild=null, containsDescendants=null, traits=null, index=null, enabled=null, optional=true, selected=null, checked=null, focused=null, childOf=null), notVisible=null, scriptCondition=null, label=null), timeout=null, label=null, optional=true)), logMessages=[], insight=Insight(message=Assertion is false: id: tab_home is visible, level=WARNING))
22:00:34.520 [ INFO] maestro.cli.runner.MaestroCommandRunner.invoke: Assert that (Optional) id: tab_home is visible WARNED
22:00:34.521 [ INFO] maestro.Maestro.takeScreenshot: Taking screenshot
22:00:34.521 [TRACE] maestro.utils.ScreenshotUtils.takeScreenshot: Taking screenshot to output sink
