18:22:34.437 [ INFO] MAESTRO.logSystemInfo: ---- System Info ----
18:22:34.438 [ INFO] MAESTRO.logSystemInfo: Maestro Version: 1.39.13
18:22:34.438 [ INFO] MAESTRO.logSystemInfo: CI: Undefined
18:22:34.438 [ INFO] MAESTRO.logSystemInfo: OS Name: Mac OS X
18:22:34.438 [ INFO] MAESTRO.logSystemInfo: OS Version: 26.1
18:22:34.438 [ INFO] MAESTRO.logSystemInfo: Architecture: aarch64
18:22:34.438 [ INFO] MAESTRO.logSystemInfo: Java Version: 21
18:22:34.447 [ INFO] MAESTRO.logSystemInfo: Xcode Version: null
18:22:34.576 [DEBUG] io.micrometer.common.util.internal.logging.InternalLoggerFactory.newDefaultFactory: Using SLF4J as the default logging framework
18:22:34.896 [ INFO] MAESTRO.logSystemInfo: Flutter Version: 3.24.5
18:22:35.300 [ INFO] MAESTRO.logSystemInfo: Flutter Channel: stable
18:22:35.300 [ INFO] MAESTRO.logSystemInfo: ---------------------
18:22:35.585 [ INFO] maestro.orchestra.workspace.WorkspaceExecutionPlanner.plan: Created execution plan: ExecutionPlan(flowsToRun=[/Users/insulate/Desktop/social-world/.maestro/flows/auth/login.yaml, /Users/insulate/Desktop/social-world/.maestro/flows/profile/setup.yaml, /Users/insulate/Desktop/social-world/.maestro/flows/devtools/open_drawer.yaml, /Users/insulate/Desktop/social-world/.maestro/flows/devtools/edit_server_url.yaml], sequence=FlowSequence(flows=[], continueOnFailure=null))
18:22:35.644 [ INFO] maestro.cli.command.TestCommand.runShardSuite: [shard 1] Selected device emulator-5554 using port 7001
18:22:37.896 [ INFO] maestro.Maestro.invoke: Getting device info
18:22:38.048 [ INFO] maestro.Maestro.invoke: Got device info: DeviceInfo(platform=ANDROID, widthPixels=1080, heightPixels=2400, widthGrid=1080, heightGrid=2400)
18:22:38.114 [ INFO] maestro.cli.runner.TestSuiteInteractor.invoke: Define variables RUNNING
18:22:38.116 [ INFO] maestro.cli.runner.TestSuiteInteractor.invoke: Define variables COMPLETED
18:22:38.116 [ INFO] maestro.cli.runner.TestSuiteInteractor.invoke: Apply configuration RUNNING
18:22:38.116 [ INFO] maestro.cli.runner.TestSuiteInteractor.invoke: Apply configuration COMPLETED
18:22:38.116 [ INFO] maestro.cli.runner.TestSuiteInteractor.invoke: Launch app "com.example.mobile" RUNNING
18:22:38.897 [ INFO] maestro.Maestro.launchApp: Launching app com.example.mobile
18:22:38.995 [ INFO] maestro.cli.runner.TestSuiteInteractor.invoke: Launch app "com.example.mobile" COMPLETED
18:22:38.995 [ INFO] maestro.cli.runner.TestSuiteInteractor.invoke: Run includes/login-as-test-user.yaml RUNNING
18:22:38.996 [ INFO] maestro.cli.runner.TestSuiteInteractor.invoke: Apply configuration RUNNING
18:22:38.996 [ INFO] maestro.cli.runner.TestSuiteInteractor.invoke: Apply configuration COMPLETED
18:22:38.996 [ INFO] maestro.cli.runner.TestSuiteInteractor.invoke: Assert that "欢迎使用 Social World" is visible RUNNING
18:22:42.859 [ INFO] maestro.cli.runner.TestSuiteInteractor.invoke: Assert that "欢迎使用 Social World" is visible COMPLETED
18:22:42.859 [ INFO] maestro.cli.runner.TestSuiteInteractor.invoke: Assert that "手机号一键登录" is visible RUNNING
18:22:43.308 [ INFO] maestro.cli.runner.TestSuiteInteractor.invoke: Assert that "手机号一键登录" is visible COMPLETED
18:22:43.308 [ INFO] maestro.cli.runner.TestSuiteInteractor.invoke: Tap on "手机号" RUNNING
18:22:43.364 [ INFO] maestro.Maestro.tap-BUbHBYE: Tapping on element:  UiElement(treeNode=TreeNode(attributes={text=, accessibilityText=, hintText=手机号, ignoreBoundsFiltering=false, resource-id=, clickable=true, bounds=[42,677][1038,809], enabled=true, focused=false, checked=false, scrollable=false, selected=false, class=android.widget.EditText}, children=[], clickable=true, enabled=true, focused=false, checked=false, selected=false), bounds=Bounds(x=42, y=677, width=996, height=132))
18:22:44.437 [ INFO] maestro.Maestro.tap-BUbHBYE: Refreshed element
18:22:44.437 [ INFO] maestro.Maestro.hierarchyBasedTap-hbl3e4M: Tapping at (540, 743) using hierarchy based logic for wait
18:22:44.437 [TRACE] maestro.utils.ScreenshotUtils.takeScreenshot: Taking screenshot to byte array
18:22:44.438 [TRACE] maestro.utils.ScreenshotUtils.takeScreenshot: Taking screenshot to output sink
18:22:46.490 [ INFO] maestro.Maestro.hierarchyBasedTap-hbl3e4M: Something have changed in the UI judging by view hierarchy. Proceed.
18:22:46.490 [ INFO] maestro.cli.runner.TestSuiteInteractor.invoke: Tap on "手机号" COMPLETED
18:22:46.490 [ INFO] maestro.cli.runner.TestSuiteInteractor.invoke: Input text 13800138000 RUNNING
18:22:46.491 [ INFO] maestro.Maestro.inputText: Inputting text: 13800138000
18:22:48.576 [ INFO] maestro.cli.runner.TestSuiteInteractor.invoke: Input text 13800138000 COMPLETED
18:22:48.577 [ INFO] maestro.cli.runner.TestSuiteInteractor.invoke: Tap on "获取验证码" RUNNING
18:22:48.649 [ INFO] maestro.Maestro.tap-BUbHBYE: Tapping on element:  UiElement(treeNode=TreeNode(attributes={text=, accessibilityText=获取验证码, hintText=, ignoreBoundsFiltering=false, resource-id=, clickable=true, bounds=[720,851][1038,998], enabled=true, focused=false, checked=false, scrollable=false, selected=false, class=android.widget.Button}, children=[], clickable=true, enabled=true, focused=false, checked=false, selected=false), bounds=Bounds(x=720, y=851, width=318, height=147))
18:22:49.685 [ INFO] maestro.Maestro.tap-BUbHBYE: Refreshed element
18:22:49.686 [ INFO] maestro.Maestro.hierarchyBasedTap-hbl3e4M: Tapping at (879, 924) using hierarchy based logic for wait
18:22:49.686 [TRACE] maestro.utils.ScreenshotUtils.takeScreenshot: Taking screenshot to byte array
18:22:49.686 [TRACE] maestro.utils.ScreenshotUtils.takeScreenshot: Taking screenshot to output sink
18:22:50.809 [ INFO] maestro.Maestro.hierarchyBasedTap-hbl3e4M: Something have changed in the UI judging by view hierarchy. Proceed.
18:22:50.809 [ INFO] maestro.cli.runner.TestSuiteInteractor.invoke: Tap on "获取验证码" COMPLETED
18:22:50.809 [ INFO] maestro.cli.runner.TestSuiteInteractor.invoke: Tap on "验证码" RUNNING
18:22:50.884 [ INFO] maestro.Maestro.tap-BUbHBYE: Tapping on element:  UiElement(treeNode=TreeNode(attributes={text=, accessibilityText=, hintText=验证码, ignoreBoundsFiltering=false, resource-id=, clickable=true, bounds=[42,861][678,987], enabled=true, focused=false, checked=false, scrollable=false, selected=false, class=android.widget.EditText}, children=[], clickable=true, enabled=true, focused=false, checked=false, selected=false), bounds=Bounds(x=42, y=861, width=636, height=126))
18:22:51.867 [ INFO] maestro.Maestro.tap-BUbHBYE: Refreshed element
18:22:51.867 [ INFO] maestro.Maestro.hierarchyBasedTap-hbl3e4M: Tapping at (360, 924) using hierarchy based logic for wait
18:22:51.868 [TRACE] maestro.utils.ScreenshotUtils.takeScreenshot: Taking screenshot to byte array
18:22:51.868 [TRACE] maestro.utils.ScreenshotUtils.takeScreenshot: Taking screenshot to output sink
18:22:54.034 [ INFO] maestro.Maestro.hierarchyBasedTap-hbl3e4M: Something have changed in the UI judging by view hierarchy. Proceed.
18:22:54.035 [ INFO] maestro.cli.runner.TestSuiteInteractor.invoke: Tap on "验证码" COMPLETED
18:22:54.035 [ INFO] maestro.cli.runner.TestSuiteInteractor.invoke: Input text 123456 RUNNING
18:22:54.035 [ INFO] maestro.Maestro.inputText: Inputting text: 123456
18:22:56.235 [ INFO] maestro.cli.runner.TestSuiteInteractor.invoke: Input text 123456 COMPLETED
18:22:56.235 [ INFO] maestro.cli.runner.TestSuiteInteractor.invoke: Tap on "登录" RUNNING
18:22:56.337 [ INFO] maestro.Maestro.tap-BUbHBYE: Tapping on element:  UiElement(treeNode=TreeNode(attributes={text=, accessibilityText=登录, hintText=, ignoreBoundsFiltering=false, resource-id=, clickable=true, bounds=[42,1082][1038,1208], enabled=true, focused=false, checked=false, scrollable=false, selected=false, class=android.widget.Button}, children=[], clickable=true, enabled=true, focused=false, checked=false, selected=false), bounds=Bounds(x=42, y=1082, width=996, height=126))
18:22:57.245 [ INFO] maestro.Maestro.tap-BUbHBYE: Refreshed element
18:22:57.245 [ INFO] maestro.Maestro.hierarchyBasedTap-hbl3e4M: Tapping at (540, 1145) using hierarchy based logic for wait
18:22:57.246 [TRACE] maestro.utils.ScreenshotUtils.takeScreenshot: Taking screenshot to byte array
18:22:57.246 [TRACE] maestro.utils.ScreenshotUtils.takeScreenshot: Taking screenshot to output sink
18:22:59.118 [ INFO] maestro.Maestro.hierarchyBasedTap-hbl3e4M: Something have changed in the UI judging by view hierarchy. Proceed.
18:22:59.118 [ INFO] maestro.cli.runner.TestSuiteInteractor.invoke: Tap on "登录" COMPLETED
18:22:59.118 [ INFO] maestro.cli.runner.TestSuiteInteractor.invoke: Run includes/login-as-test-user.yaml COMPLETED
18:22:59.579 [ INFO] maestro.cli.runner.TestSuiteInteractor.invoke: Define variables RUNNING
18:22:59.580 [ INFO] maestro.cli.runner.TestSuiteInteractor.invoke: Define variables COMPLETED
18:22:59.580 [ INFO] maestro.cli.runner.TestSuiteInteractor.invoke: Apply configuration RUNNING
18:22:59.580 [ INFO] maestro.cli.runner.TestSuiteInteractor.invoke: Apply configuration COMPLETED
18:22:59.580 [ INFO] maestro.cli.runner.TestSuiteInteractor.invoke: Launch app "com.example.mobile" RUNNING
18:23:01.472 [ INFO] maestro.Maestro.launchApp: Launching app com.example.mobile
18:23:03.167 [ INFO] maestro.cli.runner.TestSuiteInteractor.invoke: Launch app "com.example.mobile" COMPLETED
18:23:03.168 [ INFO] maestro.cli.runner.TestSuiteInteractor.invoke: Run includes/login-as-test-user.yaml RUNNING
18:23:03.168 [ INFO] maestro.cli.runner.TestSuiteInteractor.invoke: Apply configuration RUNNING
18:23:03.168 [ INFO] maestro.cli.runner.TestSuiteInteractor.invoke: Apply configuration COMPLETED
18:23:03.168 [ INFO] maestro.cli.runner.TestSuiteInteractor.invoke: Assert that "欢迎使用 Social World" is visible RUNNING
18:23:07.208 [ INFO] maestro.cli.runner.TestSuiteInteractor.invoke: Assert that "欢迎使用 Social World" is visible COMPLETED
18:23:07.208 [ INFO] maestro.cli.runner.TestSuiteInteractor.invoke: Assert that "手机号一键登录" is visible RUNNING
18:23:07.231 [ INFO] maestro.cli.runner.TestSuiteInteractor.invoke: Assert that "手机号一键登录" is visible COMPLETED
18:23:07.231 [ INFO] maestro.cli.runner.TestSuiteInteractor.invoke: Tap on "手机号" RUNNING
18:23:07.264 [ INFO] maestro.Maestro.tap-BUbHBYE: Tapping on element:  UiElement(treeNode=TreeNode(attributes={text=, accessibilityText=, hintText=手机号, ignoreBoundsFiltering=false, resource-id=, clickable=true, bounds=[42,677][1038,809], enabled=true, focused=false, checked=false, scrollable=false, selected=false, class=android.widget.EditText}, children=[], clickable=true, enabled=true, focused=false, checked=false, selected=false), bounds=Bounds(x=42, y=677, width=996, height=132))
18:23:08.337 [ INFO] maestro.Maestro.tap-BUbHBYE: Refreshed element
18:23:08.337 [ INFO] maestro.Maestro.hierarchyBasedTap-hbl3e4M: Tapping at (540, 743) using hierarchy based logic for wait
18:23:08.337 [TRACE] maestro.utils.ScreenshotUtils.takeScreenshot: Taking screenshot to byte array
18:23:08.337 [TRACE] maestro.utils.ScreenshotUtils.takeScreenshot: Taking screenshot to output sink
18:23:08.729 [TRACE] maestro.utils.ScreenshotUtils.takeScreenshot: Taking screenshot to byte array
18:23:08.729 [TRACE] maestro.utils.ScreenshotUtils.takeScreenshot: Taking screenshot to output sink
18:23:09.402 [ INFO] maestro.Maestro.hierarchyBasedTap-hbl3e4M: Screenshots are not different enough (d=0.0)
18:23:09.402 [ INFO] maestro.Maestro.hierarchyBasedTap-hbl3e4M: Nothing changed in the UI.
18:23:10.641 [ INFO] maestro.Maestro.hierarchyBasedTap-hbl3e4M: Something have changed in the UI judging by view hierarchy. Proceed.
18:23:10.641 [ INFO] maestro.cli.runner.TestSuiteInteractor.invoke: Tap on "手机号" COMPLETED
18:23:10.641 [ INFO] maestro.cli.runner.TestSuiteInteractor.invoke: Input text 13800138000 RUNNING
18:23:10.641 [ INFO] maestro.Maestro.inputText: Inputting text: 13800138000
18:23:12.759 [ INFO] maestro.cli.runner.TestSuiteInteractor.invoke: Input text 13800138000 COMPLETED
18:23:12.759 [ INFO] maestro.cli.runner.TestSuiteInteractor.invoke: Tap on "获取验证码" RUNNING
18:23:12.826 [ INFO] maestro.Maestro.tap-BUbHBYE: Tapping on element:  UiElement(treeNode=TreeNode(attributes={text=, accessibilityText=获取验证码, hintText=, ignoreBoundsFiltering=false, resource-id=, clickable=true, bounds=[720,851][1038,998], enabled=true, focused=false, checked=false, scrollable=false, selected=false, class=android.widget.Button}, children=[], clickable=true, enabled=true, focused=false, checked=false, selected=false), bounds=Bounds(x=720, y=851, width=318, height=147))
18:23:14.425 [ INFO] maestro.Maestro.tap-BUbHBYE: Refreshed element
18:23:14.425 [ INFO] maestro.Maestro.hierarchyBasedTap-hbl3e4M: Tapping at (879, 924) using hierarchy based logic for wait
18:23:14.425 [TRACE] maestro.utils.ScreenshotUtils.takeScreenshot: Taking screenshot to byte array
18:23:14.426 [TRACE] maestro.utils.ScreenshotUtils.takeScreenshot: Taking screenshot to output sink
18:23:15.683 [ INFO] maestro.Maestro.hierarchyBasedTap-hbl3e4M: Something have changed in the UI judging by view hierarchy. Proceed.
18:23:15.683 [ INFO] maestro.cli.runner.TestSuiteInteractor.invoke: Tap on "获取验证码" COMPLETED
18:23:15.683 [ INFO] maestro.cli.runner.TestSuiteInteractor.invoke: Tap on "验证码" RUNNING
18:23:15.769 [ INFO] maestro.Maestro.tap-BUbHBYE: Tapping on element:  UiElement(treeNode=TreeNode(attributes={text=, accessibilityText=, hintText=验证码, ignoreBoundsFiltering=false, resource-id=, clickable=true, bounds=[42,861][678,987], enabled=true, focused=false, checked=false, scrollable=false, selected=false, class=android.widget.EditText}, children=[], clickable=true, enabled=true, focused=false, checked=false, selected=false), bounds=Bounds(x=42, y=861, width=636, height=126))
18:23:16.780 [ INFO] maestro.Maestro.tap-BUbHBYE: Refreshed element
18:23:16.780 [ INFO] maestro.Maestro.hierarchyBasedTap-hbl3e4M: Tapping at (360, 924) using hierarchy based logic for wait
18:23:16.780 [TRACE] maestro.utils.ScreenshotUtils.takeScreenshot: Taking screenshot to byte array
18:23:16.780 [TRACE] maestro.utils.ScreenshotUtils.takeScreenshot: Taking screenshot to output sink
18:23:18.562 [ INFO] maestro.Maestro.hierarchyBasedTap-hbl3e4M: Something have changed in the UI judging by view hierarchy. Proceed.
18:23:18.562 [ INFO] maestro.cli.runner.TestSuiteInteractor.invoke: Tap on "验证码" COMPLETED
18:23:18.562 [ INFO] maestro.cli.runner.TestSuiteInteractor.invoke: Input text 123456 RUNNING
18:23:18.562 [ INFO] maestro.Maestro.inputText: Inputting text: 123456
18:23:20.807 [ INFO] maestro.cli.runner.TestSuiteInteractor.invoke: Input text 123456 COMPLETED
18:23:20.808 [ INFO] maestro.cli.runner.TestSuiteInteractor.invoke: Tap on "登录" RUNNING
18:23:20.877 [ INFO] maestro.Maestro.tap-BUbHBYE: Tapping on element:  UiElement(treeNode=TreeNode(attributes={text=, accessibilityText=登录, hintText=, ignoreBoundsFiltering=false, resource-id=, clickable=true, bounds=[42,1082][1038,1208], enabled=true, focused=false, checked=false, scrollable=false, selected=false, class=android.widget.Button}, children=[], clickable=true, enabled=true, focused=false, checked=false, selected=false), bounds=Bounds(x=42, y=1082, width=996, height=126))
18:23:21.797 [ INFO] maestro.Maestro.tap-BUbHBYE: Refreshed element
18:23:21.798 [ INFO] maestro.Maestro.hierarchyBasedTap-hbl3e4M: Tapping at (540, 1145) using hierarchy based logic for wait
18:23:21.798 [TRACE] maestro.utils.ScreenshotUtils.takeScreenshot: Taking screenshot to byte array
18:23:21.798 [TRACE] maestro.utils.ScreenshotUtils.takeScreenshot: Taking screenshot to output sink
18:23:23.538 [ INFO] maestro.Maestro.hierarchyBasedTap-hbl3e4M: Something have changed in the UI judging by view hierarchy. Proceed.
18:23:23.538 [ INFO] maestro.cli.runner.TestSuiteInteractor.invoke: Tap on "登录" COMPLETED
18:23:23.538 [ INFO] maestro.cli.runner.TestSuiteInteractor.invoke: Run includes/login-as-test-user.yaml COMPLETED
18:23:23.539 [ INFO] maestro.cli.runner.TestSuiteInteractor.invoke: Assert that "完善资料" is visible RUNNING
18:23:40.769 [ INFO] maestro.cli.runner.TestSuiteInteractor.invoke: Assert that "完善资料" is visible FAILED
18:23:40.770 [ INFO] maestro.Maestro.takeScreenshot: Taking screenshot
18:23:40.770 [TRACE] maestro.utils.ScreenshotUtils.takeScreenshot: Taking screenshot to output sink
18:23:40.981 [ INFO] maestro.cli.runner.TestSuiteInteractor.invoke: Define variables RUNNING
18:23:40.982 [ INFO] maestro.cli.runner.TestSuiteInteractor.invoke: Define variables COMPLETED
18:23:40.982 [ INFO] maestro.cli.runner.TestSuiteInteractor.invoke: Apply configuration RUNNING
18:23:40.982 [ INFO] maestro.cli.runner.TestSuiteInteractor.invoke: Apply configuration COMPLETED
18:23:40.982 [ INFO] maestro.cli.runner.TestSuiteInteractor.invoke: Launch app "com.example.mobile" RUNNING
18:23:41.907 [ INFO] maestro.Maestro.launchApp: Launching app com.example.mobile
18:23:42.813 [ INFO] maestro.cli.runner.TestSuiteInteractor.invoke: Launch app "com.example.mobile" COMPLETED
18:23:42.814 [ INFO] maestro.cli.runner.TestSuiteInteractor.invoke: Assert that "开发工具" is visible RUNNING
18:23:48.473 [ INFO] maestro.cli.runner.TestSuiteInteractor.invoke: Assert that "开发工具" is visible COMPLETED
18:23:48.474 [ INFO] maestro.cli.runner.TestSuiteInteractor.invoke: Tap on id: dev_tools_toggle_button RUNNING
18:23:48.588 [ INFO] maestro.Maestro.tap-BUbHBYE: Tapping on element:  UiElement(treeNode=TreeNode(attributes={text=, accessibilityText=开发工具, hintText=, ignoreBoundsFiltering=false, resource-id=dev_tools_toggle_button, clickable=true, bounds=[912,1095][1059,1242], enabled=true, focused=false, checked=false, scrollable=false, selected=false, class=android.widget.Button}, children=[], clickable=true, enabled=true, focused=false, checked=false, selected=false), bounds=Bounds(x=912, y=1095, width=147, height=147))
18:23:49.649 [ INFO] maestro.Maestro.tap-BUbHBYE: Refreshed element
18:23:49.649 [ INFO] maestro.Maestro.hierarchyBasedTap-hbl3e4M: Tapping at (985, 1168) using hierarchy based logic for wait
18:23:49.649 [TRACE] maestro.utils.ScreenshotUtils.takeScreenshot: Taking screenshot to byte array
18:23:49.649 [TRACE] maestro.utils.ScreenshotUtils.takeScreenshot: Taking screenshot to output sink
18:23:50.817 [ INFO] maestro.Maestro.hierarchyBasedTap-hbl3e4M: Something have changed in the UI judging by view hierarchy. Proceed.
18:23:50.817 [ INFO] maestro.cli.runner.TestSuiteInteractor.invoke: Tap on id: dev_tools_toggle_button COMPLETED
18:23:50.817 [ INFO] maestro.cli.runner.TestSuiteInteractor.invoke: Assert that "服务器地址" is visible RUNNING
18:23:50.838 [ INFO] maestro.cli.runner.TestSuiteInteractor.invoke: Assert that "服务器地址" is visible COMPLETED
18:23:50.863 [ INFO] maestro.cli.runner.TestSuiteInteractor.invoke: Define variables RUNNING
18:23:50.864 [ INFO] maestro.cli.runner.TestSuiteInteractor.invoke: Define variables COMPLETED
18:23:50.864 [ INFO] maestro.cli.runner.TestSuiteInteractor.invoke: Apply configuration RUNNING
18:23:50.865 [ INFO] maestro.cli.runner.TestSuiteInteractor.invoke: Apply configuration COMPLETED
18:23:50.865 [ INFO] maestro.cli.runner.TestSuiteInteractor.invoke: Launch app "com.example.mobile" RUNNING
18:23:51.426 [ INFO] maestro.Maestro.launchApp: Launching app com.example.mobile
18:23:51.859 [ INFO] maestro.cli.runner.TestSuiteInteractor.invoke: Launch app "com.example.mobile" COMPLETED
18:23:51.859 [ INFO] maestro.cli.runner.TestSuiteInteractor.invoke: Tap on id: dev_tools_toggle_button RUNNING
18:23:55.052 [ INFO] maestro.Maestro.tap-BUbHBYE: Tapping on element:  UiElement(treeNode=TreeNode(attributes={text=, accessibilityText=开发工具, hintText=, ignoreBoundsFiltering=false, resource-id=dev_tools_toggle_button, clickable=true, bounds=[912,1095][1059,1242], enabled=true, focused=false, checked=false, scrollable=false, selected=false, class=android.widget.Button}, children=[], clickable=true, enabled=true, focused=false, checked=false, selected=false), bounds=Bounds(x=912, y=1095, width=147, height=147))
18:23:56.181 [ INFO] maestro.Maestro.tap-BUbHBYE: Refreshed element
18:23:56.182 [ INFO] maestro.Maestro.hierarchyBasedTap-hbl3e4M: Tapping at (985, 1168) using hierarchy based logic for wait
18:23:56.182 [TRACE] maestro.utils.ScreenshotUtils.takeScreenshot: Taking screenshot to byte array
18:23:56.182 [TRACE] maestro.utils.ScreenshotUtils.takeScreenshot: Taking screenshot to output sink
18:23:57.128 [ INFO] maestro.Maestro.hierarchyBasedTap-hbl3e4M: Something have changed in the UI judging by view hierarchy. Proceed.
18:23:57.128 [ INFO] maestro.cli.runner.TestSuiteInteractor.invoke: Tap on id: dev_tools_toggle_button COMPLETED
18:23:57.128 [ INFO] maestro.cli.runner.TestSuiteInteractor.invoke: Assert that "服务器地址" is visible RUNNING
18:23:57.141 [ INFO] maestro.cli.runner.TestSuiteInteractor.invoke: Assert that "服务器地址" is visible COMPLETED
18:23:57.141 [ INFO] maestro.cli.runner.TestSuiteInteractor.invoke: Tap on id: server_base_url_field RUNNING
18:23:57.199 [ INFO] maestro.Maestro.tap-BUbHBYE: Tapping on element:  UiElement(treeNode=TreeNode(attributes={text=, accessibilityText=, hintText=Server Base URL
服务器地址, ignoreBoundsFiltering=false, resource-id=server_base_url_field, clickable=false, bounds=[282,252][1038,995], enabled=true, focused=false, checked=false, scrollable=false, selected=false, class=android.widget.EditText}, children=[TreeNode(attributes={text=http://192.168.1.100:3000/api/v1http://example.com:8080/api/v2, accessibilityText=, hintText=服务器地址, ignoreBoundsFiltering=false, resource-id=, clickable=true, bounds=[335,396][986,774], enabled=true, focused=false, checked=false, scrollable=false, selected=false, class=android.widget.EditText}, children=[], clickable=true, enabled=true, focused=false, checked=false, selected=false), TreeNode(attributes={text=, accessibilityText=保存配置, hintText=, ignoreBoundsFiltering=false, resource-id=, clickable=true, bounds=[335,816][986,942], enabled=true, focused=false, checked=false, scrollable=false, selected=false, class=android.widget.Button}, children=[], clickable=true, enabled=true, focused=false, checked=false, selected=false)], clickable=false, enabled=true, focused=false, checked=false, selected=false), bounds=Bounds(x=282, y=252, width=756, height=743))
18:23:58.234 [ INFO] maestro.Maestro.tap-BUbHBYE: Refreshed element
18:23:58.234 [ INFO] maestro.Maestro.hierarchyBasedTap-hbl3e4M: Tapping at (660, 623) using hierarchy based logic for wait
18:23:58.234 [TRACE] maestro.utils.ScreenshotUtils.takeScreenshot: Taking screenshot to byte array
18:23:58.234 [TRACE] maestro.utils.ScreenshotUtils.takeScreenshot: Taking screenshot to output sink
18:24:00.857 [ INFO] maestro.Maestro.hierarchyBasedTap-hbl3e4M: Something have changed in the UI judging by view hierarchy. Proceed.
18:24:00.860 [ INFO] maestro.cli.runner.TestSuiteInteractor.invoke: Tap on id: server_base_url_field COMPLETED
18:24:00.860 [ INFO] maestro.cli.runner.TestSuiteInteractor.invoke: Input text http://192.168.1.100:3000/api/v1 RUNNING
18:24:00.861 [ INFO] maestro.Maestro.inputText: Inputting text: http://192.168.1.100:3000/api/v1
18:24:06.273 [ INFO] maestro.cli.runner.TestSuiteInteractor.invoke: Input text http://192.168.1.100:3000/api/v1 COMPLETED
18:24:06.273 [ INFO] maestro.cli.runner.TestSuiteInteractor.invoke: Tap on "保存配置" RUNNING
18:24:06.349 [ INFO] maestro.Maestro.tap-BUbHBYE: Tapping on element:  UiElement(treeNode=TreeNode(attributes={text=, accessibilityText=保存配置, hintText=, ignoreBoundsFiltering=false, resource-id=, clickable=true, bounds=[335,690][986,816], enabled=true, focused=false, checked=false, scrollable=false, selected=false, class=android.widget.Button}, children=[], clickable=true, enabled=true, focused=false, checked=false, selected=false), bounds=Bounds(x=335, y=690, width=651, height=126))
18:24:07.387 [ INFO] maestro.Maestro.tap-BUbHBYE: Refreshed element
18:24:07.388 [ INFO] maestro.Maestro.hierarchyBasedTap-hbl3e4M: Tapping at (660, 753) using hierarchy based logic for wait
18:24:07.388 [TRACE] maestro.utils.ScreenshotUtils.takeScreenshot: Taking screenshot to byte array
18:24:07.388 [TRACE] maestro.utils.ScreenshotUtils.takeScreenshot: Taking screenshot to output sink
18:24:08.567 [ INFO] maestro.Maestro.hierarchyBasedTap-hbl3e4M: Something have changed in the UI judging by view hierarchy. Proceed.
18:24:08.567 [ INFO] maestro.cli.runner.TestSuiteInteractor.invoke: Tap on "保存配置" COMPLETED
18:24:08.567 [ INFO] maestro.cli.runner.TestSuiteInteractor.invoke: Assert that "保存成功，新配置已生效" is visible RUNNING
18:24:08.662 [ INFO] maestro.cli.runner.TestSuiteInteractor.invoke: Assert that "保存成功，新配置已生效" is visible COMPLETED
18:24:08.662 [ INFO] maestro.cli.runner.TestSuiteInteractor.invoke: Tap on id: server_base_url_field RUNNING
18:24:08.709 [ INFO] maestro.Maestro.tap-BUbHBYE: Tapping on element:  UiElement(treeNode=TreeNode(attributes={text=, accessibilityText=, hintText=Server Base URL
服务器地址, ignoreBoundsFiltering=false, resource-id=server_base_url_field, clickable=false, bounds=[282,252][1038,869], enabled=true, focused=false, checked=false, scrollable=false, selected=false, class=android.widget.EditText}, children=[TreeNode(attributes={text=http://192.168.1.100:3000/api/v1, accessibilityText=, hintText=服务器地址, ignoreBoundsFiltering=false, resource-id=, clickable=true, bounds=[335,396][986,648], enabled=true, focused=true, checked=false, scrollable=false, selected=false, class=android.widget.EditText}, children=[], clickable=true, enabled=true, focused=true, checked=false, selected=false), TreeNode(attributes={text=, accessibilityText=保存配置, hintText=, ignoreBoundsFiltering=false, resource-id=, clickable=true, bounds=[335,690][986,816], enabled=true, focused=false, checked=false, scrollable=false, selected=false, class=android.widget.Button}, children=[], clickable=true, enabled=true, focused=false, checked=false, selected=false)], clickable=false, enabled=true, focused=false, checked=false, selected=false), bounds=Bounds(x=282, y=252, width=756, height=617))
18:24:09.906 [ INFO] maestro.Maestro.tap-BUbHBYE: Refreshed element
18:24:09.906 [ INFO] maestro.Maestro.hierarchyBasedTap-hbl3e4M: Tapping at (660, 560) using hierarchy based logic for wait
18:24:09.906 [TRACE] maestro.utils.ScreenshotUtils.takeScreenshot: Taking screenshot to byte array
18:24:09.906 [TRACE] maestro.utils.ScreenshotUtils.takeScreenshot: Taking screenshot to output sink
18:24:11.313 [TRACE] maestro.utils.ScreenshotUtils.takeScreenshot: Taking screenshot to byte array
18:24:11.313 [TRACE] maestro.utils.ScreenshotUtils.takeScreenshot: Taking screenshot to output sink
18:24:12.269 [ INFO] maestro.Maestro.hierarchyBasedTap-hbl3e4M: Something have changed in the UI judging by screenshot (d=0.0075552734). Proceed.
18:24:12.269 [ INFO] maestro.cli.runner.TestSuiteInteractor.invoke: Tap on id: server_base_url_field COMPLETED
18:24:12.270 [ INFO] maestro.cli.runner.TestSuiteInteractor.invoke: Input text http://example.com:8080/api/v2 RUNNING
18:24:12.270 [ INFO] maestro.Maestro.inputText: Inputting text: http://example.com:8080/api/v2
18:24:18.171 [ INFO] maestro.cli.runner.TestSuiteInteractor.invoke: Input text http://example.com:8080/api/v2 COMPLETED
18:24:18.172 [ INFO] maestro.cli.runner.TestSuiteInteractor.invoke: Tap on "保存配置" RUNNING
18:24:18.245 [ INFO] maestro.Maestro.tap-BUbHBYE: Tapping on element:  UiElement(treeNode=TreeNode(attributes={text=, accessibilityText=保存配置, hintText=, ignoreBoundsFiltering=false, resource-id=, clickable=true, bounds=[335,816][986,942], enabled=true, focused=false, checked=false, scrollable=false, selected=false, class=android.widget.Button}, children=[], clickable=true, enabled=true, focused=false, checked=false, selected=false), bounds=Bounds(x=335, y=816, width=651, height=126))
18:24:19.284 [ INFO] maestro.Maestro.tap-BUbHBYE: Refreshed element
18:24:19.284 [ INFO] maestro.Maestro.hierarchyBasedTap-hbl3e4M: Tapping at (660, 879) using hierarchy based logic for wait
18:24:19.284 [TRACE] maestro.utils.ScreenshotUtils.takeScreenshot: Taking screenshot to byte array
18:24:19.284 [TRACE] maestro.utils.ScreenshotUtils.takeScreenshot: Taking screenshot to output sink
18:24:20.341 [ INFO] maestro.Maestro.hierarchyBasedTap-hbl3e4M: Something have changed in the UI judging by view hierarchy. Proceed.
18:24:20.341 [ INFO] maestro.cli.runner.TestSuiteInteractor.invoke: Tap on "保存配置" COMPLETED
18:24:20.341 [ INFO] maestro.cli.runner.TestSuiteInteractor.invoke: Assert that "保存成功，新配置已生效" is visible RUNNING
18:24:20.439 [ INFO] maestro.cli.runner.TestSuiteInteractor.invoke: Assert that "保存成功，新配置已生效" is visible COMPLETED
