22:02:17.202 [ INFO] MAESTRO.logSystemInfo: ---- System Info ----
22:02:17.202 [ INFO] MAESTRO.logSystemInfo: Maestro Version: 1.39.13
22:02:17.203 [ INFO] MAESTRO.logSystemInfo: CI: Undefined
22:02:17.203 [ INFO] MAESTRO.logSystemInfo: OS Name: Mac OS X
22:02:17.203 [ INFO] MAESTRO.logSystemInfo: OS Version: 26.1
22:02:17.203 [ INFO] MAESTRO.logSystemInfo: Architecture: aarch64
22:02:17.203 [ INFO] MAESTRO.logSystemInfo: Java Version: 21
22:02:17.210 [ INFO] MAESTRO.logSystemInfo: Xcode Version: null
22:02:17.234 [DEBUG] io.micrometer.common.util.internal.logging.InternalLoggerFactory.newDefaultFactory: Using SLF4J as the default logging framework
22:02:17.923 [ INFO] MAESTRO.logSystemInfo: Flutter Version: 3.24.5
22:02:18.567 [ INFO] MAESTRO.logSystemInfo: Flutter Channel: stable
22:02:18.567 [ INFO] MAESTRO.logSystemInfo: ---------------------
22:02:18.866 [ INFO] maestro.orchestra.workspace.WorkspaceExecutionPlanner.plan: Created execution plan: ExecutionPlan(flowsToRun=[/private/var/folders/lt/w3sl6z8j5v50vt2s6knvf5n00000gn/T/dev-issue-64-3744104450/.maestro/flows/devtools/open_drawer.yaml, /private/var/folders/lt/w3sl6z8j5v50vt2s6knvf5n00000gn/T/dev-issue-64-3744104450/.maestro/flows/devtools/edit_server_url.yaml, /private/var/folders/lt/w3sl6z8j5v50vt2s6knvf5n00000gn/T/dev-issue-64-3744104450/.maestro/flows/devtools/empty_server_url.yaml, /private/var/folders/lt/w3sl6z8j5v50vt2s6knvf5n00000gn/T/dev-issue-64-3744104450/.maestro/flows/devtools/invalid_server_url.yaml, /private/var/folders/lt/w3sl6z8j5v50vt2s6knvf5n00000gn/T/dev-issue-64-3744104450/.maestro/flows/devtools/save_persists_after_reopen.yaml, /private/var/folders/lt/w3sl6z8j5v50vt2s6knvf5n00000gn/T/dev-issue-64-3744104450/.maestro/flows/matching/swipe_recommendations.yaml, /private/var/folders/lt/w3sl6z8j5v50vt2s6knvf5n00000gn/T/dev-issue-64-3744104450/.maestro/flows/matching/view_match_list.yaml, /private/var/folders/lt/w3sl6z8j5v50vt2s6knvf5n00000gn/T/dev-issue-64-3744104450/.maestro/flows/im/view_conversation_list.yaml, /private/var/folders/lt/w3sl6z8j5v50vt2s6knvf5n00000gn/T/dev-issue-64-3744104450/.maestro/flows/im/enter_chat.yaml], sequence=FlowSequence(flows=[], continueOnFailure=null))
22:02:18.928 [ INFO] maestro.cli.command.TestCommand.runShardSuite: [shard 1] Selected device emulator-5554 using port 7001
22:02:21.214 [ INFO] maestro.Maestro.invoke: Getting device info
22:02:21.322 [ INFO] maestro.Maestro.invoke: Got device info: DeviceInfo(platform=ANDROID, widthPixels=1080, heightPixels=2400, widthGrid=1080, heightGrid=2400)
22:02:21.374 [ INFO] maestro.cli.runner.TestSuiteInteractor.invoke: Define variables RUNNING
22:02:21.376 [ INFO] maestro.cli.runner.TestSuiteInteractor.invoke: Define variables COMPLETED
22:02:21.376 [ INFO] maestro.cli.runner.TestSuiteInteractor.invoke: Apply configuration RUNNING
22:02:21.376 [ INFO] maestro.cli.runner.TestSuiteInteractor.invoke: Apply configuration COMPLETED
22:02:21.376 [ INFO] maestro.cli.runner.TestSuiteInteractor.invoke: Launch app "com.example.mobile" with clear state RUNNING
22:02:21.376 [ INFO] maestro.Maestro.clearAppState: Clearing app state com.example.mobile
22:02:23.049 [ INFO] maestro.Maestro.launchApp: Launching app com.example.mobile
22:02:23.489 [ INFO] maestro.cli.runner.TestSuiteInteractor.invoke: Launch app "com.example.mobile" with clear state COMPLETED
22:02:23.490 [ INFO] maestro.cli.runner.TestSuiteInteractor.invoke: Assert that "开发工具" is visible RUNNING
22:02:26.628 [ INFO] maestro.cli.runner.TestSuiteInteractor.invoke: Assert that "开发工具" is visible COMPLETED
22:02:26.629 [ INFO] maestro.cli.runner.TestSuiteInteractor.invoke: Tap on id: dev_tools_toggle_button RUNNING
22:02:26.640 [ INFO] maestro.Maestro.tap-BUbHBYE: Tapping on element:  UiElement(treeNode=TreeNode(attributes={text=, accessibilityText=开发工具, hintText=, ignoreBoundsFiltering=false, resource-id=dev_tools_toggle_button, clickable=true, bounds=[912,1095][1059,1242], enabled=true, focused=false, checked=false, scrollable=false, selected=false, class=android.widget.Button}, children=[], clickable=true, enabled=true, focused=false, checked=false, selected=false), bounds=Bounds(x=912, y=1095, width=147, height=147))
22:02:27.748 [ INFO] maestro.Maestro.tap-BUbHBYE: Refreshed element
22:02:27.749 [ INFO] maestro.Maestro.hierarchyBasedTap-hbl3e4M: Tapping at (985, 1168) using hierarchy based logic for wait
22:02:27.749 [TRACE] maestro.utils.ScreenshotUtils.takeScreenshot: Taking screenshot to byte array
22:02:27.749 [TRACE] maestro.utils.ScreenshotUtils.takeScreenshot: Taking screenshot to output sink
22:02:28.572 [TRACE] maestro.utils.ScreenshotUtils.takeScreenshot: Taking screenshot to byte array
22:02:28.574 [TRACE] maestro.utils.ScreenshotUtils.takeScreenshot: Taking screenshot to output sink
22:02:29.455 [ INFO] maestro.Maestro.hierarchyBasedTap-hbl3e4M: Screenshots are not different enough (d=0.0)
22:02:29.455 [ INFO] maestro.Maestro.hierarchyBasedTap-hbl3e4M: Nothing changed in the UI.
22:02:29.715 [ INFO] maestro.Maestro.hierarchyBasedTap-hbl3e4M: Something have changed in the UI judging by view hierarchy. Proceed.
22:02:29.715 [ INFO] maestro.cli.runner.TestSuiteInteractor.invoke: Tap on id: dev_tools_toggle_button COMPLETED
22:02:29.715 [ INFO] maestro.cli.runner.TestSuiteInteractor.invoke: Assert that "服务器地址" is visible RUNNING
22:02:29.727 [ INFO] maestro.cli.runner.TestSuiteInteractor.invoke: Assert that "服务器地址" is visible COMPLETED
22:02:29.942 [ INFO] maestro.cli.runner.TestSuiteInteractor.invoke: Define variables RUNNING
22:02:29.943 [ INFO] maestro.cli.runner.TestSuiteInteractor.invoke: Define variables COMPLETED
22:02:29.943 [ INFO] maestro.cli.runner.TestSuiteInteractor.invoke: Apply configuration RUNNING
22:02:29.943 [ INFO] maestro.cli.runner.TestSuiteInteractor.invoke: Apply configuration COMPLETED
22:02:29.943 [ INFO] maestro.cli.runner.TestSuiteInteractor.invoke: Launch app "com.example.mobile" with clear state RUNNING
22:02:29.943 [ INFO] maestro.Maestro.clearAppState: Clearing app state com.example.mobile
22:02:31.495 [ INFO] maestro.Maestro.launchApp: Launching app com.example.mobile
22:02:31.560 [ INFO] maestro.cli.runner.TestSuiteInteractor.invoke: Launch app "com.example.mobile" with clear state COMPLETED
22:02:31.560 [ INFO] maestro.cli.runner.TestSuiteInteractor.invoke: Tap on id: dev_tools_toggle_button RUNNING
22:02:33.763 [ INFO] maestro.Maestro.tap-BUbHBYE: Tapping on element:  UiElement(treeNode=TreeNode(attributes={text=, accessibilityText=开发工具, hintText=, ignoreBoundsFiltering=false, resource-id=dev_tools_toggle_button, clickable=true, bounds=[912,1095][1059,1242], enabled=true, focused=false, checked=false, scrollable=false, selected=false, class=android.widget.Button}, children=[], clickable=true, enabled=true, focused=false, checked=false, selected=false), bounds=Bounds(x=912, y=1095, width=147, height=147))
22:02:35.065 [ INFO] maestro.Maestro.tap-BUbHBYE: Refreshed element
22:02:35.065 [ INFO] maestro.Maestro.hierarchyBasedTap-hbl3e4M: Tapping at (985, 1168) using hierarchy based logic for wait
22:02:35.065 [TRACE] maestro.utils.ScreenshotUtils.takeScreenshot: Taking screenshot to byte array
22:02:35.066 [TRACE] maestro.utils.ScreenshotUtils.takeScreenshot: Taking screenshot to output sink
22:02:36.019 [ INFO] maestro.Maestro.hierarchyBasedTap-hbl3e4M: Something have changed in the UI judging by view hierarchy. Proceed.
22:02:36.020 [ INFO] maestro.cli.runner.TestSuiteInteractor.invoke: Tap on id: dev_tools_toggle_button COMPLETED
22:02:36.020 [ INFO] maestro.cli.runner.TestSuiteInteractor.invoke: Assert that "服务器地址" is visible RUNNING
22:02:36.085 [ INFO] maestro.cli.runner.TestSuiteInteractor.invoke: Assert that "服务器地址" is visible COMPLETED
22:02:36.085 [ INFO] maestro.cli.runner.TestSuiteInteractor.invoke: Tap on id: server_base_url_field RUNNING
22:02:36.099 [ INFO] maestro.Maestro.tap-BUbHBYE: Tapping on element:  UiElement(treeNode=TreeNode(attributes={text=, accessibilityText=, hintText=Server Base URL
服务器地址, ignoreBoundsFiltering=false, resource-id=server_base_url_field, clickable=false, bounds=[282,252][1038,806], enabled=true, focused=false, checked=false, scrollable=false, selected=false, class=android.widget.EditText}, children=[TreeNode(attributes={text=http://10.0.2.2:3001/api/v1, accessibilityText=, hintText=服务器地址, ignoreBoundsFiltering=false, resource-id=, clickable=true, bounds=[335,396][986,585], enabled=true, focused=false, checked=false, scrollable=false, selected=false, class=android.widget.EditText}, children=[], clickable=true, enabled=true, focused=false, checked=false, selected=false), TreeNode(attributes={text=, accessibilityText=保存配置, hintText=, ignoreBoundsFiltering=false, resource-id=, clickable=true, bounds=[335,627][986,753], enabled=true, focused=false, checked=false, scrollable=false, selected=false, class=android.widget.Button}, children=[], clickable=true, enabled=true, focused=false, checked=false, selected=false)], clickable=false, enabled=true, focused=false, checked=false, selected=false), bounds=Bounds(x=282, y=252, width=756, height=554))
22:02:37.247 [ INFO] maestro.Maestro.tap-BUbHBYE: Refreshed element
22:02:37.247 [ INFO] maestro.Maestro.hierarchyBasedTap-hbl3e4M: Tapping at (660, 529) using hierarchy based logic for wait
22:02:37.247 [TRACE] maestro.utils.ScreenshotUtils.takeScreenshot: Taking screenshot to byte array
22:02:37.247 [TRACE] maestro.utils.ScreenshotUtils.takeScreenshot: Taking screenshot to output sink
22:02:37.523 [TRACE] maestro.utils.ScreenshotUtils.takeScreenshot: Taking screenshot to byte array
22:02:37.523 [TRACE] maestro.utils.ScreenshotUtils.takeScreenshot: Taking screenshot to output sink
22:02:37.898 [ INFO] maestro.Maestro.hierarchyBasedTap-hbl3e4M: Screenshots are not different enough (d=0.0)
22:02:37.898 [ INFO] maestro.Maestro.hierarchyBasedTap-hbl3e4M: Nothing changed in the UI.
22:02:39.537 [ INFO] maestro.Maestro.hierarchyBasedTap-hbl3e4M: Something have changed in the UI judging by view hierarchy. Proceed.
22:02:39.537 [ INFO] maestro.cli.runner.TestSuiteInteractor.invoke: Tap on id: server_base_url_field COMPLETED
22:02:39.537 [ INFO] maestro.cli.runner.TestSuiteInteractor.invoke: Input text http://192.168.1.100:3000/api/v1 RUNNING
22:02:39.538 [ INFO] maestro.Maestro.inputText: Inputting text: http://192.168.1.100:3000/api/v1
22:02:45.774 [ INFO] maestro.cli.runner.TestSuiteInteractor.invoke: Input text http://192.168.1.100:3000/api/v1 COMPLETED
22:02:45.777 [ INFO] maestro.cli.runner.TestSuiteInteractor.invoke: Tap on "保存配置" RUNNING
22:02:45.870 [ INFO] maestro.Maestro.tap-BUbHBYE: Tapping on element:  UiElement(treeNode=TreeNode(attributes={text=, accessibilityText=保存配置, hintText=, ignoreBoundsFiltering=false, resource-id=, clickable=true, bounds=[335,690][986,816], enabled=true, focused=false, checked=false, scrollable=false, selected=false, class=android.widget.Button}, children=[], clickable=true, enabled=true, focused=false, checked=false, selected=false), bounds=Bounds(x=335, y=690, width=651, height=126))
22:02:46.917 [ INFO] maestro.Maestro.tap-BUbHBYE: Refreshed element
22:02:46.917 [ INFO] maestro.Maestro.hierarchyBasedTap-hbl3e4M: Tapping at (660, 753) using hierarchy based logic for wait
22:02:46.917 [TRACE] maestro.utils.ScreenshotUtils.takeScreenshot: Taking screenshot to byte array
22:02:46.917 [TRACE] maestro.utils.ScreenshotUtils.takeScreenshot: Taking screenshot to output sink
22:02:48.032 [ INFO] maestro.Maestro.hierarchyBasedTap-hbl3e4M: Something have changed in the UI judging by view hierarchy. Proceed.
22:02:48.032 [ INFO] maestro.cli.runner.TestSuiteInteractor.invoke: Tap on "保存配置" COMPLETED
22:02:48.032 [ INFO] maestro.cli.runner.TestSuiteInteractor.invoke: Assert that "保存成功，新配置已生效" is visible RUNNING
22:02:48.113 [ INFO] maestro.cli.runner.TestSuiteInteractor.invoke: Assert that "保存成功，新配置已生效" is visible COMPLETED
22:02:48.114 [ INFO] maestro.cli.runner.TestSuiteInteractor.invoke: Tap on id: server_base_url_field RUNNING
22:02:48.205 [ INFO] maestro.Maestro.tap-BUbHBYE: Tapping on element:  UiElement(treeNode=TreeNode(attributes={text=, accessibilityText=, hintText=Server Base URL
服务器地址, ignoreBoundsFiltering=false, resource-id=server_base_url_field, clickable=false, bounds=[282,252][1038,869], enabled=true, focused=false, checked=false, scrollable=false, selected=false, class=android.widget.EditText}, children=[TreeNode(attributes={text=http://192.168.1.100:3000/api/v1, accessibilityText=, hintText=服务器地址, ignoreBoundsFiltering=false, resource-id=, clickable=true, bounds=[335,396][986,648], enabled=true, focused=true, checked=false, scrollable=false, selected=false, class=android.widget.EditText}, children=[], clickable=true, enabled=true, focused=true, checked=false, selected=false), TreeNode(attributes={text=, accessibilityText=保存配置, hintText=, ignoreBoundsFiltering=false, resource-id=, clickable=true, bounds=[335,690][986,816], enabled=true, focused=false, checked=false, scrollable=false, selected=false, class=android.widget.Button}, children=[], clickable=true, enabled=true, focused=false, checked=false, selected=false)], clickable=false, enabled=true, focused=false, checked=false, selected=false), bounds=Bounds(x=282, y=252, width=756, height=617))
22:02:49.298 [ INFO] maestro.Maestro.tap-BUbHBYE: Refreshed element
22:02:49.298 [ INFO] maestro.Maestro.hierarchyBasedTap-hbl3e4M: Tapping at (660, 560) using hierarchy based logic for wait
22:02:49.299 [TRACE] maestro.utils.ScreenshotUtils.takeScreenshot: Taking screenshot to byte array
22:02:49.299 [TRACE] maestro.utils.ScreenshotUtils.takeScreenshot: Taking screenshot to output sink
22:02:50.262 [TRACE] maestro.utils.ScreenshotUtils.takeScreenshot: Taking screenshot to byte array
22:02:50.262 [TRACE] maestro.utils.ScreenshotUtils.takeScreenshot: Taking screenshot to output sink
22:02:50.496 [ INFO] maestro.Maestro.hierarchyBasedTap-hbl3e4M: Screenshots are not different enough (d=0.0)
22:02:50.496 [ INFO] maestro.Maestro.hierarchyBasedTap-hbl3e4M: Nothing changed in the UI.
22:02:50.792 [TRACE] maestro.utils.ScreenshotUtils.takeScreenshot: Taking screenshot to byte array
22:02:50.792 [TRACE] maestro.utils.ScreenshotUtils.takeScreenshot: Taking screenshot to output sink
22:02:51.252 [ INFO] maestro.Maestro.hierarchyBasedTap-hbl3e4M: Something have changed in the UI judging by screenshot (d=0.0075552734). Proceed.
22:02:51.252 [ INFO] maestro.cli.runner.TestSuiteInteractor.invoke: Tap on id: server_base_url_field COMPLETED
22:02:51.252 [ INFO] maestro.cli.runner.TestSuiteInteractor.invoke: Input text http://example.com:8080/api/v2 RUNNING
22:02:51.252 [ INFO] maestro.Maestro.inputText: Inputting text: http://example.com:8080/api/v2
22:02:56.191 [ INFO] maestro.cli.runner.TestSuiteInteractor.invoke: Input text http://example.com:8080/api/v2 COMPLETED
22:02:56.192 [ INFO] maestro.cli.runner.TestSuiteInteractor.invoke: Tap on "保存配置" RUNNING
22:02:56.263 [ INFO] maestro.Maestro.tap-BUbHBYE: Tapping on element:  UiElement(treeNode=TreeNode(attributes={text=, accessibilityText=保存配置, hintText=, ignoreBoundsFiltering=false, resource-id=, clickable=true, bounds=[335,816][986,942], enabled=true, focused=false, checked=false, scrollable=false, selected=false, class=android.widget.Button}, children=[], clickable=true, enabled=true, focused=false, checked=false, selected=false), bounds=Bounds(x=335, y=816, width=651, height=126))
22:02:57.325 [ INFO] maestro.Maestro.tap-BUbHBYE: Refreshed element
22:02:57.325 [ INFO] maestro.Maestro.hierarchyBasedTap-hbl3e4M: Tapping at (660, 879) using hierarchy based logic for wait
22:02:57.325 [TRACE] maestro.utils.ScreenshotUtils.takeScreenshot: Taking screenshot to byte array
22:02:57.325 [TRACE] maestro.utils.ScreenshotUtils.takeScreenshot: Taking screenshot to output sink
22:02:58.440 [ INFO] maestro.Maestro.hierarchyBasedTap-hbl3e4M: Something have changed in the UI judging by view hierarchy. Proceed.
22:02:58.440 [ INFO] maestro.cli.runner.TestSuiteInteractor.invoke: Tap on "保存配置" COMPLETED
22:02:58.440 [ INFO] maestro.cli.runner.TestSuiteInteractor.invoke: Assert that "保存成功，新配置已生效" is visible RUNNING
22:02:58.519 [ INFO] maestro.cli.runner.TestSuiteInteractor.invoke: Assert that "保存成功，新配置已生效" is visible COMPLETED
22:02:58.519 [ INFO] maestro.cli.runner.TestSuiteInteractor.invoke: Tap on id: server_base_url_field RUNNING
22:02:58.593 [ INFO] maestro.Maestro.tap-BUbHBYE: Tapping on element:  UiElement(treeNode=TreeNode(attributes={text=, accessibilityText=, hintText=Server Base URL
服务器地址, ignoreBoundsFiltering=false, resource-id=server_base_url_field, clickable=false, bounds=[282,252][1038,995], enabled=true, focused=false, checked=false, scrollable=false, selected=false, class=android.widget.EditText}, children=[TreeNode(attributes={text=http://192.168.1.100:3000/api/v1http://example.com:8080/api/v2, accessibilityText=, hintText=服务器地址, ignoreBoundsFiltering=false, resource-id=, clickable=true, bounds=[335,396][986,774], enabled=true, focused=true, checked=false, scrollable=false, selected=false, class=android.widget.EditText}, children=[], clickable=true, enabled=true, focused=true, checked=false, selected=false), TreeNode(attributes={text=, accessibilityText=保存配置, hintText=, ignoreBoundsFiltering=false, resource-id=, clickable=true, bounds=[335,816][986,942], enabled=true, focused=false, checked=false, scrollable=false, selected=false, class=android.widget.Button}, children=[], clickable=true, enabled=true, focused=false, checked=false, selected=false)], clickable=false, enabled=true, focused=false, checked=false, selected=false), bounds=Bounds(x=282, y=252, width=756, height=743))
22:02:59.671 [ INFO] maestro.Maestro.tap-BUbHBYE: Refreshed element
22:02:59.671 [ INFO] maestro.Maestro.hierarchyBasedTap-hbl3e4M: Tapping at (660, 623) using hierarchy based logic for wait
22:02:59.671 [TRACE] maestro.utils.ScreenshotUtils.takeScreenshot: Taking screenshot to byte array
22:02:59.671 [TRACE] maestro.utils.ScreenshotUtils.takeScreenshot: Taking screenshot to output sink
22:03:00.518 [TRACE] maestro.utils.ScreenshotUtils.takeScreenshot: Taking screenshot to byte array
22:03:00.518 [TRACE] maestro.utils.ScreenshotUtils.takeScreenshot: Taking screenshot to output sink
22:03:00.878 [ INFO] maestro.Maestro.hierarchyBasedTap-hbl3e4M: Something have changed in the UI judging by screenshot (d=0.006703028). Proceed.
22:03:00.878 [ INFO] maestro.cli.runner.TestSuiteInteractor.invoke: Tap on id: server_base_url_field COMPLETED
22:03:00.878 [ INFO] maestro.cli.runner.TestSuiteInteractor.invoke: Erase 100 characters RUNNING
22:03:00.878 [ INFO] maestro.Maestro.eraseText: Erasing 100 characters
22:03:07.894 [ INFO] maestro.cli.runner.TestSuiteInteractor.invoke: Erase 100 characters COMPLETED
22:03:07.894 [ INFO] maestro.cli.runner.TestSuiteInteractor.invoke: Input text http://10.0.2.2:3001/api/v1 RUNNING
22:03:07.894 [ INFO] maestro.Maestro.inputText: Inputting text: http://10.0.2.2:3001/api/v1
22:03:12.566 [ INFO] maestro.cli.runner.TestSuiteInteractor.invoke: Input text http://10.0.2.2:3001/api/v1 COMPLETED
22:03:12.567 [ INFO] maestro.cli.runner.TestSuiteInteractor.invoke: Tap on "保存配置" RUNNING
22:03:12.775 [ INFO] maestro.Maestro.tap-BUbHBYE: Tapping on element:  UiElement(treeNode=TreeNode(attributes={text=, accessibilityText=保存配置, hintText=, ignoreBoundsFiltering=false, resource-id=, clickable=true, bounds=[335,879][986,1005], enabled=true, focused=false, checked=false, scrollable=false, selected=false, class=android.widget.Button}, children=[], clickable=true, enabled=true, focused=false, checked=false, selected=false), bounds=Bounds(x=335, y=879, width=651, height=126))
22:03:14.555 [ INFO] maestro.Maestro.tap-BUbHBYE: Refreshed element
22:03:14.557 [ INFO] maestro.Maestro.hierarchyBasedTap-hbl3e4M: Tapping at (660, 942) using hierarchy based logic for wait
22:03:14.557 [TRACE] maestro.utils.ScreenshotUtils.takeScreenshot: Taking screenshot to byte array
22:03:14.557 [TRACE] maestro.utils.ScreenshotUtils.takeScreenshot: Taking screenshot to output sink
22:03:15.880 [ INFO] maestro.Maestro.hierarchyBasedTap-hbl3e4M: Something have changed in the UI judging by view hierarchy. Proceed.
22:03:15.880 [ INFO] maestro.cli.runner.TestSuiteInteractor.invoke: Tap on "保存配置" COMPLETED
22:03:15.880 [ INFO] maestro.cli.runner.TestSuiteInteractor.invoke: Assert that "保存成功，新配置已生效" is visible RUNNING
22:03:15.957 [ INFO] maestro.cli.runner.TestSuiteInteractor.invoke: Assert that "保存成功，新配置已生效" is visible COMPLETED
22:03:15.983 [ INFO] maestro.cli.runner.TestSuiteInteractor.invoke: Define variables RUNNING
22:03:15.984 [ INFO] maestro.cli.runner.TestSuiteInteractor.invoke: Define variables COMPLETED
22:03:15.985 [ INFO] maestro.cli.runner.TestSuiteInteractor.invoke: Apply configuration RUNNING
22:03:15.985 [ INFO] maestro.cli.runner.TestSuiteInteractor.invoke: Apply configuration COMPLETED
22:03:15.985 [ INFO] maestro.cli.runner.TestSuiteInteractor.invoke: Launch app "com.example.mobile" with clear state RUNNING
22:03:15.985 [ INFO] maestro.Maestro.clearAppState: Clearing app state com.example.mobile
22:03:17.633 [ INFO] maestro.Maestro.launchApp: Launching app com.example.mobile
22:03:17.722 [ INFO] maestro.cli.runner.TestSuiteInteractor.invoke: Launch app "com.example.mobile" with clear state COMPLETED
22:03:17.722 [ INFO] maestro.cli.runner.TestSuiteInteractor.invoke: Tap on id: dev_tools_toggle_button RUNNING
22:03:20.571 [ INFO] maestro.Maestro.tap-BUbHBYE: Tapping on element:  UiElement(treeNode=TreeNode(attributes={text=, accessibilityText=开发工具, hintText=, ignoreBoundsFiltering=false, resource-id=dev_tools_toggle_button, clickable=true, bounds=[912,1095][1059,1242], enabled=true, focused=false, checked=false, scrollable=false, selected=false, class=android.widget.Button}, children=[], clickable=true, enabled=true, focused=false, checked=false, selected=false), bounds=Bounds(x=912, y=1095, width=147, height=147))
22:03:21.860 [ INFO] maestro.Maestro.tap-BUbHBYE: Refreshed element
22:03:21.861 [ INFO] maestro.Maestro.hierarchyBasedTap-hbl3e4M: Tapping at (985, 1168) using hierarchy based logic for wait
22:03:21.861 [TRACE] maestro.utils.ScreenshotUtils.takeScreenshot: Taking screenshot to byte array
22:03:21.861 [TRACE] maestro.utils.ScreenshotUtils.takeScreenshot: Taking screenshot to output sink
22:03:22.879 [ INFO] maestro.Maestro.hierarchyBasedTap-hbl3e4M: Something have changed in the UI judging by view hierarchy. Proceed.
22:03:22.879 [ INFO] maestro.cli.runner.TestSuiteInteractor.invoke: Tap on id: dev_tools_toggle_button COMPLETED
22:03:22.879 [ INFO] maestro.cli.runner.TestSuiteInteractor.invoke: Assert that "服务器地址" is visible RUNNING
22:03:22.894 [ INFO] maestro.cli.runner.TestSuiteInteractor.invoke: Assert that "服务器地址" is visible COMPLETED
22:03:22.894 [ INFO] maestro.cli.runner.TestSuiteInteractor.invoke: Tap on id: server_base_url_field RUNNING
22:03:22.907 [ INFO] maestro.Maestro.tap-BUbHBYE: Tapping on element:  UiElement(treeNode=TreeNode(attributes={text=, accessibilityText=, hintText=Server Base URL
服务器地址, ignoreBoundsFiltering=false, resource-id=server_base_url_field, clickable=false, bounds=[282,252][1038,806], enabled=true, focused=false, checked=false, scrollable=false, selected=false, class=android.widget.EditText}, children=[TreeNode(attributes={text=http://10.0.2.2:3001/api/v1, accessibilityText=, hintText=服务器地址, ignoreBoundsFiltering=false, resource-id=, clickable=true, bounds=[335,396][986,585], enabled=true, focused=false, checked=false, scrollable=false, selected=false, class=android.widget.EditText}, children=[], clickable=true, enabled=true, focused=false, checked=false, selected=false), TreeNode(attributes={text=, accessibilityText=保存配置, hintText=, ignoreBoundsFiltering=false, resource-id=, clickable=true, bounds=[335,627][986,753], enabled=true, focused=false, checked=false, scrollable=false, selected=false, class=android.widget.Button}, children=[], clickable=true, enabled=true, focused=false, checked=false, selected=false)], clickable=false, enabled=true, focused=false, checked=false, selected=false), bounds=Bounds(x=282, y=252, width=756, height=554))
22:03:23.988 [ INFO] maestro.Maestro.tap-BUbHBYE: Refreshed element
22:03:23.988 [ INFO] maestro.Maestro.hierarchyBasedTap-hbl3e4M: Tapping at (660, 529) using hierarchy based logic for wait
22:03:23.988 [TRACE] maestro.utils.ScreenshotUtils.takeScreenshot: Taking screenshot to byte array
22:03:23.988 [TRACE] maestro.utils.ScreenshotUtils.takeScreenshot: Taking screenshot to output sink
22:03:24.350 [TRACE] maestro.utils.ScreenshotUtils.takeScreenshot: Taking screenshot to byte array
22:03:24.350 [TRACE] maestro.utils.ScreenshotUtils.takeScreenshot: Taking screenshot to output sink
22:03:24.927 [ INFO] maestro.Maestro.hierarchyBasedTap-hbl3e4M: Screenshots are not different enough (d=0.0)
22:03:24.927 [ INFO] maestro.Maestro.hierarchyBasedTap-hbl3e4M: Nothing changed in the UI.
22:03:26.536 [ INFO] maestro.Maestro.hierarchyBasedTap-hbl3e4M: Something have changed in the UI judging by view hierarchy. Proceed.
22:03:26.537 [ INFO] maestro.cli.runner.TestSuiteInteractor.invoke: Tap on id: server_base_url_field COMPLETED
22:03:26.537 [ INFO] maestro.cli.runner.TestSuiteInteractor.invoke: Input text http://example.com RUNNING
22:03:26.537 [ INFO] maestro.Maestro.inputText: Inputting text: http://example.com
22:03:30.427 [ INFO] maestro.cli.runner.TestSuiteInteractor.invoke: Input text http://example.com COMPLETED
22:03:30.431 [ INFO] maestro.cli.runner.TestSuiteInteractor.invoke: Erase 100 characters RUNNING
22:03:30.431 [ INFO] maestro.Maestro.eraseText: Erasing 100 characters
22:03:38.062 [ INFO] maestro.cli.runner.TestSuiteInteractor.invoke: Erase 100 characters COMPLETED
22:03:38.064 [ INFO] maestro.cli.runner.TestSuiteInteractor.invoke: Assert that "请输入服务器地址" is visible RUNNING
22:03:38.135 [ INFO] maestro.cli.runner.TestSuiteInteractor.invoke: Assert that "请输入服务器地址" is visible COMPLETED
22:03:38.135 [ INFO] maestro.cli.runner.TestSuiteInteractor.invoke: Tap on "保存配置" RUNNING
22:03:38.210 [ INFO] maestro.Maestro.tap-BUbHBYE: Tapping on element:  UiElement(treeNode=TreeNode(attributes={text=, accessibilityText=保存配置, hintText=, ignoreBoundsFiltering=false, resource-id=, clickable=false, bounds=[335,680][986,806], enabled=false, focused=false, checked=false, scrollable=false, selected=false, class=android.widget.Button}, children=[], clickable=false, enabled=false, focused=false, checked=false, selected=false), bounds=Bounds(x=335, y=680, width=651, height=126))
22:03:39.263 [ INFO] maestro.Maestro.tap-BUbHBYE: Refreshed element
22:03:39.263 [ INFO] maestro.Maestro.hierarchyBasedTap-hbl3e4M: Tapping at (660, 743) using hierarchy based logic for wait
22:03:39.263 [TRACE] maestro.utils.ScreenshotUtils.takeScreenshot: Taking screenshot to byte array
22:03:39.263 [TRACE] maestro.utils.ScreenshotUtils.takeScreenshot: Taking screenshot to output sink
22:03:39.885 [TRACE] maestro.utils.ScreenshotUtils.takeScreenshot: Taking screenshot to byte array
22:03:39.885 [TRACE] maestro.utils.ScreenshotUtils.takeScreenshot: Taking screenshot to output sink
22:03:40.172 [ INFO] maestro.Maestro.hierarchyBasedTap-hbl3e4M: Screenshots are not different enough (d=0.0)
22:03:40.172 [ INFO] maestro.Maestro.hierarchyBasedTap-hbl3e4M: Nothing changed in the UI.
22:03:40.465 [TRACE] maestro.utils.ScreenshotUtils.takeScreenshot: Taking screenshot to byte array
22:03:40.465 [TRACE] maestro.utils.ScreenshotUtils.takeScreenshot: Taking screenshot to output sink
22:03:40.728 [ INFO] maestro.Maestro.hierarchyBasedTap-hbl3e4M: Something have changed in the UI judging by screenshot (d=0.006913076). Proceed.
22:03:40.728 [ INFO] maestro.cli.runner.TestSuiteInteractor.invoke: Tap on "保存配置" COMPLETED
22:03:40.728 [ INFO] maestro.cli.runner.TestSuiteInteractor.invoke: Assert that "保存成功，新配置已生效" is not visible RUNNING
22:03:41.258 [ INFO] maestro.cli.runner.TestSuiteInteractor.invoke: Assert that "保存成功，新配置已生效" is not visible COMPLETED
22:03:41.266 [ INFO] maestro.cli.runner.TestSuiteInteractor.invoke: Define variables RUNNING
22:03:41.266 [ INFO] maestro.cli.runner.TestSuiteInteractor.invoke: Define variables COMPLETED
22:03:41.267 [ INFO] maestro.cli.runner.TestSuiteInteractor.invoke: Apply configuration RUNNING
22:03:41.267 [ INFO] maestro.cli.runner.TestSuiteInteractor.invoke: Apply configuration COMPLETED
22:03:41.267 [ INFO] maestro.cli.runner.TestSuiteInteractor.invoke: Launch app "com.example.mobile" with clear state RUNNING
22:03:41.267 [ INFO] maestro.Maestro.clearAppState: Clearing app state com.example.mobile
22:03:44.190 [ INFO] maestro.Maestro.launchApp: Launching app com.example.mobile
22:03:44.910 [ INFO] maestro.cli.runner.TestSuiteInteractor.invoke: Launch app "com.example.mobile" with clear state COMPLETED
22:03:44.914 [ INFO] maestro.cli.runner.TestSuiteInteractor.invoke: Tap on id: dev_tools_toggle_button RUNNING
22:03:48.558 [ INFO] maestro.Maestro.tap-BUbHBYE: Tapping on element:  UiElement(treeNode=TreeNode(attributes={text=, accessibilityText=开发工具, hintText=, ignoreBoundsFiltering=false, resource-id=dev_tools_toggle_button, clickable=true, bounds=[912,1095][1059,1242], enabled=true, focused=false, checked=false, scrollable=false, selected=false, class=android.widget.Button}, children=[], clickable=true, enabled=true, focused=false, checked=false, selected=false), bounds=Bounds(x=912, y=1095, width=147, height=147))
22:03:49.904 [ INFO] maestro.Maestro.tap-BUbHBYE: Refreshed element
22:03:49.905 [ INFO] maestro.Maestro.hierarchyBasedTap-hbl3e4M: Tapping at (985, 1168) using hierarchy based logic for wait
22:03:49.905 [TRACE] maestro.utils.ScreenshotUtils.takeScreenshot: Taking screenshot to byte array
22:03:49.905 [TRACE] maestro.utils.ScreenshotUtils.takeScreenshot: Taking screenshot to output sink
22:03:50.951 [ INFO] maestro.Maestro.hierarchyBasedTap-hbl3e4M: Something have changed in the UI judging by view hierarchy. Proceed.
22:03:50.951 [ INFO] maestro.cli.runner.TestSuiteInteractor.invoke: Tap on id: dev_tools_toggle_button COMPLETED
22:03:50.951 [ INFO] maestro.cli.runner.TestSuiteInteractor.invoke: Assert that "服务器地址" is visible RUNNING
22:03:51.007 [ INFO] maestro.cli.runner.TestSuiteInteractor.invoke: Assert that "服务器地址" is visible COMPLETED
22:03:51.007 [ INFO] maestro.cli.runner.TestSuiteInteractor.invoke: Tap on id: server_base_url_field RUNNING
22:03:51.021 [ INFO] maestro.Maestro.tap-BUbHBYE: Tapping on element:  UiElement(treeNode=TreeNode(attributes={text=, accessibilityText=, hintText=Server Base URL
服务器地址, ignoreBoundsFiltering=false, resource-id=server_base_url_field, clickable=false, bounds=[282,252][1038,806], enabled=true, focused=false, checked=false, scrollable=false, selected=false, class=android.widget.EditText}, children=[TreeNode(attributes={text=http://10.0.2.2:3001/api/v1, accessibilityText=, hintText=服务器地址, ignoreBoundsFiltering=false, resource-id=, clickable=true, bounds=[335,396][986,585], enabled=true, focused=false, checked=false, scrollable=false, selected=false, class=android.widget.EditText}, children=[], clickable=true, enabled=true, focused=false, checked=false, selected=false), TreeNode(attributes={text=, accessibilityText=保存配置, hintText=, ignoreBoundsFiltering=false, resource-id=, clickable=true, bounds=[335,627][986,753], enabled=true, focused=false, checked=false, scrollable=false, selected=false, class=android.widget.Button}, children=[], clickable=true, enabled=true, focused=false, checked=false, selected=false)], clickable=false, enabled=true, focused=false, checked=false, selected=false), bounds=Bounds(x=282, y=252, width=756, height=554))
22:03:52.203 [ INFO] maestro.Maestro.tap-BUbHBYE: Refreshed element
22:03:52.204 [ INFO] maestro.Maestro.hierarchyBasedTap-hbl3e4M: Tapping at (660, 529) using hierarchy based logic for wait
22:03:52.204 [TRACE] maestro.utils.ScreenshotUtils.takeScreenshot: Taking screenshot to byte array
22:03:52.204 [TRACE] maestro.utils.ScreenshotUtils.takeScreenshot: Taking screenshot to output sink
22:03:52.671 [TRACE] maestro.utils.ScreenshotUtils.takeScreenshot: Taking screenshot to byte array
22:03:52.671 [TRACE] maestro.utils.ScreenshotUtils.takeScreenshot: Taking screenshot to output sink
22:03:53.482 [ INFO] maestro.Maestro.hierarchyBasedTap-hbl3e4M: Screenshots are not different enough (d=0.0)
22:03:53.482 [ INFO] maestro.Maestro.hierarchyBasedTap-hbl3e4M: Nothing changed in the UI.
22:03:55.296 [ INFO] maestro.Maestro.hierarchyBasedTap-hbl3e4M: Something have changed in the UI judging by view hierarchy. Proceed.
22:03:55.297 [ INFO] maestro.cli.runner.TestSuiteInteractor.invoke: Tap on id: server_base_url_field COMPLETED
22:03:55.297 [ INFO] maestro.cli.runner.TestSuiteInteractor.invoke: Input text not-a-url RUNNING
22:03:55.297 [ INFO] maestro.Maestro.inputText: Inputting text: not-a-url
22:03:57.925 [ INFO] maestro.cli.runner.TestSuiteInteractor.invoke: Input text not-a-url COMPLETED
22:03:57.925 [ INFO] maestro.cli.runner.TestSuiteInteractor.invoke: Assert that "请输入有效的 HTTP/HTTPS URL" is visible RUNNING
22:03:58.001 [ INFO] maestro.cli.runner.TestSuiteInteractor.invoke: Assert that "请输入有效的 HTTP/HTTPS URL" is visible COMPLETED
22:03:58.001 [ INFO] maestro.cli.runner.TestSuiteInteractor.invoke: Tap on "保存配置" RUNNING
22:03:58.081 [ INFO] maestro.Maestro.tap-BUbHBYE: Tapping on element:  UiElement(treeNode=TreeNode(attributes={text=, accessibilityText=保存配置, hintText=, ignoreBoundsFiltering=false, resource-id=, clickable=false, bounds=[335,683][986,809], enabled=false, focused=false, checked=false, scrollable=false, selected=false, class=android.widget.Button}, children=[], clickable=false, enabled=false, focused=false, checked=false, selected=false), bounds=Bounds(x=335, y=683, width=651, height=126))
22:03:59.170 [ INFO] maestro.Maestro.tap-BUbHBYE: Refreshed element
22:03:59.170 [ INFO] maestro.Maestro.hierarchyBasedTap-hbl3e4M: Tapping at (660, 746) using hierarchy based logic for wait
22:03:59.170 [TRACE] maestro.utils.ScreenshotUtils.takeScreenshot: Taking screenshot to byte array
22:03:59.170 [TRACE] maestro.utils.ScreenshotUtils.takeScreenshot: Taking screenshot to output sink
22:03:59.664 [TRACE] maestro.utils.ScreenshotUtils.takeScreenshot: Taking screenshot to byte array
22:03:59.665 [TRACE] maestro.utils.ScreenshotUtils.takeScreenshot: Taking screenshot to output sink
22:03:59.945 [ INFO] maestro.Maestro.hierarchyBasedTap-hbl3e4M: Something have changed in the UI judging by screenshot (d=0.008565621). Proceed.
22:03:59.945 [ INFO] maestro.cli.runner.TestSuiteInteractor.invoke: Tap on "保存配置" COMPLETED
22:03:59.945 [ INFO] maestro.cli.runner.TestSuiteInteractor.invoke: Assert that "保存成功，新配置已生效" is not visible RUNNING
22:04:00.561 [ INFO] maestro.cli.runner.TestSuiteInteractor.invoke: Assert that "保存成功，新配置已生效" is not visible COMPLETED
22:04:00.566 [ INFO] maestro.cli.runner.TestSuiteInteractor.invoke: Define variables RUNNING
22:04:00.567 [ INFO] maestro.cli.runner.TestSuiteInteractor.invoke: Define variables COMPLETED
22:04:00.567 [ INFO] maestro.cli.runner.TestSuiteInteractor.invoke: Apply configuration RUNNING
22:04:00.567 [ INFO] maestro.cli.runner.TestSuiteInteractor.invoke: Apply configuration COMPLETED
22:04:00.567 [ INFO] maestro.cli.runner.TestSuiteInteractor.invoke: Launch app "com.example.mobile" with clear state RUNNING
22:04:00.567 [ INFO] maestro.Maestro.clearAppState: Clearing app state com.example.mobile
22:04:01.982 [ INFO] maestro.Maestro.launchApp: Launching app com.example.mobile
22:04:02.070 [ INFO] maestro.cli.runner.TestSuiteInteractor.invoke: Launch app "com.example.mobile" with clear state COMPLETED
22:04:02.071 [ INFO] maestro.cli.runner.TestSuiteInteractor.invoke: Tap on id: dev_tools_toggle_button RUNNING
22:04:05.979 [ INFO] maestro.Maestro.tap-BUbHBYE: Tapping on element:  UiElement(treeNode=TreeNode(attributes={text=, accessibilityText=开发工具, hintText=, ignoreBoundsFiltering=false, resource-id=dev_tools_toggle_button, clickable=true, bounds=[912,1095][1059,1242], enabled=true, focused=false, checked=false, scrollable=false, selected=false, class=android.widget.Button}, children=[], clickable=true, enabled=true, focused=false, checked=false, selected=false), bounds=Bounds(x=912, y=1095, width=147, height=147))
22:04:07.095 [ INFO] maestro.Maestro.tap-BUbHBYE: Refreshed element
22:04:07.095 [ INFO] maestro.Maestro.hierarchyBasedTap-hbl3e4M: Tapping at (985, 1168) using hierarchy based logic for wait
22:04:07.095 [TRACE] maestro.utils.ScreenshotUtils.takeScreenshot: Taking screenshot to byte array
22:04:07.095 [TRACE] maestro.utils.ScreenshotUtils.takeScreenshot: Taking screenshot to output sink
22:04:08.093 [ INFO] maestro.Maestro.hierarchyBasedTap-hbl3e4M: Something have changed in the UI judging by view hierarchy. Proceed.
22:04:08.093 [ INFO] maestro.cli.runner.TestSuiteInteractor.invoke: Tap on id: dev_tools_toggle_button COMPLETED
22:04:08.093 [ INFO] maestro.cli.runner.TestSuiteInteractor.invoke: Assert that "服务器地址" is visible RUNNING
22:04:08.123 [ INFO] maestro.cli.runner.TestSuiteInteractor.invoke: Assert that "服务器地址" is visible COMPLETED
22:04:08.123 [ INFO] maestro.cli.runner.TestSuiteInteractor.invoke: Tap on id: server_base_url_field RUNNING
22:04:08.138 [ INFO] maestro.Maestro.tap-BUbHBYE: Tapping on element:  UiElement(treeNode=TreeNode(attributes={text=, accessibilityText=, hintText=Server Base URL
服务器地址, ignoreBoundsFiltering=false, resource-id=server_base_url_field, clickable=false, bounds=[282,252][1038,806], enabled=true, focused=false, checked=false, scrollable=false, selected=false, class=android.widget.EditText}, children=[TreeNode(attributes={text=http://10.0.2.2:3001/api/v1, accessibilityText=, hintText=服务器地址, ignoreBoundsFiltering=false, resource-id=, clickable=true, bounds=[335,396][986,585], enabled=true, focused=false, checked=false, scrollable=false, selected=false, class=android.widget.EditText}, children=[], clickable=true, enabled=true, focused=false, checked=false, selected=false), TreeNode(attributes={text=, accessibilityText=保存配置, hintText=, ignoreBoundsFiltering=false, resource-id=, clickable=true, bounds=[335,627][986,753], enabled=true, focused=false, checked=false, scrollable=false, selected=false, class=android.widget.Button}, children=[], clickable=true, enabled=true, focused=false, checked=false, selected=false)], clickable=false, enabled=true, focused=false, checked=false, selected=false), bounds=Bounds(x=282, y=252, width=756, height=554))
22:04:09.262 [ INFO] maestro.Maestro.tap-BUbHBYE: Refreshed element
22:04:09.262 [ INFO] maestro.Maestro.hierarchyBasedTap-hbl3e4M: Tapping at (660, 529) using hierarchy based logic for wait
22:04:09.262 [TRACE] maestro.utils.ScreenshotUtils.takeScreenshot: Taking screenshot to byte array
22:04:09.262 [TRACE] maestro.utils.ScreenshotUtils.takeScreenshot: Taking screenshot to output sink
22:04:09.587 [TRACE] maestro.utils.ScreenshotUtils.takeScreenshot: Taking screenshot to byte array
22:04:09.587 [TRACE] maestro.utils.ScreenshotUtils.takeScreenshot: Taking screenshot to output sink
22:04:10.055 [ INFO] maestro.Maestro.hierarchyBasedTap-hbl3e4M: Screenshots are not different enough (d=0.0)
22:04:10.055 [ INFO] maestro.Maestro.hierarchyBasedTap-hbl3e4M: Nothing changed in the UI.
22:04:11.442 [ INFO] maestro.Maestro.hierarchyBasedTap-hbl3e4M: Something have changed in the UI judging by view hierarchy. Proceed.
22:04:11.442 [ INFO] maestro.cli.runner.TestSuiteInteractor.invoke: Tap on id: server_base_url_field COMPLETED
22:04:11.442 [ INFO] maestro.cli.runner.TestSuiteInteractor.invoke: Input text http://192.168.1.100:3000/api/v1 RUNNING
22:04:11.442 [ INFO] maestro.Maestro.inputText: Inputting text: http://192.168.1.100:3000/api/v1
22:04:17.831 [ INFO] maestro.cli.runner.TestSuiteInteractor.invoke: Input text http://192.168.1.100:3000/api/v1 COMPLETED
22:04:17.832 [ INFO] maestro.cli.runner.TestSuiteInteractor.invoke: Tap on "保存配置" RUNNING
22:04:17.913 [ INFO] maestro.Maestro.tap-BUbHBYE: Tapping on element:  UiElement(treeNode=TreeNode(attributes={text=, accessibilityText=保存配置, hintText=, ignoreBoundsFiltering=false, resource-id=, clickable=true, bounds=[335,690][986,816], enabled=true, focused=false, checked=false, scrollable=false, selected=false, class=android.widget.Button}, children=[], clickable=true, enabled=true, focused=false, checked=false, selected=false), bounds=Bounds(x=335, y=690, width=651, height=126))
22:04:19.055 [ INFO] maestro.Maestro.tap-BUbHBYE: Refreshed element
22:04:19.055 [ INFO] maestro.Maestro.hierarchyBasedTap-hbl3e4M: Tapping at (660, 753) using hierarchy based logic for wait
22:04:19.055 [TRACE] maestro.utils.ScreenshotUtils.takeScreenshot: Taking screenshot to byte array
22:04:19.055 [TRACE] maestro.utils.ScreenshotUtils.takeScreenshot: Taking screenshot to output sink
22:04:20.140 [ INFO] maestro.Maestro.hierarchyBasedTap-hbl3e4M: Something have changed in the UI judging by view hierarchy. Proceed.
22:04:20.140 [ INFO] maestro.cli.runner.TestSuiteInteractor.invoke: Tap on "保存配置" COMPLETED
22:04:20.140 [ INFO] maestro.cli.runner.TestSuiteInteractor.invoke: Assert that "保存成功，新配置已生效" is visible RUNNING
22:04:20.237 [ INFO] maestro.cli.runner.TestSuiteInteractor.invoke: Assert that "保存成功，新配置已生效" is visible COMPLETED
22:04:20.237 [ INFO] maestro.cli.runner.TestSuiteInteractor.invoke: Tap on point (10%,50%) RUNNING
22:04:20.240 [ INFO] maestro.Maestro.hierarchyBasedTap-hbl3e4M: Tapping at (108, 1200) using hierarchy based logic for wait
22:04:20.326 [TRACE] maestro.utils.ScreenshotUtils.takeScreenshot: Taking screenshot to byte array
22:04:20.326 [TRACE] maestro.utils.ScreenshotUtils.takeScreenshot: Taking screenshot to output sink
22:04:21.992 [ INFO] maestro.Maestro.hierarchyBasedTap-hbl3e4M: Something have changed in the UI judging by view hierarchy. Proceed.
22:04:21.992 [ INFO] maestro.cli.runner.TestSuiteInteractor.invoke: Tap on point (10%,50%) COMPLETED
22:04:21.992 [ INFO] maestro.cli.runner.TestSuiteInteractor.invoke: Tap on id: dev_tools_toggle_button RUNNING
22:04:22.090 [ INFO] maestro.Maestro.tap-BUbHBYE: Tapping on element:  UiElement(treeNode=TreeNode(attributes={text=, accessibilityText=开发工具, hintText=, ignoreBoundsFiltering=false, resource-id=dev_tools_toggle_button, clickable=true, bounds=[912,1095][1059,1242], enabled=true, focused=false, checked=false, scrollable=false, selected=false, class=android.widget.Button}, children=[], clickable=true, enabled=true, focused=false, checked=false, selected=false), bounds=Bounds(x=912, y=1095, width=147, height=147))
22:04:23.125 [ INFO] maestro.Maestro.tap-BUbHBYE: Refreshed element
22:04:23.125 [ INFO] maestro.Maestro.hierarchyBasedTap-hbl3e4M: Tapping at (985, 1168) using hierarchy based logic for wait
22:04:23.125 [TRACE] maestro.utils.ScreenshotUtils.takeScreenshot: Taking screenshot to byte array
22:04:23.125 [TRACE] maestro.utils.ScreenshotUtils.takeScreenshot: Taking screenshot to output sink
22:04:24.319 [ INFO] maestro.Maestro.hierarchyBasedTap-hbl3e4M: Something have changed in the UI judging by view hierarchy. Proceed.
22:04:24.320 [ INFO] maestro.cli.runner.TestSuiteInteractor.invoke: Tap on id: dev_tools_toggle_button COMPLETED
22:04:24.320 [ INFO] maestro.cli.runner.TestSuiteInteractor.invoke: Assert that "服务器地址" is visible RUNNING
22:04:24.375 [ INFO] maestro.cli.runner.TestSuiteInteractor.invoke: Assert that "服务器地址" is visible COMPLETED
22:04:24.376 [ INFO] maestro.cli.runner.TestSuiteInteractor.invoke: Assert that "http://192.168.1.100:3000/api/v1" is visible RUNNING
22:04:24.389 [ INFO] maestro.cli.runner.TestSuiteInteractor.invoke: Assert that "http://192.168.1.100:3000/api/v1" is visible COMPLETED
22:04:24.389 [ INFO] maestro.cli.runner.TestSuiteInteractor.invoke: Tap on id: server_base_url_field RUNNING
22:04:24.403 [ INFO] maestro.Maestro.tap-BUbHBYE: Tapping on element:  UiElement(treeNode=TreeNode(attributes={text=, accessibilityText=, hintText=Server Base URL
服务器地址, ignoreBoundsFiltering=false, resource-id=server_base_url_field, clickable=false, bounds=[282,252][1038,869], enabled=true, focused=false, checked=false, scrollable=false, selected=false, class=android.widget.EditText}, children=[TreeNode(attributes={text=http://192.168.1.100:3000/api/v1, accessibilityText=, hintText=服务器地址, ignoreBoundsFiltering=false, resource-id=, clickable=true, bounds=[335,396][986,648], enabled=true, focused=false, checked=false, scrollable=false, selected=false, class=android.widget.EditText}, children=[], clickable=true, enabled=true, focused=false, checked=false, selected=false), TreeNode(attributes={text=, accessibilityText=保存配置, hintText=, ignoreBoundsFiltering=false, resource-id=, clickable=true, bounds=[335,690][986,816], enabled=true, focused=false, checked=false, scrollable=false, selected=false, class=android.widget.Button}, children=[], clickable=true, enabled=true, focused=false, checked=false, selected=false)], clickable=false, enabled=true, focused=false, checked=false, selected=false), bounds=Bounds(x=282, y=252, width=756, height=617))
22:04:25.437 [ INFO] maestro.Maestro.tap-BUbHBYE: Refreshed element
22:04:25.437 [ INFO] maestro.Maestro.hierarchyBasedTap-hbl3e4M: Tapping at (660, 560) using hierarchy based logic for wait
22:04:25.437 [TRACE] maestro.utils.ScreenshotUtils.takeScreenshot: Taking screenshot to byte array
22:04:25.437 [TRACE] maestro.utils.ScreenshotUtils.takeScreenshot: Taking screenshot to output sink
22:04:25.894 [TRACE] maestro.utils.ScreenshotUtils.takeScreenshot: Taking screenshot to byte array
22:04:25.894 [TRACE] maestro.utils.ScreenshotUtils.takeScreenshot: Taking screenshot to output sink
22:04:26.806 [ INFO] maestro.Maestro.hierarchyBasedTap-hbl3e4M: Screenshots are not different enough (d=0.0)
22:04:26.806 [ INFO] maestro.Maestro.hierarchyBasedTap-hbl3e4M: Nothing changed in the UI.
22:04:28.206 [ INFO] maestro.Maestro.hierarchyBasedTap-hbl3e4M: Something have changed in the UI judging by view hierarchy. Proceed.
22:04:28.206 [ INFO] maestro.cli.runner.TestSuiteInteractor.invoke: Tap on id: server_base_url_field COMPLETED
22:04:28.206 [ INFO] maestro.cli.runner.TestSuiteInteractor.invoke: Erase 100 characters RUNNING
22:04:28.206 [ INFO] maestro.Maestro.eraseText: Erasing 100 characters
22:04:35.651 [ INFO] maestro.cli.runner.TestSuiteInteractor.invoke: Erase 100 characters COMPLETED
22:04:35.651 [ INFO] maestro.cli.runner.TestSuiteInteractor.invoke: Input text http://10.0.2.2:3001/api/v1 RUNNING
22:04:35.651 [ INFO] maestro.Maestro.inputText: Inputting text: http://10.0.2.2:3001/api/v1
22:04:40.275 [ INFO] maestro.cli.runner.TestSuiteInteractor.invoke: Input text http://10.0.2.2:3001/api/v1 COMPLETED
22:04:40.276 [ INFO] maestro.cli.runner.TestSuiteInteractor.invoke: Tap on "保存配置" RUNNING
22:04:40.370 [ INFO] maestro.Maestro.tap-BUbHBYE: Tapping on element:  UiElement(treeNode=TreeNode(attributes={text=, accessibilityText=保存配置, hintText=, ignoreBoundsFiltering=false, resource-id=, clickable=true, bounds=[335,627][986,753], enabled=true, focused=false, checked=false, scrollable=false, selected=false, class=android.widget.Button}, children=[], clickable=true, enabled=true, focused=false, checked=false, selected=false), bounds=Bounds(x=335, y=627, width=651, height=126))
22:04:41.417 [ INFO] maestro.Maestro.tap-BUbHBYE: Refreshed element
22:04:41.417 [ INFO] maestro.Maestro.hierarchyBasedTap-hbl3e4M: Tapping at (660, 690) using hierarchy based logic for wait
22:04:41.417 [TRACE] maestro.utils.ScreenshotUtils.takeScreenshot: Taking screenshot to byte array
22:04:41.418 [TRACE] maestro.utils.ScreenshotUtils.takeScreenshot: Taking screenshot to output sink
22:04:42.835 [ INFO] maestro.Maestro.hierarchyBasedTap-hbl3e4M: Something have changed in the UI judging by view hierarchy. Proceed.
22:04:42.835 [ INFO] maestro.cli.runner.TestSuiteInteractor.invoke: Tap on "保存配置" COMPLETED
22:04:42.835 [ INFO] maestro.cli.runner.TestSuiteInteractor.invoke: Assert that "保存成功，新配置已生效" is visible RUNNING
22:04:43.128 [ INFO] maestro.cli.runner.TestSuiteInteractor.invoke: Assert that "保存成功，新配置已生效" is visible COMPLETED
22:04:43.153 [ INFO] maestro.cli.runner.TestSuiteInteractor.invoke: Define variables RUNNING
22:04:43.154 [ INFO] maestro.cli.runner.TestSuiteInteractor.invoke: Define variables COMPLETED
22:04:43.154 [ INFO] maestro.cli.runner.TestSuiteInteractor.invoke: Apply configuration RUNNING
22:04:43.154 [ INFO] maestro.cli.runner.TestSuiteInteractor.invoke: Apply configuration COMPLETED
22:04:43.154 [ INFO] maestro.cli.runner.TestSuiteInteractor.invoke: Launch app "com.example.mobile" with clear state RUNNING
22:04:43.154 [ INFO] maestro.Maestro.clearAppState: Clearing app state com.example.mobile
22:04:48.942 [ INFO] maestro.Maestro.launchApp: Launching app com.example.mobile
22:04:49.099 [ INFO] maestro.cli.runner.TestSuiteInteractor.invoke: Launch app "com.example.mobile" with clear state COMPLETED
22:04:49.099 [ INFO] maestro.cli.runner.TestSuiteInteractor.invoke: Run includes/login-as-test-user.yaml RUNNING
22:04:49.099 [ INFO] maestro.cli.runner.TestSuiteInteractor.invoke: Apply configuration RUNNING
22:04:49.100 [ INFO] maestro.cli.runner.TestSuiteInteractor.invoke: Apply configuration COMPLETED
22:04:49.100 [ INFO] maestro.cli.runner.TestSuiteInteractor.invoke: Assert that "欢迎使用 Social World" is visible RUNNING
22:04:52.932 [ INFO] maestro.cli.runner.TestSuiteInteractor.invoke: Assert that "欢迎使用 Social World" is visible COMPLETED
22:04:52.932 [ INFO] maestro.cli.runner.TestSuiteInteractor.invoke: Assert that "手机号一键登录" is visible RUNNING
22:04:52.953 [ INFO] maestro.cli.runner.TestSuiteInteractor.invoke: Assert that "手机号一键登录" is visible COMPLETED
22:04:52.953 [ INFO] maestro.cli.runner.TestSuiteInteractor.invoke: Tap on "手机号" RUNNING
22:04:52.967 [ INFO] maestro.Maestro.tap-BUbHBYE: Tapping on element:  UiElement(treeNode=TreeNode(attributes={text=, accessibilityText=, hintText=手机号, ignoreBoundsFiltering=false, resource-id=, clickable=true, bounds=[42,677][1038,809], enabled=true, focused=false, checked=false, scrollable=false, selected=false, class=android.widget.EditText}, children=[], clickable=true, enabled=true, focused=false, checked=false, selected=false), bounds=Bounds(x=42, y=677, width=996, height=132))
22:04:54.541 [ INFO] maestro.Maestro.tap-BUbHBYE: Refreshed element
22:04:54.541 [ INFO] maestro.Maestro.hierarchyBasedTap-hbl3e4M: Tapping at (540, 743) using hierarchy based logic for wait
22:04:54.541 [TRACE] maestro.utils.ScreenshotUtils.takeScreenshot: Taking screenshot to byte array
22:04:54.541 [TRACE] maestro.utils.ScreenshotUtils.takeScreenshot: Taking screenshot to output sink
22:04:56.698 [ INFO] maestro.Maestro.hierarchyBasedTap-hbl3e4M: Something have changed in the UI judging by view hierarchy. Proceed.
22:04:56.698 [ INFO] maestro.cli.runner.TestSuiteInteractor.invoke: Tap on "手机号" COMPLETED
22:04:56.698 [ INFO] maestro.cli.runner.TestSuiteInteractor.invoke: Input text 13800138000 RUNNING
22:04:56.699 [ INFO] maestro.Maestro.inputText: Inputting text: 13800138000
22:04:58.731 [ INFO] maestro.cli.runner.TestSuiteInteractor.invoke: Input text 13800138000 COMPLETED
22:04:58.731 [ INFO] maestro.cli.runner.TestSuiteInteractor.invoke: Tap on "获取验证码" RUNNING
22:04:58.851 [ INFO] maestro.Maestro.tap-BUbHBYE: Tapping on element:  UiElement(treeNode=TreeNode(attributes={text=, accessibilityText=获取验证码, hintText=, ignoreBoundsFiltering=false, resource-id=, clickable=true, bounds=[720,851][1038,998], enabled=true, focused=false, checked=false, scrollable=false, selected=false, class=android.widget.Button}, children=[], clickable=true, enabled=true, focused=false, checked=false, selected=false), bounds=Bounds(x=720, y=851, width=318, height=147))
22:04:59.950 [ INFO] maestro.Maestro.tap-BUbHBYE: Refreshed element
22:04:59.950 [ INFO] maestro.Maestro.hierarchyBasedTap-hbl3e4M: Tapping at (879, 924) using hierarchy based logic for wait
22:04:59.950 [TRACE] maestro.utils.ScreenshotUtils.takeScreenshot: Taking screenshot to byte array
22:04:59.950 [TRACE] maestro.utils.ScreenshotUtils.takeScreenshot: Taking screenshot to output sink
22:05:00.966 [ INFO] maestro.Maestro.hierarchyBasedTap-hbl3e4M: Something have changed in the UI judging by view hierarchy. Proceed.
22:05:00.966 [ INFO] maestro.cli.runner.TestSuiteInteractor.invoke: Tap on "获取验证码" COMPLETED
22:05:00.966 [ INFO] maestro.cli.runner.TestSuiteInteractor.invoke: Tap on "验证码" RUNNING
22:05:01.041 [ INFO] maestro.Maestro.tap-BUbHBYE: Tapping on element:  UiElement(treeNode=TreeNode(attributes={text=, accessibilityText=, hintText=验证码, ignoreBoundsFiltering=false, resource-id=, clickable=true, bounds=[42,861][678,987], enabled=true, focused=false, checked=false, scrollable=false, selected=false, class=android.widget.EditText}, children=[], clickable=true, enabled=true, focused=false, checked=false, selected=false), bounds=Bounds(x=42, y=861, width=636, height=126))
22:05:02.111 [ INFO] maestro.Maestro.tap-BUbHBYE: Refreshed element
22:05:02.111 [ INFO] maestro.Maestro.hierarchyBasedTap-hbl3e4M: Tapping at (360, 924) using hierarchy based logic for wait
22:05:02.111 [TRACE] maestro.utils.ScreenshotUtils.takeScreenshot: Taking screenshot to byte array
22:05:02.111 [TRACE] maestro.utils.ScreenshotUtils.takeScreenshot: Taking screenshot to output sink
22:05:04.125 [ INFO] maestro.Maestro.hierarchyBasedTap-hbl3e4M: Something have changed in the UI judging by view hierarchy. Proceed.
22:05:04.125 [ INFO] maestro.cli.runner.TestSuiteInteractor.invoke: Tap on "验证码" COMPLETED
22:05:04.125 [ INFO] maestro.cli.runner.TestSuiteInteractor.invoke: Input text 123456 RUNNING
22:05:04.125 [ INFO] maestro.Maestro.inputText: Inputting text: 123456
22:05:06.149 [ INFO] maestro.cli.runner.TestSuiteInteractor.invoke: Input text 123456 COMPLETED
22:05:06.149 [ INFO] maestro.cli.runner.TestSuiteInteractor.invoke: Hide Keyboard RUNNING
22:05:06.149 [ INFO] maestro.Maestro.hideKeyboard: Hiding Keyboard
22:05:07.155 [ INFO] maestro.cli.runner.TestSuiteInteractor.invoke: Hide Keyboard COMPLETED
22:05:07.156 [ INFO] maestro.cli.runner.TestSuiteInteractor.invoke: Tap on "登录" RUNNING
22:05:07.210 [ INFO] maestro.Maestro.tap-BUbHBYE: Tapping on element:  UiElement(treeNode=TreeNode(attributes={text=, accessibilityText=登录, hintText=, ignoreBoundsFiltering=false, resource-id=, clickable=true, bounds=[42,1082][1038,1208], enabled=true, focused=false, checked=false, scrollable=false, selected=false, class=android.widget.Button}, children=[], clickable=true, enabled=true, focused=false, checked=false, selected=false), bounds=Bounds(x=42, y=1082, width=996, height=126))
22:05:08.110 [ INFO] maestro.Maestro.tap-BUbHBYE: Refreshed element
22:05:08.110 [ INFO] maestro.Maestro.hierarchyBasedTap-hbl3e4M: Tapping at (540, 1145) using hierarchy based logic for wait
22:05:08.110 [TRACE] maestro.utils.ScreenshotUtils.takeScreenshot: Taking screenshot to byte array
22:05:08.110 [TRACE] maestro.utils.ScreenshotUtils.takeScreenshot: Taking screenshot to output sink
22:05:09.218 [ INFO] maestro.Maestro.hierarchyBasedTap-hbl3e4M: Something have changed in the UI judging by view hierarchy. Proceed.
22:05:09.218 [ INFO] maestro.cli.runner.TestSuiteInteractor.invoke: Tap on "登录" COMPLETED
22:05:09.218 [ INFO] maestro.cli.runner.TestSuiteInteractor.invoke: Run includes/login-as-test-user.yaml COMPLETED
22:05:09.218 [ INFO] maestro.cli.runner.TestSuiteInteractor.invoke: Assert that id: mode_tab_nearby is visible RUNNING
22:05:09.226 [ INFO] maestro.cli.runner.TestSuiteInteractor.invoke: Assert that id: mode_tab_nearby is visible COMPLETED
22:05:09.226 [ INFO] maestro.cli.runner.TestSuiteInteractor.invoke: Tap on id: mode_tab_city RUNNING
22:05:09.235 [ INFO] maestro.Maestro.tap-BUbHBYE: Tapping on element:  UiElement(treeNode=TreeNode(attributes={text=, accessibilityText=同城
同城, hintText=, ignoreBoundsFiltering=false, resource-id=mode_tab_city, clickable=true, bounds=[381,126][699,249], enabled=true, focused=false, checked=false, scrollable=false, selected=false, class=android.widget.Button}, children=[], clickable=true, enabled=true, focused=false, checked=false, selected=false), bounds=Bounds(x=381, y=126, width=318, height=123))
22:05:10.258 [ INFO] maestro.Maestro.tap-BUbHBYE: Refreshed element
22:05:10.258 [ INFO] maestro.Maestro.hierarchyBasedTap-hbl3e4M: Tapping at (540, 187) using hierarchy based logic for wait
22:05:10.258 [TRACE] maestro.utils.ScreenshotUtils.takeScreenshot: Taking screenshot to byte array
22:05:10.258 [TRACE] maestro.utils.ScreenshotUtils.takeScreenshot: Taking screenshot to output sink
22:05:10.954 [TRACE] maestro.utils.ScreenshotUtils.takeScreenshot: Taking screenshot to byte array
22:05:10.954 [TRACE] maestro.utils.ScreenshotUtils.takeScreenshot: Taking screenshot to output sink
22:05:11.267 [ INFO] maestro.Maestro.hierarchyBasedTap-hbl3e4M: Something have changed in the UI judging by screenshot (d=1.5486364). Proceed.
22:05:11.267 [ INFO] maestro.cli.runner.TestSuiteInteractor.invoke: Tap on id: mode_tab_city COMPLETED
22:05:11.267 [ INFO] maestro.cli.runner.TestSuiteInteractor.invoke: Tap on id: mode_tab_nationwide RUNNING
22:05:11.367 [ INFO] maestro.Maestro.tap-BUbHBYE: Tapping on element:  UiElement(treeNode=TreeNode(attributes={text=, accessibilityText=全国
全国, hintText=, ignoreBoundsFiltering=false, resource-id=mode_tab_nationwide, clickable=true, bounds=[699,126][1017,249], enabled=true, focused=false, checked=false, scrollable=false, selected=false, class=android.widget.Button}, children=[], clickable=true, enabled=true, focused=false, checked=false, selected=false), bounds=Bounds(x=699, y=126, width=318, height=123))
22:05:12.435 [ INFO] maestro.Maestro.tap-BUbHBYE: Refreshed element
22:05:12.436 [ INFO] maestro.Maestro.hierarchyBasedTap-hbl3e4M: Tapping at (858, 187) using hierarchy based logic for wait
22:05:12.436 [TRACE] maestro.utils.ScreenshotUtils.takeScreenshot: Taking screenshot to byte array
22:05:12.436 [TRACE] maestro.utils.ScreenshotUtils.takeScreenshot: Taking screenshot to output sink
22:05:13.176 [ INFO] maestro.Maestro.hierarchyBasedTap-hbl3e4M: Something have changed in the UI judging by view hierarchy. Proceed.
22:05:13.178 [ INFO] maestro.cli.runner.TestSuiteInteractor.invoke: Tap on id: mode_tab_nationwide COMPLETED
22:05:13.178 [ INFO] maestro.cli.runner.TestSuiteInteractor.invoke: Tap on id: mode_tab_nearby RUNNING
22:05:13.192 [ INFO] maestro.Maestro.tap-BUbHBYE: Tapping on element:  UiElement(treeNode=TreeNode(attributes={text=, accessibilityText=附近
附近, hintText=, ignoreBoundsFiltering=false, resource-id=mode_tab_nearby, clickable=true, bounds=[63,126][381,249], enabled=true, focused=false, checked=false, scrollable=false, selected=false, class=android.widget.Button}, children=[], clickable=true, enabled=true, focused=false, checked=false, selected=false), bounds=Bounds(x=63, y=126, width=318, height=123))
22:05:14.247 [ INFO] maestro.Maestro.tap-BUbHBYE: Refreshed element
22:05:14.248 [ INFO] maestro.Maestro.hierarchyBasedTap-hbl3e4M: Tapping at (222, 187) using hierarchy based logic for wait
22:05:14.248 [TRACE] maestro.utils.ScreenshotUtils.takeScreenshot: Taking screenshot to byte array
22:05:14.248 [TRACE] maestro.utils.ScreenshotUtils.takeScreenshot: Taking screenshot to output sink
22:05:15.662 [ INFO] maestro.Maestro.hierarchyBasedTap-hbl3e4M: Something have changed in the UI judging by view hierarchy. Proceed.
22:05:15.662 [ INFO] maestro.cli.runner.TestSuiteInteractor.invoke: Tap on id: mode_tab_nearby COMPLETED
22:05:15.663 [ INFO] maestro.cli.runner.TestSuiteInteractor.invoke: Swiping in LEFT direction in 400 ms RUNNING
22:05:16.615 [ INFO] maestro.cli.runner.TestSuiteInteractor.invoke: Swiping in LEFT direction in 400 ms COMPLETED
22:05:16.615 [ INFO] maestro.cli.runner.TestSuiteInteractor.invoke: Swiping in RIGHT direction in 400 ms RUNNING
22:05:17.151 [ INFO] maestro.cli.runner.TestSuiteInteractor.invoke: Swiping in RIGHT direction in 400 ms COMPLETED
22:05:17.151 [ INFO] maestro.cli.runner.TestSuiteInteractor.invoke: Tap on (Optional) id: pass_button RUNNING
22:05:24.216 [ INFO] maestro.cli.runner.TestSuiteInteractor.invoke: Tap on (Optional) id: pass_button WARNED
22:05:24.216 [ INFO] maestro.cli.runner.TestSuiteInteractor.invoke: Tap on (Optional) id: like_button RUNNING
22:05:24.279 [ INFO] maestro.cli.runner.TestSuiteInteractor.invoke: Tap on (Optional) id: like_button WARNED
22:05:24.279 [ INFO] maestro.cli.runner.TestSuiteInteractor.invoke: Assert that (Optional) id: card_stack is visible RUNNING
22:05:34.215 [ INFO] maestro.cli.runner.TestSuiteInteractor.invoke: Assert that (Optional) id: card_stack is visible WARNED
22:05:34.215 [ INFO] maestro.cli.runner.TestSuiteInteractor.invoke: Assert that (Optional) id: switch_nationwide_button is visible RUNNING
22:05:34.264 [ INFO] maestro.cli.runner.TestSuiteInteractor.invoke: Assert that (Optional) id: switch_nationwide_button is visible COMPLETED
22:05:34.264 [ INFO] maestro.cli.runner.TestSuiteInteractor.invoke: Assert that (Optional) id: match_success_dialog is visible RUNNING
22:05:34.334 [ INFO] maestro.cli.runner.TestSuiteInteractor.invoke: Assert that (Optional) id: match_success_dialog is visible WARNED
22:05:34.334 [ INFO] maestro.cli.runner.TestSuiteInteractor.invoke: Tap on (Optional) id: match_dialog_continue_button RUNNING
22:05:34.483 [ INFO] maestro.cli.runner.TestSuiteInteractor.invoke: Tap on (Optional) id: match_dialog_continue_button WARNED
22:05:34.498 [ INFO] maestro.cli.runner.TestSuiteInteractor.invoke: Define variables RUNNING
22:05:34.498 [ INFO] maestro.cli.runner.TestSuiteInteractor.invoke: Define variables COMPLETED
22:05:34.498 [ INFO] maestro.cli.runner.TestSuiteInteractor.invoke: Apply configuration RUNNING
22:05:34.498 [ INFO] maestro.cli.runner.TestSuiteInteractor.invoke: Apply configuration COMPLETED
22:05:34.498 [ INFO] maestro.cli.runner.TestSuiteInteractor.invoke: Launch app "com.example.mobile" with clear state RUNNING
22:05:34.498 [ INFO] maestro.Maestro.clearAppState: Clearing app state com.example.mobile
22:05:35.697 [ INFO] maestro.Maestro.launchApp: Launching app com.example.mobile
22:05:35.828 [ INFO] maestro.cli.runner.TestSuiteInteractor.invoke: Launch app "com.example.mobile" with clear state COMPLETED
22:05:35.828 [ INFO] maestro.cli.runner.TestSuiteInteractor.invoke: Run includes/login-as-test-user.yaml RUNNING
22:05:35.828 [ INFO] maestro.cli.runner.TestSuiteInteractor.invoke: Apply configuration RUNNING
22:05:35.828 [ INFO] maestro.cli.runner.TestSuiteInteractor.invoke: Apply configuration COMPLETED
22:05:35.829 [ INFO] maestro.cli.runner.TestSuiteInteractor.invoke: Assert that "欢迎使用 Social World" is visible RUNNING
22:05:39.089 [ INFO] maestro.cli.runner.TestSuiteInteractor.invoke: Assert that "欢迎使用 Social World" is visible COMPLETED
22:05:39.089 [ INFO] maestro.cli.runner.TestSuiteInteractor.invoke: Assert that "手机号一键登录" is visible RUNNING
22:05:39.311 [ INFO] maestro.cli.runner.TestSuiteInteractor.invoke: Assert that "手机号一键登录" is visible COMPLETED
22:05:39.311 [ INFO] maestro.cli.runner.TestSuiteInteractor.invoke: Tap on "手机号" RUNNING
22:05:39.326 [ INFO] maestro.Maestro.tap-BUbHBYE: Tapping on element:  UiElement(treeNode=TreeNode(attributes={text=, accessibilityText=, hintText=手机号, ignoreBoundsFiltering=false, resource-id=, clickable=true, bounds=[42,677][1038,809], enabled=true, focused=false, checked=false, scrollable=false, selected=false, class=android.widget.EditText}, children=[], clickable=true, enabled=true, focused=false, checked=false, selected=false), bounds=Bounds(x=42, y=677, width=996, height=132))
22:05:40.346 [ INFO] maestro.Maestro.tap-BUbHBYE: Refreshed element
22:05:40.346 [ INFO] maestro.Maestro.hierarchyBasedTap-hbl3e4M: Tapping at (540, 743) using hierarchy based logic for wait
22:05:40.346 [TRACE] maestro.utils.ScreenshotUtils.takeScreenshot: Taking screenshot to byte array
22:05:40.346 [TRACE] maestro.utils.ScreenshotUtils.takeScreenshot: Taking screenshot to output sink
22:05:42.147 [ INFO] maestro.Maestro.hierarchyBasedTap-hbl3e4M: Something have changed in the UI judging by view hierarchy. Proceed.
22:05:42.147 [ INFO] maestro.cli.runner.TestSuiteInteractor.invoke: Tap on "手机号" COMPLETED
22:05:42.147 [ INFO] maestro.cli.runner.TestSuiteInteractor.invoke: Input text 13800138000 RUNNING
22:05:42.147 [ INFO] maestro.Maestro.inputText: Inputting text: 13800138000
22:05:44.521 [ INFO] maestro.cli.runner.TestSuiteInteractor.invoke: Input text 13800138000 COMPLETED
22:05:44.521 [ INFO] maestro.cli.runner.TestSuiteInteractor.invoke: Tap on "获取验证码" RUNNING
22:05:44.633 [ INFO] maestro.Maestro.tap-BUbHBYE: Tapping on element:  UiElement(treeNode=TreeNode(attributes={text=, accessibilityText=获取验证码, hintText=, ignoreBoundsFiltering=false, resource-id=, clickable=true, bounds=[720,851][1038,998], enabled=true, focused=false, checked=false, scrollable=false, selected=false, class=android.widget.Button}, children=[], clickable=true, enabled=true, focused=false, checked=false, selected=false), bounds=Bounds(x=720, y=851, width=318, height=147))
22:05:45.818 [ INFO] maestro.Maestro.tap-BUbHBYE: Refreshed element
22:05:45.818 [ INFO] maestro.Maestro.hierarchyBasedTap-hbl3e4M: Tapping at (879, 924) using hierarchy based logic for wait
22:05:45.818 [TRACE] maestro.utils.ScreenshotUtils.takeScreenshot: Taking screenshot to byte array
22:05:45.818 [TRACE] maestro.utils.ScreenshotUtils.takeScreenshot: Taking screenshot to output sink
22:05:46.965 [ INFO] maestro.Maestro.hierarchyBasedTap-hbl3e4M: Something have changed in the UI judging by view hierarchy. Proceed.
22:05:46.966 [ INFO] maestro.cli.runner.TestSuiteInteractor.invoke: Tap on "获取验证码" COMPLETED
22:05:46.966 [ INFO] maestro.cli.runner.TestSuiteInteractor.invoke: Tap on "验证码" RUNNING
22:05:47.031 [ INFO] maestro.Maestro.tap-BUbHBYE: Tapping on element:  UiElement(treeNode=TreeNode(attributes={text=, accessibilityText=, hintText=验证码, ignoreBoundsFiltering=false, resource-id=, clickable=true, bounds=[42,861][678,987], enabled=true, focused=false, checked=false, scrollable=false, selected=false, class=android.widget.EditText}, children=[], clickable=true, enabled=true, focused=false, checked=false, selected=false), bounds=Bounds(x=42, y=861, width=636, height=126))
22:05:48.033 [ INFO] maestro.Maestro.tap-BUbHBYE: Refreshed element
22:05:48.033 [ INFO] maestro.Maestro.hierarchyBasedTap-hbl3e4M: Tapping at (360, 924) using hierarchy based logic for wait
22:05:48.033 [TRACE] maestro.utils.ScreenshotUtils.takeScreenshot: Taking screenshot to byte array
22:05:48.033 [TRACE] maestro.utils.ScreenshotUtils.takeScreenshot: Taking screenshot to output sink
22:05:50.136 [ INFO] maestro.Maestro.hierarchyBasedTap-hbl3e4M: Something have changed in the UI judging by view hierarchy. Proceed.
22:05:50.137 [ INFO] maestro.cli.runner.TestSuiteInteractor.invoke: Tap on "验证码" COMPLETED
22:05:50.137 [ INFO] maestro.cli.runner.TestSuiteInteractor.invoke: Input text 123456 RUNNING
22:05:50.137 [ INFO] maestro.Maestro.inputText: Inputting text: 123456
22:05:51.932 [ INFO] maestro.cli.runner.TestSuiteInteractor.invoke: Input text 123456 COMPLETED
22:05:51.932 [ INFO] maestro.cli.runner.TestSuiteInteractor.invoke: Hide Keyboard RUNNING
22:05:51.932 [ INFO] maestro.Maestro.hideKeyboard: Hiding Keyboard
