2026/04/11 17:53:54 📋 已加载配置文件
2026/04/11 17:53:54 📍 已恢复上次选择的项目: social-world
2026/04/11 17:53:54 🔍 开始重建任务状态 [social-world]...
2026/04/11 17:53:54 📁 找到 14 个文件
2026/04/11 17:53:54   📄 匹配: dev-issue-1-20260410-232333.log (Issue #1)
2026/04/11 17:53:54   📄 匹配: dev-issue-1-20260411-090222.log (Issue #1)
2026/04/11 17:53:54   📄 匹配: dev-issue-1-20260411-094420.log (Issue #1)
2026/04/11 17:53:54   📄 匹配: dev-issue-1-20260411-111333.log (Issue #1)
2026/04/11 17:53:54   📄 匹配: dev-issue-7-20260411-141142.log (Issue #7)
2026/04/11 17:53:54 📊 匹配到 5 个日志文件，涉及 2 个 Issue
2026/04/11 17:53:54   🔍 处理 Issue #1 的最新日志: dev-issue-1-20260411-111333.log (大小: 2567766, 修改时间: 11:41:54)
2026/04/11 17:53:54     📝 日志内容长度: 2567766
2026/04/11 17:53:54   🔍 处理 Issue #7 的最新日志: dev-issue-7-20260411-141142.log (大小: 758849, 修改时间: 14:23:03)
2026/04/11 17:53:54     📝 日志内容长度: 758849
2026/04/11 17:53:54 🔍 开始重建 Review 任务状态 [social-world]...
2026/04/11 17:53:54 📝 恢复 Review 返工状态: PR #6 -> failed
2026/04/11 17:53:54 🚀 Agent Dashboard 启动于 http://localhost:8080
2026/04/11 17:58:04 ⚠️ 飞书通知发送失败: exit status 2, output: {
  "ok": false,
  "identity": "user",
  "error": {
    "type": "validation",
    "message": "resolved identity \"user\" (via auto-detect or default-as) is not supported, this command only supports: bot\nhint: use --as bot"
  }
}
2026/04/11 17:58:04 ✅ 已在临时目录创建 worktree PR #6 分支 feat/issue-1: /var/folders/lt/w3sl6z8j5v50vt2s6knvf5n00000gn/T/review-pr-6-1031016786
2026/04/11 18:05:25 🧹 已清理临时目录: /var/folders/lt/w3sl6z8j5v50vt2s6knvf5n00000gn/T/review-pr-6-1031016786
2026/04/11 18:05:25 Review 任务结束: PR #6, 结果: needs_fix, 错误: <nil>
2026/04/11 18:05:26 ✅ PR #6 评论已添加
2026/04/11 18:05:26 ⚠️ 飞书通知发送失败: exit status 2, output: {
  "ok": false,
  "identity": "user",
  "error": {
    "type": "validation",
    "message": "resolved identity \"user\" (via auto-detect or default-as) is not supported, this command only supports: bot\nhint: use --as bot"
  }
}
2026/04/11 18:23:16 ✅ 已创建返工 Issue #8
2026/04/11 18:23:20 ✅ Issue #8 返工评论已添加
2026/04/11 18:23:20 ⚠️ 飞书通知发送失败: exit status 2, output: {
  "ok": false,
  "identity": "user",
  "error": {
    "type": "validation",
    "message": "resolved identity \"user\" (via auto-detect or default-as) is not supported, this command only supports: bot\nhint: use --as bot"
  }
}
2026/04/11 18:23:21 ✅ PR #6 返工评论已添加
2026/04/11 18:23:24 ✅ 自动启动返工修复任务: Issue #8, PR #6, 日志: logs/social-world/dev-issue-8-20260411-182324.log
2026/04/11 18:23:24 ✅ 已在临时目录创建 worktree Issue #8 分支 main: /var/folders/lt/w3sl6z8j5v50vt2s6knvf5n00000gn/T/dev-issue-8-3736700289
2026/04/11 18:23:24 ⚠️ 飞书通知发送失败: exit status 2, output: {
  "ok": false,
  "identity": "user",
  "error": {
    "type": "validation",
    "message": "resolved identity \"user\" (via auto-detect or default-as) is not supported, this command only supports: bot\nhint: use --as bot"
  }
}
2026/04/11 18:33:58 开发任务结束: Issue #8, 错误: <nil>
2026/04/11 18:33:58 ⚠️ 飞书通知发送失败: exit status 2, output: {
  "ok": false,
  "identity": "user",
  "error": {
    "type": "validation",
    "message": "resolved identity \"user\" (via auto-detect or default-as) is not supported, this command only supports: bot\nhint: use --as bot"
  }
}
2026/04/11 18:34:00 ✅ PR #6 修复完成评论已添加
2026/04/11 18:34:05 🧹 已清理临时目录: /var/folders/lt/w3sl6z8j5v50vt2s6knvf5n00000gn/T/dev-issue-8-3736700289
2026/04/11 19:02:33 ⚠️ 飞书通知发送失败: exit status 2, output: {
  "ok": false,
  "identity": "user",
  "error": {
    "type": "validation",
    "message": "resolved identity \"user\" (via auto-detect or default-as) is not supported, this command only supports: bot\nhint: use --as bot"
  }
}
2026/04/11 19:02:33 ✅ 已在临时目录创建 worktree PR #6 分支 feat/issue-1: /var/folders/lt/w3sl6z8j5v50vt2s6knvf5n00000gn/T/review-pr-6-1462303682
2026/04/11 19:05:20 🧹 已清理临时目录: /var/folders/lt/w3sl6z8j5v50vt2s6knvf5n00000gn/T/review-pr-6-1462303682
2026/04/11 19:05:20 Review 任务结束: PR #6, 结果: needs_fix, 错误: <nil>
2026/04/11 19:05:21 ✅ PR #6 评论已添加
2026/04/11 19:05:21 ⚠️ 飞书通知发送失败: exit status 2, output: {
  "ok": false,
  "identity": "user",
  "error": {
    "type": "validation",
    "message": "resolved identity \"user\" (via auto-detect or default-as) is not supported, this command only supports: bot\nhint: use --as bot"
  }
}
2026/04/11 19:36:17 ⚠️ 飞书通知发送失败: exit status 2, output: {
  "ok": false,
  "identity": "user",
  "error": {
    "type": "validation",
    "message": "resolved identity \"user\" (via auto-detect or default-as) is not supported, this command only supports: bot\nhint: use --as bot"
  }
}
2026/04/11 19:36:17 ✅ 已在临时目录创建 worktree PR #6 分支 feat/issue-1: /var/folders/lt/w3sl6z8j5v50vt2s6knvf5n00000gn/T/review-pr-6-1191214615
2026/04/11 19:43:17 🧹 已清理临时目录: /var/folders/lt/w3sl6z8j5v50vt2s6knvf5n00000gn/T/review-pr-6-1191214615
2026/04/11 19:43:17 Review 任务结束: PR #6, 结果: needs_fix, 错误: <nil>
2026/04/11 19:43:19 ✅ PR #6 评论已添加
2026/04/11 19:43:19 ⚠️ 飞书通知发送失败: exit status 2, output: {
  "ok": false,
  "identity": "user",
  "error": {
    "type": "validation",
    "message": "resolved identity \"user\" (via auto-detect or default-as) is not supported, this command only supports: bot\nhint: use --as bot"
  }
}
