2026/04/10 21:01:16 📋 已加载配置文件
2026/04/10 21:01:16 🔍 开始重建任务状态...
2026/04/10 21:01:16 📁 找到 47 个文件
2026/04/10 21:01:16   📄 匹配: dev-issue-1-20260408-174847.log (Issue #1)
2026/04/10 21:01:16   📄 匹配: dev-issue-1-20260408-225857.log (Issue #1)
2026/04/10 21:01:16   📄 匹配: dev-issue-1-20260409-070917.log (Issue #1)
2026/04/10 21:01:16   📄 匹配: dev-issue-1-20260409-072645.log (Issue #1)
2026/04/10 21:01:16   📄 匹配: dev-issue-1-20260409-074822.log (Issue #1)
2026/04/10 21:01:16   📄 匹配: dev-issue-1-20260409-080416.log (Issue #1)
2026/04/10 21:01:16   📄 匹配: dev-issue-1-20260409-083344.log (Issue #1)
2026/04/10 21:01:16   📄 匹配: dev-issue-1-20260409-084753.log (Issue #1)
2026/04/10 21:01:16   📄 匹配: dev-issue-1-20260409-104407.log (Issue #1)
2026/04/10 21:01:16   📄 匹配: dev-issue-1-20260409-110558.log (Issue #1)
2026/04/10 21:01:16   📄 匹配: dev-issue-10-20260410-131110.log (Issue #10)
2026/04/10 21:01:16   📄 匹配: dev-issue-10-20260410-150223.log (Issue #10)
2026/04/10 21:01:16   📄 匹配: dev-issue-11-20260410-095918.log (Issue #11)
2026/04/10 21:01:16   📄 匹配: dev-issue-11-20260410-114325.log (Issue #11)
2026/04/10 21:01:16 📊 匹配到 14 个日志文件，涉及 3 个 Issue
2026/04/10 21:01:16   🔍 处理 Issue #11 的最新日志: dev-issue-11-20260410-114325.log (大小: 226691, 修改时间: 11:50:52)
2026/04/10 21:01:16     📝 日志内容长度: 226691
2026/04/10 21:01:16   🔍 处理 Issue #1 的最新日志: dev-issue-1-20260409-110558.log (大小: 245429, 修改时间: 11:14:48)
2026/04/10 21:01:16     📝 日志内容长度: 245429
2026/04/10 21:01:16   🔍 处理 Issue #10 的最新日志: dev-issue-10-20260410-150223.log (大小: 575595, 修改时间: 15:06:50)
2026/04/10 21:01:16     📝 日志内容长度: 575595
2026/04/10 21:01:16 📝 重建任务状态: Issue #10 -> failed
2026/04/10 21:01:16 🔍 开始重建 Review 任务状态...
2026/04/10 21:01:16 📝 跳过过期的 Review Report: PR #12 (report 11:58:22 早于 log 11:58:22)
2026/04/10 21:01:16 📝 跳过过期的 Review Report: PR #2 (report 11:34:17 早于 log 11:34:17)
2026/04/10 21:01:16 📝 恢复 Review 返工状态: PR #12 -> failed
2026/04/10 21:01:16 📝 恢复 Review 返工状态: PR #2 -> failed
2026/04/10 21:01:16 🚀 Agent Dashboard 启动于 http://localhost:8080
