22:01:05.223 [ INFO] MAESTRO.logSystemInfo: ---- System Info ----
22:01:05.223 [ INFO] MAESTRO.logSystemInfo: Maestro Version: 1.39.13
22:01:05.224 [ INFO] MAESTRO.logSystemInfo: CI: Undefined
22:01:05.224 [ INFO] MAESTRO.logSystemInfo: OS Name: Mac OS X
22:01:05.224 [ INFO] MAESTRO.logSystemInfo: OS Version: 26.1
22:01:05.224 [ INFO] MAESTRO.logSystemInfo: Architecture: aarch64
22:01:05.224 [ INFO] MAESTRO.logSystemInfo: Java Version: 21
22:01:05.230 [ INFO] MAESTRO.logSystemInfo: Xcode Version: null
22:01:05.253 [DEBUG] io.micrometer.common.util.internal.logging.InternalLoggerFactory.newDefaultFactory: Using SLF4J as the default logging framework
22:01:05.918 [ INFO] MAESTRO.logSystemInfo: Flutter Version: 3.24.5
22:01:06.550 [ INFO] MAESTRO.logSystemInfo: Flutter Channel: stable
22:01:06.550 [ INFO] MAESTRO.logSystemInfo: ---------------------
22:01:06.830 [ INFO] maestro.cli.command.TestCommand.runShardSuite: [shard 1] Selected device emulator-5554 using port 7001
22:01:08.830 [ INFO] maestro.Maestro.invoke: Getting device info
22:01:08.943 [ INFO] maestro.Maestro.invoke: Got device info: DeviceInfo(platform=ANDROID, widthPixels=1080, heightPixels=2400, widthGrid=1080, heightGrid=2400)
22:01:08.992 [ INFO] maestro.cli.runner.MaestroCommandRunner.invoke: Define variables RUNNING
22:01:08.993 [ INFO] maestro.cli.runner.MaestroCommandRunner.invoke: Define variables metadata CommandMetadata(numberOfRuns=null, evaluatedCommand=MaestroCommand(defineVariablesCommand=DefineVariablesCommand(env={MAESTRO_FILENAME=setup}, label=null, optional=false)), logMessages=[], insight=Insight(message=, level=NONE))
22:01:08.994 [ INFO] maestro.cli.runner.MaestroCommandRunner.invoke: Define variables COMPLETED
22:01:08.994 [ INFO] maestro.cli.runner.MaestroCommandRunner.invoke: Apply configuration RUNNING
22:01:08.995 [ INFO] maestro.cli.runner.MaestroCommandRunner.invoke: Apply configuration metadata CommandMetadata(numberOfRuns=null, evaluatedCommand=MaestroCommand(applyConfigurationCommand=ApplyConfigurationCommand(config=MaestroConfig(appId=com.example.mobile, name=null, tags=[], ext={}, onFlowStart=null, onFlowComplete=null), label=null, optional=false)), logMessages=[], insight=Insight(message=, level=NONE))
22:01:08.995 [ INFO] maestro.cli.runner.MaestroCommandRunner.invoke: Apply configuration COMPLETED
22:01:08.995 [ INFO] maestro.cli.runner.MaestroCommandRunner.invoke: Launch app "com.example.mobile" with clear state RUNNING
22:01:08.995 [ INFO] maestro.cli.runner.MaestroCommandRunner.invoke: Launch app "com.example.mobile" with clear state metadata CommandMetadata(numberOfRuns=null, evaluatedCommand=MaestroCommand(launchAppCommand=LaunchAppCommand(appId=com.example.mobile, clearState=true, clearKeychain=null, stopApp=null, permissions=null, launchArguments=null, label=null, optional=false)), logMessages=[], insight=Insight(message=, level=NONE))
22:01:08.996 [ INFO] maestro.Maestro.clearAppState: Clearing app state com.example.mobile
22:01:10.325 [ INFO] maestro.Maestro.launchApp: Launching app com.example.mobile
22:01:10.424 [ INFO] maestro.cli.runner.MaestroCommandRunner.invoke: Launch app "com.example.mobile" with clear state COMPLETED
22:01:10.424 [ INFO] maestro.cli.runner.MaestroCommandRunner.invoke: Run includes/login-as-test-user.yaml RUNNING
22:01:10.424 [ INFO] maestro.cli.runner.MaestroCommandRunner.invoke: Run includes/login-as-test-user.yaml metadata CommandMetadata(numberOfRuns=null, evaluatedCommand=MaestroCommand(runFlowCommand=RunFlowCommand(commands=[MaestroCommand(applyConfigurationCommand=ApplyConfigurationCommand(config=MaestroConfig(appId=com.example.mobile, name=null, tags=[], ext={}, onFlowStart=null, onFlowComplete=null), label=null, optional=false)), MaestroCommand(assertConditionCommand=AssertConditionCommand(condition=Condition(platform=null, visible=ElementSelector(textRegex=欢迎使用 Social World, idRegex=null, size=null, below=null, above=null, leftOf=null, rightOf=null, containsChild=null, containsDescendants=null, traits=null, index=null, enabled=null, optional=false, selected=null, checked=null, focused=null, childOf=null), notVisible=null, scriptCondition=null, label=null), timeout=30000, label=null, optional=false)), MaestroCommand(assertConditionCommand=AssertConditionCommand(condition=Condition(platform=null, visible=ElementSelector(textRegex=手机号一键登录, idRegex=null, size=null, below=null, above=null, leftOf=null, rightOf=null, containsChild=null, containsDescendants=null, traits=null, index=null, enabled=null, optional=false, selected=null, checked=null, focused=null, childOf=null), notVisible=null, scriptCondition=null, label=null), timeout=null, label=null, optional=false)), MaestroCommand(tapOnElementCommand=TapOnElementCommand(selector=ElementSelector(textRegex=手机号, idRegex=null, size=null, below=null, above=null, leftOf=null, rightOf=null, containsChild=null, containsDescendants=null, traits=null, index=null, enabled=null, optional=false, selected=null, checked=null, focused=null, childOf=null), retryIfNoChange=true, waitUntilVisible=false, longPress=false, repeat=null, waitToSettleTimeoutMs=null, label=null, optional=false)), MaestroCommand(inputTextCommand=InputTextCommand(text=13800138000, label=null, optional=false)), MaestroCommand(tapOnElementCommand=TapOnElementCommand(selector=ElementSelector(textRegex=获取验证码, idRegex=null, size=null, below=null, above=null, leftOf=null, rightOf=null, containsChild=null, containsDescendants=null, traits=null, index=null, enabled=null, optional=false, selected=null, checked=null, focused=null, childOf=null), retryIfNoChange=true, waitUntilVisible=false, longPress=false, repeat=null, waitToSettleTimeoutMs=null, label=null, optional=false)), MaestroCommand(tapOnElementCommand=TapOnElementCommand(selector=ElementSelector(textRegex=验证码, idRegex=null, size=null, below=null, above=null, leftOf=null, rightOf=null, containsChild=null, containsDescendants=null, traits=null, index=null, enabled=null, optional=false, selected=null, checked=null, focused=null, childOf=null), retryIfNoChange=true, waitUntilVisible=false, longPress=false, repeat=null, waitToSettleTimeoutMs=null, label=null, optional=false)), MaestroCommand(inputTextCommand=InputTextCommand(text=123456, label=null, optional=false)), MaestroCommand(hideKeyboardCommand=HideKeyboardCommand()), MaestroCommand(tapOnElementCommand=TapOnElementCommand(selector=ElementSelector(textRegex=登录, idRegex=null, size=null, below=null, above=null, leftOf=null, rightOf=null, containsChild=null, containsDescendants=null, traits=null, index=null, enabled=null, optional=false, selected=null, checked=null, focused=null, childOf=null), retryIfNoChange=true, waitUntilVisible=false, longPress=false, repeat=null, waitToSettleTimeoutMs=null, label=null, optional=false))], condition=null, sourceDescription=includes/login-as-test-user.yaml, config=MaestroConfig(appId=com.example.mobile, name=null, tags=[], ext={}, onFlowStart=null, onFlowComplete=null), label=null, optional=false)), logMessages=[], insight=Insight(message=, level=NONE))
22:01:10.425 [ INFO] maestro.cli.runner.MaestroCommandRunner.invoke: Apply configuration RUNNING
22:01:10.425 [ INFO] maestro.cli.runner.MaestroCommandRunner.invoke: Apply configuration metadata CommandMetadata(numberOfRuns=null, evaluatedCommand=MaestroCommand(applyConfigurationCommand=ApplyConfigurationCommand(config=MaestroConfig(appId=com.example.mobile, name=null, tags=[], ext={}, onFlowStart=null, onFlowComplete=null), label=null, optional=false)), logMessages=[], insight=Insight(message=, level=NONE))
22:01:10.425 [ INFO] maestro.cli.runner.MaestroCommandRunner.invoke: Apply configuration COMPLETED
22:01:10.425 [ INFO] maestro.cli.runner.MaestroCommandRunner.invoke: Assert that "欢迎使用 Social World" is visible RUNNING
22:01:10.425 [ INFO] maestro.cli.runner.MaestroCommandRunner.invoke: Assert that "欢迎使用 Social World" is visible metadata CommandMetadata(numberOfRuns=null, evaluatedCommand=MaestroCommand(assertConditionCommand=AssertConditionCommand(condition=Condition(platform=null, visible=ElementSelector(textRegex=欢迎使用 Social World, idRegex=null, size=null, below=null, above=null, leftOf=null, rightOf=null, containsChild=null, containsDescendants=null, traits=null, index=null, enabled=null, optional=false, selected=null, checked=null, focused=null, childOf=null), notVisible=null, scriptCondition=null, label=null), timeout=30000, label=null, optional=false)), logMessages=[], insight=Insight(message=, level=NONE))
22:01:14.545 [ INFO] maestro.cli.runner.MaestroCommandRunner.invoke: Assert that "欢迎使用 Social World" is visible COMPLETED
22:01:14.547 [ INFO] maestro.cli.runner.MaestroCommandRunner.invoke: Assert that "手机号一键登录" is visible RUNNING
22:01:14.550 [ INFO] maestro.cli.runner.MaestroCommandRunner.invoke: Assert that "手机号一键登录" is visible metadata CommandMetadata(numberOfRuns=null, evaluatedCommand=MaestroCommand(assertConditionCommand=AssertConditionCommand(condition=Condition(platform=null, visible=ElementSelector(textRegex=手机号一键登录, idRegex=null, size=null, below=null, above=null, leftOf=null, rightOf=null, containsChild=null, containsDescendants=null, traits=null, index=null, enabled=null, optional=false, selected=null, checked=null, focused=null, childOf=null), notVisible=null, scriptCondition=null, label=null), timeout=null, label=null, optional=false)), logMessages=[], insight=Insight(message=, level=NONE))
22:01:14.907 [ INFO] maestro.cli.runner.MaestroCommandRunner.invoke: Assert that "手机号一键登录" is visible COMPLETED
22:01:14.912 [ INFO] maestro.cli.runner.MaestroCommandRunner.invoke: Tap on "手机号" RUNNING
22:01:14.913 [ INFO] maestro.cli.runner.MaestroCommandRunner.invoke: Tap on "手机号" metadata CommandMetadata(numberOfRuns=null, evaluatedCommand=MaestroCommand(tapOnElementCommand=TapOnElementCommand(selector=ElementSelector(textRegex=手机号, idRegex=null, size=null, below=null, above=null, leftOf=null, rightOf=null, containsChild=null, containsDescendants=null, traits=null, index=null, enabled=null, optional=false, selected=null, checked=null, focused=null, childOf=null), retryIfNoChange=true, waitUntilVisible=false, longPress=false, repeat=null, waitToSettleTimeoutMs=null, label=null, optional=false)), logMessages=[], insight=Insight(message=, level=NONE))
22:01:14.987 [ INFO] maestro.Maestro.tap-BUbHBYE: Tapping on element:  UiElement(treeNode=TreeNode(attributes={text=, accessibilityText=, hintText=手机号, ignoreBoundsFiltering=false, resource-id=, clickable=true, bounds=[42,677][1038,809], enabled=true, focused=false, checked=false, scrollable=false, selected=false, class=android.widget.EditText}, children=[], clickable=true, enabled=true, focused=false, checked=false, selected=false), bounds=Bounds(x=42, y=677, width=996, height=132))
22:01:16.373 [ INFO] maestro.Maestro.tap-BUbHBYE: Refreshed element
22:01:16.374 [ INFO] maestro.Maestro.hierarchyBasedTap-hbl3e4M: Tapping at (540, 743) using hierarchy based logic for wait
22:01:16.374 [TRACE] maestro.utils.ScreenshotUtils.takeScreenshot: Taking screenshot to byte array
22:01:16.374 [TRACE] maestro.utils.ScreenshotUtils.takeScreenshot: Taking screenshot to output sink
22:01:18.902 [ INFO] maestro.Maestro.hierarchyBasedTap-hbl3e4M: Something have changed in the UI judging by view hierarchy. Proceed.
22:01:18.902 [ INFO] maestro.cli.runner.MaestroCommandRunner.invoke: Tap on "手机号" COMPLETED
22:01:18.903 [ INFO] maestro.cli.runner.MaestroCommandRunner.invoke: Input text 13800138000 RUNNING
22:01:18.903 [ INFO] maestro.cli.runner.MaestroCommandRunner.invoke: Input text 13800138000 metadata CommandMetadata(numberOfRuns=null, evaluatedCommand=MaestroCommand(inputTextCommand=InputTextCommand(text=13800138000, label=null, optional=false)), logMessages=[], insight=Insight(message=, level=NONE))
22:01:18.903 [ INFO] maestro.Maestro.inputText: Inputting text: 13800138000
22:01:20.908 [ INFO] maestro.cli.runner.MaestroCommandRunner.invoke: Input text 13800138000 COMPLETED
22:01:20.909 [ INFO] maestro.cli.runner.MaestroCommandRunner.invoke: Tap on "获取验证码" RUNNING
22:01:20.909 [ INFO] maestro.cli.runner.MaestroCommandRunner.invoke: Tap on "获取验证码" metadata CommandMetadata(numberOfRuns=null, evaluatedCommand=MaestroCommand(tapOnElementCommand=TapOnElementCommand(selector=ElementSelector(textRegex=获取验证码, idRegex=null, size=null, below=null, above=null, leftOf=null, rightOf=null, containsChild=null, containsDescendants=null, traits=null, index=null, enabled=null, optional=false, selected=null, checked=null, focused=null, childOf=null), retryIfNoChange=true, waitUntilVisible=false, longPress=false, repeat=null, waitToSettleTimeoutMs=null, label=null, optional=false)), logMessages=[], insight=Insight(message=, level=NONE))
22:01:20.978 [ INFO] maestro.Maestro.tap-BUbHBYE: Tapping on element:  UiElement(treeNode=TreeNode(attributes={text=, accessibilityText=获取验证码, hintText=, ignoreBoundsFiltering=false, resource-id=, clickable=true, bounds=[720,851][1038,998], enabled=true, focused=false, checked=false, scrollable=false, selected=false, class=android.widget.Button}, children=[], clickable=true, enabled=true, focused=false, checked=false, selected=false), bounds=Bounds(x=720, y=851, width=318, height=147))
22:01:22.043 [ INFO] maestro.Maestro.tap-BUbHBYE: Refreshed element
22:01:22.043 [ INFO] maestro.Maestro.hierarchyBasedTap-hbl3e4M: Tapping at (879, 924) using hierarchy based logic for wait
22:01:22.043 [TRACE] maestro.utils.ScreenshotUtils.takeScreenshot: Taking screenshot to byte array
22:01:22.043 [TRACE] maestro.utils.ScreenshotUtils.takeScreenshot: Taking screenshot to output sink
22:01:23.054 [ INFO] maestro.Maestro.hierarchyBasedTap-hbl3e4M: Something have changed in the UI judging by view hierarchy. Proceed.
22:01:23.054 [ INFO] maestro.cli.runner.MaestroCommandRunner.invoke: Tap on "获取验证码" COMPLETED
22:01:23.054 [ INFO] maestro.cli.runner.MaestroCommandRunner.invoke: Tap on "验证码" RUNNING
22:01:23.054 [ INFO] maestro.cli.runner.MaestroCommandRunner.invoke: Tap on "验证码" metadata CommandMetadata(numberOfRuns=null, evaluatedCommand=MaestroCommand(tapOnElementCommand=TapOnElementCommand(selector=ElementSelector(textRegex=验证码, idRegex=null, size=null, below=null, above=null, leftOf=null, rightOf=null, containsChild=null, containsDescendants=null, traits=null, index=null, enabled=null, optional=false, selected=null, checked=null, focused=null, childOf=null), retryIfNoChange=true, waitUntilVisible=false, longPress=false, repeat=null, waitToSettleTimeoutMs=null, label=null, optional=false)), logMessages=[], insight=Insight(message=, level=NONE))
22:01:23.124 [ INFO] maestro.Maestro.tap-BUbHBYE: Tapping on element:  UiElement(treeNode=TreeNode(attributes={text=, accessibilityText=, hintText=验证码, ignoreBoundsFiltering=false, resource-id=, clickable=true, bounds=[42,861][678,987], enabled=true, focused=false, checked=false, scrollable=false, selected=false, class=android.widget.EditText}, children=[], clickable=true, enabled=true, focused=false, checked=false, selected=false), bounds=Bounds(x=42, y=861, width=636, height=126))
22:01:24.093 [ INFO] maestro.Maestro.tap-BUbHBYE: Refreshed element
22:01:24.093 [ INFO] maestro.Maestro.hierarchyBasedTap-hbl3e4M: Tapping at (360, 924) using hierarchy based logic for wait
22:01:24.093 [TRACE] maestro.utils.ScreenshotUtils.takeScreenshot: Taking screenshot to byte array
22:01:24.093 [TRACE] maestro.utils.ScreenshotUtils.takeScreenshot: Taking screenshot to output sink
22:01:26.144 [ INFO] maestro.Maestro.hierarchyBasedTap-hbl3e4M: Something have changed in the UI judging by view hierarchy. Proceed.
22:01:26.145 [ INFO] maestro.cli.runner.MaestroCommandRunner.invoke: Tap on "验证码" COMPLETED
22:01:26.145 [ INFO] maestro.cli.runner.MaestroCommandRunner.invoke: Input text 123456 RUNNING
22:01:26.145 [ INFO] maestro.cli.runner.MaestroCommandRunner.invoke: Input text 123456 metadata CommandMetadata(numberOfRuns=null, evaluatedCommand=MaestroCommand(inputTextCommand=InputTextCommand(text=123456, label=null, optional=false)), logMessages=[], insight=Insight(message=, level=NONE))
22:01:26.145 [ INFO] maestro.Maestro.inputText: Inputting text: 123456
22:01:28.292 [ INFO] maestro.cli.runner.MaestroCommandRunner.invoke: Input text 123456 COMPLETED
22:01:28.293 [ INFO] maestro.cli.runner.MaestroCommandRunner.invoke: Hide Keyboard RUNNING
22:01:28.294 [ INFO] maestro.cli.runner.MaestroCommandRunner.invoke: Hide Keyboard metadata CommandMetadata(numberOfRuns=null, evaluatedCommand=MaestroCommand(hideKeyboardCommand=HideKeyboardCommand()), logMessages=[], insight=Insight(message=, level=NONE))
22:01:28.294 [ INFO] maestro.Maestro.hideKeyboard: Hiding Keyboard
22:01:30.050 [ INFO] maestro.cli.runner.MaestroCommandRunner.invoke: Hide Keyboard COMPLETED
22:01:30.051 [ INFO] maestro.cli.runner.MaestroCommandRunner.invoke: Tap on "登录" RUNNING
22:01:30.052 [ INFO] maestro.cli.runner.MaestroCommandRunner.invoke: Tap on "登录" metadata CommandMetadata(numberOfRuns=null, evaluatedCommand=MaestroCommand(tapOnElementCommand=TapOnElementCommand(selector=ElementSelector(textRegex=登录, idRegex=null, size=null, below=null, above=null, leftOf=null, rightOf=null, containsChild=null, containsDescendants=null, traits=null, index=null, enabled=null, optional=false, selected=null, checked=null, focused=null, childOf=null), retryIfNoChange=true, waitUntilVisible=false, longPress=false, repeat=null, waitToSettleTimeoutMs=null, label=null, optional=false)), logMessages=[], insight=Insight(message=, level=NONE))
22:01:30.065 [ INFO] maestro.Maestro.tap-BUbHBYE: Tapping on element:  UiElement(treeNode=TreeNode(attributes={text=, accessibilityText=登录, hintText=, ignoreBoundsFiltering=false, resource-id=, clickable=true, bounds=[42,1082][1038,1208], enabled=true, focused=false, checked=false, scrollable=false, selected=false, class=android.widget.Button}, children=[], clickable=true, enabled=true, focused=false, checked=false, selected=false), bounds=Bounds(x=42, y=1082, width=996, height=126))
22:01:31.162 [ INFO] maestro.Maestro.tap-BUbHBYE: Refreshed element
22:01:31.162 [ INFO] maestro.Maestro.hierarchyBasedTap-hbl3e4M: Tapping at (540, 1145) using hierarchy based logic for wait
22:01:31.162 [TRACE] maestro.utils.ScreenshotUtils.takeScreenshot: Taking screenshot to byte array
22:01:31.162 [TRACE] maestro.utils.ScreenshotUtils.takeScreenshot: Taking screenshot to output sink
22:01:32.710 [ INFO] maestro.Maestro.hierarchyBasedTap-hbl3e4M: Something have changed in the UI judging by view hierarchy. Proceed.
22:01:32.710 [ INFO] maestro.cli.runner.MaestroCommandRunner.invoke: Tap on "登录" COMPLETED
22:01:32.710 [ INFO] maestro.cli.runner.MaestroCommandRunner.invoke: Run includes/login-as-test-user.yaml COMPLETED
22:01:32.710 [ INFO] maestro.cli.runner.MaestroCommandRunner.invoke: Assert that "手机号一键登录" is not visible RUNNING
22:01:32.711 [ INFO] maestro.cli.runner.MaestroCommandRunner.invoke: Assert that "手机号一键登录" is not visible metadata CommandMetadata(numberOfRuns=null, evaluatedCommand=MaestroCommand(assertConditionCommand=AssertConditionCommand(condition=Condition(platform=null, visible=null, notVisible=ElementSelector(textRegex=手机号一键登录, idRegex=null, size=null, below=null, above=null, leftOf=null, rightOf=null, containsChild=null, containsDescendants=null, traits=null, index=null, enabled=null, optional=false, selected=null, checked=null, focused=null, childOf=null), scriptCondition=null, label=null), timeout=null, label=null, optional=false)), logMessages=[], insight=Insight(message=, level=NONE))
22:01:33.266 [ INFO] maestro.cli.runner.MaestroCommandRunner.invoke: Assert that "手机号一键登录" is not visible COMPLETED
22:01:33.266 [ INFO] maestro.cli.runner.MaestroCommandRunner.invoke: Assert that "完善资料" is visible RUNNING
22:01:33.266 [ INFO] maestro.cli.runner.MaestroCommandRunner.invoke: Assert that "完善资料" is visible metadata CommandMetadata(numberOfRuns=null, evaluatedCommand=MaestroCommand(assertConditionCommand=AssertConditionCommand(condition=Condition(platform=null, visible=ElementSelector(textRegex=完善资料, idRegex=null, size=null, below=null, above=null, leftOf=null, rightOf=null, containsChild=null, containsDescendants=null, traits=null, index=null, enabled=null, optional=false, selected=null, checked=null, focused=null, childOf=null), notVisible=null, scriptCondition=null, label=null), timeout=null, label=null, optional=false)), logMessages=[], insight=Insight(message=, level=NONE))
22:01:33.314 [ INFO] maestro.cli.runner.MaestroCommandRunner.invoke: Assert that "完善资料" is visible COMPLETED
22:01:33.314 [ INFO] maestro.cli.runner.MaestroCommandRunner.invoke: Assert that "完善资料" is visible RUNNING
22:01:33.314 [ INFO] maestro.cli.runner.MaestroCommandRunner.invoke: Assert that "完善资料" is visible metadata CommandMetadata(numberOfRuns=null, evaluatedCommand=MaestroCommand(assertConditionCommand=AssertConditionCommand(condition=Condition(platform=null, visible=ElementSelector(textRegex=完善资料, idRegex=null, size=null, below=null, above=null, leftOf=null, rightOf=null, containsChild=null, containsDescendants=null, traits=null, index=null, enabled=null, optional=false, selected=null, checked=null, focused=null, childOf=null), notVisible=null, scriptCondition=null, label=null), timeout=null, label=null, optional=false)), logMessages=[], insight=Insight(message=, level=NONE))
22:01:33.327 [ INFO] maestro.cli.runner.MaestroCommandRunner.invoke: Assert that "完善资料" is visible COMPLETED
22:01:33.328 [ INFO] maestro.cli.runner.MaestroCommandRunner.invoke: Assert that "上传头像" is visible RUNNING
22:01:33.328 [ INFO] maestro.cli.runner.MaestroCommandRunner.invoke: Assert that "上传头像" is visible metadata CommandMetadata(numberOfRuns=null, evaluatedCommand=MaestroCommand(assertConditionCommand=AssertConditionCommand(condition=Condition(platform=null, visible=ElementSelector(textRegex=上传头像, idRegex=null, size=null, below=null, above=null, leftOf=null, rightOf=null, containsChild=null, containsDescendants=null, traits=null, index=null, enabled=null, optional=false, selected=null, checked=null, focused=null, childOf=null), notVisible=null, scriptCondition=null, label=null), timeout=null, label=null, optional=false)), logMessages=[], insight=Insight(message=, level=NONE))
22:01:33.341 [ INFO] maestro.cli.runner.MaestroCommandRunner.invoke: Assert that "上传头像" is visible COMPLETED
22:01:33.341 [ INFO] maestro.cli.runner.MaestroCommandRunner.invoke: Tap on "下一步" RUNNING
22:01:33.341 [ INFO] maestro.cli.runner.MaestroCommandRunner.invoke: Tap on "下一步" metadata CommandMetadata(numberOfRuns=null, evaluatedCommand=MaestroCommand(tapOnElementCommand=TapOnElementCommand(selector=ElementSelector(textRegex=下一步, idRegex=null, size=null, below=null, above=null, leftOf=null, rightOf=null, containsChild=null, containsDescendants=null, traits=null, index=null, enabled=null, optional=false, selected=null, checked=null, focused=null, childOf=null), retryIfNoChange=true, waitUntilVisible=false, longPress=false, repeat=null, waitToSettleTimeoutMs=null, label=null, optional=false)), logMessages=[], insight=Insight(message=, level=NONE))
22:01:33.351 [ INFO] maestro.Maestro.tap-BUbHBYE: Tapping on element:  UiElement(treeNode=TreeNode(attributes={text=, accessibilityText=下一步, hintText=, ignoreBoundsFiltering=false, resource-id=, clickable=true, bounds=[42,2169][1038,2295], enabled=true, focused=false, checked=false, scrollable=false, selected=false, class=android.widget.Button}, children=[], clickable=true, enabled=true, focused=false, checked=false, selected=false), bounds=Bounds(x=42, y=2169, width=996, height=126))
22:01:34.463 [ INFO] maestro.Maestro.tap-BUbHBYE: Refreshed element
22:01:34.463 [ INFO] maestro.Maestro.hierarchyBasedTap-hbl3e4M: Tapping at (540, 2232) using hierarchy based logic for wait
22:01:34.463 [TRACE] maestro.utils.ScreenshotUtils.takeScreenshot: Taking screenshot to byte array
22:01:34.463 [TRACE] maestro.utils.ScreenshotUtils.takeScreenshot: Taking screenshot to output sink
22:01:35.371 [ INFO] maestro.Maestro.hierarchyBasedTap-hbl3e4M: Something have changed in the UI judging by view hierarchy. Proceed.
22:01:35.371 [ INFO] maestro.cli.runner.MaestroCommandRunner.invoke: Tap on "下一步" COMPLETED
22:01:35.371 [ INFO] maestro.cli.runner.MaestroCommandRunner.invoke: Assert that "基础资料" is visible RUNNING
22:01:35.371 [ INFO] maestro.cli.runner.MaestroCommandRunner.invoke: Assert that "基础资料" is visible metadata CommandMetadata(numberOfRuns=null, evaluatedCommand=MaestroCommand(assertConditionCommand=AssertConditionCommand(condition=Condition(platform=null, visible=ElementSelector(textRegex=基础资料, idRegex=null, size=null, below=null, above=null, leftOf=null, rightOf=null, containsChild=null, containsDescendants=null, traits=null, index=null, enabled=null, optional=false, selected=null, checked=null, focused=null, childOf=null), notVisible=null, scriptCondition=null, label=null), timeout=null, label=null, optional=false)), logMessages=[], insight=Insight(message=, level=NONE))
22:01:35.388 [ INFO] maestro.cli.runner.MaestroCommandRunner.invoke: Assert that "基础资料" is visible COMPLETED
22:01:35.388 [ INFO] maestro.cli.runner.MaestroCommandRunner.invoke: Tap on "昵称" RUNNING
22:01:35.389 [ INFO] maestro.cli.runner.MaestroCommandRunner.invoke: Tap on "昵称" metadata CommandMetadata(numberOfRuns=null, evaluatedCommand=MaestroCommand(tapOnElementCommand=TapOnElementCommand(selector=ElementSelector(textRegex=昵称, idRegex=null, size=null, below=null, above=null, leftOf=null, rightOf=null, containsChild=null, containsDescendants=null, traits=null, index=null, enabled=null, optional=false, selected=null, checked=null, focused=null, childOf=null), retryIfNoChange=true, waitUntilVisible=false, longPress=false, repeat=null, waitToSettleTimeoutMs=null, label=null, optional=false)), logMessages=[], insight=Insight(message=, level=NONE))
22:01:35.403 [ INFO] maestro.Maestro.tap-BUbHBYE: Tapping on element:  UiElement(treeNode=TreeNode(attributes={text=, accessibilityText=, hintText=昵称, ignoreBoundsFiltering=false, resource-id=, clickable=true, bounds=[42,470][1038,596], enabled=true, focused=false, checked=false, scrollable=false, selected=false, class=android.widget.EditText}, children=[], clickable=true, enabled=true, focused=false, checked=false, selected=false), bounds=Bounds(x=42, y=470, width=996, height=126))
22:01:36.427 [ INFO] maestro.Maestro.tap-BUbHBYE: Refreshed element
22:01:36.427 [ INFO] maestro.Maestro.hierarchyBasedTap-hbl3e4M: Tapping at (540, 533) using hierarchy based logic for wait
22:01:36.427 [TRACE] maestro.utils.ScreenshotUtils.takeScreenshot: Taking screenshot to byte array
22:01:36.427 [TRACE] maestro.utils.ScreenshotUtils.takeScreenshot: Taking screenshot to output sink
22:01:38.033 [ INFO] maestro.Maestro.hierarchyBasedTap-hbl3e4M: Something have changed in the UI judging by view hierarchy. Proceed.
22:01:38.034 [ INFO] maestro.cli.runner.MaestroCommandRunner.invoke: Tap on "昵称" COMPLETED
22:01:38.034 [ INFO] maestro.cli.runner.MaestroCommandRunner.invoke: Input text E2E User RUNNING
22:01:38.034 [ INFO] maestro.cli.runner.MaestroCommandRunner.invoke: Input text E2E User metadata CommandMetadata(numberOfRuns=null, evaluatedCommand=MaestroCommand(inputTextCommand=InputTextCommand(text=E2E User, label=null, optional=false)), logMessages=[], insight=Insight(message=, level=NONE))
22:01:38.034 [ INFO] maestro.Maestro.inputText: Inputting text: E2E User
22:01:40.199 [ INFO] maestro.cli.runner.MaestroCommandRunner.invoke: Input text E2E User COMPLETED
22:01:40.199 [ INFO] maestro.cli.runner.MaestroCommandRunner.invoke: Tap on "男" RUNNING
22:01:40.199 [ INFO] maestro.cli.runner.MaestroCommandRunner.invoke: Tap on "男" metadata CommandMetadata(numberOfRuns=null, evaluatedCommand=MaestroCommand(tapOnElementCommand=TapOnElementCommand(selector=ElementSelector(textRegex=男, idRegex=null, size=null, below=null, above=null, leftOf=null, rightOf=null, containsChild=null, containsDescendants=null, traits=null, index=null, enabled=null, optional=false, selected=null, checked=null, focused=null, childOf=null), retryIfNoChange=true, waitUntilVisible=false, longPress=false, repeat=null, waitToSettleTimeoutMs=null, label=null, optional=false)), logMessages=[], insight=Insight(message=, level=NONE))
22:01:40.270 [ INFO] maestro.Maestro.tap-BUbHBYE: Tapping on element:  UiElement(treeNode=TreeNode(attributes={text=, accessibilityText=男, hintText=, ignoreBoundsFiltering=false, resource-id=, clickable=true, bounds=[63,719][353,845], enabled=true, focused=false, checked=false, scrollable=false, selected=false, class=android.widget.Button}, children=[], clickable=true, enabled=true, focused=false, checked=false, selected=false), bounds=Bounds(x=63, y=719, width=290, height=126))
22:01:41.364 [ INFO] maestro.Maestro.tap-BUbHBYE: Refreshed element
22:01:41.364 [ INFO] maestro.Maestro.hierarchyBasedTap-hbl3e4M: Tapping at (208, 782) using hierarchy based logic for wait
22:01:41.364 [TRACE] maestro.utils.ScreenshotUtils.takeScreenshot: Taking screenshot to byte array
22:01:41.364 [TRACE] maestro.utils.ScreenshotUtils.takeScreenshot: Taking screenshot to output sink
22:01:42.470 [TRACE] maestro.utils.ScreenshotUtils.takeScreenshot: Taking screenshot to byte array
22:01:42.470 [TRACE] maestro.utils.ScreenshotUtils.takeScreenshot: Taking screenshot to output sink
22:01:43.490 [ INFO] maestro.Maestro.hierarchyBasedTap-hbl3e4M: Something have changed in the UI judging by screenshot (d=0.6436228). Proceed.
22:01:43.490 [ INFO] maestro.cli.runner.MaestroCommandRunner.invoke: Tap on "男" COMPLETED
22:01:43.490 [ INFO] maestro.cli.runner.MaestroCommandRunner.invoke: Tap on "出生日期" RUNNING
22:01:43.490 [ INFO] maestro.cli.runner.MaestroCommandRunner.invoke: Tap on "出生日期" metadata CommandMetadata(numberOfRuns=null, evaluatedCommand=MaestroCommand(tapOnElementCommand=TapOnElementCommand(selector=ElementSelector(textRegex=出生日期, idRegex=null, size=null, below=null, above=null, leftOf=null, rightOf=null, containsChild=null, containsDescendants=null, traits=null, index=null, enabled=null, optional=false, selected=null, checked=null, focused=null, childOf=null), retryIfNoChange=true, waitUntilVisible=false, longPress=false, repeat=null, waitToSettleTimeoutMs=null, label=null, optional=false)), logMessages=[], insight=Insight(message=, level=NONE))
22:01:43.777 [ INFO] maestro.Maestro.tap-BUbHBYE: Tapping on element:  UiElement(treeNode=TreeNode(attributes={text=, accessibilityText=, hintText=出生日期, ignoreBoundsFiltering=false, resource-id=, clickable=false, bounds=[42,887][1038,1013], enabled=true, focused=false, checked=false, scrollable=false, selected=false, class=android.view.View}, children=[], clickable=false, enabled=true, focused=false, checked=false, selected=false), bounds=Bounds(x=42, y=887, width=996, height=126))
22:01:44.964 [ INFO] maestro.Maestro.tap-BUbHBYE: Refreshed element
22:01:44.964 [ INFO] maestro.Maestro.hierarchyBasedTap-hbl3e4M: Tapping at (540, 950) using hierarchy based logic for wait
22:01:44.964 [TRACE] maestro.utils.ScreenshotUtils.takeScreenshot: Taking screenshot to byte array
22:01:44.964 [TRACE] maestro.utils.ScreenshotUtils.takeScreenshot: Taking screenshot to output sink
22:01:47.098 [ INFO] maestro.Maestro.hierarchyBasedTap-hbl3e4M: Something have changed in the UI judging by view hierarchy. Proceed.
22:01:47.098 [ INFO] maestro.cli.runner.MaestroCommandRunner.invoke: Tap on "出生日期" COMPLETED
22:01:47.098 [ INFO] maestro.cli.runner.MaestroCommandRunner.invoke: Tap on "OK" RUNNING
22:01:47.098 [ INFO] maestro.cli.runner.MaestroCommandRunner.invoke: Tap on "OK" metadata CommandMetadata(numberOfRuns=null, evaluatedCommand=MaestroCommand(tapOnElementCommand=TapOnElementCommand(selector=ElementSelector(textRegex=OK, idRegex=null, size=null, below=null, above=null, leftOf=null, rightOf=null, containsChild=null, containsDescendants=null, traits=null, index=null, enabled=null, optional=false, selected=null, checked=null, focused=null, childOf=null), retryIfNoChange=true, waitUntilVisible=false, longPress=false, repeat=null, waitToSettleTimeoutMs=null, label=null, optional=false)), logMessages=[], insight=Insight(message=, level=NONE))
22:01:47.113 [ INFO] maestro.Maestro.tap-BUbHBYE: Tapping on element:  UiElement(treeNode=TreeNode(attributes={text=, accessibilityText=OK, hintText=, ignoreBoundsFiltering=false, resource-id=, clickable=true, bounds=[782,1741][950,1867], enabled=true, focused=false, checked=false, scrollable=false, selected=false, class=android.widget.Button}, children=[], clickable=true, enabled=true, focused=false, checked=false, selected=false), bounds=Bounds(x=782, y=1741, width=168, height=126))
22:01:48.191 [ INFO] maestro.Maestro.tap-BUbHBYE: Refreshed element
22:01:48.191 [ INFO] maestro.Maestro.hierarchyBasedTap-hbl3e4M: Tapping at (866, 1804) using hierarchy based logic for wait
22:01:48.191 [TRACE] maestro.utils.ScreenshotUtils.takeScreenshot: Taking screenshot to byte array
22:01:48.191 [TRACE] maestro.utils.ScreenshotUtils.takeScreenshot: Taking screenshot to output sink
22:01:49.175 [ INFO] maestro.Maestro.hierarchyBasedTap-hbl3e4M: Something have changed in the UI judging by view hierarchy. Proceed.
22:01:49.175 [ INFO] maestro.cli.runner.MaestroCommandRunner.invoke: Tap on "OK" COMPLETED
22:01:49.175 [ INFO] maestro.cli.runner.MaestroCommandRunner.invoke: Tap on "下一步" RUNNING
22:01:49.175 [ INFO] maestro.cli.runner.MaestroCommandRunner.invoke: Tap on "下一步" metadata CommandMetadata(numberOfRuns=null, evaluatedCommand=MaestroCommand(tapOnElementCommand=TapOnElementCommand(selector=ElementSelector(textRegex=下一步, idRegex=null, size=null, below=null, above=null, leftOf=null, rightOf=null, containsChild=null, containsDescendants=null, traits=null, index=null, enabled=null, optional=false, selected=null, checked=null, focused=null, childOf=null), retryIfNoChange=true, waitUntilVisible=false, longPress=false, repeat=null, waitToSettleTimeoutMs=null, label=null, optional=false)), logMessages=[], insight=Insight(message=, level=NONE))
22:01:49.238 [ INFO] maestro.Maestro.tap-BUbHBYE: Tapping on element:  UiElement(treeNode=TreeNode(attributes={text=, accessibilityText=下一步, hintText=, ignoreBoundsFiltering=false, resource-id=, clickable=true, bounds=[42,2169][1038,2295], enabled=true, focused=false, checked=false, scrollable=false, selected=false, class=android.widget.Button}, children=[], clickable=true, enabled=true, focused=false, checked=false, selected=false), bounds=Bounds(x=42, y=2169, width=996, height=126))
22:01:50.358 [ INFO] maestro.Maestro.tap-BUbHBYE: Refreshed element
22:01:50.358 [ INFO] maestro.Maestro.hierarchyBasedTap-hbl3e4M: Tapping at (540, 2232) using hierarchy based logic for wait
22:01:50.358 [TRACE] maestro.utils.ScreenshotUtils.takeScreenshot: Taking screenshot to byte array
22:01:50.358 [TRACE] maestro.utils.ScreenshotUtils.takeScreenshot: Taking screenshot to output sink
22:01:51.178 [ INFO] maestro.Maestro.hierarchyBasedTap-hbl3e4M: Something have changed in the UI judging by view hierarchy. Proceed.
22:01:51.178 [ INFO] maestro.cli.runner.MaestroCommandRunner.invoke: Tap on "下一步" COMPLETED
22:01:51.178 [ INFO] maestro.cli.runner.MaestroCommandRunner.invoke: Assert that "位置授权" is visible RUNNING
22:01:51.178 [ INFO] maestro.cli.runner.MaestroCommandRunner.invoke: Assert that "位置授权" is visible metadata CommandMetadata(numberOfRuns=null, evaluatedCommand=MaestroCommand(assertConditionCommand=AssertConditionCommand(condition=Condition(platform=null, visible=ElementSelector(textRegex=位置授权, idRegex=null, size=null, below=null, above=null, leftOf=null, rightOf=null, containsChild=null, containsDescendants=null, traits=null, index=null, enabled=null, optional=false, selected=null, checked=null, focused=null, childOf=null), notVisible=null, scriptCondition=null, label=null), timeout=null, label=null, optional=false)), logMessages=[], insight=Insight(message=, level=NONE))
22:01:51.204 [ INFO] maestro.cli.runner.MaestroCommandRunner.invoke: Assert that "位置授权" is visible COMPLETED
22:01:51.204 [ INFO] maestro.cli.runner.MaestroCommandRunner.invoke: Tap on "允许位置授权" RUNNING
22:01:51.204 [ INFO] maestro.cli.runner.MaestroCommandRunner.invoke: Tap on "允许位置授权" metadata CommandMetadata(numberOfRuns=null, evaluatedCommand=MaestroCommand(tapOnElementCommand=TapOnElementCommand(selector=ElementSelector(textRegex=允许位置授权, idRegex=null, size=null, below=null, above=null, leftOf=null, rightOf=null, containsChild=null, containsDescendants=null, traits=null, index=null, enabled=null, optional=false, selected=null, checked=null, focused=null, childOf=null), retryIfNoChange=true, waitUntilVisible=false, longPress=false, repeat=null, waitToSettleTimeoutMs=null, label=null, optional=false)), logMessages=[], insight=Insight(message=, level=NONE))
22:01:51.216 [ INFO] maestro.Maestro.tap-BUbHBYE: Tapping on element:  UiElement(treeNode=TreeNode(attributes={text=, accessibilityText=允许位置授权, hintText=, ignoreBoundsFiltering=false, resource-id=, clickable=true, bounds=[387,1402][693,1528], enabled=true, focused=false, checked=false, scrollable=false, selected=false, class=android.widget.Button}, children=[], clickable=true, enabled=true, focused=false, checked=false, selected=false), bounds=Bounds(x=387, y=1402, width=306, height=126))
22:01:52.240 [ INFO] maestro.Maestro.tap-BUbHBYE: Refreshed element
22:01:52.240 [ INFO] maestro.Maestro.hierarchyBasedTap-hbl3e4M: Tapping at (540, 1465) using hierarchy based logic for wait
22:01:52.240 [TRACE] maestro.utils.ScreenshotUtils.takeScreenshot: Taking screenshot to byte array
22:01:52.240 [TRACE] maestro.utils.ScreenshotUtils.takeScreenshot: Taking screenshot to output sink
22:01:53.067 [ INFO] maestro.Maestro.hierarchyBasedTap-hbl3e4M: Something have changed in the UI judging by view hierarchy. Proceed.
22:01:53.067 [ INFO] maestro.cli.runner.MaestroCommandRunner.invoke: Tap on "允许位置授权" COMPLETED
22:01:53.067 [ INFO] maestro.cli.runner.MaestroCommandRunner.invoke: Assert that "位置已获取" is visible RUNNING
22:01:53.068 [ INFO] maestro.cli.runner.MaestroCommandRunner.invoke: Assert that "位置已获取" is visible metadata CommandMetadata(numberOfRuns=null, evaluatedCommand=MaestroCommand(assertConditionCommand=AssertConditionCommand(condition=Condition(platform=null, visible=ElementSelector(textRegex=位置已获取, idRegex=null, size=null, below=null, above=null, leftOf=null, rightOf=null, containsChild=null, containsDescendants=null, traits=null, index=null, enabled=null, optional=false, selected=null, checked=null, focused=null, childOf=null), notVisible=null, scriptCondition=null, label=null), timeout=null, label=null, optional=false)), logMessages=[], insight=Insight(message=, level=NONE))
22:01:53.123 [ INFO] maestro.cli.runner.MaestroCommandRunner.invoke: Assert that "位置已获取" is visible COMPLETED
22:01:53.123 [ INFO] maestro.cli.runner.MaestroCommandRunner.invoke: Tap on "完成" RUNNING
22:01:53.124 [ INFO] maestro.cli.runner.MaestroCommandRunner.invoke: Tap on "完成" metadata CommandMetadata(numberOfRuns=null, evaluatedCommand=MaestroCommand(tapOnElementCommand=TapOnElementCommand(selector=ElementSelector(textRegex=完成, idRegex=null, size=null, below=null, above=null, leftOf=null, rightOf=null, containsChild=null, containsDescendants=null, traits=null, index=null, enabled=null, optional=false, selected=null, checked=null, focused=null, childOf=null), retryIfNoChange=true, waitUntilVisible=false, longPress=false, repeat=null, waitToSettleTimeoutMs=null, label=null, optional=false)), logMessages=[], insight=Insight(message=, level=NONE))
22:01:53.215 [ INFO] maestro.Maestro.tap-BUbHBYE: Tapping on element:  UiElement(treeNode=TreeNode(attributes={text=, accessibilityText=完成, hintText=, ignoreBoundsFiltering=false, resource-id=, clickable=true, bounds=[42,2169][1038,2295], enabled=true, focused=false, checked=false, scrollable=false, selected=false, class=android.widget.Button}, children=[], clickable=true, enabled=true, focused=false, checked=false, selected=false), bounds=Bounds(x=42, y=2169, width=996, height=126))
22:01:54.468 [ INFO] maestro.Maestro.tap-BUbHBYE: Refreshed element
22:01:54.469 [ INFO] maestro.Maestro.hierarchyBasedTap-hbl3e4M: Tapping at (540, 2232) using hierarchy based logic for wait
22:01:54.469 [TRACE] maestro.utils.ScreenshotUtils.takeScreenshot: Taking screenshot to byte array
22:01:54.469 [TRACE] maestro.utils.ScreenshotUtils.takeScreenshot: Taking screenshot to output sink
22:01:55.480 [ INFO] maestro.Maestro.hierarchyBasedTap-hbl3e4M: Something have changed in the UI judging by view hierarchy. Proceed.
22:01:55.480 [ INFO] maestro.cli.runner.MaestroCommandRunner.invoke: Tap on "完成" COMPLETED
