[2026-04-27 11:47:45] E2E 任务启动 (由 rework-64)
分支: feat/issue-5
项目: social-world
日志: /Users/insulate/Desktop/new-world/new-world-ops/logs/social-world/e2e-issue-64-20260427-114745.log

=== E2E 环境检查 ===
任务类型: full-stack
✅ adb: Android Debug Bridge version 1.0.41
✅ maestro: 1.39.13

=== 检查后端正端 ===
⚠️ 后端未运行，尝试启动 E2E 环境...
docker compose up --build -d mysql redis
time="2026-04-27T11:47:47+08:00" level=warning msg="/private/var/folders/lt/w3sl6z8j5v50vt2s6knvf5n00000gn/T/dev-issue-64-984986560/docker-compose.yml: the attribute `version` is obsolete, it will be ignored, please remove it to avoid potential confusion"
 Network dev-issue-64-984986560_sw-network  Creating
 Network dev-issue-64-984986560_sw-network  Created
 Volume "dev-issue-64-984986560_redis_data"  Creating
 Volume "dev-issue-64-984986560_redis_data"  Created
 Volume "dev-issue-64-984986560_mysql_data"  Creating
 Volume "dev-issue-64-984986560_mysql_data"  Created
 Container dev-issue-64-984986560-mysql-1  Creating
 Container dev-issue-64-984986560-redis-1  Creating
 Container dev-issue-64-984986560-redis-1  Created
 Container dev-issue-64-984986560-mysql-1  Created
 Container dev-issue-64-984986560-redis-1  Starting
 Container dev-issue-64-984986560-mysql-1  Starting
Error response from daemon: failed to set up container networking: driver failed programming external connectivity on endpoint dev-issue-64-984986560-redis-1 (29ad8911faa1f78fbd1dc798626d1041c7e147cc703ae55810207daaa248c04a): Bind for 0.0.0.0:6379 failed: port is already allocated
make: *** [e2e-env-up] Error 1
❌ 后端 API 启动失败

❌ e2e失败: 步骤 checkEnv 返回 exit code 1
