[2026-05-06 12:08:07] E2E 任务启动 (由 rework-68)
分支: feat/issue-67
项目: social-world
日志: /Users/insulate/Desktop/new-world/new-world-ops/logs/social-world/e2e-issue-68-20260506-120807.log

=== E2E 环境检查 ===
任务类型: full-stack
✅ adb: Android Debug Bridge version 1.0.41
✅ maestro: 1.39.13

=== 检查后端正端 ===
⚠️ 后端未运行，尝试启动 E2E 环境...
docker compose up --build -d mysql redis
time="2026-05-06T12:08:09+08:00" level=warning msg="/private/var/folders/lt/w3sl6z8j5v50vt2s6knvf5n00000gn/T/rework-pr-68-3386568145/docker-compose.yml: the attribute `version` is obsolete, it will be ignored, please remove it to avoid potential confusion"
 Network rework-pr-68-3386568145_sw-network  Creating
 Network rework-pr-68-3386568145_sw-network  Created
 Volume "rework-pr-68-3386568145_mysql_data"  Creating
 Volume "rework-pr-68-3386568145_mysql_data"  Created
 Volume "rework-pr-68-3386568145_redis_data"  Creating
 Volume "rework-pr-68-3386568145_redis_data"  Created
 Container sw-redis  Creating
 Container sw-mysql  Creating
 Container sw-mysql  Created
 Container sw-redis  Created
 Container sw-redis  Starting
 Container sw-mysql  Starting
 Container sw-mysql  Started
 Container sw-redis  Started
⏳ 等待数据库就绪...
   等待中... (1/30)
   等待中... (2/30)
   等待中... (3/30)
   等待中... (4/30)
✅ 数据库已就绪
🚀 启动 API (pm2)...
[33m[PM2][WARN] [39mApplications sw-api not running, starting...
[33m[PM2][WARN] [39mFolder does not exist: /private/var/folders/lt/w3sl6z8j5v50vt2s6knvf5n00000gn/T/rework-pr-68-3386568145/apps/api/logs
[32m[PM2] [39mCreating folder: /private/var/folders/lt/w3sl6z8j5v50vt2s6knvf5n00000gn/T/rework-pr-68-3386568145/apps/api/logs
[32m[PM2] [39mApp [sw-api] launched (1 instances)
┌────┬────────────────────┬─────────────┬─────────┬─────────┬──────────┬────────┬──────┬───────────┬──────────┬──────────┬──────────┬──────────┐
│ id │ name               │ namespace   │ version │ mode    │ pid      │ uptime │ ↺    │ status    │ cpu      │ mem      │ user     │ watching │
├────┼────────────────────┼─────────────┼─────────┼─────────┼──────────┼────────┼──────┼───────────┼──────────┼──────────┼──────────┼──────────┤
│ [1m[36m3[39m[22m  │ dashboard          │ default     │ 1.0.0   │ [7m[1mfork[22m[27m    │ 38835    │ 40m    │ 0    │ [32m[1monline[22m[39m    │ 0%       │ 10.9mb   │ [1minsulate[22m │ [90mdisabled[39m │
│ [1m[36m1[39m[22m  │ immortal-client    │ default     │ 0.1.0   │ [7m[1mfork[22m[27m    │ 45946    │ 16m    │ 101  │ [32m[1monline[22m[39m    │ 0%       │ 59.5mb   │ [1minsulate[22m │ [90mdisabled[39m │
│ [1m[36m0[39m[22m  │ immortal-server    │ default     │ N/A     │ [7m[1mfork[22m[27m    │ 43453    │ 24m    │ 66   │ [32m[1monline[22m[39m    │ 0%       │ 48.4mb   │ [1minsulate[22m │ [90mdisabled[39m │
│ [1m[36m4[39m[22m  │ sw-api             │ default     │ N/A     │ [34m[1mcluster[22m[39m │ 54709    │ 0s     │ 0    │ [32m[1monline[22m[39m    │ 0%       │ 37.3mb   │ [1minsulate[22m │ [90mdisabled[39m │
└────┴────────────────────┴─────────────┴─────────┴─────────┴──────────┴────────┴──────┴───────────┴──────────┴──────────┴──────────┴──────────┘
⏳ 等待 API 就绪...
   等待中... (1/30)
   等待中... (2/30)
   等待中... (3/30)
   等待中... (4/30)

🛑 任务已停止

⏹️ 任务已手动停止
