[2026-04-22 18:30:39] E2E 任务启动 (由 manual)
分支: feat/issue-43
项目: social-world
日志: /Users/insulate/Desktop/new-world/new-world-ops/logs/social-world/e2e-issue-43-20260422-183039.log

=== E2E 环境检查 ===
任务类型: full-stack
✅ adb: Android Debug Bridge version 1.0.41
✅ maestro: 1.39.13

=== 检查后端正端 ===
✅ 后端 API 已运行 (localhost:3001/api/v1/health -> ok)
✅ Android Emulator 已启动:
emulator-5554	device

🔧 关闭 ANR 弹窗...
✅ ANR 弹窗已关闭

=== 构建 Flutter Debug APK ===
当前目录: /Users/insulate/Desktop/social-world
目录内容: total 928
drwxr-xr-x@ 36 insulate  staff    1152 Apr 22 17:38 .
drwx------@ 40 insulate  staff    1280 Apr 22 15:18 ..
-rw-r--r--@  1 insulate  staff    8196 Apr 21 21:10 .DS_Store
-rw-r--r--@  1 insulate  staff     694 Apr 21 18:16 .env.example
drwxr-xr-x@ 15 insulate  staff     480 Apr 22 18:30 .git
drwxr-xr-x@  5 insulate  staff     160 Apr 21 18:16 .github
-rw-r--r--@  1 insulate  staff     886 Apr 21 18:16 .gitignore
drwxr-xr-x@  5 insulate  staff     160 Apr 22 17:38 .husky
drwxr-xr-x@ 10 insulate  staff     320 Apr 21 18:16 .maestro
-rw-r--r--@  1 insulate  staff      14 Apr 21 18:16 .prettierignore
drwxr-xr-x@  3 insulate  staff      96 Apr 22 14:38 .turbo
-rw-r--r--@  1 insulate  staff   18066 Apr 21 18:16 AGENT-FIRST-PROJECT-SEED.md
-rw-r--r--@  1 insulate  staff    5222 Apr 21 18:16 AGENTS.md
drwxr-xr-x@  5 insulate  staff     160 Apr 21 18:16 apps
-rw-r--r--@  1 insulate  staff     321 Apr 21 18:16 CHANGELOG.md
drwxr-xr-x@  5 insulate  staff     160 Apr 21 18:16 designs
-rw-r--r--@  1 insulate  staff    1346 Apr 21 19:45 docker-compose.yml
drwxr-xr-x@ 10 insulate  staff     320 Apr 21 21:00 docs
-rw-r--r--@  1 insulate  staff     732 Apr 21 19:43 ecosystem.config.js
-rw-r--r--@  1 insulate  staff      53 Apr 21 18:16 go.mod
drwxr-xr-x@  3 insulate  staff      96 Apr 21 18:16 internal
drwxr-xr-x@  2 insulate  staff      64 Apr 22 17:32 logs
-rw-r--r--@  1 insulate  staff    8196 Apr 21 19:44 Makefile
-rw-r--r--@  1 insulate  staff     253 Apr 21 18:16 melos.yaml
drwxr-xr-x@ 32 insulate  staff    1024 Apr 22 17:38 node_modules
-rw-r--r--@  1 insulate  staff     154 Apr 21 18:16 openapitools.json
-rw-r--r--@  1 insulate  staff     915 Apr 21 18:16 package.json
drwxr-xr-x@  4 insulate  staff     128 Apr 21 18:16 packages
-rw-r--r--@  1 insulate  staff  363710 Apr 21 18:16 pnpm-lock.yaml
-rw-r--r--@  1 insulate  staff      40 Apr 21 18:16 pnpm-workspace.yaml
drwxr-xr-x@ 11 insulate  staff     352 Apr 21 18:16 prd
-rw-r--r--@  1 insulate  staff     206 Apr 21 18:16 pubspec.yaml
-rw-r--r--@  1 insulate  staff    1754 Apr 21 19:45 README.md
drwxr-xr-x@ 12 insulate  staff     384 Apr 21 18:16 scripts
drwxr-xr-x@  4 insulate  staff     128 Apr 21 18:16 tests
-rw-r--r--@  1 insulate  staff     456 Apr 21 18:16 turbo.json

Running Gradle task 'assembleDebug'...                          
Your project is configured with Android NDK 23.1.7779620, but the following plugin(s) depend on a different Android NDK version:
- flutter_plugin_android_lifecycle requires Android NDK 26.1.10909125
- flutter_secure_storage requires Android NDK 26.1.10909125
- image_picker_android requires Android NDK 26.1.10909125
- package_info_plus requires Android NDK 26.1.10909125
- path_provider_android requires Android NDK 26.1.10909125
- sentry_flutter requires Android NDK 26.1.10909125
- shared_preferences_android requires Android NDK 26.1.10909125
- url_launcher_android requires Android NDK 26.1.10909125
Fix this issue by using the highest Android NDK version (they are backward compatible).
Add the following to /Users/insulate/Desktop/social-world/apps/mobile/android/app/build.gradle:

    android {
        ndkVersion = "26.1.10909125"
        ...
    }

Running Gradle task 'assembleDebug'...                             89.8s
✓ Built build/app/outputs/flutter-apk/app-debug.apk
✅ APK 构建完成: apps/mobile/build/app/outputs/flutter-apk/app-debug.apk

=== 安装 APK ===
Performing Streamed Install
Success
✅ APK 安装完成

📱 模拟器中的包列表:

=== 修复 Maestro includes 文件格式 ===
✅ includes 文件格式检查完成

=== 运行 Maestro E2E 测试 ===
📁 发现 4 个 Maestro flow:
.maestro/flows/auth/login.yaml
.maestro/flows/profile/setup.yaml
.maestro/flows/devtools/open_drawer.yaml
.maestro/flows/devtools/edit_server_url.yaml

📸 调试输出目录: /Users/insulate/Desktop/new-world/new-world-ops/logs/social-world/e2e-screenshots-e2e-issue-43-20260422-183039


Waiting for flows to complete...
[Passed] login (49m 4s)
[Failed] setup (17m 56s) (Assertion is false: "欢迎使用 Social World" is visible)
[Passed] open_drawer (17m 55s)
[Failed] edit_server_url (15m 39s) (Element not found: Id matching regex: dev_tools_toggle_button)

2/4 Flows Failed

/Users/insulate/Desktop/new-world/new-world-ops/logs/social-world/e2e-screenshots-e2e-issue-43-20260422-183039/screenshot-❌-1776857971826-(setup).png
/Users/insulate/Desktop/new-world/new-world-ops/logs/social-world/e2e-screenshots-e2e-issue-43-20260422-183039/screenshot-❌-1776859985745-(edit_server_url).png

📸 失败截图已保存到 /Users/insulate/Desktop/new-world/new-world-ops/logs/social-world/e2e-screenshots-e2e-issue-43-20260422-183039:
-rw-r--r--@ 1 insulate  staff  20765 Apr 22 19:39 /Users/insulate/Desktop/new-world/new-world-ops/logs/social-world/e2e-screenshots-e2e-issue-43-20260422-183039/screenshot-❌-1776857971826-(setup).png
-rw-r--r--@ 1 insulate  staff  20587 Apr 22 20:13 /Users/insulate/Desktop/new-world/new-world-ops/logs/social-world/e2e-screenshots-e2e-issue-43-20260422-183039/screenshot-❌-1776859985745-(edit_server_url).png

❌ e2e失败: shell step runE2E failed: exit status 1, output: 
=== 运行 Maestro E2E 测试 ===
📁 发现 4 个 Maestro flow:
.maestro/flows/auth/login.yaml
.maestro/flows/profile/setup.yaml
.maestro/flows/devtools/open_drawer.yaml
.maestro/flows/devtools/edit_server_url.yaml

📸 调试输出目录: /Users/insulate/Desktop/new-world/new-world-ops/logs/social-world/e2e-screenshots-e2e-issue-43-20260422-183039


Waiting for flows to complete...
[Passed] login (49m 4s)
[Failed] setup (17m 56s) (Assertion is false: "欢迎使用 Social World" is visible)
[Passed] open_drawer (17m 55s)
[Failed] edit_server_url (15m 39s) (Element not found: Id matching regex: dev_tools_toggle_button)

2/4 Flows Failed

/Users/insulate/Desktop/new-world/new-world-ops/logs/social-world/e2e-screenshots-e2e-issue-43-20260422-183039/screenshot-❌-1776857971826-(setup).png
/Users/insulate/Desktop/new-world/new-world-ops/logs/social-world/e2e-screenshots-e2e-issue-43-20260422-183039/screenshot-❌-1776859985745-(edit_server_url).png

📸 失败截图已保存到 /Users/insulate/Desktop/new-world/new-world-ops/logs/social-world/e2e-screenshots-e2e-issue-43-20260422-183039:
-rw-r--r--@ 1 insulate  staff  20765 Apr 22 19:39 /Users/insulate/Desktop/new-world/new-world-ops/logs/social-world/e2e-screenshots-e2e-issue-43-20260422-183039/screenshot-❌-1776857971826-(setup).png
-rw-r--r--@ 1 insulate  staff  20587 Apr 22 20:13 /Users/insulate/Desktop/new-world/new-world-ops/logs/social-world/e2e-screenshots-e2e-issue-43-20260422-183039/screenshot-❌-1776859985745-(edit_server_url).png

