[2026-04-23 09:01:12] E2E 任务启动 (由 rework-55)
分支: feat/issue-43
项目: social-world
日志: /Users/insulate/Desktop/new-world/new-world-ops/logs/social-world/e2e-issue-55-20260423-090112.log

=== E2E 环境检查 ===
任务类型: <no value>
✅ adb: Android Debug Bridge version 1.0.41
✅ maestro: 1.39.13
✅ Android Emulator 已启动:
emulator-5556	device

=== 开始 E2E 测试 ===
📁 发现 4 个 Maestro flow:
.maestro/flows/auth/login.yaml
.maestro/flows/profile/setup.yaml
.maestro/flows/devtools/open_drawer.yaml
.maestro/flows/devtools/edit_server_url.yaml


Waiting for flows to complete...
[Passed] login (18s)
[Failed] setup (18s) (Assertion is false: "完善资料" is visible)
[Passed] open_drawer (5s)
[Passed] edit_server_url (38s)

1/4 Flow Failed


=== E2E 测试完成 ===
📄 完整日志: /Users/insulate/Desktop/new-world/new-world-ops/logs/social-world/e2e-issue-55-20260423-090112.log
📝 任务类型: <no value>

✅ 任务完成
