[2026-04-26 10:30:29] E2E 任务启动 (由 rework-64)
分支: feat/issue-5
项目: social-world
日志: /Users/insulate/Desktop/new-world/new-world-ops/logs/social-world/e2e-issue-64-20260426-103029.log

=== E2E 环境检查 ===
任务类型: full-stack
✅ adb: Android Debug Bridge version 1.0.41
✅ maestro: 1.39.13

=== 检查后端正端 ===
⚠️ 后端未运行，尝试启动 E2E 环境...
docker compose up --build -d mysql redis
time="2026-04-26T10:30:31+08:00" level=warning msg="/private/var/folders/lt/w3sl6z8j5v50vt2s6knvf5n00000gn/T/rework-pr-64-689497219/docker-compose.yml: the attribute `version` is obsolete, it will be ignored, please remove it to avoid potential confusion"
 Network rework-pr-64-689497219_sw-network  Creating
 Network rework-pr-64-689497219_sw-network  Created
 Volume "rework-pr-64-689497219_mysql_data"  Creating
 Volume "rework-pr-64-689497219_mysql_data"  Created
 Volume "rework-pr-64-689497219_redis_data"  Creating
 Volume "rework-pr-64-689497219_redis_data"  Created
 Container sw-mysql  Creating
 Container sw-redis  Creating
 Container sw-mysql  Created
 Container sw-redis  Created
 Container sw-redis  Starting
 Container sw-mysql  Starting
 Container sw-redis  Started
 Container sw-mysql  Started
⏳ 等待数据库就绪...
   等待中... (1/30)
   等待中... (2/30)
   等待中... (3/30)
✅ 数据库已就绪
🚀 启动 API (pm2)...
[33m[PM2][WARN] [39mApplications sw-api not running, starting...
[33m[PM2][WARN] [39mFolder does not exist: /private/var/folders/lt/w3sl6z8j5v50vt2s6knvf5n00000gn/T/rework-pr-64-689497219/apps/api/logs
[32m[PM2] [39mCreating folder: /private/var/folders/lt/w3sl6z8j5v50vt2s6knvf5n00000gn/T/rework-pr-64-689497219/apps/api/logs
[32m[PM2] [39mApp [sw-api] launched (1 instances)
┌────┬────────────────────┬─────────────┬─────────┬─────────┬──────────┬────────┬──────┬───────────┬──────────┬──────────┬──────────┬──────────┐
│ id │ name               │ namespace   │ version │ mode    │ pid      │ uptime │ ↺    │ status    │ cpu      │ mem      │ user     │ watching │
├────┼────────────────────┼─────────────┼─────────┼─────────┼──────────┼────────┼──────┼───────────┼──────────┼──────────┼──────────┼──────────┤
│ [1m[36m5[39m[22m  │ agflux-server      │ default     │ 0.1.0   │ [7m[1mfork[22m[27m    │ 85414    │ 3D     │ 2    │ [32m[1monline[22m[39m    │ 0%       │ 20.3mb   │ [1minsulate[22m │ [90mdisabled[39m │
│ [1m[36m1[39m[22m  │ dashboard          │ default     │ 1.0.0   │ [7m[1mfork[22m[27m    │ 82762    │ 10h    │ 55   │ [32m[1monline[22m[39m    │ 0%       │ 16.1mb   │ [1minsulate[22m │ [90mdisabled[39m │
│ [1m[36m6[39m[22m  │ immortal-server    │ default     │ 0.1.0   │ [7m[1mfork[22m[27m    │ 21224    │ 64m    │ 64   │ [32m[1monline[22m[39m    │ 0%       │ 42.5mb   │ [1minsulate[22m │ [90mdisabled[39m │
│ [1m[36m14[39m[22m │ sw-api             │ default     │ N/A     │ [34m[1mcluster[22m[39m │ 39696    │ 0s     │ 0    │ [32m[1monline[22m[39m    │ 0%       │ 37.9mb   │ [1minsulate[22m │ [90mdisabled[39m │
└────┴────────────────────┴─────────────┴─────────┴─────────┴──────────┴────────┴──────┴───────────┴──────────┴──────────┴──────────┴──────────┘
⏳ 等待 API 就绪...
   等待中... (1/30)
   等待中... (2/30)
   等待中... (3/30)
   等待中... (4/30)
   等待中... (5/30)
   等待中... (6/30)
   等待中... (7/30)
   等待中... (8/30)
   等待中... (9/30)
   等待中... (10/30)
   等待中... (11/30)
   等待中... (12/30)
   等待中... (13/30)
   等待中... (14/30)
   等待中... (15/30)
   等待中... (16/30)
   等待中... (17/30)
   等待中... (18/30)
   等待中... (19/30)
   等待中... (20/30)
   等待中... (21/30)
   等待中... (22/30)
   等待中... (23/30)
   等待中... (24/30)
   等待中... (25/30)
   等待中... (26/30)
   等待中... (27/30)
   等待中... (28/30)
   等待中... (29/30)
   等待中... (30/30)
❌ API 未在预期时间内启动，请检查 pm2 logs
make: *** [e2e-env-up] Error 1
❌ 后端 API 启动失败

❌ e2e失败: 步骤 checkEnv 返回 exit code 1
