[2026-04-26 10:45:45] E2E 任务启动 (由 rework-64)
分支: feat/issue-5
项目: social-world
日志: /Users/insulate/Desktop/new-world/new-world-ops/logs/social-world/e2e-issue-64-20260426-104545.log

=== E2E 环境检查 ===
任务类型: full-stack
✅ adb: Android Debug Bridge version 1.0.41
✅ maestro: 1.39.13

=== 检查后端正端 ===
⚠️ 后端未运行，尝试启动 E2E 环境...
docker compose up --build -d mysql redis
time="2026-04-26T10:45:47+08:00" level=warning msg="/private/var/folders/lt/w3sl6z8j5v50vt2s6knvf5n00000gn/T/dev-issue-64-158068995/docker-compose.yml: the attribute `version` is obsolete, it will be ignored, please remove it to avoid potential confusion"
 Network dev-issue-64-158068995_sw-network  Creating
 Network dev-issue-64-158068995_sw-network  Created
 Volume "dev-issue-64-158068995_redis_data"  Creating
 Volume "dev-issue-64-158068995_redis_data"  Created
 Volume "dev-issue-64-158068995_mysql_data"  Creating
 Volume "dev-issue-64-158068995_mysql_data"  Created
 Container sw-mysql  Creating
 Container sw-redis  Creating
 Container sw-mysql  Error response from daemon: Conflict. The container name "/sw-mysql" is already in use by container "52c518ac393e45e88fb58e111273261a20fadeb7c2ff36243fb1c9d3f55e56a7". You have to remove (or rename) that container to be able to reuse that name.
Error response from daemon: Conflict. The container name "/sw-mysql" is already in use by container "52c518ac393e45e88fb58e111273261a20fadeb7c2ff36243fb1c9d3f55e56a7". You have to remove (or rename) that container to be able to reuse that name.
make: *** [e2e-env-up] Error 1
❌ 后端 API 启动失败

❌ e2e失败: 步骤 checkEnv 返回 exit code 1
