[2026-05-06 12:29:36] E2E 任务启动 (由 rework-68)
分支: feat/issue-67
项目: social-world
日志: /Users/insulate/Desktop/new-world/new-world-ops/logs/social-world/e2e-issue-68-20260506-122936.log

=== E2E 环境检查 ===
任务类型: full-stack
✅ adb: Android Debug Bridge version 1.0.41
✅ maestro: 1.39.13

=== 检查后端正端 ===
⚠️ 后端未运行，尝试启动 E2E 环境...
docker compose up --build -d mysql redis
time="2026-05-06T12:29:38+08:00" level=warning msg="/private/var/folders/lt/w3sl6z8j5v50vt2s6knvf5n00000gn/T/rework-pr-68-2581382010/docker-compose.yml: the attribute `version` is obsolete, it will be ignored, please remove it to avoid potential confusion"
 Network rework-pr-68-2581382010_sw-network  Creating
 Network rework-pr-68-2581382010_sw-network  Created
 Volume "rework-pr-68-2581382010_mysql_data"  Creating
 Volume "rework-pr-68-2581382010_mysql_data"  Created
 Volume "rework-pr-68-2581382010_redis_data"  Creating
 Volume "rework-pr-68-2581382010_redis_data"  Created
 Container sw-redis  Creating
 Container sw-mysql  Creating
 Container sw-mysql  Error response from daemon: Conflict. The container name "/sw-mysql" is already in use by container "5b20796d25496516649373e2a812d52493b819e3a49f3e3336601c5e71d2c328". You have to remove (or rename) that container to be able to reuse that name.
Error response from daemon: Conflict. The container name "/sw-mysql" is already in use by container "5b20796d25496516649373e2a812d52493b819e3a49f3e3336601c5e71d2c328". You have to remove (or rename) that container to be able to reuse that name.
make: *** [e2e-env-up] Error 1
❌ 后端 API 启动失败

❌ e2e失败: 步骤 checkEnv 返回 exit code 1
