[2026-04-21 23:06:21] E2E 任务启动 (由 manual)
分支: feat/issue-43
项目: social-world
日志: /Users/insulate/Desktop/new-world/new-world-ops/logs/social-world/e2e-issue-43-20260421-230621.log

=== E2E 环境检查 ===
任务类型: full-stack
✅ adb: Android Debug Bridge version 1.0.41
✅ maestro: 1.39.13
✅ Android Emulator 已启动:
emulator-5554	device

=== 运行 Maestro E2E 测试 ===
📁 发现 4 个 Maestro flow:
.maestro/flows/auth/login.yaml
.maestro/flows/profile/setup.yaml
.maestro/flows/devtools/open_drawer.yaml
.maestro/flows/devtools/edit_server_url.yaml

Failed to parse file: /Users/insulate/Desktop/social-world/.maestro/flows/auth/login.yaml
Flow file does not exist: file:///Users/insulate/Desktop/social-world/.maestro/flows/auth/includes/login-as-test-user.yaml

=== E2E 测试完成 ===
📄 完整日志: /Users/insulate/Desktop/new-world/new-world-ops/logs/social-world/e2e-issue-43-20260421-230621.log
📝 任务类型: full-stack

✅ 任务完成
