[2026-04-22 15:33:14] E2E 任务启动 (由 manual)
分支: feat/issue-43
项目: social-world
日志: /Users/insulate/Desktop/new-world/new-world-ops/logs/social-world/e2e-issue-43-20260422-153314.log

=== E2E 环境检查 ===
任务类型: full-stack
✅ adb: Android Debug Bridge version 1.0.41
✅ maestro: 1.39.13

=== 检查后端正端 ===
✅ 后端 API 已运行 (localhost:3001)
✅ Android Emulator 已启动:
emulator-5554	device

=== 构建 Flutter Debug APK ===
bash: line 2: cd: apps/mobile: No such file or directory
Error: No pubspec.yaml file found.
This command should be run from the root of your Flutter project.
❌ APK 构建失败

❌ e2e失败: shell step flutterBuild failed: exit status 1, output: 
=== 构建 Flutter Debug APK ===
bash: line 2: cd: apps/mobile: No such file or directory
Error: No pubspec.yaml file found.
This command should be run from the root of your Flutter project.
❌ APK 构建失败

