[2026-04-22 07:24:13] E2E 任务启动 (由 manual)
分支: feat/issue-43
项目: social-world
日志: /Users/insulate/Desktop/new-world/new-world-ops/logs/social-world/e2e-issue-43-20260422-072413.log

=== E2E 环境检查 ===
任务类型: full-stack
✅ adb: Android Debug Bridge version 1.0.41
✅ maestro: 1.39.13

=== 检查后端正端 ===
✅ 后端 API 已运行 (localhost:3001)
✅ Android Emulator 已启动:
emulator-5554	device

=== 运行 Maestro E2E 测试 ===
📁 发现 4 个 Maestro flow:
.maestro/flows/auth/login.yaml
.maestro/flows/profile/setup.yaml
.maestro/flows/devtools/open_drawer.yaml
.maestro/flows/devtools/edit_server_url.yaml


Waiting for flows to complete...
[Failed] login (18s) (Assertion is false: "欢迎使用 Social World" is visible)
[Failed] setup (18s) (Assertion is false: "欢迎使用 Social World" is visible)
[Failed] open_drawer (18s) (Assertion is false: "开发工具" is visible)
[Failed] edit_server_url (18s) (Element not found: Id matching regex: dev_tools_toggle_button)

4/4 Flows Failed


=== E2E 测试完成 ===
📄 完整日志: /Users/insulate/Desktop/new-world/new-world-ops/logs/social-world/e2e-issue-43-20260422-072413.log
📝 任务类型: full-stack

✅ 任务完成
