[2026-04-22 15:59:47] E2E 任务启动 (由 manual)
分支: feat/issue-43
项目: social-world
日志: /Users/insulate/Desktop/new-world/new-world-ops/logs/social-world/e2e-issue-43-20260422-155947.log

=== E2E 环境检查 ===
任务类型: full-stack
✅ adb: Android Debug Bridge version 1.0.41
✅ maestro: 1.39.13

=== 检查后端正端 ===
✅ 后端 API 已运行 (localhost:3001)
✅ Android Emulator 已启动:
emulator-5554	device

=== 构建 Flutter Debug APK ===
当前目录: /Users/insulate/Desktop/new-world/new-world-ops
目录内容: total 26272
drwxr-xr-x@ 30 insulate  staff       960 Apr 21 17:58 .
drwxr-xr-x  24 insulate  staff       768 Apr  8 14:26 ..
-rw-r--r--@  1 insulate  staff         5 Apr 22 15:57 .dashboard.pid
-rw-r--r--@  1 insulate  staff     12292 Apr 17 15:29 .DS_Store
drwxr-xr-x@  8 insulate  staff       256 Apr 21 15:35 .idea
drwxr-xr-x@  5 insulate  staff       160 Apr 20 16:42 .tools
-rw-r--r--@  1 insulate  staff     27367 Apr 17 15:28 归档.zip
drwxr-xr-x@  4 insulate  staff       128 Apr 17 13:39 agents
drwxr-xr-x@  5 insulate  staff       160 Apr 22 15:57 build
drwxr-xr-x@  4 insulate  staff       128 Apr  8 18:15 cmd
drwxr-xr-x@  4 insulate  staff       128 Apr 10 23:07 configs
-rwxr-xr-x@  1 insulate  staff  13320050 Apr 21 11:23 dashboard
-rw-r--r--@  1 insulate  staff     16353 Apr 21 10:40 dashboard.log
drwxr-xr-x@  3 insulate  staff        96 Apr 14 08:03 docs
-rw-r--r--@  1 insulate  staff      1434 Apr 21 21:39 ecosystem.config.js
-rw-r--r--@  1 insulate  staff       101 Apr 13 22:58 go.mod
-rw-r--r--@  1 insulate  staff       259 Apr 13 22:58 go.sum
drwxr-xr-x@  6 insulate  staff       192 Apr  8 14:26 internal
drwxr-xr-x@  6 insulate  staff       192 Apr 21 18:02 logs
-rw-r--r--@  1 insulate  staff      2264 Apr 21 18:00 Makefile
drwxr-xr-x@ 23 insulate  staff       736 Apr 20 16:45 node_modules
-rw-r--r--@  1 insulate  staff     34520 Apr 20 16:45 package-lock.json
-rw-r--r--@  1 insulate  staff       455 Apr 20 16:45 package.json
drwxr-xr-x@  3 insulate  staff        96 Apr 13 22:54 pkg
drwxr-xr-x@ 10 insulate  staff       320 Apr 18 22:49 prompts
-rw-r--r--@  1 insulate  staff      6377 Apr 14 08:08 README.md
drwxr-xr-x@  4 insulate  staff       128 Apr 17 13:52 scripts
drwxr-xr-x@  3 insulate  staff        96 Apr 16 08:53 state
drwxr-xr-x@  3 insulate  staff        96 Apr  8 14:26 web
drwxr-xr-x@ 11 insulate  staff       352 Apr 22 12:12 workflows
bash: line 4: cd: apps/mobile: No such file or directory
Error: No pubspec.yaml file found.
This command should be run from the root of your Flutter project.
❌ APK 构建失败

❌ e2e失败: shell step flutterBuild failed: exit status 1, output: 
=== 构建 Flutter Debug APK ===
当前目录: /Users/insulate/Desktop/new-world/new-world-ops
目录内容: total 26272
drwxr-xr-x@ 30 insulate  staff       960 Apr 21 17:58 .
drwxr-xr-x  24 insulate  staff       768 Apr  8 14:26 ..
-rw-r--r--@  1 insulate  staff         5 Apr 22 15:57 .dashboard.pid
-rw-r--r--@  1 insulate  staff     12292 Apr 17 15:29 .DS_Store
drwxr-xr-x@  8 insulate  staff       256 Apr 21 15:35 .idea
drwxr-xr-x@  5 insulate  staff       160 Apr 20 16:42 .tools
-rw-r--r--@  1 insulate  staff     27367 Apr 17 15:28 归档.zip
drwxr-xr-x@  4 insulate  staff       128 Apr 17 13:39 agents
drwxr-xr-x@  5 insulate  staff       160 Apr 22 15:57 build
drwxr-xr-x@  4 insulate  staff       128 Apr  8 18:15 cmd
drwxr-xr-x@  4 insulate  staff       128 Apr 10 23:07 configs
-rwxr-xr-x@  1 insulate  staff  13320050 Apr 21 11:23 dashboard
-rw-r--r--@  1 insulate  staff     16353 Apr 21 10:40 dashboard.log
drwxr-xr-x@  3 insulate  staff        96 Apr 14 08:03 docs
-rw-r--r--@  1 insulate  staff      1434 Apr 21 21:39 ecosystem.config.js
-rw-r--r--@  1 insulate  staff       101 Apr 13 22:58 go.mod
-rw-r--r--@  1 insulate  staff       259 Apr 13 22:58 go.sum
drwxr-xr-x@  6 insulate  staff       192 Apr  8 14:26 internal
drwxr-xr-x@  6 insulate  staff       192 Apr 21 18:02 logs
-rw-r--r--@  1 insulate  staff      2264 Apr 21 18:00 Makefile
drwxr-xr-x@ 23 insulate  staff       736 Apr 20 16:45 node_modules
-rw-r--r--@  1 insulate  staff     34520 Apr 20 16:45 package-lock.json
-rw-r--r--@  1 insulate  staff       455 Apr 20 16:45 package.json
drwxr-xr-x@  3 insulate  staff        96 Apr 13 22:54 pkg
drwxr-xr-x@ 10 insulate  staff       320 Apr 18 22:49 prompts
-rw-r--r--@  1 insulate  staff      6377 Apr 14 08:08 README.md
drwxr-xr-x@  4 insulate  staff       128 Apr 17 13:52 scripts
drwxr-xr-x@  3 insulate  staff        96 Apr 16 08:53 state
drwxr-xr-x@  3 insulate  staff        96 Apr  8 14:26 web
drwxr-xr-x@ 11 insulate  staff       352 Apr 22 12:12 workflows
bash: line 4: cd: apps/mobile: No such file or directory
Error: No pubspec.yaml file found.
This command should be run from the root of your Flutter project.
❌ APK 构建失败

