[2026-04-27 08:32:35] E2E 任务启动 (由 rework-64)
分支: feat/issue-5
项目: social-world
日志: /Users/insulate/Desktop/new-world/new-world-ops/logs/social-world/e2e-issue-64-20260427-083235.log

=== E2E 环境检查 ===
任务类型: full-stack
✅ adb: Android Debug Bridge version 1.0.41
✅ maestro: 1.39.13

=== 检查后端正端 ===
⚠️ 后端未运行，尝试启动 E2E 环境...
docker compose up --build -d mysql redis
time="2026-04-27T08:32:37+08:00" level=warning msg="/private/var/folders/lt/w3sl6z8j5v50vt2s6knvf5n00000gn/T/rework-pr-64-1587400691/docker-compose.yml: the attribute `version` is obsolete, it will be ignored, please remove it to avoid potential confusion"
 Network rework-pr-64-1587400691_sw-network  Creating
 Network rework-pr-64-1587400691_sw-network  Created
 Volume "rework-pr-64-1587400691_mysql_data"  Creating
 Volume "rework-pr-64-1587400691_mysql_data"  Created
 Volume "rework-pr-64-1587400691_redis_data"  Creating
 Volume "rework-pr-64-1587400691_redis_data"  Created
 Container rework-pr-64-1587400691-mysql-1  Creating
 Container rework-pr-64-1587400691-redis-1  Creating
 Container rework-pr-64-1587400691-mysql-1  Created
 Container rework-pr-64-1587400691-redis-1  Created
 Container rework-pr-64-1587400691-redis-1  Starting
 Container rework-pr-64-1587400691-mysql-1  Starting
Error response from daemon: failed to set up container networking: driver failed programming external connectivity on endpoint rework-pr-64-1587400691-mysql-1 (38afa4276daf580aa239fd768d0669dae05a45b68b9907da4907cabd0588f697): Bind for 0.0.0.0:3306 failed: port is already allocated
make: *** [e2e-env-up] Error 1
❌ 后端 API 启动失败

❌ e2e失败: 步骤 checkEnv 返回 exit code 1
