[2026-04-27 16:14:42] PR #64 Review 启动
分支: feat/issue-5
项目路径: ../../social-world
日志文件: /Users/insulate/Desktop/new-world/new-world-ops/logs/social-world/review-pr-64-20260427-161442.log
【任务上下文】
- PR 编号: #64
- 项目路径: /var/folders/lt/w3sl6z8j5v50vt2s6knvf5n00000gn/T/review-pr-64-172249
6592
- 项目地图: ../../social-world/AGENTS.md
- 关联 PRD: ../../social-world/prd/v1-mvp.md,../../social-world/prd/v1-matching.
md,../../social-world/prd/v1-im.md
- 文档目录: ../../social-world/docs

【辅助审查文件】
以下文件已在工作目录中生成，请在审查时按需读取（若文件不存在或为空则跳过）：
- 文档覆盖信息: /var/folders/lt/w3sl6z8j5v50vt2s6knvf5n00000gn/T/review-pr-64-17
22496592/.doc-coverage.txt
- 设计资产列表: /var/folders/lt/w3sl6z8j5v50vt2s6knvf5n00000gn/T/review-pr-64-17
22496592/.design-assets.txt
- Figma 链接: /var/folders/lt/w3sl6z8j5v50vt2s6knvf5n00000gn/T/review-pr-64-1722
496592/.figma-links.txt

**你的任务类型：代码审查任务（Code Review Agent）**
目标：对 PR 进行全面代码审查，产出审查报告。

Review PR #64, branch: feat/issue-5. After completing the review, you MUST write
the full markdown report to logs/review-report-64.md
TurnBegin(
    user_input='【任务上下文】\n- PR 编号: #64\n- 项目路径: /var/folders/lt/w3sl
6z8j5v50vt2s6knvf5n00000gn/T/review-pr-64-1722496592\n- 项目地图: ../../social-w
orld/AGENTS.md\n- 关联 PRD: ../../social-world/prd/v1-mvp.md,../../social-world/
prd/v1-matching.md,../../social-world/prd/v1-im.md\n- 文档目录: ../../social-wor
ld/docs\n\n【辅助审查文件】\n以下文件已在工作目录中生成，请在审查时按需读取（若
文件不存在或为空则跳过）：\n- 文档覆盖信息: /var/folders/lt/w3sl6z8j5v50vt2s6knv
f5n00000gn/T/review-pr-64-1722496592/.doc-coverage.txt\n- 设计资产列表: /var/fol
ders/lt/w3sl6z8j5v50vt2s6knvf5n00000gn/T/review-pr-64-1722496592/.design-assets.
txt\n- Figma 链接: /var/folders/lt/w3sl6z8j5v50vt2s6knvf5n00000gn/T/review-pr-64
-1722496592/.figma-links.txt\n\n**你的任务类型：代码审查任务（Code Review Agent
）**\n目标：对 PR 进行全面代码审查，产出审查报告。\n\nReview PR #64, branch: fea
t/issue-5. After completing the review, you MUST write the full markdown report 
to logs/review-report-64.md'
)
StepBegin(n=1)
StepInterrupted()
Unknown error: name 'logger' is not defined

To resume this session: kimi -r 26ed8de6-e638-4cc5-bf91-a84f6764e870
name 'logger' is not defined
See logs: /Users/insulate/.kimi/logs/kimi.log
Run with --debug for full traceback, or run kimi export to share diagnostics.

✅ Review 完成
