[2026-05-07 12:12:05] PR #64 Rework 启动
分支: feat/issue-5
【任务上下文】
- PR 编号: #64
- 项目路径: /var/folders/lt/w3sl6z8j5v50vt2s6knvf5n00000gn/T/rework-pr-64-237588
8894
- 项目地图: /Users/insulate/Desktop/social-world/AGENTS.md
- 关联 PRD: /Users/insulate/Desktop/social-world/prd/v1-ui-business-separation.m
d,/Users/insulate/Desktop/social-world/prd/v1-mvp.md,/Users/insulate/Desktop/soc
ial-world/prd/v1-matching.md
- 文档目录: /Users/insulate/Desktop/social-world/docs
- 上一轮 review report: /Users/insulate/Desktop/new-world/new-world-ops/logs/soc
ial-world/review-report-64-20260507-120631.md
  **这是后续审查，你必须先读取该文件，验证上一轮 Blocking/Major 问题是否已修复，
再执行轻量级全量检查。**

Issue #64: feat: resolve #5 - [IM] V1 Instant Messaging - 实时聊天、已读回执与会
话列表

**你的任务类型：返工修复任务（Rework Agent）**
目标：根据审查报告修复 PR 中的代码问题，修复后重新提交。

这是 PR #64 的返工任务。
分支: feat/issue-5

请严格按照以下步骤执行修复：
1. 先执行：git checkout feat/issue-5
2. 根据审查报告中的问题进行代码修改
3. 修改完成后按项目技术栈运行自测（不要只跑 go test）：
   - 若修改了 Flutter 代码（apps/mobile/ 或 packages/design-system/）：
     cd apps/mobile && flutter pub get
     cd apps/mobile && flutter analyze
     cd apps/mobile && flutter test
   - 若修改了 Node/NestJS 后端代码：
     cd apps/api && npm test
     cd apps/api && npm run build
   - 通用检查：
     make check-docs（文档检查）
4. 提交并推送：git add -A && git commit -m "fix: 修复 PR #64 review 问题" && git
push origin feat/issue-5
   注意：如果 git commit 触发 pre-commit hook 失败，必须阅读错误输出并修复后重新
commit。

审查报告：
【PR #64 历史 Review 报告汇总（共 5 次）】

--- 第 1 次 Review ---
## 审查结论

审查结论: NEEDS_MAJOR_FIX

## 阻塞问题（Blocking）

无。核心 IM 功能（消息收发、已读回执、会话列表）可用，未出现功能不可用、数据丢失
或安全漏洞级别的问题。

## 严重问题（Major）

### 1. BDD 离线推送测试断言了未与实际代码集成的 Mock，测试必然失败
- **位置**: `tests/bdd/step-definitions/im_real_time_message_delivery.steps.js:1
29-138`
- **问题**: Scenario "Offline user receives push notification" 中断言 `pushServi
ce.send.mock.calls.length > 0`，但：
  1. 实际 `ImService`/`ImGateway` 代码从未调用任何推送服务；
  2. `tests/bdd/step-definitions/bdd-setup.js:49-51` 声明了 `mockPushService`，
但 **从未将其注入 NestJS 测试模块的 `providers` 数组**，实际被测代码无法感知该 M
ock。
- **影响**: 若运行 `make test-bdd`，该 scenario 必然失败，CI 无法通过。
- **修复**: 
  1. 在 `apps/api/src/modules/push/push.service.ts` 创建推送服务骨架（MVP 仅打印
日志即可）；
  2. 在 `ImService.sendMessage` 中，当接收方离线时调用 `pushService.send(...)`；
  3. 在 `bdd-setup.js` 的 NestJS 测试模块 `providers` 中注入 `PushService`，并将
`mockPushService` 作为其 useValue。
- **依据**: PRD `prd/v1-im.md` US-IM-2 明确要求"离线推送：接收方不在线时，调用 P
ush Service 发送通知（MVP 骨架）"；`docs/exec-plans/templates/TEMPLATE-fullstack
-feature.md` 要求 `make test-bdd` 通过。

### 2. 模板交付前检查清单未完整执行：`make test` 与 `make lint` 未运行
- **位置**: PR #64 Body「自检清单」
- **问题**: 开发者明确标注：
  - `[ ] make test - ⚠️ 后端测试因环境缺失 ts-jest 无法运行`
  - `[ ] make lint - ⚠️ ESLint v9 与项目 .eslintrc.js 不兼容`
- **影响**: 无法确认后端单元测试、BDD 测试和静态代码检查是否通过，存在未暴露的回
归风险。
- **修复**: 在开发环境完成依赖安装（`npm install` / `pnpm install`）后，逐条运行
：
  ```bash
  make test
  make test-bdd
  make lint
  make check-contract-sync
  ```
修复所有报错后更新 PR 自检清单。
- **依据**: `docs/exec-plans/templates/TEMPLATE-fullstack-feature.md` 第 75-84 
行「交付前检查清单」明确将 `make test`、`make test-bdd`、`make lint`、`make chec
k-contract-sync` 列为强制项。

### 3. 系统消息创建后未通过 Socket.io 实时通知会话参与者
- **位置**: `apps/api/src/modules/im/im.service.ts:196-223`
- **问题**: `createSystemMessage`（由 `match:created` 事件触发）仅将系统消息写入
DB，既未向双方 Socket Room emit `message:receive`，也未 emit `conversation:updat
ed`。
- **影响**: 用户 A 与用户 B 匹配成功后，双方不会实时收到"你们已匹配成功，开始聊
天吧"的系统消息；只有主动进入聊天页调用 `GET /messages` 时才能看到。
- **修复**: 在 `createSystemMessage` 保存成功后，通过 `ImGateway` 或 NestJS `Eve
ntEmitter` 向该会话的双方 Room 广播 `message:receive` 事件，并附带 `conversation
:updated` 事件以刷新会话列表。
- **依据**: `docs/modules/im.md` 发送消息流程图显示系统消息后应有实时推送；PRD `
prd/v1-im.md` US-IM-1 要求"打开会话后看到系统提示"。

### 4. Widgetbook 未注册新 IM 组件用例，与执行计划要求不符
- **位置**: `packages/design-system/widgetbook/main.dart`
- **问题**: 该文件中未包含 `SwChatBubble`、`SwChatInputBar`、`SwConversationList
Item`、`SwChatMessageList` 的 `WidgetbookComponent` 注册。PR Body 声称"更新 widg
etbook/main.dart - 注册新组件用例"，但实际 diff 中无相关变更。
- **影响**: 新设计系统组件无法在 Widgetbook 中独立预览和验收，违反 Design-Only P
R 前置规范。
- **修复**: 在 `widgetbook/main.dart` 的 `Molecules` 目录下新增 `SwChatBubble`、
`SwChatInputBar`、`SwConversationListItem` 的 `WidgetbookComponent` 与 `Widgetbo
okUseCase`；在 `Organisms` 目录下新增 `SwChatMessageList` 的用例。
- **依据**: `docs/exec-plans/TASK-im.md` Step 0.2 明确要求"所有新组件必须在 `pac
kages/design-system/widgetbook/main.dart` 中注册展示用例"。

### 5. 文档与代码实现不一致：`conversation_participants.updated_at` 更新缺失
- **位置**: `docs/modules/im.md:77` vs `apps/api/src/modules/im/im.service.ts:11
9-122`
- **问题**: 模块文档明确规定"发送消息后必须更新 conversation_participants.update
d_at，确保新消息会话在列表中置顶"；但 `sendMessage` 的事务内仅执行了 `conversati
onRepo.update({ id: dto.conversation_id }, { updated_at: new Date() })`，即只更
新了 `conversations` 表，未更新 `conversation_participants` 表。
- **影响**: 文档作为规范与实现不一致，可能误导后续维护者。当前 `getConversations
` 通过 `c.updated_at` 排序已能实现置顶，但规范描述与代码路径不符。
- **修复**: 二选一：
  - 方案 A（改代码）：在 `sendMessage` 事务中同时更新 `conversation_participants
` 的 `updated_at`；
  - 方案 B（改文档）：将 `docs/modules/im.md` 边界情况 #7 的描述更新为"更新 `con
versations.updated_at`"，与代码保持一致。
- **依据**: `docs/modules/im.md` 边界情况 #7。

## 轻微问题（Minor）

1. **`apps/api/src/modules/im/im.service.ts:49` 类型绕过**
   - `where: { user_id: Not(userId) as unknown as string }` 使用 `as unknown as 
string` 绕过 TypeORM 类型检查，建议改用 TypeORM 提供的正确类型写法或添加注释说明
。

2. **`ImBloc` 注册为 `LazySingleton` 而非 Factory**
   - `apps/mobile/lib/core/di/di.dart:54` 将 `ImBloc` 注册为 `LazySingleton`。虽
然 IM 状态全局管理有其合理性，但 BLoC 通常应为 Factory 作用域，以避免状态在页面
间意外残留。

3. **OpenAPI 生成代码为死代码**
   - `apps/mobile/lib/models/generated/im/` 下的 Dart 生成模型未被实际业务代码使
用（`ImRepositoryImpl` 使用自定义 `Message`/`Conversation` 模型）。虽不影响功能
，但增加仓库体积和维护成本。

4. **`matching.module.ts` 实际变更与 PR 描述不符**
   - PR Body 称"更新 `matching.module.ts` - 引入 `ImModule`"，但实际 diff 仅将直
接 Redis 引用替换为 `RedisModule`，并未引入 `ImModule`。功能上 `EventEmitter` 全
局机制使 `match:created` 事件仍能工作，但描述不准确。

## 上一轮问题修复状态（仅后续审查）

不适用。本次为首次审查。

## 修复引入的新问题（仅后续审查）

不适用。

## 验证结果

| 维度 | 状态 | 说明 |
|------|------|------|
| 功能完整性 | ⚠️ | 核心 IM（发送/接收/已读/会话列表）已实现，但离线推送骨架缺失
、系统消息未实时广播、多设备自消息同步被 `sender_id != :userId` 过滤 |
| 代码规范性 | ✅ | 基本符合规范；原生 SQL 使用 `?` 占位符合规；Entity 已在 `ImM
odule` 注册；事务内提交后网关再发射 Socket 事件 |
| 全链路完整性 | ✅ | DB（Migration + Entity）→ API（Controller/Gateway/Service
）→ Mobile（Page/BLoC/Repository/Socket）链路已贯通 |
| 规范符合性 | ⚠️ | Widgetbook 未按执行计划注册新组件用例；`docs/modules/im.md` 
与代码实现存在不一致 |
| 模板检查清单执行 | ❌ | `make test`、`make lint` 未执行；`make test-bdd` 中的
推送 scenario 会失败 |
| 测试覆盖 | ⚠️ | 后端单元测试、Flutter BLoC 测试、Golden 测试均存在且覆盖核心路
径；BDD 步骤非空实现；但离线推送测试与代码脱节 |
| 文档同步 | ⚠️ | `docs/api/im.md`、`docs/api/socket-events.md`、`docs/api/INDEX.
md`、`docs/api-contracts/im.yaml` 已更新，但模块文档存在与代码不一致的描述 |

## 风险与建议

1. **Redis 故障导致数据不一致**: `ImService.sendMessage` 中 Redis `incr` 位于数
据库事务之外，且无独立的 try-catch。若 Redis 在事务提交后故障，`incr` 会抛出异常
，发送方收到 `message:error`，但消息已持久化且接收方下次加载时仍能看到该消息（只
是未读数未增加）。建议将 Redis 操作纳入错误降级逻辑，而非直接抛异常。

2. **消息同步过滤自身消息**: `ImService.getMessagesSince` 通过 `.andWhere("m.sen
der_id != :userId", { userId })` 过滤了用户自己发送的消息。若用户从另一设备发送
消息，当前设备重连后无法通过 `message:sync` 补拉到这些自消息。MVP 阶段可接受，但
建议在 `docs/modules/im.md` 中明确记录此限制。

3. **未读数无过期/上限策略**: Redis 中 `unread_count:{user_id}:{conversation_id}
` 只增不减（除已读时重置为 0），长期运行可能导致 Redis 中存在大量冷 key。建议后
续增加过期策略或定期清理。


--- 第 2 次 Review ---
## 审查结论

审查结论: NEEDS_MAJOR_FIX

## 阻塞问题（Blocking）

无。

## 严重问题（Major）

### 1. BDD 离线推送测试断言了未与实际代码集成的 Mock，测试必然失败
- **位置**: `tests/bdd/step-definitions/im_real_time_message_delivery.steps.js:1
29-138`
- **问题**: Scenario "Offline user receives push notification" 中断言 `pushServi
ce.send.mock.calls.length > 0`，但：
  1. 实际 `ImService`/`ImGateway` 代码从未调用任何推送服务；
  2. `tests/bdd/step-definitions/bdd-setup.js:257-273` 的 NestJS 测试模块 `provi
ders` 数组中 **未注册 `PushService`**，`mockPushService` 仅作为局部变量赋值，实
际被测代码无法感知该 Mock。
- **影响**: 若运行 `make test-bdd`，该 scenario 必然失败，CI 无法通过。
- **修复**: 
  1. 在 `apps/api/src/modules/push/push.service.ts` 创建推送服务骨架（MVP 仅打印
日志即可）；
  2. 在 `ImService.sendMessage` 中，当接收方离线时调用 `pushService.send(...)`；
  3. 在 `bdd-setup.js` 的 NestJS 测试模块 `providers` 中注入 `PushService`，并将
`mockPushService` 作为其 `useValue`。
- **依据**: PRD `prd/v1-im.md` US-IM-2 明确要求"离线推送：接收方不在线时，调用 P
ush Service 发送通知（MVP 骨架）"；`docs/exec-plans/templates/TEMPLATE-fullstack
-feature.md` 要求 `make test-bdd` 通过。
- **上一轮状态**: ❌ 未修复

### 2. 模板交付前检查清单未完整执行：`make test` 与 `make lint` 未运行
- **位置**: PR #64 Body「自检清单」
- **问题**: 开发者明确标注：
  - `[ ] make test - ⚠️ 后端测试因环境缺失 ts-jest 无法运行`
  - `[ ] make lint - ⚠️ ESLint v9 与项目 .eslintrc.js 不兼容`
- **影响**: 无法确认后端单元测试、BDD 测试和静态代码检查是否通过，存在未暴露的回
归风险。
- **修复**: 在开发环境完成依赖安装（`npm install` / `pnpm install`）后，逐条运行
：
  ```bash
  make test
  make test-bdd
  make lint
  make check-contract-sync
  ```
修复所有报错后更新 PR 自检清单。
- **依据**: `docs/exec-plans/templates/TEMPLATE-fullstack-feature.md` 第 75-84 
行「交付前检查清单」明确将 `make test`、`make test-bdd`、`make lint`、`make chec
k-contract-sync` 列为强制项。
- **上一轮状态**: ❌ 未修复

### 3. 系统消息创建后未通过 Socket.io 实时通知会话参与者
- **位置**: `apps/api/src/modules/im/im.service.ts:196-223`
- **问题**: `createSystemMessage`（由 `match:created` 事件触发）仅将系统消息写入
DB，既未向双方 Socket Room emit `message:receive`，也未 emit `conversation:updat
ed`。
- **影响**: 用户 A 与用户 B 匹配成功后，双方不会实时收到"你们已匹配成功，开始聊
天吧"的系统消息；只有主动进入聊天页调用 `GET /messages` 时才能看到。
- **修复**: 在 `createSystemMessage` 保存成功后，通过 `ImGateway` 或 NestJS `Eve
ntEmitter` 向该会话的双方 Room 广播 `message:receive` 事件，并附带 `conversation
:updated` 事件以刷新会话列表。
- **依据**: `docs/modules/im.md` 发送消息流程图显示系统消息后应有实时推送；PRD `
prd/v1-im.md` US-IM-1 要求"打开会话后看到系统提示"。
- **上一轮状态**: ❌ 未修复

### 4. Widgetbook 未注册新 IM 组件用例，与执行计划要求不符
- **位置**: `packages/design-system/widgetbook/main.dart`
- **问题**: 该文件中未包含 `SwChatBubble`、`SwChatInputBar`、`SwConversationList
Item`、`SwChatMessageList` 的 `WidgetbookComponent` 注册。PR Body 声称"更新 widg
etbook/main.dart - 注册新组件用例"，但实际 diff 中无相关变更。
- **影响**: 新设计系统组件无法在 Widgetbook 中独立预览和验收，违反 Design-Only P
R 前置规范。
- **修复**: 在 `widgetbook/main.dart` 的 `Molecules` 目录下新增 `SwChatBubble`、
`SwChatInputBar`、`SwConversationListItem` 的 `WidgetbookComponent` 与 `Widgetbo
okUseCase`；在 `Organisms` 目录下新增 `SwChatMessageList` 的用例。
- **依据**: `docs/exec-plans/TASK-im.md` Step 0.2 明确要求"所有新组件必须在 `pac
kages/design-system/widgetbook/main.dart` 中注册展示用例"。
- **上一轮状态**: ❌ 未修复

### 5. 文档与代码实现不一致：`conversation_participants.updated_at` 更新缺失
- **位置**: `docs/modules/im.md:77` vs `apps/api/src/modules/im/im.service.ts:11
9-122`
- **问题**: 模块文档明确规定"发送消息后必须更新 conversation_participants.update
d_at，确保新消息会话在列表中置顶"；但 `sendMessage` 的事务内仅执行了 `conversati
onRepo.update({ id: dto.conversation_id }, { updated_at: new Date() })`，即只更
新了 `conversations` 表，未更新 `conversation_participants` 表。
- **影响**: 文档作为规范与实现不一致，可能误导后续维护者。当前 `getConversations
` 通过 `c.updated_at` 排序已能实现置顶，但规范描述与代码路径不符。
- **修复**: 二选一：
  - 方案 A（改代码）：在 `sendMessage` 事务中同时更新 `conversation_participants
` 的 `updated_at`；
  - 方案 B（改文档）：将 `docs/modules/im.md` 边界情况 #7 的描述更新为"更新 `con
versations.updated_at`"，与代码保持一致。
- **依据**: `docs/modules/im.md` 边界情况 #7。
- **上一轮状态**: ❌ 未修复

## 轻微问题（Minor）

1. **`apps/api/src/modules/im/im.service.ts:49` 类型绕过**
   - `where: { user_id: Not(userId) as unknown as string }` 使用 `as unknown as 
string` 绕过 TypeORM 类型检查，建议改用 TypeORM 提供的正确类型写法或添加注释说明
。

2. **`ImBloc` 注册为 `LazySingleton` 而非 Factory**
   - `apps/mobile/lib/core/di/di.dart:54` 将 `ImBloc` 注册为 `LazySingleton`。虽
然 IM 状态全局管理有其合理性，但 BLoC 通常应为 Factory 作用域，以避免状态在页面
间意外残留。

3. **`ImSocketClient.connect()` 未释放旧 Socket**
   - `apps/mobile/lib/core/network/im_socket_client.dart:37-49` 每次调用 `connec
t()` 都会创建新的 `io.Socket`，但未先 `disconnect()` 或销毁旧的 `_socket`，可能
导致旧连接的事件监听器泄漏。

4. **`ImBloc._onSendMessage` 离线发送时丢失分页状态**
   - `apps/mobile/lib/presentation/blocs/im/im_bloc.dart:284-298` 当 Socket 未连
接时，从 `MessageSending` 状态回退到 `MessagesLoaded` 时，`hasMore` 和 `nextCurs
or` 会从 `null` 重置，导致已加载的分页状态丢失。

## 上一轮问题修复状态

| # | 问题标题 | 上一轮级别 | 修复状态 | 说明 |
|---|---------|-----------|---------|------|
| 1 | BDD 离线推送测试断言了未与实际代码集成的 Mock | Major | ❌ 未修复 | `bdd-s
etup.js` 虽新增 `mockPushService` 但未在 providers 中注册；`ImService` 仍不调用
任何推送服务 |
| 2 | 模板交付前检查清单未完整执行 | Major | ❌ 未修复 | PR Body 自检清单仍标记 
`[ ] make test` 和 `[ ] make lint` |
| 3 | 系统消息创建后未通过 Socket.io 实时通知 | Major | ❌ 未修复 | `createSyste
mMessage` 仍仅写入 DB，无 Socket 广播 |
| 4 | Widgetbook 未注册新 IM 组件用例 | Major | ❌ 未修复 | `widgetbook/main.dar
t` 仍无 IM 组件注册 |
| 5 | 文档与代码实现不一致 | Major | ❌ 未修复 | `sendMessage` 仍只更新 `convers
ations` 表，文档未同步修改 |

## 修复引入的新问题

无（本轮 diff 中未见对上一轮问题的修复尝试）。

## 验证结果

| 维度 | 状态 | 说明 |
|------|------|------|
| 功能完整性 | ⚠️ | 核心 IM（发送/接收/已读/会话列表）已实现，但离线推送骨架缺失
、系统消息未实时广播、多设备自消息同步被 `sender_id != :userId` 过滤 |
| 代码规范性 | ✅ | 基本符合规范；原生 SQL 使用 `?` 占位符合规；Entity 已在 `ImM
odule` 注册；事务内提交后网关再发射 Socket 事件 |
| 全链路完整性 | ✅ | DB（Migration + Entity）→ API（Controller/Gateway/Service
）→ Mobile（Page/BLoC/Repository/Socket）链路已贯通；`data-source.ts` 通过 glob 
覆盖新 Entity |
| 规范符合性 | ⚠️ | Widgetbook 未按执行计划注册新组件用例；`docs/modules/im.md` 
与代码实现存在不一致 |
| 模板检查清单执行 | ❌ | `make test`、`make lint` 未执行；`make test-bdd` 中的
推送 scenario 会失败 |
| 测试覆盖 | ⚠️ | 后端单元测试、Flutter BLoC 测试、Golden 测试均存在且覆盖核心路
径；BDD 步骤非空实现；但离线推送测试与代码脱节 |
| 文档同步 | ⚠️ | `docs/api/im.md`、`docs/api/socket-events.md`、`docs/api/INDEX.
md`、`docs/api-contracts/im.yaml` 已更新，但模块文档存在与代码不一致的描述 |

## 自检结果

- State 不可变性：✅ 通过（`Message.copyWith` 正确使用 `?? this.field` 回退）
- 生命周期：✅ 通过（`ImBloc.close()` 正确断开 Socket；`ImSocketClient.disconnec
t()` 置空 `_socket`）
- 边界路径：⚠️ 未充分验证（`ImBloc._onSendMessage` 离线场景会丢失 `hasMore`/`next
Cursor`；`getMessagesSince` 过滤自身消息导致多设备同步受限）
- 回归：✅ 通过（未发现影响未修改文件预期行为的变更）
- 测试真实性：✅ 通过（BLoC 测试 assert 了具体状态转换值，非空实现）

## 风险与建议

1. **本 PR 涉及状态管理与 Socket 生命周期变更，建议合并前人工确认边界场景**：特
别是 `ImBloc` 在页面重建时作为 `LazySingleton` 可能导致旧状态残留；以及 `ImSocke
tClient` 重复 `connect()` 的 Socket 泄漏风险。

2. **Redis 故障导致数据不一致**: `ImService.sendMessage` 中 Redis `incr` 位于数
据库事务之外，且无独立的 try-catch。若 Redis 在事务提交后故障，`incr` 会抛出异常
，发送方收到 `message:error`，但消息已持久化且接收方下次加载时仍能看到该消息（只
是未读数未增加）。建议将 Redis 操作纳入错误降级逻辑，而非直接抛异常。

3. **消息同步过滤自身消息**: `ImService.getMessagesSince` 通过 `.andWhere("m.sen
der_id != :userId", { userId })` 过滤了用户自己发送的消息。若用户从另一设备发送
消息，当前设备重连后无法通过 `message:sync` 补拉到这些自消息。MVP 阶段可接受，但
建议在 `docs/modules/im.md` 中明确记录此限制。

4. **未读数无过期/上限策略**: Redis 中 `unread_count:{user_id}:{conversation_id}
` 只增不减（除已读时重置为 0），长期运行可能导致 Redis 中存在大量冷 key。建议后
续增加过期策略或定期清理。


--- 第 3 次 Review ---
## 审查结论

审查结论: NEEDS_MAJOR_FIX

## 阻塞问题（Blocking）

无。

## 严重问题（Major）

### 1. 模板交付前检查清单未完整执行：`make test` 与 `make lint` 未运行
- **位置**: PR #64 Body「自检清单」
- **问题**: 开发者自检清单中以下两项仍标记为未执行：
  - `[ ] make test - ⚠️ 后端测试因环境缺失 ts-jest 无法运行`
  - `[ ] make lint - ⚠️ ESLint v9 与项目 .eslintrc.js 不兼容`
- **影响**: 无法确认后端单元测试、BDD 测试和静态代码检查是否全部通过，存在未暴露
的回归风险。
- **修复**: 在开发环境完成依赖安装后，逐条运行并确认通过：
  ```bash
  make test
  make test-bdd
  make lint
  make check-contract-sync
  ```
修复所有报错后更新 PR 自检清单为 ``。
- **依据**: `docs/exec-plans/templates/TEMPLATE-fullstack-feature.md`「交付前检
查清单」明确将 `make test`、`make test-bdd`、`make lint`、`make check-contract-s
ync` 列为强制项。
- **上一轮状态**: ❌ 未修复

## 轻微问题（Minor）

1. **`ImBloc` 断连/离线时丢失分页状态**
   - **位置**: `apps/mobile/lib/presentation/blocs/im/im_bloc.dart:155-167`, `21
0-222`, `290-298`
   - **问题**: 当状态为 `MessageSending` 时，若触发 `_onImDisconnectRequested`、
`_onSocketDisconnected` 或 `_onSendMessage`（离线），回退到 `MessagesLoaded` 时 
`hasMore` 被硬编码为 `false`，`nextCursor` 被置空，导致已加载的历史分页状态丢失
。
   - **建议**: 在 `MessageSending` 状态中额外缓存 `hasMore` 和 `nextCursor`，或
在降级时尝试从最近一次 `MessagesLoaded` 快照恢复分页字段。

2. **`apps/api/src/modules/im/im.service.ts:52` 类型绕过**
   - `where: { user_id: Not(userId) as unknown as string }` 使用 `as unknown as 
string` 绕过 TypeORM 类型检查，建议改用 TypeORM 提供的正确类型写法或添加注释说明
。

3. **`ImBloc` 注册为 `LazySingleton` 而非 Factory**
   - `apps/mobile/lib/core/di/di.dart` 将 `ImBloc` 注册为 `LazySingleton`。虽然 
IM 状态全局管理有其合理性，但 BLoC 通常应为 Factory 作用域，以避免状态在页面间意
外残留。

4. **`ImSocketClient.connect()` 未释放旧 Socket**
   - `apps/mobile/lib/core/network/im_socket_client.dart:37-49` 每次调用 `connec
t()` 都会创建新的 `io.Socket`，但未先 `disconnect()` 或销毁旧的 `_socket`，可能
导致旧连接的事件监听器泄漏。当前由 `ImBloc` 在外部调用 `disconnect()` 兜底，但客
户端本身应增加防御性清理。

## 上一轮问题修复状态

| # | 问题标题 | 上一轮级别 | 修复状态 | 说明 |
|---|---------|-----------|---------|------|
| 1 | BDD 离线推送测试断言了未与实际代码集成的 Mock | Major | ✅ 已修复 | `push.
service.ts` 已创建骨架实现；`im.service.ts` 在 `sendMessage` 中调用 `this.pushSe
rvice.send(...)`；`bdd-setup.js` 已在 NestJS 测试模块 `providers` 中注入 `PushSe
rvice` 并将 `mockPushService` 作为 `useValue`；`getServer()` 返回 `pushService` 
|
| 2 | 模板交付前检查清单未完整执行 | Major | ❌ 未修复 | PR Body 自检清单仍标记 
`[ ] make test` 和 `[ ] make lint` |
| 3 | 系统消息创建后未通过 Socket.io 实时通知 | Major | ✅ 已修复 | `im.service.
ts:242` 在 `createSystemMessage` 保存成功后通过 `eventEmitter.emit("system_messa
ge:created", ...)` 发射事件；`im.gateway.ts:214-229` 通过 `@OnEvent("system_mess
age:created")` 监听并向双方 Room 广播 `message:receive` 与 `conversation:updated
` |
| 4 | Widgetbook 未注册新 IM 组件用例 | Major | ✅ 已修复 | `packages/design-sys
tem/widgetbook/main.dart` 与 `packages/design-system/lib/widgetbook/main.dart` 
均已注册 `SwChatBubble`、`SwChatInputBar`、`SwConversationListItem`（Molecules）
以及 `SwChatMessageList`（Organisms）的 `WidgetbookComponent` 与 `WidgetbookUseC
ase` |
| 5 | 文档与代码实现不一致 | Major | ✅ 已修复 | `docs/modules/im.md:77` 已将描
述更新为「发送消息后必须更新 `conversations.updated_at`」，与 `im.service.ts:121
-125` 的代码实现一致 |

## 修复引入的新问题

无。

## 验证结果

| 维度 | 状态 | 说明 |
|------|------|------|
| 功能完整性 | ✅ | 核心 IM（发送/接收/已读/会话列表）已实现；离线推送骨架（`Pus
hService` + BDD Mock 集成）已完成；系统消息实时广播链路（`eventEmitter` + `ImGat
eway`）已贯通 |
| 代码规范性 | ✅ | 命名符合项目规范；无硬编码魔法值；Entity 已在 `ImModule` 的 
`TypeOrmModule.forFeature()` 中注册；`data-source.ts` 通过 glob 覆盖新 Entity；
事务内提交后网关再发射 Socket 事件 |
| 全链路完整性 | ✅ | DB（Migration + Entity）→ API（Controller/Gateway/Service/
PushModule）→ Mobile（Page/BLoC/Repository/Socket）链路已贯通；`shared-types` 与
`mobile` 生成模型已同步 |
| 规范符合性 | ✅ | Widgetbook 已按执行计划注册新组件用例；`docs/modules/im.md` 
与代码实现已一致 |
| 模板检查清单执行 | ❌ | `make test`、`make lint` 未执行；PR Body 自检清单仍有
两项未勾选 |
| 测试覆盖 | ✅ | 后端单元测试（`im.service.spec.ts`）、Flutter BLoC 测试（`im_b
loc_test.dart`）、Golden 测试、BDD 步骤均非空实现且 assert 了具体状态转换值；BDD
推送 scenario 已与实际代码集成 |
| 文档同步 | ✅ | `docs/api/im.md`、`docs/api/socket-events.md`、`docs/api/INDEX
.md`、`docs/api-contracts/im.yaml`、`docs/modules/im.md` 均已更新 |

## 自检结果

- State 不可变性：✅ 通过（`ImBloc` 所有状态迁移均显式传递前序状态字段，未传入字
段使用构造函数默认值；`Message.copyWith` 正确使用 `?? this.field` 回退）
- 生命周期：✅ 通过（`ImBloc.close()` 正确断开 Socket；`ImSocketClient.disconnec
t()` 置空 `_socket`；`ImBloc._onImConnectRequested` 先 `disconnect()` 旧客户端再
创建新实例）
- 边界路径：✅ 通过（`ImService.sendMessage` 处理重复 `client_message_id`、非成
员、超长内容；`ImService.getMessagesSince` 空 `conversationId` 返回 `[]`；`ImBlo
c._onLoadMessages` 防止并发分页请求；`ImGateway.handleConnection` 无 token 时断
开连接）
- 回归：✅ 通过（未发现影响未修改文件预期行为的变更；`MatchingService` 新增 `mat
ch:created` 事件发射属于新功能路径）
- 测试真实性：✅ 通过（BLoC 测试 assert 了具体状态转换值如 `messages.length`、`s
tatus`、`sequenceId`；后端单元测试 assert 了返回值、Redis 调用参数、Repository 
调用参数；BDD 步骤非空实现）

## 风险与建议

1. **本 PR 涉及状态管理与 Socket 生命周期变更，建议合并前人工确认边界场景**：特
别是 `ImBloc` 在页面重建时作为 `LazySingleton` 可能导致旧状态残留；以及 `Message
Sending` 状态降级为 `MessagesLoaded` 时分页字段丢失的问题。

2. **Redis 故障导致数据不一致**: `ImService.sendMessage` 中 Redis `incr` 位于数
据库事务之外，且无独立的 try-catch。若 Redis 在事务提交后故障，`incr` 会抛出异常
，发送方收到 `message:error`，但消息已持久化且接收方下次加载时仍能看到该消息（只
是未读数未增加）。建议将 Redis 操作纳入错误降级逻辑，而非直接抛异常。

3. **消息同步过滤自身消息**: `ImService.getMessagesSince` 通过 `.andWhere("m.sen
der_id != :userId", { userId })` 过滤了用户自己发送的消息。若用户从另一设备发送
消息，当前设备重连后无法通过 `message:sync` 补拉到这些自消息。MVP 阶段可接受，但
建议在 `docs/modules/im.md` 中明确记录此限制。

4. **未读数无过期/上限策略**: Redis 中 `unread_count:{user_id}:{conversation_id}
` 只增不减（除已读时重置为 0），长期运行可能导致 Redis 中存在大量冷 key。建议后
续增加过期策略或定期清理。


--- 第 4 次 Review ---
## 审查结论

审查结论: PASS

## 阻塞问题（Blocking）

无。

## 严重问题（Major）

无。

## 轻微问题（Minor）

### 1. PR Body 自检清单未同步更新
- **位置**: PR #64 Body「自检清单」
- **问题**: 开发者已在最新提交（`420482c`）中修复 `ts-jest` 依赖版本并验证命令通
过，但 PR Body 中的自检清单仍显示 `[ ] make test` 与 `[ ] make lint` 未勾选。
- **影响**: 审查者无法第一时间从 PR Body 确认检查项实际执行状态，增加沟通成本。
- **修复**: 将 PR Body 中以下两项更新为 ``：
  - ` make test`
  - ` make lint`
  - ` make check-contract-sync`
- **依据**: `docs/exec-plans/templates/TEMPLATE-fullstack-feature.md`「交付前检
查清单」要求 developer 在 PR 中明确标记执行结果。

## 上一轮问题修复状态

| # | 问题标题 | 上一轮级别 | 修复状态 | 说明 |
|---|---------|-----------|---------|------|
| 1 | BDD 离线推送测试断言了未与实际代码集成的 Mock | Major | ✅ 已修复 | 已在上
一轮修复并验证 |
| 2 | 模板交付前检查清单未完整执行：`make test` 与 `make lint` 未运行 | Major | 
✅ 已修复 | `ts-jest` 已从 `^29.2.0` 升级至 `^29.4.9`（`apps/api/package.json`、
`apps/api/package-lock.json`、`pnpm-lock.yaml`）；开发者提交 `420482c` 明确说明
「安装依赖并验证 make test/make lint/make check-contract-sync 全部通过」。PR Bod
y 清单未更新为 ``，归入本轮 Minor |
| 3 | 系统消息创建后未通过 Socket.io 实时通知 | Major | ✅ 已修复 | 已在上一轮修
复并验证 |
| 4 | Widgetbook 未注册新 IM 组件用例 | Major | ✅ 已修复 | 已在上一轮修复并验证
|
| 5 | 文档与代码实现不一致 | Major | ✅ 已修复 | 已在上一轮修复并验证 |

### 上一轮 Minor 问题修复状态

| # | 问题标题 | 修复状态 | 说明 |
|---|---------|---------|------|
| 1 | `ImBloc` 断连/离线时丢失分页状态 | ✅ 已修复 | `MessageSending` 状态新增 `
hasMore`、`nextCursor`、`lastReadMessageId`、`lastReadSequenceId` 字段；`_onImDi
sconnectRequested`、`_onSocketDisconnected`、`_onReceiveMessage`、`_onMessageAck
Received`、`_onMessageDelivered` 均优先从 `MessageSending` 状态恢复分页字段（`41
f7f1c`） |
| 2 | `im.service.ts:52` 类型绕过 `as unknown as string` | ✅ 已修复 | 已移除 `a
s unknown as string`，改为 `where: { user_id: Not(userId) }` |
| 3 | `ImBloc` 注册为 `LazySingleton` 而非 Factory | ✅ 已修复 | `apps/mobile/li
b/core/di/di.dart:54` 已改为 `registerFactory<ImBloc>` |
| 4 | `ImSocketClient.connect()` 未释放旧 Socket | ✅ 已修复 | `im_socket_client
.dart:37` 开头已增加 `disconnect()` 调用，防止旧连接泄漏 |

## 修复引入的新问题

无。

## 验证结果

| 维度 | 状态 | 说明 |
|------|------|------|
| 功能完整性 | ✅ | 核心 IM（发送/接收/已读/会话列表）已实现；离线推送骨架已完成
；系统消息实时广播链路已贯通 |
| 代码规范性 | ✅ | 命名符合项目规范；无硬编码魔法值；`as unknown as string` 已
移除；Entity 已在 `ImModule` 注册；`data-source.ts` 通过 glob 覆盖新 Entity |
| 全链路完整性 | ✅ | DB（Migration + Entity）→ API（Controller/Gateway/Service/
PushModule）→ Mobile（Page/BLoC/Repository/Socket）链路已贯通；`shared-types` 与
`mobile` 生成模型已同步 |
| 规范符合性 | ✅ | Widgetbook 已按执行计划注册新组件用例；`docs/modules/im.md` 
与代码实现已一致；`make arch-check` 已通过 |
| 模板检查清单执行 | ✅ | 开发者已通过提交 `420482c` 修复 `ts-jest` 依赖并验证 `
make test`/`make lint`/`make check-contract-sync` 通过；PR Body 未更新 `` 标记（
Minor） |
| 测试覆盖 | ✅ | 后端单元测试（`im.service.spec.ts`）、Flutter BLoC 测试（`im_b
loc_test.dart`）、Golden 测试、BDD 步骤均非空实现且 assert 了具体状态转换值 |
| 文档同步 | ✅ | `docs/api/im.md`、`docs/api/socket-events.md`、`docs/api/INDEX
.md`、`docs/api-contracts/im.yaml`、`docs/modules/im.md` 均已更新 |

## 自检结果

- **State 不可变性**: ✅ 通过（`Message.copyWith` 正确使用 `?? this.field` 回退
；`MessagesLoaded` / `MessageSending` / `MessageSent` 状态迁移均显式传递字段）
- **生命周期**: ✅ 通过（`ImBloc.close()` 正确调用 `_socketClient?.disconnect()`
；`ImSocketClient.disconnect()` 置空 `_socket`）
- **边界路径**: ✅ 通过（`MessageSending` 断连/离线时分页字段 `hasMore`/`nextCur
sor` 已正确保留；`ImSocketClient.connect()` 先 `disconnect()` 再创建新实例；`sen
dMessage` 拒绝 `type === "system"` 的用户请求）
- **回归**: ✅ 通过（`ImBloc` 改为 `Factory` 后，`app.dart` 中 `BlocProvider(cre
ate: (_) => getIt<ImBloc>())` 仍保证单实例生命周期；未发现影响未修改文件的预期行
为）
- **测试真实性**: ✅ 通过（BLoC 测试 assert 了具体状态转换值如 `messages.length`
、`hasMore`、`isLoadingMore`；后端单元测试 assert 了返回值与 Repository 调用参数
）

## 风险与建议

1. **本 PR 涉及状态管理与 Socket 生命周期变更，建议合并前人工确认边界场景**：特
别是 `ImBloc` 在页面重建时作为 `Factory` 由 `BlocProvider` 托管，需确认 `app.dar
t` 中 `BlocProvider` 的重建频率不会导致 Socket 反复重连。

2. **PR Body 清单 hygiene**：建议开发者在合并前将 PR Body 中 `make test`、`make 
lint`、`make check-contract-sync` 标记为 ``，以保持交付可追溯性。


--- 第 5 次 Review ---
## 🤖 Agent Code Review Report
TurnBegin(
    user_input='【任务上下文】\n- PR 编号: #64\n- 项目路径: /var/folders/lt/w3sl
6z8j5v50vt2s6knvf5n00000gn/T/rework-pr-64-2375888894\n- 项目地图: /Users/insulat
e/Desktop/social-world/AGENTS.md\n- 关联 PRD: /Users/insulate/Desktop/social-wor
ld/prd/v1-ui-business-separation.md,/Users/insulate/Desktop/social-world/prd/v1-
mvp.md,/Users/insulate/Desktop/social-world/prd/v1-matching.md\n- 文档目录: /Use
rs/insulate/Desktop/social-world/docs\n- 上一轮 review report: /Users/insulate/D
esktop/new-world/new-world-ops/logs/social-world/review-report-64-20260507-12063
1.md\n  **这是后续审查，你必须先读取该文件，验证上一轮 Blocking/Major 问题是否已
修复，再执行轻量级全量检查。**\n\nIssue #64: feat: resolve #5 - [IM] V1 Instant 
Messaging - 实时聊天、已读回执与会话列表\n\n**你的任务类型：返工修复任务（Rework
Agent）**\n目标：根据审查报告修复 PR 中的代码问题，修复后重新提交。\n\n这是 PR #
64 的返工任务。\n分支: feat/issue-5\n\n请严格按照以下步骤执行修复：\n1. 先执行：
git checkout feat/issue-5\n2. 根据审查报告中的问题进行代码修改\n3. 修改完成后按
项目技术栈运行自测（不要只跑 go test）：\n   - 若修改了 Flutter 代码（apps/mobil
e/ 或 packages/design-system/）：\n     cd apps/mobile && flutter pub get\n     
cd apps/mobile && flutter analyze\n     cd apps/mobile && flutter test\n   - 若
修改了 Node/NestJS 后端代码：\n     cd apps/api && npm test\n     cd apps/api &&
npm run build\n   - 通用检查：\n     make check-docs（文档检查）\n4. 提交并推送
：git add -A && git commit -m "fix: 修复 PR #64 review 问题" && git push origin 
feat/issue-5\n   注意：如果 git commit 触发 pre-commit hook 失败，必须阅读错误输
出并修复后重新 commit。\n\n审查报告：\n【PR #64 历史 Review 报告汇总（共 5 次）
】\n\n--- 第 1 次 Review ---\n## 审查结论\n\n审查结论: NEEDS_MAJOR_FIX\n\n## 阻
塞问题（Blocking）\n\n无。核心 IM 功能（消息收发、已读回执、会话列表）可用，未出
现功能不可用、数据丢失或安全漏洞级别的问题。\n\n## 严重问题（Major）\n\n### 1. B
DD 离线推送测试断言了未与实际代码集成的 Mock，测试必然失败\n- **位置**: `tests/b
dd/step-definitions/im_real_time_message_delivery.steps.js:129-138`\n- **问题**:
Scenario "Offline user receives push notification" 中断言 `pushService.send.mock
.calls.length > 0`，但：\n  1. 实际 `ImService`/`ImGateway` 代码从未调用任何推送
服务；\n  2. `tests/bdd/step-definitions/bdd-setup.js:49-51` 声明了 `mockPushSer
vice`，但 **从未将其注入 NestJS 测试模块的 `providers` 数组**，实际被测代码无法
感知该 Mock。\n- **影响**: 若运行 `make test-bdd`，该 scenario 必然失败，CI 无法
通过。\n- **修复**: \n  1. 在 `apps/api/src/modules/push/push.service.ts` 创建推
送服务骨架（MVP 仅打印日志即可）；\n  2. 在 `ImService.sendMessage` 中，当接收方
离线时调用 `pushService.send(...)`；\n  3. 在 `bdd-setup.js` 的 NestJS 测试模块 
`providers` 中注入 `PushService`，并将 `mockPushService` 作为其 useValue。\n- **
依据**: PRD `prd/v1-im.md` US-IM-2 明确要求"离线推送：接收方不在线时，调用 Push 
Service 发送通知（MVP 骨架）"；`docs/exec-plans/templates/TEMPLATE-fullstack-fea
ture.md` 要求 `make test-bdd` 通过。\n\n### 2. 模板交付前检查清单未完整执行：`ma
ke test` 与 `make lint` 未运行\n- **位置**: PR #64 Body「自检清单」\n- **问题**:
开发者明确标注：\n  - `[ ] make test - ⚠️ 后端测试因环境缺失 ts-jest 无法运行`\n 
- `[ ] make lint - ⚠️ ESLint v9 与项目 .eslintrc.js 不兼容`\n- **影响**: 无法确认
后端单元测试、BDD 测试和静态代码检查是否通过，存在未暴露的回归风险。\n- **修复**
: 在开发环境完成依赖安装（`npm install` / `pnpm install`）后，逐条运行：\n  ```b
ash\n  make test\n  make test-bdd\n  make lint\n  make check-contract-sync\n  ``
`\n修复所有报错后更新 PR 自检清单。\n- **依据**: `docs/exec-plans/templates/TEMP
LATE-fullstack-feature.md` 第 75-84 行「交付前检查清单」明确将 `make test`、`mak
e test-bdd`、`make lint`、`make check-contract-sync` 列为强制项。\n\n### 3. 系统
消息创建后未通过 Socket.io 实时通知会话参与者\n- **位置**: `apps/api/src/modules
/im/im.service.ts:196-223`\n- **问题**: `createSystemMessage`（由 `match:created
` 事件触发）仅将系统消息写入 DB，既未向双方 Socket Room emit `message:receive`，
也未 emit `conversation:updated`。\n- **影响**: 用户 A 与用户 B 匹配成功后，双方
不会实时收到"你们已匹配成功，开始聊天吧"的系统消息；只有主动进入聊天页调用 `GET 
/messages` 时才能看到。\n- **修复**: 在 `createSystemMessage` 保存成功后，通过 `
ImGateway` 或 NestJS `EventEmitter` 向该会话的双方 Room 广播 `message:receive` 
事件，并附带 `conversation:updated` 事件以刷新会话列表。\n- **依据**: `docs/modu
les/im.md` 发送消息流程图显示系统消息后应有实时推送；PRD `prd/v1-im.md` US-IM-1 
要求"打开会话后看到系统提示"。\n\n### 4. Widgetbook 未注册新 IM 组件用例，与执行
计划要求不符\n- **位置**: `packages/design-system/widgetbook/main.dart`\n- **问
题**: 该文件中未包含 `SwChatBubble`、`SwChatInputBar`、`SwConversationListItem`
、`SwChatMessageList` 的 `WidgetbookComponent` 注册。PR Body 声称"更新 widgetboo
k/main.dart - 注册新组件用例"，但实际 diff 中无相关变更。\n- **影响**: 新设计系
统组件无法在 Widgetbook 中独立预览和验收，违反 Design-Only PR 前置规范。\n- **修
复**: 在 `widgetbook/main.dart` 的 `Molecules` 目录下新增 `SwChatBubble`、`SwCha
tInputBar`、`SwConversationListItem` 的 `WidgetbookComponent` 与 `WidgetbookUseC
ase`；在 `Organisms` 目录下新增 `SwChatMessageList` 的用例。\n- **依据**: `docs/
exec-plans/TASK-im.md` Step 0.2 明确要求"所有新组件必须在 `packages/design-syste
m/widgetbook/main.dart` 中注册展示用例"。\n\n### 5. 文档与代码实现不一致：`conve
rsation_participants.updated_at` 更新缺失\n- **位置**: `docs/modules/im.md:77` v
s `apps/api/src/modules/im/im.service.ts:119-122`\n- **问题**: 模块文档明确规定"
发送消息后必须更新 conversation_participants.updated_at，确保新消息会话在列表中
置顶"；但 `sendMessage` 的事务内仅执行了 `conversationRepo.update({ id: dto.conv
ersation_id }, { updated_at: new Date() })`，即只更新了 `conversations` 表，未更
新 `conversation_participants` 表。\n- **影响**: 文档作为规范与实现不一致，可能
误导后续维护者。当前 `getConversations` 通过 `c.updated_at` 排序已能实现置顶，但
规范描述与代码路径不符。\n- **修复**: 二选一：\n  - 方案 A（改代码）：在 `sendMe
ssage` 事务中同时更新 `conversation_participants` 的 `updated_at`；\n  - 方案 B
（改文档）：将 `docs/modules/im.md` 边界情况 #7 的描述更新为"更新 `conversations
.updated_at`"，与代码保持一致。\n- **依据**: `docs/modules/im.md` 边界情况 #7。\
n\n## 轻微问题（Minor）\n\n1. **`apps/api/src/modules/im/im.service.ts:49` 类型
绕过**\n   - `where: { user_id: Not(userId) as unknown as string }` 使用 `as unk
nown as string` 绕过 TypeORM 类型检查，建议改用 TypeORM 提供的正确类型写法或添加
注释说明。\n\n2. **`ImBloc` 注册为 `LazySingleton` 而非 Factory**\n   - `apps/mo
bile/lib/core/di/di.dart:54` 将 `ImBloc` 注册为 `LazySingleton`。虽然 IM 状态全
局管理有其合理性，但 BLoC 通常应为 Factory 作用域，以避免状态在页面间意外残留。\
n\n3. **OpenAPI 生成代码为死代码**\n   - `apps/mobile/lib/models/generated/im/` 
下的 Dart 生成模型未被实际业务代码使用（`ImRepositoryImpl` 使用自定义 `Message`/
`Conversation` 模型）。虽不影响功能，但增加仓库体积和维护成本。\n\n4. **`matchin
g.module.ts` 实际变更与 PR 描述不符**\n   - PR Body 称"更新 `matching.module.ts`
- 引入 `ImModule`"，但实际 diff 仅将直接 Redis 引用替换为 `RedisModule`，并未引
入 `ImModule`。功能上 `EventEmitter` 全局机制使 `match:created` 事件仍能工作，但
描述不准确。\n\n## 上一轮问题修复状态（仅后续审查）\n\n不适用。本次为首次审查。\
n\n## 修复引入的新问题（仅后续审查）\n\n不适用。\n\n## 验证结果\n\n| 维度 | 状态
| 说明 |\n|------|------|------|\n| 功能完整性 | ⚠️ | 核心 IM（发送/接收/已读/会
话列表）已实现，但离线推送骨架缺失、系统消息未实时广播、多设备自消息同步被 `send
er_id != :userId` 过滤 |\n| 代码规范性 | ✅ | 基本符合规范；原生 SQL 使用 `?` 占
位符合规；Entity 已在 `ImModule` 注册；事务内提交后网关再发射 Socket 事件 |\n| 
全链路完整性 | ✅ | DB（Migration + Entity）→ API（Controller/Gateway/Service）→
Mobile（Page/BLoC/Repository/Socket）链路已贯通 |\n| 规范符合性 | ⚠️ | Widgetbook
未按执行计划注册新组件用例；`docs/modules/im.md` 与代码实现存在不一致 |\n| 模板
检查清单执行 | ❌ | `make test`、`make lint` 未执行；`make test-bdd` 中的推送 sc
enario 会失败 |\n| 测试覆盖 | ⚠️ | 后端单元测试、Flutter BLoC 测试、Golden 测试均
存在且覆盖核心路径；BDD 步骤非空实现；但离线推送测试与代码脱节 |\n| 文档同步 | ⚠️
| `docs/api/im.md`、`docs/api/socket-events.md`、`docs/api/INDEX.md`、`docs/api-
contracts/im.yaml` 已更新，但模块文档存在与代码不一致的描述 |\n\n## 风险与建议\n
\n1. **Redis 故障导致数据不一致**: `ImService.sendMessage` 中 Redis `incr` 位于
数据库事务之外，且无独立的 try-catch。若 Redis 在事务提交后故障，`incr` 会抛出异
常，发送方收到 `message:error`，但消息已持久化且接收方下次加载时仍能看到该消息（
只是未读数未增加）。建议将 Redis 操作纳入错误降级逻辑，而非直接抛异常。\n\n2. **
消息同步过滤自身消息**: `ImService.getMessagesSince` 通过 `.andWhere("m.sender_i
d != :userId", { userId })` 过滤了用户自己发送的消息。若用户从另一设备发送消息，
当前设备重连后无法通过 `message:sync` 补拉到这些自消息。MVP 阶段可接受，但建议在
`docs/modules/im.md` 中明确记录此限制。\n\n3. **未读数无过期/上限策略**: Redis 
中 `unread_count:{user_id}:{conversation_id}` 只增不减（除已读时重置为 0），长期
运行可能导致 Redis 中存在大量冷 key。建议后续增加过期策略或定期清理。\n\n\n--- 
第 2 次 Review ---\n## 审查结论\n\n审查结论: NEEDS_MAJOR_FIX\n\n## 阻塞问题（Blo
cking）\n\n无。\n\n## 严重问题（Major）\n\n### 1. BDD 离线推送测试断言了未与实际
代码集成的 Mock，测试必然失败\n- **位置**: `tests/bdd/step-definitions/im_real_t
ime_message_delivery.steps.js:129-138`\n- **问题**: Scenario "Offline user recei
ves push notification" 中断言 `pushService.send.mock.calls.length > 0`，但：\n  
1. 实际 `ImService`/`ImGateway` 代码从未调用任何推送服务；\n  2. `tests/bdd/step
-definitions/bdd-setup.js:257-273` 的 NestJS 测试模块 `providers` 数组中 **未注
册 `PushService`**，`mockPushService` 仅作为局部变量赋值，实际被测代码无法感知该
Mock。\n- **影响**: 若运行 `make test-bdd`，该 scenario 必然失败，CI 无法通过。\
n- **修复**: \n  1. 在 `apps/api/src/modules/push/push.service.ts` 创建推送服务
骨架（MVP 仅打印日志即可）；\n  2. 在 `ImService.sendMessage` 中，当接收方离线时
调用 `pushService.send(...)`；\n  3. 在 `bdd-setup.js` 的 NestJS 测试模块 `provi
ders` 中注入 `PushService`，并将 `mockPushService` 作为其 `useValue`。\n- **依据
**: PRD `prd/v1-im.md` US-IM-2 明确要求"离线推送：接收方不在线时，调用 Push Serv
ice 发送通知（MVP 骨架）"；`docs/exec-plans/templates/TEMPLATE-fullstack-feature
.md` 要求 `make test-bdd` 通过。\n- **上一轮状态**: ❌ 未修复\n\n### 2. 模板交付
前检查清单未完整执行：`make test` 与 `make lint` 未运行\n- **位置**: PR #64 Body
「自检清单」\n- **问题**: 开发者明确标注：\n  - `[ ] make test - ⚠️ 后端测试因环
境缺失 ts-jest 无法运行`\n  - `[ ] make lint - ⚠️ ESLint v9 与项目 .eslintrc.js 
不兼容`\n- **影响**: 无法确认后端单元测试、BDD 测试和静态代码检查是否通过，存在
未暴露的回归风险。\n- **修复**: 在开发环境完成依赖安装（`npm install` / `pnpm in
stall`）后，逐条运行：\n  ```bash\n  make test\n  make test-bdd\n  make lint\n  
make check-contract-sync\n  ```\n修复所有报错后更新 PR 自检清单。\n- **依据**: `
docs/exec-plans/templates/TEMPLATE-fullstack-feature.md` 第 75-84 行「交付前检查
清单」明确将 `make test`、`make test-bdd`、`make lint`、`make check-contract-syn
c` 列为强制项。\n- **上一轮状态**: ❌ 未修复\n\n### 3. 系统消息创建后未通过 Sock
et.io 实时通知会话参与者\n- **位置**: `apps/api/src/modules/im/im.service.ts:196
-223`\n- **问题**: `createSystemMessage`（由 `match:created` 事件触发）仅将系统
消息写入 DB，既未向双方 Socket Room emit `message:receive`，也未 emit `conversat
ion:updated`。\n- **影响**: 用户 A 与用户 B 匹配成功后，双方不会实时收到"你们已
匹配成功，开始聊天吧"的系统消息；只有主动进入聊天页调用 `GET /messages` 时才能看
到。\n- **修复**: 在 `createSystemMessage` 保存成功后，通过 `ImGateway` 或 NestJ
S `EventEmitter` 向该会话的双方 Room 广播 `message:receive` 事件，并附带 `conver
sation:updated` 事件以刷新会话列表。\n- **依据**: `docs/modules/im.md` 发送消息
流程图显示系统消息后应有实时推送；PRD `prd/v1-im.md` US-IM-1 要求"打开会话后看到
系统提示"。\n- **上一轮状态**: ❌ 未修复\n\n### 4. Widgetbook 未注册新 IM 组件用
例，与执行计划要求不符\n- **位置**: `packages/design-system/widgetbook/main.dart
`\n- **问题**: 该文件中未包含 `SwChatBubble`、`SwChatInputBar`、`SwConversationL
istItem`、`SwChatMessageList` 的 `WidgetbookComponent` 注册。PR Body 声称"更新 w
idgetbook/main.dart - 注册新组件用例"，但实际 diff 中无相关变更。\n- **影响**: 
新设计系统组件无法在 Widgetbook 中独立预览和验收，违反 Design-Only PR 前置规范。
\n- **修复**: 在 `widgetbook/main.dart` 的 `Molecules` 目录下新增 `SwChatBubble`
、`SwChatInputBar`、`SwConversationListItem` 的 `WidgetbookComponent` 与 `Widget
bookUseCase`；在 `Organisms` 目录下新增 `SwChatMessageList` 的用例。\n- **依据**
: `docs/exec-plans/TASK-im.md` Step 0.2 明确要求"所有新组件必须在 `packages/desi
gn-system/widgetbook/main.dart` 中注册展示用例"。\n- **上一轮状态**: ❌ 未修复\n
\n### 5. 文档与代码实现不一致：`conversation_participants.updated_at` 更新缺失\n
- **位置**: `docs/modules/im.md:77` vs `apps/api/src/modules/im/im.service.ts:11
9-122`\n- **问题**: 模块文档明确规定"发送消息后必须更新 conversation_participant
s.updated_at，确保新消息会话在列表中置顶"；但 `sendMessage` 的事务内仅执行了 `co
nversationRepo.update({ id: dto.conversation_id }, { updated_at: new Date() })`
，即只更新了 `conversations` 表，未更新 `conversation_participants` 表。\n- **影
响**: 文档作为规范与实现不一致，可能误导后续维护者。当前 `getConversations` 通过
`c.updated_at` 排序已能实现置顶，但规范描述与代码路径不符。\n- **修复**: 二选一
：\n  - 方案 A（改代码）：在 `sendMessage` 事务中同时更新 `conversation_particip
ants` 的 `updated_at`；\n  - 方案 B（改文档）：将 `docs/modules/im.md` 边界情况 
#7 的描述更新为"更新 `conversations.updated_at`"，与代码保持一致。\n- **依据**: 
`docs/modules/im.md` 边界情况 #7。\n- **上一轮状态**: ❌ 未修复\n\n## 轻微问题（
Minor）\n\n1. **`apps/api/src/modules/im/im.service.ts:49` 类型绕过**\n   - `whe
re: { user_id: Not(userId) as unknown as string }` 使用 `as unknown as string` 
绕过 TypeORM 类型检查，建议改用 TypeORM 提供的正确类型写法或添加注释说明。\n\n2.
**`ImBloc` 注册为 `LazySingleton` 而非 Factory**\n   - `apps/mobile/lib/core/di/
di.dart:54` 将 `ImBloc` 注册为 `LazySingleton`。虽然 IM 状态全局管理有其合理性，
但 BLoC 通常应为 Factory 作用域，以避免状态在页面间意外残留。\n\n3. **`ImSocketC
lient.connect()` 未释放旧 Socket**\n   - `apps/mobile/lib/core/network/im_socket
_client.dart:37-49` 每次调用 `connect()` 都会创建新的 `io.Socket`，但未先 `disco
nnect()` 或销毁旧的 `_socket`，可能导致旧连接的事件监听器泄漏。\n\n4. **`ImBloc.
_onSendMessage` 离线发送时丢失分页状态**\n   - `apps/mobile/lib/presentation/blo
cs/im/im_bloc.dart:284-298` 当 Socket 未连接时，从 `MessageSending` 状态回退到 `
MessagesLoaded` 时，`hasMore` 和 `nextCursor` 会从 `null` 重置，导致已加载的分页
状态丢失。\n\n## 上一轮问题修复状态\n\n| # | 问题标题 | 上一轮级别 | 修复状态 | 
说明 |\n|---|---------|-----------|---------|------|\n| 1 | BDD 离线推送测试断言
了未与实际代码集成的 Mock | Major | ❌ 未修复 | `bdd-setup.js` 虽新增 `mockPushS
ervice` 但未在 providers 中注册；`ImService` 仍不调用任何推送服务 |\n| 2 | 模板
交付前检查清单未完整执行 | Major | ❌ 未修复 | PR Body 自检清单仍标记 `[ ] make 
test` 和 `[ ] make lint` |\n| 3 | 系统消息创建后未通过 Socket.io 实时通知 | Majo
r | ❌ 未修复 | `createSystemMessage` 仍仅写入 DB，无 Socket 广播 |\n| 4 | Widge
tbook 未注册新 IM 组件用例 | Major | ❌ 未修复 | `widgetbook/main.dart` 仍无 IM 
组件注册 |\n| 5 | 文档与代码实现不一致 | Major | ❌ 未修复 | `sendMessage` 仍只
更新 `conversations` 表，文档未同步修改 |\n\n## 修复引入的新问题\n\n无（本轮 dif
f 中未见对上一轮问题的修复尝试）。\n\n## 验证结果\n\n| 维度 | 状态 | 说明 |\n|--
----|------|------|\n| 功能完整性 | ⚠️ | 核心 IM（发送/接收/已读/会话列表）已实现
，但离线推送骨架缺失、系统消息未实时广播、多设备自消息同步被 `sender_id != :user
Id` 过滤 |\n| 代码规范性 | ✅ | 基本符合规范；原生 SQL 使用 `?` 占位符合规；Enti
ty 已在 `ImModule` 注册；事务内提交后网关再发射 Socket 事件 |\n| 全链路完整性 | 
✅ | DB（Migration + Entity）→ API（Controller/Gateway/Service）→ Mobile（Page/B
LoC/Repository/Socket）链路已贯通；`data-source.ts` 通过 glob 覆盖新 Entity |\n|
规范符合性 | ⚠️ | Widgetbook 未按执行计划注册新组件用例；`docs/modules/im.md` 与
代码实现存在不一致 |\n| 模板检查清单执行 | ❌ | `make test`、`make lint` 未执行
；`make test-bdd` 中的推送 scenario 会失败 |\n| 测试覆盖 | ⚠️ | 后端单元测试、Flu
tter BLoC 测试、Golden 测试均存在且覆盖核心路径；BDD 步骤非空实现；但离线推送测
试与代码脱节 |\n| 文档同步 | ⚠️ | `docs/api/im.md`、`docs/api/socket-events.md`、
`docs/api/INDEX.md`、`docs/api-contracts/im.yaml` 已更新，但模块文档存在与代码不
一致的描述 |\n\n## 自检结果\n\n- State 不可变性：✅ 通过（`Message.copyWith` 正
确使用 `?? this.field` 回退）\n- 生命周期：✅ 通过（`ImBloc.close()` 正确断开 So
cket；`ImSocketClient.disconnect()` 置空 `_socket`）\n- 边界路径：⚠️ 未充分验证（
`ImBloc._onSendMessage` 离线场景会丢失 `hasMore`/`nextCursor`；`getMessagesSince
` 过滤自身消息导致多设备同步受限）\n- 回归：✅ 通过（未发现影响未修改文件预期行
为的变更）\n- 测试真实性：✅ 通过（BLoC 测试 assert 了具体状态转换值，非空实现）
\n\n## 风险与建议\n\n1. **本 PR 涉及状态管理与 Socket 生命周期变更，建议合并前人
工确认边界场景**：特别是 `ImBloc` 在页面重建时作为 `LazySingleton` 可能导致旧状
态残留；以及 `ImSocketClient` 重复 `connect()` 的 Socket 泄漏风险。\n\n2. **Redi
s 故障导致数据不一致**: `ImService.sendMessage` 中 Redis `incr` 位于数据库事务之
外，且无独立的 try-catch。若 Redis 在事务提交后故障，`incr` 会抛出异常，发送方收
到 `message:error`，但消息已持久化且接收方下次加载时仍能看到该消息（只是未读数未
增加）。建议将 Redis 操作纳入错误降级逻辑，而非直接抛异常。\n\n3. **消息同步过滤
自身消息**: `ImService.getMessagesSince` 通过 `.andWhere("m.sender_id != :userId
", { userId })` 过滤了用户自己发送的消息。若用户从另一设备发送消息，当前设备重连
后无法通过 `message:sync` 补拉到这些自消息。MVP 阶段可接受，但建议在 `docs/modul
es/im.md` 中明确记录此限制。\n\n4. **未读数无过期/上限策略**: Redis 中 `unread_c
ount:{user_id}:{conversation_id}` 只增不减（除已读时重置为 0），长期运行可能导致
Redis 中存在大量冷 key。建议后续增加过期策略或定期清理。\n\n\n--- 第 3 次 Review
---\n## 审查结论\n\n审查结论: NEEDS_MAJOR_FIX\n\n## 阻塞问题（Blocking）\n\n无。
\n\n## 严重问题（Major）\n\n### 1. 模板交付前检查清单未完整执行：`make test` 与 
`make lint` 未运行\n- **位置**: PR #64 Body「自检清单」\n- **问题**: 开发者自检
清单中以下两项仍标记为未执行：\n  - `[ ] make test - ⚠️ 后端测试因环境缺失 ts-jes
t 无法运行`\n  - `[ ] make lint - ⚠️ ESLint v9 与项目 .eslintrc.js 不兼容`\n- **
影响**: 无法确认后端单元测试、BDD 测试和静态代码检查是否全部通过，存在未暴露的回
归风险。\n- **修复**: 在开发环境完成依赖安装后，逐条运行并确认通过：\n  ```bash\
n  make test\n  make test-bdd\n  make lint\n  make check-contract-sync\n  ```\n
修复所有报错后更新 PR 自检清单为 `[x]`。\n- **依据**: `docs/exec-plans/templates
/TEMPLATE-fullstack-feature.md`「交付前检查清单」明确将 `make test`、`make test-
bdd`、`make lint`、`make check-contract-sync` 列为强制项。\n- **上一轮状态**: ❌
未修复\n\n## 轻微问题（Minor）\n\n1. **`ImBloc` 断连/离线时丢失分页状态**\n   - 
**位置**: `apps/mobile/lib/presentation/blocs/im/im_bloc.dart:155-167`, `210-222
`, `290-298`\n   - **问题**: 当状态为 `MessageSending` 时，若触发 `_onImDisconne
ctRequested`、`_onSocketDisconnected` 或 `_onSendMessage`（离线），回退到 `Messa
gesLoaded` 时 `hasMore` 被硬编码为 `false`，`nextCursor` 被置空，导致已加载的历
史分页状态丢失。\n   - **建议**: 在 `MessageSending` 状态中额外缓存 `hasMore` 和
`nextCursor`，或在降级时尝试从最近一次 `MessagesLoaded` 快照恢复分页字段。\n\n2.
**`apps/api/src/modules/im/im.service.ts:52` 类型绕过**\n   - `where: { user_id:
Not(userId) as unknown as string }` 使用 `as unknown as string` 绕过 TypeORM 类
型检查，建议改用 TypeORM 提供的正确类型写法或添加注释说明。\n\n3. **`ImBloc` 注
册为 `LazySingleton` 而非 Factory**\n   - `apps/mobile/lib/core/di/di.dart` 将 `
ImBloc` 注册为 `LazySingleton`。虽然 IM 状态全局管理有其合理性，但 BLoC 通常应为
Factory 作用域，以避免状态在页面间意外残留。\n\n4. **`ImSocketClient.connect()` 
未释放旧 Socket**\n   - `apps/mobile/lib/core/network/im_socket_client.dart:37-4
9` 每次调用 `connect()` 都会创建新的 `io.Socket`，但未先 `disconnect()` 或销毁旧
的 `_socket`，可能导致旧连接的事件监听器泄漏。当前由 `ImBloc` 在外部调用 `discon
nect()` 兜底，但客户端本身应增加防御性清理。\n\n## 上一轮问题修复状态\n\n| # | 
问题标题 | 上一轮级别 | 修复状态 | 说明 |\n|---|---------|-----------|---------|
------|\n| 1 | BDD 离线推送测试断言了未与实际代码集成的 Mock | Major | ✅ 已修复
| `push.service.ts` 已创建骨架实现；`im.service.ts` 在 `sendMessage` 中调用 `thi
s.pushService.send(...)`；`bdd-setup.js` 已在 NestJS 测试模块 `providers` 中注入
`PushService` 并将 `mockPushService` 作为 `useValue`；`getServer()` 返回 `pushSe
rvice` |\n| 2 | 模板交付前检查清单未完整执行 | Major | ❌ 未修复 | PR Body 自检
清单仍标记 `[ ] make test` 和 `[ ] make lint` |\n| 3 | 系统消息创建后未通过 Sock
et.io 实时通知 | Major | ✅ 已修复 | `im.service.ts:242` 在 `createSystemMessage
` 保存成功后通过 `eventEmitter.emit("system_message:created", ...)` 发射事件；`i
m.gateway.ts:214-229` 通过 `@OnEvent("system_message:created")` 监听并向双方 Roo
m 广播 `message:receive` 与 `conversation:updated` |\n| 4 | Widgetbook 未注册新 
IM 组件用例 | Major | ✅ 已修复 | `packages/design-system/widgetbook/main.dart` 
与 `packages/design-system/lib/widgetbook/main.dart` 均已注册 `SwChatBubble`、`S
wChatInputBar`、`SwConversationListItem`（Molecules）以及 `SwChatMessageList`（O
rganisms）的 `WidgetbookComponent` 与 `WidgetbookUseCase` |\n| 5 | 文档与代码实
现不一致 | Major | ✅ 已修复 | `docs/modules/im.md:77` 已将描述更新为「发送消息
后必须更新 `conversations.updated_at`」，与 `im.service.ts:121-125` 的代码实现一
致 |\n\n## 修复引入的新问题\n\n无。\n\n## 验证结果\n\n| 维度 | 状态 | 说明 |\n|-
-----|------|------|\n| 功能完整性 | ✅ | 核心 IM（发送/接收/已读/会话列表）已实
现；离线推送骨架（`PushService` + BDD Mock 集成）已完成；系统消息实时广播链路（`
eventEmitter` + `ImGateway`）已贯通 |\n| 代码规范性 | ✅ | 命名符合项目规范；无
硬编码魔法值；Entity 已在 `ImModule` 的 `TypeOrmModule.forFeature()` 中注册；`da
ta-source.ts` 通过 glob 覆盖新 Entity；事务内提交后网关再发射 Socket 事件 |\n| 
全链路完整性 | ✅ | DB（Migration + Entity）→ API（Controller/Gateway/Service/Pu
shModule）→ Mobile（Page/BLoC/Repository/Socket）链路已贯通；`shared-types` 与 `
mobile` 生成模型已同步 |\n| 规范符合性 | ✅ | Widgetbook 已按执行计划注册新组件
用例；`docs/modules/im.md` 与代码实现已一致 |\n| 模板检查清单执行 | ❌ | `make t
est`、`make lint` 未执行；PR Body 自检清单仍有两项未勾选 |\n| 测试覆盖 | ✅ | 后
端单元测试（`im.service.spec.ts`）、Flutter BLoC 测试（`im_bloc_test.dart`）、Go
lden 测试、BDD 步骤均非空实现且 assert 了具体状态转换值；BDD 推送 scenario 已与
实际代码集成 |\n| 文档同步 | ✅ | `docs/api/im.md`、`docs/api/socket-events.md`
、`docs/api/INDEX.md`、`docs/api-contracts/im.yaml`、`docs/modules/im.md` 均已更
新 |\n\n## 自检结果\n\n- State 不可变性：✅ 通过（`ImBloc` 所有状态迁移均显式传
递前序状态字段，未传入字段使用构造函数默认值；`Message.copyWith` 正确使用 `?? th
is.field` 回退）\n- 生命周期：✅ 通过（`ImBloc.close()` 正确断开 Socket；`ImSock
etClient.disconnect()` 置空 `_socket`；`ImBloc._onImConnectRequested` 先 `discon
nect()` 旧客户端再创建新实例）\n- 边界路径：✅ 通过（`ImService.sendMessage` 处
理重复 `client_message_id`、非成员、超长内容；`ImService.getMessagesSince` 空 `c
onversationId` 返回 `[]`；`ImBloc._onLoadMessages` 防止并发分页请求；`ImGateway.
handleConnection` 无 token 时断开连接）\n- 回归：✅ 通过（未发现影响未修改文件预
期行为的变更；`MatchingService` 新增 `match:created` 事件发射属于新功能路径）\n-
测试真实性：✅ 通过（BLoC 测试 assert 了具体状态转换值如 `messages.length`、`sta
tus`、`sequenceId`；后端单元测试 assert 了返回值、Redis 调用参数、Repository 调
用参数；BDD 步骤非空实现）\n\n## 风险与建议\n\n1. **本 PR 涉及状态管理与 Socket 
生命周期变更，建议合并前人工确认边界场景**：特别是 `ImBloc` 在页面重建时作为 `La
zySingleton` 可能导致旧状态残留；以及 `MessageSending` 状态降级为 `MessagesLoade
d` 时分页字段丢失的问题。\n\n2. **Redis 故障导致数据不一致**: `ImService.sendMes
sage` 中 Redis `incr` 位于数据库事务之外，且无独立的 try-catch。若 Redis 在事务
提交后故障，`incr` 会抛出异常，发送方收到 `message:error`，但消息已持久化且接收
方下次加载时仍能看到该消息（只是未读数未增加）。建议将 Redis 操作纳入错误降级逻
辑，而非直接抛异常。\n\n3. **消息同步过滤自身消息**: `ImService.getMessagesSince
` 通过 `.andWhere("m.sender_id != :userId", { userId })` 过滤了用户自己发送的消
息。若用户从另一设备发送消息，当前设备重连后无法通过 `message:sync` 补拉到这些自
消息。MVP 阶段可接受，但建议在 `docs/modules/im.md` 中明确记录此限制。\n\n4. **
未读数无过期/上限策略**: Redis 中 `unread_count:{user_id}:{conversation_id}` 只
增不减（除已读时重置为 0），长期运行可能导致 Redis 中存在大量冷 key。建议后续增
加过期策略或定期清理。\n\n\n--- 第 4 次 Review ---\n## 审查结论\n\n审查结论: PAS
S\n\n## 阻塞问题（Blocking）\n\n无。\n\n## 严重问题（Major）\n\n无。\n\n## 轻微
问题（Minor）\n\n### 1. PR Body 自检清单未同步更新\n- **位置**: PR #64 Body「自
检清单」\n- **问题**: 开发者已在最新提交（`420482c`）中修复 `ts-jest` 依赖版本并
验证命令通过，但 PR Body 中的自检清单仍显示 `[ ] make test` 与 `[ ] make lint` 
未勾选。\n- **影响**: 审查者无法第一时间从 PR Body 确认检查项实际执行状态，增加
沟通成本。\n- **修复**: 将 PR Body 中以下两项更新为 `[x]`：\n  - `[x] make test`
\n  - `[x] make lint`\n  - `[x] make check-contract-sync`\n- **依据**: `docs/exe
c-plans/templates/TEMPLATE-fullstack-feature.md`「交付前检查清单」要求 developer
在 PR 中明确标记执行结果。\n\n## 上一轮问题修复状态\n\n| # | 问题标题 | 上一轮级
别 | 修复状态 | 说明 |\n|---|---------|-----------|---------|------|\n| 1 | BDD 
离线推送测试断言了未与实际代码集成的 Mock | Major | ✅ 已修复 | 已在上一轮修复并
验证 |\n| 2 | 模板交付前检查清单未完整执行：`make test` 与 `make lint` 未运行 | 
Major | ✅ 已修复 | `ts-jest` 已从 `^29.2.0` 升级至 `^29.4.9`（`apps/api/package
.json`、`apps/api/package-lock.json`、`pnpm-lock.yaml`）；开发者提交 `420482c` 
明确说明「安装依赖并验证 make test/make lint/make check-contract-sync 全部通过」
。PR Body 清单未更新为 `[x]`，归入本轮 Minor |\n| 3 | 系统消息创建后未通过 Socke
t.io 实时通知 | Major | ✅ 已修复 | 已在上一轮修复并验证 |\n| 4 | Widgetbook 未
注册新 IM 组件用例 | Major | ✅ 已修复 | 已在上一轮修复并验证 |\n| 5 | 文档与代
码实现不一致 | Major | ✅ 已修复 | 已在上一轮修复并验证 |\n\n### 上一轮 Minor 问
题修复状态\n\n| # | 问题标题 | 修复状态 | 说明 |\n|---|---------|---------|-----
-|\n| 1 | `ImBloc` 断连/离线时丢失分页状态 | ✅ 已修复 | `MessageSending` 状态新
增 `hasMore`、`nextCursor`、`lastReadMessageId`、`lastReadSequenceId` 字段；`_on
ImDisconnectRequested`、`_onSocketDisconnected`、`_onReceiveMessage`、`_onMessag
eAckReceived`、`_onMessageDelivered` 均优先从 `MessageSending` 状态恢复分页字段
（`41f7f1c`） |\n| 2 | `im.service.ts:52` 类型绕过 `as unknown as string` | ✅ 
已修复 | 已移除 `as unknown as string`，改为 `where: { user_id: Not(userId) }` |
\n| 3 | `ImBloc` 注册为 `LazySingleton` 而非 Factory | ✅ 已修复 | `apps/mobile/
lib/core/di/di.dart:54` 已改为 `registerFactory<ImBloc>` |\n| 4 | `ImSocketClien
t.connect()` 未释放旧 Socket | ✅ 已修复 | `im_socket_client.dart:37` 开头已增加
`disconnect()` 调用，防止旧连接泄漏 |\n\n## 修复引入的新问题\n\n无。\n\n## 验证
结果\n\n| 维度 | 状态 | 说明 |\n|------|------|------|\n| 功能完整性 | ✅ | 核心
IM（发送/接收/已读/会话列表）已实现；离线推送骨架已完成；系统消息实时广播链路已
贯通 |\n| 代码规范性 | ✅ | 命名符合项目规范；无硬编码魔法值；`as unknown as str
ing` 已移除；Entity 已在 `ImModule` 注册；`data-source.ts` 通过 glob 覆盖新 Enti
ty |\n| 全链路完整性 | ✅ | DB（Migration + Entity）→ API（Controller/Gateway/Se
rvice/PushModule）→ Mobile（Page/BLoC/Repository/Socket）链路已贯通；`shared-typ
es` 与 `mobile` 生成模型已同步 |\n| 规范符合性 | ✅ | Widgetbook 已按执行计划注
册新组件用例；`docs/modules/im.md` 与代码实现已一致；`make arch-check` 已通过 |\
n| 模板检查清单执行 | ✅ | 开发者已通过提交 `420482c` 修复 `ts-jest` 依赖并验证 
`make test`/`make lint`/`make check-contract-sync` 通过；PR Body 未更新 `[x]` 标
记（Minor） |\n| 测试覆盖 | ✅ | 后端单元测试（`im.service.spec.ts`）、Flutter B
LoC 测试（`im_bloc_test.dart`）、Golden 测试、BDD 步骤均非空实现且 assert 了具体
状态转换值 |\n| 文档同步 | ✅ | `docs/api/im.md`、`docs/api/socket-events.md`、`
docs/api/INDEX.md`、`docs/api-contracts/im.yaml`、`docs/modules/im.md` 均已更新 
|\n\n## 自检结果\n\n- **State 不可变性**: ✅ 通过（`Message.copyWith` 正确使用 `
?? this.field` 回退；`MessagesLoaded` / `MessageSending` / `MessageSent` 状态迁
移均显式传递字段）\n- **生命周期**: ✅ 通过（`ImBloc.close()` 正确调用 `_socketC
lient?.disconnect()`；`ImSocketClient.disconnect()` 置空 `_socket`）\n- **边界路
径**: ✅ 通过（`MessageSending` 断连/离线时分页字段 `hasMore`/`nextCursor` 已正
确保留；`ImSocketClient.connect()` 先 `disconnect()` 再创建新实例；`sendMessage`
拒绝 `type === "system"` 的用户请求）\n- **回归**: ✅ 通过（`ImBloc` 改为 `Facto
ry` 后，`app.dart` 中 `BlocProvider(create: (_) => getIt<ImBloc>())` 仍保证单实
例生命周期；未发现影响未修改文件的预期行为）\n- **测试真实性**: ✅ 通过（BLoC 测
试 assert 了具体状态转换值如 `messages.length`、`hasMore`、`isLoadingMore`；后端
单元测试 assert 了返回值与 Repository 调用参数）\n\n## 风险与建议\n\n1. **本 PR 
涉及状态管理与 Socket 生命周期变更，建议合并前人工确认边界场景**：特别是 `ImBloc
` 在页面重建时作为 `Factory` 由 `BlocProvider` 托管，需确认 `app.dart` 中 `BlocP
rovider` 的重建频率不会导致 Socket 反复重连。\n\n2. **PR Body 清单 hygiene**：建
议开发者在合并前将 PR Body 中 `make test`、`make lint`、`make check-contract-syn
c` 标记为 `[x]`，以保持交付可追溯性。\n\n\n--- 第 5 次 Review ---\n## 🤖 Agent C
ode Review Report'
)
StepBegin(n=1)

🛑 任务已停止

⏹️ 任务已手动停止
