[2026-04-27 16:13:46] PR #64 Rework 启动
分支: feat/issue-5
【任务上下文】
- PR 编号: #64
- 项目路径: /var/folders/lt/w3sl6z8j5v50vt2s6knvf5n00000gn/T/rework-pr-64-294080
7028
- 项目地图: ../../social-world/AGENTS.md
- 关联 PRD: ../../social-world/prd/v1-mvp.md,../../social-world/prd/v1-matching.
md,../../social-world/prd/v1-im.md
- 文档目录: ../../social-world/docs

Issue #64: feat: resolve #5 - [IM] V1 Instant Messaging - 实时聊天、已读回执与会
话列表

**你的任务类型：返工修复任务（Rework Agent）**
目标：根据审查报告修复 PR 中的代码问题，修复后重新提交。

这是 PR #64 的返工任务。
分支: feat/issue-5

请严格按照以下步骤执行修复：
1. 先执行：git checkout feat/issue-5
2. 根据审查报告中的问题进行代码修改
3. 修改完成后按项目技术栈运行自测（不要只跑 go test）：
   - 若修改了 Flutter 代码（apps/mobile/ 或 packages/design-system/）：
     cd apps/mobile && flutter pub get
     cd apps/mobile && flutter analyze
     cd apps/mobile && flutter test
   - 若修改了 Node/NestJS 后端代码：
     cd apps/api && npm test
     cd apps/api && npm run build
   - 通用检查：
     make check-docs（文档检查）
4. 提交并推送：git add -A && git commit -m "fix: 修复 PR #64 review 问题" && git
push origin feat/issue-5
   注意：如果 git commit 触发 pre-commit hook 失败，必须阅读错误输出并修复后重新
commit。

审查报告：
TurnBegin(
    user_input='【任务上下文】\n- PR 编号: #64\n- 项目路径: /var/folders/lt/w3sl
6z8j5v50vt2s6knvf5n00000gn/T/rework-pr-64-2940807028\n- 项目地图: ../../social-w
orld/AGENTS.md\n- 关联 PRD: ../../social-world/prd/v1-mvp.md,../../social-world/
prd/v1-matching.md,../../social-world/prd/v1-im.md\n- 文档目录: ../../social-wor
ld/docs\n\nIssue #64: feat: resolve #5 - [IM] V1 Instant Messaging - 实时聊天、
已读回执与会话列表\n\n**你的任务类型：返工修复任务（Rework Agent）**\n目标：根据
审查报告修复 PR 中的代码问题，修复后重新提交。\n\n这是 PR #64 的返工任务。\n分支
: feat/issue-5\n\n请严格按照以下步骤执行修复：\n1. 先执行：git checkout feat/iss
ue-5\n2. 根据审查报告中的问题进行代码修改\n3. 修改完成后按项目技术栈运行自测（不
要只跑 go test）：\n   - 若修改了 Flutter 代码（apps/mobile/ 或 packages/design-
system/）：\n     cd apps/mobile && flutter pub get\n     cd apps/mobile && flut
ter analyze\n     cd apps/mobile && flutter test\n   - 若修改了 Node/NestJS 后端
代码：\n     cd apps/api && npm test\n     cd apps/api && npm run build\n   - 通
用检查：\n     make check-docs（文档检查）\n4. 提交并推送：git add -A && git com
mit -m "fix: 修复 PR #64 review 问题" && git push origin feat/issue-5\n   注意：
如果 git commit 触发 pre-commit hook 失败，必须阅读错误输出并修复后重新 commit。
\n\n审查报告：'
)
StepBegin(n=1)
StepInterrupted()
Unknown error: name 'logger' is not defined

To resume this session: kimi -r b733a940-0951-42c7-9587-20f6afe9a247
name 'logger' is not defined
See logs: /Users/insulate/.kimi/logs/kimi.log
Run with --debug for full traceback, or run kimi export to share diagnostics.

✅ 任务完成
