21:01:13.368 [ INFO] MAESTRO.logSystemInfo: ---- System Info ----
21:01:13.369 [ INFO] MAESTRO.logSystemInfo: Maestro Version: 1.39.13
21:01:13.369 [ INFO] MAESTRO.logSystemInfo: CI: Undefined
21:01:13.369 [ INFO] MAESTRO.logSystemInfo: OS Name: Mac OS X
21:01:13.369 [ INFO] MAESTRO.logSystemInfo: OS Version: 26.1
21:01:13.369 [ INFO] MAESTRO.logSystemInfo: Architecture: aarch64
21:01:13.369 [ INFO] MAESTRO.logSystemInfo: Java Version: 21
21:01:13.375 [ INFO] MAESTRO.logSystemInfo: Xcode Version: null
21:01:14.010 [ INFO] MAESTRO.logSystemInfo: Flutter Version: 3.24.5
21:01:14.634 [ INFO] MAESTRO.logSystemInfo: Flutter Channel: stable
21:01:14.635 [ INFO] MAESTRO.logSystemInfo: ---------------------
21:01:14.912 [ INFO] maestro.orchestra.workspace.WorkspaceExecutionPlanner.plan: Created execution plan: ExecutionPlan(flowsToRun=[/Users/insulate/Desktop/social-world/.maestro/flows/auth/login.yaml, /Users/insulate/Desktop/social-world/.maestro/flows/profile/setup.yaml, /Users/insulate/Desktop/social-world/.maestro/flows/devtools/open_drawer.yaml, /Users/insulate/Desktop/social-world/.maestro/flows/devtools/edit_server_url.yaml], sequence=FlowSequence(flows=[], continueOnFailure=null))
21:01:14.972 [ INFO] maestro.cli.command.TestCommand.runShardSuite: [shard 1] Selected device emulator-5554 using port 7001
21:01:16.588 [ INFO] maestro.Maestro.invoke: Getting device info
21:01:16.709 [ INFO] maestro.Maestro.invoke: Got device info: DeviceInfo(platform=ANDROID, widthPixels=1080, heightPixels=2400, widthGrid=1080, heightGrid=2400)
21:01:16.763 [ INFO] maestro.cli.runner.TestSuiteInteractor.invoke: Define variables RUNNING
21:01:16.765 [ INFO] maestro.cli.runner.TestSuiteInteractor.invoke: Define variables COMPLETED
21:01:16.765 [ INFO] maestro.cli.runner.TestSuiteInteractor.invoke: Apply configuration RUNNING
21:01:16.765 [ INFO] maestro.cli.runner.TestSuiteInteractor.invoke: Apply configuration COMPLETED
21:01:16.765 [ INFO] maestro.cli.runner.TestSuiteInteractor.invoke: Launch app "com.example.mobile" RUNNING
21:01:17.167 [ INFO] maestro.Maestro.launchApp: Launching app com.example.mobile
21:01:17.263 [ INFO] maestro.cli.runner.TestSuiteInteractor.invoke: Launch app "com.example.mobile" COMPLETED
21:01:17.263 [ INFO] maestro.cli.runner.TestSuiteInteractor.invoke: Run includes/login-as-test-user.yaml RUNNING
21:01:17.263 [ INFO] maestro.cli.runner.TestSuiteInteractor.invoke: Apply configuration RUNNING
21:01:17.264 [ INFO] maestro.cli.runner.TestSuiteInteractor.invoke: Apply configuration COMPLETED
21:01:17.264 [ INFO] maestro.cli.runner.TestSuiteInteractor.invoke: Assert that "欢迎使用 Social World" is visible RUNNING
21:01:34.330 [ INFO] maestro.cli.runner.TestSuiteInteractor.invoke: Assert that "欢迎使用 Social World" is visible FAILED
21:01:34.331 [ INFO] maestro.Maestro.takeScreenshot: Taking screenshot
21:01:34.333 [TRACE] maestro.utils.ScreenshotUtils.takeScreenshot: Taking screenshot to output sink
21:01:34.437 [ INFO] maestro.cli.runner.TestSuiteInteractor.invoke: Run includes/login-as-test-user.yaml FAILED
21:01:34.625 [ INFO] maestro.cli.runner.TestSuiteInteractor.invoke: Define variables RUNNING
21:01:34.626 [ INFO] maestro.cli.runner.TestSuiteInteractor.invoke: Define variables COMPLETED
21:01:34.626 [ INFO] maestro.cli.runner.TestSuiteInteractor.invoke: Apply configuration RUNNING
21:01:34.627 [ INFO] maestro.cli.runner.TestSuiteInteractor.invoke: Apply configuration COMPLETED
21:01:34.627 [ INFO] maestro.cli.runner.TestSuiteInteractor.invoke: Launch app "com.example.mobile" RUNNING
21:01:34.952 [ INFO] maestro.Maestro.launchApp: Launching app com.example.mobile
21:01:35.171 [ INFO] maestro.cli.runner.TestSuiteInteractor.invoke: Launch app "com.example.mobile" COMPLETED
21:01:35.171 [ INFO] maestro.cli.runner.TestSuiteInteractor.invoke: Run includes/login-as-test-user.yaml RUNNING
21:01:35.172 [ INFO] maestro.cli.runner.TestSuiteInteractor.invoke: Apply configuration RUNNING
21:01:35.172 [ INFO] maestro.cli.runner.TestSuiteInteractor.invoke: Apply configuration COMPLETED
21:01:35.172 [ INFO] maestro.cli.runner.TestSuiteInteractor.invoke: Assert that "欢迎使用 Social World" is visible RUNNING
21:01:52.336 [ INFO] maestro.cli.runner.TestSuiteInteractor.invoke: Assert that "欢迎使用 Social World" is visible FAILED
21:01:52.337 [ INFO] maestro.Maestro.takeScreenshot: Taking screenshot
21:01:52.337 [TRACE] maestro.utils.ScreenshotUtils.takeScreenshot: Taking screenshot to output sink
21:01:52.415 [ INFO] maestro.cli.runner.TestSuiteInteractor.invoke: Run includes/login-as-test-user.yaml FAILED
21:01:52.425 [ INFO] maestro.cli.runner.TestSuiteInteractor.invoke: Define variables RUNNING
21:01:52.426 [ INFO] maestro.cli.runner.TestSuiteInteractor.invoke: Define variables COMPLETED
21:01:52.426 [ INFO] maestro.cli.runner.TestSuiteInteractor.invoke: Apply configuration RUNNING
21:01:52.426 [ INFO] maestro.cli.runner.TestSuiteInteractor.invoke: Apply configuration COMPLETED
21:01:52.426 [ INFO] maestro.cli.runner.TestSuiteInteractor.invoke: Launch app "com.example.mobile" RUNNING
21:01:52.755 [ INFO] maestro.Maestro.launchApp: Launching app com.example.mobile
21:01:53.134 [ INFO] maestro.cli.runner.TestSuiteInteractor.invoke: Launch app "com.example.mobile" COMPLETED
21:01:53.134 [ INFO] maestro.cli.runner.TestSuiteInteractor.invoke: Assert that "开发工具" is visible RUNNING
21:02:10.212 [ INFO] maestro.cli.runner.TestSuiteInteractor.invoke: Assert that "开发工具" is visible FAILED
21:02:10.213 [ INFO] maestro.Maestro.takeScreenshot: Taking screenshot
21:02:10.214 [TRACE] maestro.utils.ScreenshotUtils.takeScreenshot: Taking screenshot to output sink
21:02:10.314 [ INFO] maestro.cli.runner.TestSuiteInteractor.invoke: Define variables RUNNING
21:02:10.316 [ INFO] maestro.cli.runner.TestSuiteInteractor.invoke: Define variables COMPLETED
21:02:10.316 [ INFO] maestro.cli.runner.TestSuiteInteractor.invoke: Apply configuration RUNNING
21:02:10.316 [ INFO] maestro.cli.runner.TestSuiteInteractor.invoke: Apply configuration COMPLETED
21:02:10.316 [ INFO] maestro.cli.runner.TestSuiteInteractor.invoke: Launch app "com.example.mobile" RUNNING
21:02:10.744 [ INFO] maestro.Maestro.launchApp: Launching app com.example.mobile
21:02:11.084 [ INFO] maestro.cli.runner.TestSuiteInteractor.invoke: Launch app "com.example.mobile" COMPLETED
21:02:11.085 [ INFO] maestro.cli.runner.TestSuiteInteractor.invoke: Tap on id: dev_tools_toggle_button RUNNING
21:02:28.208 [ INFO] maestro.cli.runner.TestSuiteInteractor.invoke: Tap on id: dev_tools_toggle_button FAILED
21:02:28.209 [ INFO] maestro.Maestro.takeScreenshot: Taking screenshot
21:02:28.209 [TRACE] maestro.utils.ScreenshotUtils.takeScreenshot: Taking screenshot to output sink
