17:26:46.084 [ INFO] MAESTRO.logSystemInfo: ---- System Info ----
17:26:46.085 [ INFO] MAESTRO.logSystemInfo: Maestro Version: 1.39.13
17:26:46.086 [ INFO] MAESTRO.logSystemInfo: CI: Undefined
17:26:46.086 [ INFO] MAESTRO.logSystemInfo: OS Name: Mac OS X
17:26:46.086 [ INFO] MAESTRO.logSystemInfo: OS Version: 26.1
17:26:46.086 [ INFO] MAESTRO.logSystemInfo: Architecture: aarch64
17:26:46.086 [ INFO] MAESTRO.logSystemInfo: Java Version: 21
17:26:46.109 [ INFO] MAESTRO.logSystemInfo: Xcode Version: null
17:26:46.550 [DEBUG] io.micrometer.common.util.internal.logging.InternalLoggerFactory.newDefaultFactory: Using SLF4J as the default logging framework
17:26:46.837 [ INFO] MAESTRO.logSystemInfo: Flutter Version: 3.24.5
17:26:47.474 [ INFO] MAESTRO.logSystemInfo: Flutter Channel: stable
17:26:47.474 [ INFO] MAESTRO.logSystemInfo: ---------------------
17:27:50.232 [ INFO] MAESTRO.logSystemInfo: ---- System Info ----
17:27:50.233 [ INFO] MAESTRO.logSystemInfo: Maestro Version: 1.39.13
17:27:50.233 [ INFO] MAESTRO.logSystemInfo: CI: Undefined
17:27:50.233 [ INFO] MAESTRO.logSystemInfo: OS Name: Mac OS X
17:27:50.233 [ INFO] MAESTRO.logSystemInfo: OS Version: 26.1
17:27:50.233 [ INFO] MAESTRO.logSystemInfo: Architecture: aarch64
17:27:50.233 [ INFO] MAESTRO.logSystemInfo: Java Version: 21
17:27:50.240 [ INFO] MAESTRO.logSystemInfo: Xcode Version: null
17:27:50.531 [DEBUG] io.micrometer.common.util.internal.logging.InternalLoggerFactory.newDefaultFactory: Using SLF4J as the default logging framework
17:27:50.955 [ INFO] MAESTRO.logSystemInfo: Flutter Version: 3.24.5
17:27:51.610 [ INFO] MAESTRO.logSystemInfo: Flutter Channel: stable
17:27:51.610 [ INFO] MAESTRO.logSystemInfo: ---------------------
17:28:10.643 [ INFO] MAESTRO.logSystemInfo: ---- System Info ----
17:28:10.644 [ INFO] MAESTRO.logSystemInfo: Maestro Version: 1.39.13
17:28:10.644 [ INFO] MAESTRO.logSystemInfo: CI: Undefined
17:28:10.644 [ INFO] MAESTRO.logSystemInfo: OS Name: Mac OS X
17:28:10.644 [ INFO] MAESTRO.logSystemInfo: OS Version: 26.1
17:28:10.644 [ INFO] MAESTRO.logSystemInfo: Architecture: aarch64
17:28:10.645 [ INFO] MAESTRO.logSystemInfo: Java Version: 21
17:28:10.650 [ INFO] MAESTRO.logSystemInfo: Xcode Version: null
17:28:11.112 [DEBUG] io.micrometer.common.util.internal.logging.InternalLoggerFactory.newDefaultFactory: Using SLF4J as the default logging framework
17:28:11.366 [ INFO] MAESTRO.logSystemInfo: Flutter Version: 3.24.5
17:28:12.026 [ INFO] MAESTRO.logSystemInfo: Flutter Channel: stable
17:28:12.026 [ INFO] MAESTRO.logSystemInfo: ---------------------
17:28:12.321 [ INFO] maestro.cli.command.TestCommand.runShardSuite: [shard 1] Selected device emulator-5554 using port 7001
17:28:14.622 [ INFO] maestro.Maestro.invoke: Getting device info
17:28:14.723 [ INFO] maestro.Maestro.invoke: Got device info: DeviceInfo(platform=ANDROID, widthPixels=1080, heightPixels=2400, widthGrid=1080, heightGrid=2400)
17:28:14.773 [ INFO] maestro.cli.runner.MaestroCommandRunner.invoke: Define variables RUNNING
17:28:14.774 [ INFO] maestro.cli.runner.MaestroCommandRunner.invoke: Define variables metadata CommandMetadata(numberOfRuns=null, evaluatedCommand=MaestroCommand(defineVariablesCommand=DefineVariablesCommand(env={MAESTRO_FILENAME=login}, label=null, optional=false)), logMessages=[], insight=Insight(message=, level=NONE))
17:28:14.775 [ INFO] maestro.cli.runner.MaestroCommandRunner.invoke: Define variables COMPLETED
17:28:14.775 [ INFO] maestro.cli.runner.MaestroCommandRunner.invoke: Apply configuration RUNNING
17:28:14.775 [ INFO] maestro.cli.runner.MaestroCommandRunner.invoke: Apply configuration metadata CommandMetadata(numberOfRuns=null, evaluatedCommand=MaestroCommand(applyConfigurationCommand=ApplyConfigurationCommand(config=MaestroConfig(appId=com.example.mobile, name=null, tags=[], ext={}, onFlowStart=null, onFlowComplete=null), label=null, optional=false)), logMessages=[], insight=Insight(message=, level=NONE))
17:28:14.775 [ INFO] maestro.cli.runner.MaestroCommandRunner.invoke: Apply configuration COMPLETED
17:28:14.775 [ INFO] maestro.cli.runner.MaestroCommandRunner.invoke: Launch app "com.example.mobile" with clear state RUNNING
17:28:14.775 [ INFO] maestro.cli.runner.MaestroCommandRunner.invoke: Launch app "com.example.mobile" with clear state metadata CommandMetadata(numberOfRuns=null, evaluatedCommand=MaestroCommand(launchAppCommand=LaunchAppCommand(appId=com.example.mobile, clearState=true, clearKeychain=null, stopApp=null, permissions=null, launchArguments=null, label=null, optional=false)), logMessages=[], insight=Insight(message=, level=NONE))
17:28:14.775 [ INFO] maestro.Maestro.clearAppState: Clearing app state com.example.mobile
17:28:16.145 [ INFO] maestro.Maestro.launchApp: Launching app com.example.mobile
17:28:16.234 [ INFO] maestro.cli.runner.MaestroCommandRunner.invoke: Launch app "com.example.mobile" with clear state COMPLETED
17:28:16.234 [ INFO] maestro.cli.runner.MaestroCommandRunner.invoke: Run includes/login-as-test-user.yaml RUNNING
17:28:16.234 [ INFO] maestro.cli.runner.MaestroCommandRunner.invoke: Run includes/login-as-test-user.yaml metadata CommandMetadata(numberOfRuns=null, evaluatedCommand=MaestroCommand(runFlowCommand=RunFlowCommand(commands=[MaestroCommand(applyConfigurationCommand=ApplyConfigurationCommand(config=MaestroConfig(appId=com.example.mobile, name=null, tags=[], ext={}, onFlowStart=null, onFlowComplete=null), label=null, optional=false)), MaestroCommand(assertConditionCommand=AssertConditionCommand(condition=Condition(platform=null, visible=ElementSelector(textRegex=欢迎使用 Social World, idRegex=null, size=null, below=null, above=null, leftOf=null, rightOf=null, containsChild=null, containsDescendants=null, traits=null, index=null, enabled=null, optional=false, selected=null, checked=null, focused=null, childOf=null), notVisible=null, scriptCondition=null, label=null), timeout=30000, label=null, optional=false)), MaestroCommand(assertConditionCommand=AssertConditionCommand(condition=Condition(platform=null, visible=ElementSelector(textRegex=手机号一键登录, idRegex=null, size=null, below=null, above=null, leftOf=null, rightOf=null, containsChild=null, containsDescendants=null, traits=null, index=null, enabled=null, optional=false, selected=null, checked=null, focused=null, childOf=null), notVisible=null, scriptCondition=null, label=null), timeout=null, label=null, optional=false)), MaestroCommand(tapOnElementCommand=TapOnElementCommand(selector=ElementSelector(textRegex=手机号, idRegex=null, size=null, below=null, above=null, leftOf=null, rightOf=null, containsChild=null, containsDescendants=null, traits=null, index=null, enabled=null, optional=false, selected=null, checked=null, focused=null, childOf=null), retryIfNoChange=true, waitUntilVisible=false, longPress=false, repeat=null, waitToSettleTimeoutMs=null, label=null, optional=false)), MaestroCommand(inputTextCommand=InputTextCommand(text=13800138000, label=null, optional=false)), MaestroCommand(tapOnElementCommand=TapOnElementCommand(selector=ElementSelector(textRegex=获取验证码, idRegex=null, size=null, below=null, above=null, leftOf=null, rightOf=null, containsChild=null, containsDescendants=null, traits=null, index=null, enabled=null, optional=false, selected=null, checked=null, focused=null, childOf=null), retryIfNoChange=true, waitUntilVisible=false, longPress=false, repeat=null, waitToSettleTimeoutMs=null, label=null, optional=false)), MaestroCommand(tapOnElementCommand=TapOnElementCommand(selector=ElementSelector(textRegex=验证码, idRegex=null, size=null, below=null, above=null, leftOf=null, rightOf=null, containsChild=null, containsDescendants=null, traits=null, index=null, enabled=null, optional=false, selected=null, checked=null, focused=null, childOf=null), retryIfNoChange=true, waitUntilVisible=false, longPress=false, repeat=null, waitToSettleTimeoutMs=null, label=null, optional=false)), MaestroCommand(inputTextCommand=InputTextCommand(text=123456, label=null, optional=false)), MaestroCommand(hideKeyboardCommand=HideKeyboardCommand()), MaestroCommand(tapOnElementCommand=TapOnElementCommand(selector=ElementSelector(textRegex=登录, idRegex=null, size=null, below=null, above=null, leftOf=null, rightOf=null, containsChild=null, containsDescendants=null, traits=null, index=null, enabled=null, optional=false, selected=null, checked=null, focused=null, childOf=null), retryIfNoChange=true, waitUntilVisible=false, longPress=false, repeat=null, waitToSettleTimeoutMs=null, label=null, optional=false))], condition=null, sourceDescription=includes/login-as-test-user.yaml, config=MaestroConfig(appId=com.example.mobile, name=null, tags=[], ext={}, onFlowStart=null, onFlowComplete=null), label=null, optional=false)), logMessages=[], insight=Insight(message=, level=NONE))
17:28:16.235 [ INFO] maestro.cli.runner.MaestroCommandRunner.invoke: Apply configuration RUNNING
17:28:16.235 [ INFO] maestro.cli.runner.MaestroCommandRunner.invoke: Apply configuration metadata CommandMetadata(numberOfRuns=null, evaluatedCommand=MaestroCommand(applyConfigurationCommand=ApplyConfigurationCommand(config=MaestroConfig(appId=com.example.mobile, name=null, tags=[], ext={}, onFlowStart=null, onFlowComplete=null), label=null, optional=false)), logMessages=[], insight=Insight(message=, level=NONE))
17:28:16.235 [ INFO] maestro.cli.runner.MaestroCommandRunner.invoke: Apply configuration COMPLETED
17:28:16.235 [ INFO] maestro.cli.runner.MaestroCommandRunner.invoke: Assert that "欢迎使用 Social World" is visible RUNNING
17:28:16.235 [ INFO] maestro.cli.runner.MaestroCommandRunner.invoke: Assert that "欢迎使用 Social World" is visible metadata CommandMetadata(numberOfRuns=null, evaluatedCommand=MaestroCommand(assertConditionCommand=AssertConditionCommand(condition=Condition(platform=null, visible=ElementSelector(textRegex=欢迎使用 Social World, idRegex=null, size=null, below=null, above=null, leftOf=null, rightOf=null, containsChild=null, containsDescendants=null, traits=null, index=null, enabled=null, optional=false, selected=null, checked=null, focused=null, childOf=null), notVisible=null, scriptCondition=null, label=null), timeout=30000, label=null, optional=false)), logMessages=[], insight=Insight(message=, level=NONE))
17:28:17.970 [ INFO] maestro.cli.runner.MaestroCommandRunner.invoke: Assert that "欢迎使用 Social World" is visible COMPLETED
17:28:17.970 [ INFO] maestro.cli.runner.MaestroCommandRunner.invoke: Assert that "手机号一键登录" is visible RUNNING
17:28:17.971 [ INFO] maestro.cli.runner.MaestroCommandRunner.invoke: Assert that "手机号一键登录" is visible metadata CommandMetadata(numberOfRuns=null, evaluatedCommand=MaestroCommand(assertConditionCommand=AssertConditionCommand(condition=Condition(platform=null, visible=ElementSelector(textRegex=手机号一键登录, idRegex=null, size=null, below=null, above=null, leftOf=null, rightOf=null, containsChild=null, containsDescendants=null, traits=null, index=null, enabled=null, optional=false, selected=null, checked=null, focused=null, childOf=null), notVisible=null, scriptCondition=null, label=null), timeout=null, label=null, optional=false)), logMessages=[], insight=Insight(message=, level=NONE))
17:28:18.683 [ INFO] maestro.cli.runner.MaestroCommandRunner.invoke: Assert that "手机号一键登录" is visible COMPLETED
17:28:18.684 [ INFO] maestro.cli.runner.MaestroCommandRunner.invoke: Tap on "手机号" RUNNING
17:28:18.684 [ INFO] maestro.cli.runner.MaestroCommandRunner.invoke: Tap on "手机号" metadata CommandMetadata(numberOfRuns=null, evaluatedCommand=MaestroCommand(tapOnElementCommand=TapOnElementCommand(selector=ElementSelector(textRegex=手机号, idRegex=null, size=null, below=null, above=null, leftOf=null, rightOf=null, containsChild=null, containsDescendants=null, traits=null, index=null, enabled=null, optional=false, selected=null, checked=null, focused=null, childOf=null), retryIfNoChange=true, waitUntilVisible=false, longPress=false, repeat=null, waitToSettleTimeoutMs=null, label=null, optional=false)), logMessages=[], insight=Insight(message=, level=NONE))
17:28:18.752 [ INFO] maestro.Maestro.tap-BUbHBYE: Tapping on element:  UiElement(treeNode=TreeNode(attributes={text=, accessibilityText=, hintText=手机号, ignoreBoundsFiltering=false, resource-id=, clickable=true, bounds=[42,677][1038,809], enabled=true, focused=false, checked=false, scrollable=false, selected=false, class=android.widget.EditText}, children=[], clickable=true, enabled=true, focused=false, checked=false, selected=false), bounds=Bounds(x=42, y=677, width=996, height=132))
17:28:19.804 [ INFO] maestro.Maestro.tap-BUbHBYE: Refreshed element
17:28:19.805 [ INFO] maestro.Maestro.hierarchyBasedTap-hbl3e4M: Tapping at (540, 743) using hierarchy based logic for wait
17:28:19.805 [TRACE] maestro.utils.ScreenshotUtils.takeScreenshot: Taking screenshot to byte array
17:28:19.805 [TRACE] maestro.utils.ScreenshotUtils.takeScreenshot: Taking screenshot to output sink
17:28:21.459 [ INFO] maestro.Maestro.hierarchyBasedTap-hbl3e4M: Something have changed in the UI judging by view hierarchy. Proceed.
17:28:21.459 [ INFO] maestro.cli.runner.MaestroCommandRunner.invoke: Tap on "手机号" COMPLETED
17:28:21.459 [ INFO] maestro.cli.runner.MaestroCommandRunner.invoke: Input text 13800138000 RUNNING
17:28:21.460 [ INFO] maestro.cli.runner.MaestroCommandRunner.invoke: Input text 13800138000 metadata CommandMetadata(numberOfRuns=null, evaluatedCommand=MaestroCommand(inputTextCommand=InputTextCommand(text=13800138000, label=null, optional=false)), logMessages=[], insight=Insight(message=, level=NONE))
17:28:21.460 [ INFO] maestro.Maestro.inputText: Inputting text: 13800138000
17:28:23.285 [ INFO] maestro.cli.runner.MaestroCommandRunner.invoke: Input text 13800138000 COMPLETED
17:28:23.286 [ INFO] maestro.cli.runner.MaestroCommandRunner.invoke: Tap on "获取验证码" RUNNING
17:28:23.286 [ INFO] maestro.cli.runner.MaestroCommandRunner.invoke: Tap on "获取验证码" metadata CommandMetadata(numberOfRuns=null, evaluatedCommand=MaestroCommand(tapOnElementCommand=TapOnElementCommand(selector=ElementSelector(textRegex=获取验证码, idRegex=null, size=null, below=null, above=null, leftOf=null, rightOf=null, containsChild=null, containsDescendants=null, traits=null, index=null, enabled=null, optional=false, selected=null, checked=null, focused=null, childOf=null), retryIfNoChange=true, waitUntilVisible=false, longPress=false, repeat=null, waitToSettleTimeoutMs=null, label=null, optional=false)), logMessages=[], insight=Insight(message=, level=NONE))
17:28:23.363 [ INFO] maestro.Maestro.tap-BUbHBYE: Tapping on element:  UiElement(treeNode=TreeNode(attributes={text=, accessibilityText=获取验证码, hintText=, ignoreBoundsFiltering=false, resource-id=, clickable=true, bounds=[720,851][1038,998], enabled=true, focused=false, checked=false, scrollable=false, selected=false, class=android.widget.Button}, children=[], clickable=true, enabled=true, focused=false, checked=false, selected=false), bounds=Bounds(x=720, y=851, width=318, height=147))
17:28:24.441 [ INFO] maestro.Maestro.tap-BUbHBYE: Refreshed element
17:28:24.441 [ INFO] maestro.Maestro.hierarchyBasedTap-hbl3e4M: Tapping at (879, 924) using hierarchy based logic for wait
17:28:24.441 [TRACE] maestro.utils.ScreenshotUtils.takeScreenshot: Taking screenshot to byte array
17:28:24.441 [TRACE] maestro.utils.ScreenshotUtils.takeScreenshot: Taking screenshot to output sink
17:28:25.382 [ INFO] maestro.Maestro.hierarchyBasedTap-hbl3e4M: Something have changed in the UI judging by view hierarchy. Proceed.
17:28:25.382 [ INFO] maestro.cli.runner.MaestroCommandRunner.invoke: Tap on "获取验证码" COMPLETED
17:28:25.382 [ INFO] maestro.cli.runner.MaestroCommandRunner.invoke: Tap on "验证码" RUNNING
17:28:25.382 [ INFO] maestro.cli.runner.MaestroCommandRunner.invoke: Tap on "验证码" metadata CommandMetadata(numberOfRuns=null, evaluatedCommand=MaestroCommand(tapOnElementCommand=TapOnElementCommand(selector=ElementSelector(textRegex=验证码, idRegex=null, size=null, below=null, above=null, leftOf=null, rightOf=null, containsChild=null, containsDescendants=null, traits=null, index=null, enabled=null, optional=false, selected=null, checked=null, focused=null, childOf=null), retryIfNoChange=true, waitUntilVisible=false, longPress=false, repeat=null, waitToSettleTimeoutMs=null, label=null, optional=false)), logMessages=[], insight=Insight(message=, level=NONE))
17:28:25.415 [ INFO] maestro.Maestro.tap-BUbHBYE: Tapping on element:  UiElement(treeNode=TreeNode(attributes={text=, accessibilityText=, hintText=验证码, ignoreBoundsFiltering=false, resource-id=, clickable=true, bounds=[42,861][678,987], enabled=true, focused=false, checked=false, scrollable=false, selected=false, class=android.widget.EditText}, children=[], clickable=true, enabled=true, focused=false, checked=false, selected=false), bounds=Bounds(x=42, y=861, width=636, height=126))
17:28:26.542 [ INFO] maestro.Maestro.tap-BUbHBYE: Refreshed element
17:28:26.543 [ INFO] maestro.Maestro.hierarchyBasedTap-hbl3e4M: Tapping at (360, 924) using hierarchy based logic for wait
17:28:26.543 [TRACE] maestro.utils.ScreenshotUtils.takeScreenshot: Taking screenshot to byte array
17:28:26.543 [TRACE] maestro.utils.ScreenshotUtils.takeScreenshot: Taking screenshot to output sink
17:28:28.541 [ INFO] maestro.Maestro.hierarchyBasedTap-hbl3e4M: Something have changed in the UI judging by view hierarchy. Proceed.
17:28:28.541 [ INFO] maestro.cli.runner.MaestroCommandRunner.invoke: Tap on "验证码" COMPLETED
17:28:28.541 [ INFO] maestro.cli.runner.MaestroCommandRunner.invoke: Input text 123456 RUNNING
17:28:28.541 [ INFO] maestro.cli.runner.MaestroCommandRunner.invoke: Input text 123456 metadata CommandMetadata(numberOfRuns=null, evaluatedCommand=MaestroCommand(inputTextCommand=InputTextCommand(text=123456, label=null, optional=false)), logMessages=[], insight=Insight(message=, level=NONE))
17:28:28.541 [ INFO] maestro.Maestro.inputText: Inputting text: 123456
17:28:30.430 [ INFO] maestro.cli.runner.MaestroCommandRunner.invoke: Input text 123456 COMPLETED
17:28:30.431 [ INFO] maestro.cli.runner.MaestroCommandRunner.invoke: Hide Keyboard RUNNING
17:28:30.431 [ INFO] maestro.cli.runner.MaestroCommandRunner.invoke: Hide Keyboard metadata CommandMetadata(numberOfRuns=null, evaluatedCommand=MaestroCommand(hideKeyboardCommand=HideKeyboardCommand()), logMessages=[], insight=Insight(message=, level=NONE))
17:28:30.431 [ INFO] maestro.Maestro.hideKeyboard: Hiding Keyboard
17:28:31.516 [ INFO] maestro.cli.runner.MaestroCommandRunner.invoke: Hide Keyboard COMPLETED
17:28:31.517 [ INFO] maestro.cli.runner.MaestroCommandRunner.invoke: Tap on "登录" RUNNING
17:28:31.517 [ INFO] maestro.cli.runner.MaestroCommandRunner.invoke: Tap on "登录" metadata CommandMetadata(numberOfRuns=null, evaluatedCommand=MaestroCommand(tapOnElementCommand=TapOnElementCommand(selector=ElementSelector(textRegex=登录, idRegex=null, size=null, below=null, above=null, leftOf=null, rightOf=null, containsChild=null, containsDescendants=null, traits=null, index=null, enabled=null, optional=false, selected=null, checked=null, focused=null, childOf=null), retryIfNoChange=true, waitUntilVisible=false, longPress=false, repeat=null, waitToSettleTimeoutMs=null, label=null, optional=false)), logMessages=[], insight=Insight(message=, level=NONE))
17:28:31.533 [ INFO] maestro.Maestro.tap-BUbHBYE: Tapping on element:  UiElement(treeNode=TreeNode(attributes={text=, accessibilityText=登录, hintText=, ignoreBoundsFiltering=false, resource-id=, clickable=true, bounds=[42,1082][1038,1208], enabled=true, focused=false, checked=false, scrollable=false, selected=false, class=android.widget.Button}, children=[], clickable=true, enabled=true, focused=false, checked=false, selected=false), bounds=Bounds(x=42, y=1082, width=996, height=126))
17:28:32.508 [ INFO] maestro.Maestro.tap-BUbHBYE: Refreshed element
17:28:32.509 [ INFO] maestro.Maestro.hierarchyBasedTap-hbl3e4M: Tapping at (540, 1145) using hierarchy based logic for wait
17:28:32.509 [TRACE] maestro.utils.ScreenshotUtils.takeScreenshot: Taking screenshot to byte array
17:28:32.509 [TRACE] maestro.utils.ScreenshotUtils.takeScreenshot: Taking screenshot to output sink
17:28:33.552 [ INFO] maestro.Maestro.hierarchyBasedTap-hbl3e4M: Something have changed in the UI judging by view hierarchy. Proceed.
17:28:33.552 [ INFO] maestro.cli.runner.MaestroCommandRunner.invoke: Tap on "登录" COMPLETED
17:28:33.552 [ INFO] maestro.cli.runner.MaestroCommandRunner.invoke: Run includes/login-as-test-user.yaml COMPLETED
17:28:33.552 [ INFO] maestro.cli.runner.MaestroCommandRunner.invoke: Assert that "手机号一键登录" is not visible RUNNING
17:28:33.552 [ INFO] maestro.cli.runner.MaestroCommandRunner.invoke: Assert that "手机号一键登录" is not visible metadata CommandMetadata(numberOfRuns=null, evaluatedCommand=MaestroCommand(assertConditionCommand=AssertConditionCommand(condition=Condition(platform=null, visible=null, notVisible=ElementSelector(textRegex=手机号一键登录, idRegex=null, size=null, below=null, above=null, leftOf=null, rightOf=null, containsChild=null, containsDescendants=null, traits=null, index=null, enabled=null, optional=false, selected=null, checked=null, focused=null, childOf=null), scriptCondition=null, label=null), timeout=null, label=null, optional=false)), logMessages=[], insight=Insight(message=, level=NONE))
17:28:50.583 [ INFO] maestro.Maestro.takeScreenshot: Taking screenshot
17:28:50.583 [TRACE] maestro.utils.ScreenshotUtils.takeScreenshot: Taking screenshot to output sink
17:28:50.669 [ INFO] maestro.cli.runner.MaestroCommandRunner.invoke: Assert that "手机号一键登录" is not visible FAILED
17:29:32.549 [ INFO] MAESTRO.logSystemInfo: ---- System Info ----
17:29:32.550 [ INFO] MAESTRO.logSystemInfo: Maestro Version: 1.39.13
17:29:32.551 [ INFO] MAESTRO.logSystemInfo: CI: Undefined
17:29:32.551 [ INFO] MAESTRO.logSystemInfo: OS Name: Mac OS X
17:29:32.551 [ INFO] MAESTRO.logSystemInfo: OS Version: 26.1
17:29:32.551 [ INFO] MAESTRO.logSystemInfo: Architecture: aarch64
17:29:32.551 [ INFO] MAESTRO.logSystemInfo: Java Version: 21
17:29:32.558 [ INFO] MAESTRO.logSystemInfo: Xcode Version: null
17:29:32.572 [DEBUG] io.micrometer.common.util.internal.logging.InternalLoggerFactory.newDefaultFactory: Using SLF4J as the default logging framework
17:29:33.276 [ INFO] MAESTRO.logSystemInfo: Flutter Version: 3.24.5
17:29:33.580 [ INFO] MAESTRO.logSystemInfo: Flutter Channel: stable
17:29:33.580 [ INFO] MAESTRO.logSystemInfo: ---------------------
17:29:33.853 [ INFO] maestro.cli.command.TestCommand.runShardSuite: [shard 1] Selected device emulator-5554 using port 7001
17:29:35.794 [ INFO] maestro.Maestro.invoke: Getting device info
17:29:35.899 [ INFO] maestro.Maestro.invoke: Got device info: DeviceInfo(platform=ANDROID, widthPixels=1080, heightPixels=2400, widthGrid=1080, heightGrid=2400)
17:29:35.945 [ INFO] maestro.cli.runner.MaestroCommandRunner.invoke: Define variables RUNNING
17:29:35.947 [ INFO] maestro.cli.runner.MaestroCommandRunner.invoke: Define variables metadata CommandMetadata(numberOfRuns=null, evaluatedCommand=MaestroCommand(defineVariablesCommand=DefineVariablesCommand(env={MAESTRO_FILENAME=view_conversation_list}, label=null, optional=false)), logMessages=[], insight=Insight(message=, level=NONE))
17:29:35.948 [ INFO] maestro.cli.runner.MaestroCommandRunner.invoke: Define variables COMPLETED
17:29:35.948 [ INFO] maestro.cli.runner.MaestroCommandRunner.invoke: Apply configuration RUNNING
17:29:35.948 [ INFO] maestro.cli.runner.MaestroCommandRunner.invoke: Apply configuration metadata CommandMetadata(numberOfRuns=null, evaluatedCommand=MaestroCommand(applyConfigurationCommand=ApplyConfigurationCommand(config=MaestroConfig(appId=com.example.mobile, name=null, tags=[], ext={}, onFlowStart=null, onFlowComplete=null), label=null, optional=false)), logMessages=[], insight=Insight(message=, level=NONE))
17:29:35.948 [ INFO] maestro.cli.runner.MaestroCommandRunner.invoke: Apply configuration COMPLETED
17:29:35.948 [ INFO] maestro.cli.runner.MaestroCommandRunner.invoke: Launch app "com.example.mobile" with clear state RUNNING
17:29:35.948 [ INFO] maestro.cli.runner.MaestroCommandRunner.invoke: Launch app "com.example.mobile" with clear state metadata CommandMetadata(numberOfRuns=null, evaluatedCommand=MaestroCommand(launchAppCommand=LaunchAppCommand(appId=com.example.mobile, clearState=true, clearKeychain=null, stopApp=null, permissions=null, launchArguments=null, label=null, optional=false)), logMessages=[], insight=Insight(message=, level=NONE))
17:29:35.948 [ INFO] maestro.Maestro.clearAppState: Clearing app state com.example.mobile
17:29:37.054 [ INFO] maestro.Maestro.launchApp: Launching app com.example.mobile
17:29:37.126 [ INFO] maestro.cli.runner.MaestroCommandRunner.invoke: Launch app "com.example.mobile" with clear state COMPLETED
17:29:37.126 [ INFO] maestro.cli.runner.MaestroCommandRunner.invoke: Run ../../includes/login-as-test-user.yaml RUNNING
17:29:37.127 [ INFO] maestro.cli.runner.MaestroCommandRunner.invoke: Run ../../includes/login-as-test-user.yaml metadata CommandMetadata(numberOfRuns=null, evaluatedCommand=MaestroCommand(runFlowCommand=RunFlowCommand(commands=[MaestroCommand(applyConfigurationCommand=ApplyConfigurationCommand(config=MaestroConfig(appId=com.example.mobile, name=null, tags=[], ext={}, onFlowStart=null, onFlowComplete=null), label=null, optional=false)), MaestroCommand(assertConditionCommand=AssertConditionCommand(condition=Condition(platform=null, visible=ElementSelector(textRegex=欢迎使用 Social World, idRegex=null, size=null, below=null, above=null, leftOf=null, rightOf=null, containsChild=null, containsDescendants=null, traits=null, index=null, enabled=null, optional=false, selected=null, checked=null, focused=null, childOf=null), notVisible=null, scriptCondition=null, label=null), timeout=30000, label=null, optional=false)), MaestroCommand(assertConditionCommand=AssertConditionCommand(condition=Condition(platform=null, visible=ElementSelector(textRegex=手机号一键登录, idRegex=null, size=null, below=null, above=null, leftOf=null, rightOf=null, containsChild=null, containsDescendants=null, traits=null, index=null, enabled=null, optional=false, selected=null, checked=null, focused=null, childOf=null), notVisible=null, scriptCondition=null, label=null), timeout=null, label=null, optional=false)), MaestroCommand(tapOnElementCommand=TapOnElementCommand(selector=ElementSelector(textRegex=手机号, idRegex=null, size=null, below=null, above=null, leftOf=null, rightOf=null, containsChild=null, containsDescendants=null, traits=null, index=null, enabled=null, optional=false, selected=null, checked=null, focused=null, childOf=null), retryIfNoChange=true, waitUntilVisible=false, longPress=false, repeat=null, waitToSettleTimeoutMs=null, label=null, optional=false)), MaestroCommand(inputTextCommand=InputTextCommand(text=13800138000, label=null, optional=false)), MaestroCommand(tapOnElementCommand=TapOnElementCommand(selector=ElementSelector(textRegex=获取验证码, idRegex=null, size=null, below=null, above=null, leftOf=null, rightOf=null, containsChild=null, containsDescendants=null, traits=null, index=null, enabled=null, optional=false, selected=null, checked=null, focused=null, childOf=null), retryIfNoChange=true, waitUntilVisible=false, longPress=false, repeat=null, waitToSettleTimeoutMs=null, label=null, optional=false)), MaestroCommand(tapOnElementCommand=TapOnElementCommand(selector=ElementSelector(textRegex=验证码, idRegex=null, size=null, below=null, above=null, leftOf=null, rightOf=null, containsChild=null, containsDescendants=null, traits=null, index=null, enabled=null, optional=false, selected=null, checked=null, focused=null, childOf=null), retryIfNoChange=true, waitUntilVisible=false, longPress=false, repeat=null, waitToSettleTimeoutMs=null, label=null, optional=false)), MaestroCommand(inputTextCommand=InputTextCommand(text=123456, label=null, optional=false)), MaestroCommand(hideKeyboardCommand=HideKeyboardCommand()), MaestroCommand(tapOnElementCommand=TapOnElementCommand(selector=ElementSelector(textRegex=登录, idRegex=null, size=null, below=null, above=null, leftOf=null, rightOf=null, containsChild=null, containsDescendants=null, traits=null, index=null, enabled=null, optional=false, selected=null, checked=null, focused=null, childOf=null), retryIfNoChange=true, waitUntilVisible=false, longPress=false, repeat=null, waitToSettleTimeoutMs=null, label=null, optional=false))], condition=null, sourceDescription=../../includes/login-as-test-user.yaml, config=MaestroConfig(appId=com.example.mobile, name=null, tags=[], ext={}, onFlowStart=null, onFlowComplete=null), label=null, optional=false)), logMessages=[], insight=Insight(message=, level=NONE))
17:29:37.127 [ INFO] maestro.cli.runner.MaestroCommandRunner.invoke: Apply configuration RUNNING
17:29:37.127 [ INFO] maestro.cli.runner.MaestroCommandRunner.invoke: Apply configuration metadata CommandMetadata(numberOfRuns=null, evaluatedCommand=MaestroCommand(applyConfigurationCommand=ApplyConfigurationCommand(config=MaestroConfig(appId=com.example.mobile, name=null, tags=[], ext={}, onFlowStart=null, onFlowComplete=null), label=null, optional=false)), logMessages=[], insight=Insight(message=, level=NONE))
17:29:37.128 [ INFO] maestro.cli.runner.MaestroCommandRunner.invoke: Apply configuration COMPLETED
17:29:37.128 [ INFO] maestro.cli.runner.MaestroCommandRunner.invoke: Assert that "欢迎使用 Social World" is visible RUNNING
17:29:37.128 [ INFO] maestro.cli.runner.MaestroCommandRunner.invoke: Assert that "欢迎使用 Social World" is visible metadata CommandMetadata(numberOfRuns=null, evaluatedCommand=MaestroCommand(assertConditionCommand=AssertConditionCommand(condition=Condition(platform=null, visible=ElementSelector(textRegex=欢迎使用 Social World, idRegex=null, size=null, below=null, above=null, leftOf=null, rightOf=null, containsChild=null, containsDescendants=null, traits=null, index=null, enabled=null, optional=false, selected=null, checked=null, focused=null, childOf=null), notVisible=null, scriptCondition=null, label=null), timeout=30000, label=null, optional=false)), logMessages=[], insight=Insight(message=, level=NONE))
17:29:40.010 [ INFO] maestro.cli.runner.MaestroCommandRunner.invoke: Assert that "欢迎使用 Social World" is visible COMPLETED
17:29:40.011 [ INFO] maestro.cli.runner.MaestroCommandRunner.invoke: Assert that "手机号一键登录" is visible RUNNING
17:29:40.011 [ INFO] maestro.cli.runner.MaestroCommandRunner.invoke: Assert that "手机号一键登录" is visible metadata CommandMetadata(numberOfRuns=null, evaluatedCommand=MaestroCommand(assertConditionCommand=AssertConditionCommand(condition=Condition(platform=null, visible=ElementSelector(textRegex=手机号一键登录, idRegex=null, size=null, below=null, above=null, leftOf=null, rightOf=null, containsChild=null, containsDescendants=null, traits=null, index=null, enabled=null, optional=false, selected=null, checked=null, focused=null, childOf=null), notVisible=null, scriptCondition=null, label=null), timeout=null, label=null, optional=false)), logMessages=[], insight=Insight(message=, level=NONE))
17:29:40.027 [ INFO] maestro.cli.runner.MaestroCommandRunner.invoke: Assert that "手机号一键登录" is visible COMPLETED
17:29:40.027 [ INFO] maestro.cli.runner.MaestroCommandRunner.invoke: Tap on "手机号" RUNNING
17:29:40.027 [ INFO] maestro.cli.runner.MaestroCommandRunner.invoke: Tap on "手机号" metadata CommandMetadata(numberOfRuns=null, evaluatedCommand=MaestroCommand(tapOnElementCommand=TapOnElementCommand(selector=ElementSelector(textRegex=手机号, idRegex=null, size=null, below=null, above=null, leftOf=null, rightOf=null, containsChild=null, containsDescendants=null, traits=null, index=null, enabled=null, optional=false, selected=null, checked=null, focused=null, childOf=null), retryIfNoChange=true, waitUntilVisible=false, longPress=false, repeat=null, waitToSettleTimeoutMs=null, label=null, optional=false)), logMessages=[], insight=Insight(message=, level=NONE))
17:29:40.043 [ INFO] maestro.Maestro.tap-BUbHBYE: Tapping on element:  UiElement(treeNode=TreeNode(attributes={text=, accessibilityText=, hintText=手机号, ignoreBoundsFiltering=false, resource-id=, clickable=true, bounds=[42,677][1038,809], enabled=true, focused=false, checked=false, scrollable=false, selected=false, class=android.widget.EditText}, children=[], clickable=true, enabled=true, focused=false, checked=false, selected=false), bounds=Bounds(x=42, y=677, width=996, height=132))
17:29:41.511 [ INFO] maestro.Maestro.tap-BUbHBYE: Refreshed element
17:29:41.512 [ INFO] maestro.Maestro.hierarchyBasedTap-hbl3e4M: Tapping at (540, 743) using hierarchy based logic for wait
17:29:41.512 [TRACE] maestro.utils.ScreenshotUtils.takeScreenshot: Taking screenshot to byte array
17:29:41.512 [TRACE] maestro.utils.ScreenshotUtils.takeScreenshot: Taking screenshot to output sink
17:29:43.144 [ INFO] maestro.Maestro.hierarchyBasedTap-hbl3e4M: Something have changed in the UI judging by view hierarchy. Proceed.
17:29:43.144 [ INFO] maestro.cli.runner.MaestroCommandRunner.invoke: Tap on "手机号" COMPLETED
17:29:43.145 [ INFO] maestro.cli.runner.MaestroCommandRunner.invoke: Input text 13800138000 RUNNING
17:29:43.145 [ INFO] maestro.cli.runner.MaestroCommandRunner.invoke: Input text 13800138000 metadata CommandMetadata(numberOfRuns=null, evaluatedCommand=MaestroCommand(inputTextCommand=InputTextCommand(text=13800138000, label=null, optional=false)), logMessages=[], insight=Insight(message=, level=NONE))
17:29:43.145 [ INFO] maestro.Maestro.inputText: Inputting text: 13800138000
17:29:44.993 [ INFO] maestro.cli.runner.MaestroCommandRunner.invoke: Input text 13800138000 COMPLETED
17:29:44.994 [ INFO] maestro.cli.runner.MaestroCommandRunner.invoke: Tap on "获取验证码" RUNNING
17:29:44.994 [ INFO] maestro.cli.runner.MaestroCommandRunner.invoke: Tap on "获取验证码" metadata CommandMetadata(numberOfRuns=null, evaluatedCommand=MaestroCommand(tapOnElementCommand=TapOnElementCommand(selector=ElementSelector(textRegex=获取验证码, idRegex=null, size=null, below=null, above=null, leftOf=null, rightOf=null, containsChild=null, containsDescendants=null, traits=null, index=null, enabled=null, optional=false, selected=null, checked=null, focused=null, childOf=null), retryIfNoChange=true, waitUntilVisible=false, longPress=false, repeat=null, waitToSettleTimeoutMs=null, label=null, optional=false)), logMessages=[], insight=Insight(message=, level=NONE))
17:29:45.065 [ INFO] maestro.Maestro.tap-BUbHBYE: Tapping on element:  UiElement(treeNode=TreeNode(attributes={text=, accessibilityText=获取验证码, hintText=, ignoreBoundsFiltering=false, resource-id=, clickable=true, bounds=[720,851][1038,998], enabled=true, focused=false, checked=false, scrollable=false, selected=false, class=android.widget.Button}, children=[], clickable=true, enabled=true, focused=false, checked=false, selected=false), bounds=Bounds(x=720, y=851, width=318, height=147))
17:29:46.124 [ INFO] maestro.Maestro.tap-BUbHBYE: Refreshed element
17:29:46.125 [ INFO] maestro.Maestro.hierarchyBasedTap-hbl3e4M: Tapping at (879, 924) using hierarchy based logic for wait
17:29:46.125 [TRACE] maestro.utils.ScreenshotUtils.takeScreenshot: Taking screenshot to byte array
17:29:46.125 [TRACE] maestro.utils.ScreenshotUtils.takeScreenshot: Taking screenshot to output sink
17:29:47.101 [ INFO] maestro.Maestro.hierarchyBasedTap-hbl3e4M: Something have changed in the UI judging by view hierarchy. Proceed.
17:29:47.101 [ INFO] maestro.cli.runner.MaestroCommandRunner.invoke: Tap on "获取验证码" COMPLETED
17:29:47.101 [ INFO] maestro.cli.runner.MaestroCommandRunner.invoke: Tap on "验证码" RUNNING
17:29:47.102 [ INFO] maestro.cli.runner.MaestroCommandRunner.invoke: Tap on "验证码" metadata CommandMetadata(numberOfRuns=null, evaluatedCommand=MaestroCommand(tapOnElementCommand=TapOnElementCommand(selector=ElementSelector(textRegex=验证码, idRegex=null, size=null, below=null, above=null, leftOf=null, rightOf=null, containsChild=null, containsDescendants=null, traits=null, index=null, enabled=null, optional=false, selected=null, checked=null, focused=null, childOf=null), retryIfNoChange=true, waitUntilVisible=false, longPress=false, repeat=null, waitToSettleTimeoutMs=null, label=null, optional=false)), logMessages=[], insight=Insight(message=, level=NONE))
17:29:47.175 [ INFO] maestro.Maestro.tap-BUbHBYE: Tapping on element:  UiElement(treeNode=TreeNode(attributes={text=, accessibilityText=, hintText=验证码, ignoreBoundsFiltering=false, resource-id=, clickable=true, bounds=[42,861][678,987], enabled=true, focused=false, checked=false, scrollable=false, selected=false, class=android.widget.EditText}, children=[], clickable=true, enabled=true, focused=false, checked=false, selected=false), bounds=Bounds(x=42, y=861, width=636, height=126))
17:29:48.243 [ INFO] maestro.Maestro.tap-BUbHBYE: Refreshed element
17:29:48.244 [ INFO] maestro.Maestro.hierarchyBasedTap-hbl3e4M: Tapping at (360, 924) using hierarchy based logic for wait
17:29:48.244 [TRACE] maestro.utils.ScreenshotUtils.takeScreenshot: Taking screenshot to byte array
17:29:48.244 [TRACE] maestro.utils.ScreenshotUtils.takeScreenshot: Taking screenshot to output sink
17:29:50.235 [ INFO] maestro.Maestro.hierarchyBasedTap-hbl3e4M: Something have changed in the UI judging by view hierarchy. Proceed.
17:29:50.235 [ INFO] maestro.cli.runner.MaestroCommandRunner.invoke: Tap on "验证码" COMPLETED
17:29:50.235 [ INFO] maestro.cli.runner.MaestroCommandRunner.invoke: Input text 123456 RUNNING
17:29:50.235 [ INFO] maestro.cli.runner.MaestroCommandRunner.invoke: Input text 123456 metadata CommandMetadata(numberOfRuns=null, evaluatedCommand=MaestroCommand(inputTextCommand=InputTextCommand(text=123456, label=null, optional=false)), logMessages=[], insight=Insight(message=, level=NONE))
17:29:50.236 [ INFO] maestro.Maestro.inputText: Inputting text: 123456
17:29:52.310 [ INFO] maestro.cli.runner.MaestroCommandRunner.invoke: Input text 123456 COMPLETED
17:29:52.311 [ INFO] maestro.cli.runner.MaestroCommandRunner.invoke: Hide Keyboard RUNNING
17:29:52.311 [ INFO] maestro.cli.runner.MaestroCommandRunner.invoke: Hide Keyboard metadata CommandMetadata(numberOfRuns=null, evaluatedCommand=MaestroCommand(hideKeyboardCommand=HideKeyboardCommand()), logMessages=[], insight=Insight(message=, level=NONE))
17:29:52.311 [ INFO] maestro.Maestro.hideKeyboard: Hiding Keyboard
17:29:53.414 [ INFO] maestro.cli.runner.MaestroCommandRunner.invoke: Hide Keyboard COMPLETED
17:29:53.414 [ INFO] maestro.cli.runner.MaestroCommandRunner.invoke: Tap on "登录" RUNNING
17:29:53.415 [ INFO] maestro.cli.runner.MaestroCommandRunner.invoke: Tap on "登录" metadata CommandMetadata(numberOfRuns=null, evaluatedCommand=MaestroCommand(tapOnElementCommand=TapOnElementCommand(selector=ElementSelector(textRegex=登录, idRegex=null, size=null, below=null, above=null, leftOf=null, rightOf=null, containsChild=null, containsDescendants=null, traits=null, index=null, enabled=null, optional=false, selected=null, checked=null, focused=null, childOf=null), retryIfNoChange=true, waitUntilVisible=false, longPress=false, repeat=null, waitToSettleTimeoutMs=null, label=null, optional=false)), logMessages=[], insight=Insight(message=, level=NONE))
17:29:53.436 [ INFO] maestro.Maestro.tap-BUbHBYE: Tapping on element:  UiElement(treeNode=TreeNode(attributes={text=, accessibilityText=登录, hintText=, ignoreBoundsFiltering=false, resource-id=, clickable=true, bounds=[42,1082][1038,1208], enabled=true, focused=false, checked=false, scrollable=false, selected=false, class=android.widget.Button}, children=[], clickable=true, enabled=true, focused=false, checked=false, selected=false), bounds=Bounds(x=42, y=1082, width=996, height=126))
17:29:54.276 [ INFO] maestro.Maestro.tap-BUbHBYE: Refreshed element
17:29:54.276 [ INFO] maestro.Maestro.hierarchyBasedTap-hbl3e4M: Tapping at (540, 1145) using hierarchy based logic for wait
17:29:54.276 [TRACE] maestro.utils.ScreenshotUtils.takeScreenshot: Taking screenshot to byte array
17:29:54.276 [TRACE] maestro.utils.ScreenshotUtils.takeScreenshot: Taking screenshot to output sink
17:29:55.304 [ INFO] maestro.Maestro.hierarchyBasedTap-hbl3e4M: Something have changed in the UI judging by view hierarchy. Proceed.
17:29:55.304 [ INFO] maestro.cli.runner.MaestroCommandRunner.invoke: Tap on "登录" COMPLETED
17:29:55.304 [ INFO] maestro.cli.runner.MaestroCommandRunner.invoke: Run ../../includes/login-as-test-user.yaml COMPLETED
17:29:55.304 [ INFO] maestro.cli.runner.MaestroCommandRunner.invoke: Tap on id: tab_messages RUNNING
17:29:55.305 [ INFO] maestro.cli.runner.MaestroCommandRunner.invoke: Tap on id: tab_messages metadata CommandMetadata(numberOfRuns=null, evaluatedCommand=MaestroCommand(tapOnElementCommand=TapOnElementCommand(selector=ElementSelector(textRegex=null, idRegex=tab_messages, size=null, below=null, above=null, leftOf=null, rightOf=null, containsChild=null, containsDescendants=null, traits=null, index=null, enabled=null, optional=false, selected=null, checked=null, focused=null, childOf=null), retryIfNoChange=true, waitUntilVisible=false, longPress=false, repeat=null, waitToSettleTimeoutMs=null, label=null, optional=false)), logMessages=[], insight=Insight(message=, level=NONE))
17:30:12.378 [ INFO] maestro.Maestro.takeScreenshot: Taking screenshot
17:30:12.380 [TRACE] maestro.utils.ScreenshotUtils.takeScreenshot: Taking screenshot to output sink
17:30:12.505 [ INFO] maestro.cli.runner.MaestroCommandRunner.invoke: Tap on id: tab_messages FAILED
